[ 2017-10-19T12:52:03+08:00 ] 61.141.164.186 /EnAdmin
INFO: [ app_init ] --START--
INFO: Run Behavior\BuildLiteBehavior [ RunTime:0.000021s ]
INFO: [ app_init ] --END-- [ RunTime:0.000489s ]
INFO: [ app_begin ] --START--
INFO: Run Behavior\ReadHtmlCacheBehavior [ RunTime:0.000609s ]
INFO: Run Behavior\GetcodingBehavior [ RunTime:0.000322s ]
INFO: [ app_begin ] --END-- [ RunTime:0.001050s ]
SQL: SHOW COLUMNS FROM `flyin_goods` [ RunTime:0.0030s ]
SQL: SELECT COUNT(*) AS tp_count FROM `flyin_goods` LIMIT 1   [ RunTime:0.0045s ]
NOTIC: [8] Use of undefined constant yes - assumed 'yes' /home/flyindat/domains/flyindata.com.cn/public_html/Application/EnAdmin/Controller/CommonController.class.php 第 24 行.
SQL: SELECT COUNT(*) AS tp_count FROM `flyin_goods` WHERE `hot` = 'yes' LIMIT 1   [ RunTime:0.0003s ]
SQL: select version() as ver [ RunTime:0.0001s ]
SQL: SHOW COLUMNS FROM `flyin_goods` [ RunTime:0.0015s ]
SQL: SELECT SUM(hits) AS tp_sum FROM `flyin_goods` ORDER BY hits LIMIT 1   [ RunTime:0.0002s ]
SQL: SELECT SUM(pdfhits) AS tp_sum FROM `flyin_goods` ORDER BY pdfhits LIMIT 1   [ RunTime:0.0002s ]
SQL: SELECT MAX(hits) AS tp_max FROM `flyin_goods` LIMIT 1   [ RunTime:0.0002s ]
SQL: SELECT MIN(hits) AS tp_min FROM `flyin_goods` LIMIT 1   [ RunTime:0.0002s ]
SQL: SELECT * FROM `flyin_goods` ORDER BY hits LIMIT 3   [ RunTime:0.0015s ]
SQL: SELECT * FROM `flyin_goods` ORDER BY hits desc LIMIT 3   [ RunTime:0.0018s ]
SQL: SHOW COLUMNS FROM `flyin_ipcount` [ RunTime:0.0021s ]
SQL: SELECT `nowdatec` FROM `flyin_ipcount` WHERE ( nowdate="2017-10-18" )  [ RunTime:0.0003s ]
SQL: SELECT `ip` FROM `flyin_ipcount` WHERE ( nowdate="2017-10-19" )  [ RunTime:0.0002s ]
NOTIC: [8] Undefined offset: 0 /home/flyindat/domains/flyindata.com.cn/public_html/ThinkPHP/Library/Think/Db/Driver.class.php 第 794 行.
SQL: INSERT INTO `flyin_ipcount` (`nowdatec`,`nowdate`,`ip`) VALUES ('1','2017-10-19','61.141.164.186') [ RunTime:0.0120s ]
SQL: SELECT `ip` FROM `flyin_ipcount` WHERE ( ip like "%61.141.164.186%" and nowdate="2017-10-19" )  [ RunTime:0.0004s ]
NOTIC: [8] Undefined offset: 0 /home/flyindat/domains/flyindata.com.cn/public_html/Application/EnAdmin/Controller/IndexController.class.php 第 67 行.
SQL: SELECT `nowdatec` FROM `flyin_ipcount` WHERE ( nowdate="2017-10-19" )  [ RunTime:0.0003s ]
SQL: SELECT SUM(hits) AS tp_sum FROM `flyin_goods` ORDER BY hits LIMIT 1   [ RunTime:0.0001s ]
SQL: SELECT SUM(pdfhits) AS tp_sum FROM `flyin_goods` ORDER BY pdfhits LIMIT 1   [ RunTime:0.0001s ]
SQL: SELECT MAX(hits) AS tp_max FROM `flyin_goods` LIMIT 1   [ RunTime:0.0001s ]
SQL: SELECT MIN(hits) AS tp_min FROM `flyin_goods` LIMIT 1   [ RunTime:0.0001s ]
SQL: SELECT * FROM `flyin_goods` ORDER BY hits LIMIT 3   [ RunTime:0.0002s ]
SQL: SELECT * FROM `flyin_goods` ORDER BY hits desc LIMIT 3   [ RunTime:0.0002s ]
NOTIC: [8] Use of undefined constant news - assumed 'news' /home/flyindat/domains/flyindata.com.cn/public_html/Application/EnAdmin/Controller/IndexController.class.php 第 102 行.
SQL: SHOW COLUMNS FROM `flyin_news` [ RunTime:0.0042s ]
SQL: select count(a.newcategory_id) as num,c.name,c.id from flyin_news a,flyin_newcategory c where a.newcategory_id=c.id group by c.name order by c.id desc [ RunTime:0.0030s ]
NOTIC: [8] Use of undefined constant services - assumed 'services' /home/flyindat/domains/flyindata.com.cn/public_html/Application/EnAdmin/Controller/IndexController.class.php 第 107 行.
SQL: SHOW COLUMNS FROM `flyin_services` [ RunTime:0.0038s ]
SQL: select count(a.servicecategory_id) as num,c.name,c.id from flyin_services a,flyin_servicecategory c where a.servicecategory_id=c.id group by c.name order by c.id desc [ RunTime:0.0026s ]
NOTIC: [8] Use of undefined constant goods - assumed 'goods' /home/flyindat/domains/flyindata.com.cn/public_html/Application/EnAdmin/Controller/IndexController.class.php 第 112 行.
SQL: select count(a.cat_id) as num,c.cat_name,c.cat_id from flyin_goods a,flyin_category c where a.cat_id=c.cat_id group by c.cat_name order by c.cat_id desc [ RunTime:0.0014s ]
NOTIC: [8] Use of undefined constant banners - assumed 'banners' /home/flyindat/domains/flyindata.com.cn/public_html/Application/EnAdmin/Controller/IndexController.class.php 第 116 行.
SQL: SHOW COLUMNS FROM `flyin_banners` [ RunTime:0.0064s ]
SQL: select count(a.bannercategory_id) as num,c.name,c.id from flyin_banners a,flyin_bannercategory c where a.bannercategory_id=c.id group by c.name order by c.id desc [ RunTime:0.0044s ]
INFO: [ view_parse ] --START--
INFO: [ template_filter ] --START--
INFO: Run Behavior\ContentReplaceBehavior [ RunTime:0.000146s ]
INFO: [ template_filter ] --END-- [ RunTime:0.000260s ]
NOTIC: [8] Undefined variable: admin_name /home/flyindat/domains/flyindata.com.cn/public_html/Application/Runtime/Cache/EnAdmin/b0ed700f130c0f07bfb8d1fabfe6e29b.php 第 30 行.
NOTIC: [8] Use of undefined constant goods_name - assumed 'goods_name' /home/flyindat/domains/flyindata.com.cn/public_html/Application/Runtime/Cache/EnAdmin/b0ed700f130c0f07bfb8d1fabfe6e29b.php 第 243 行.
NOTIC: [8] Use of undefined constant hits - assumed 'hits' /home/flyindat/domains/flyindata.com.cn/public_html/Application/Runtime/Cache/EnAdmin/b0ed700f130c0f07bfb8d1fabfe6e29b.php 第 244 行.
NOTIC: [8] Use of undefined constant goods_name - assumed 'goods_name' /home/flyindat/domains/flyindata.com.cn/public_html/Application/Runtime/Cache/EnAdmin/b0ed700f130c0f07bfb8d1fabfe6e29b.php 第 248 行.
NOTIC: [8] Use of undefined constant hits - assumed 'hits' /home/flyindat/domains/flyindata.com.cn/public_html/Application/Runtime/Cache/EnAdmin/b0ed700f130c0f07bfb8d1fabfe6e29b.php 第 249 行.
NOTIC: [8] Use of undefined constant goods_name - assumed 'goods_name' /home/flyindat/domains/flyindata.com.cn/public_html/Application/Runtime/Cache/EnAdmin/b0ed700f130c0f07bfb8d1fabfe6e29b.php 第 253 行.
NOTIC: [8] Use of undefined constant hits - assumed 'hits' /home/flyindat/domains/flyindata.com.cn/public_html/Application/Runtime/Cache/EnAdmin/b0ed700f130c0f07bfb8d1fabfe6e29b.php 第 254 行.
NOTIC: [8] Use of undefined constant goods_name - assumed 'goods_name' /home/flyindat/domains/flyindata.com.cn/public_html/Application/Runtime/Cache/EnAdmin/b0ed700f130c0f07bfb8d1fabfe6e29b.php 第 258 行.
INFO: Run Behavior\ParseTemplateBehavior [ RunTime:0.041242s ]
INFO: [ view_parse ] --END-- [ RunTime:0.041399s ]
INFO: [ view_filter ] --START--
INFO: Run Behavior\WriteHtmlCacheBehavior [ RunTime:0.000810s ]
INFO: Run Behavior\TokenBuildBehavior [ RunTime:0.000810s ]
INFO: [ view_filter ] --END-- [ RunTime:0.001805s ]
INFO: [ app_end ] --START--
INFO: Run Behavior\ShowPageTraceBehavior [ RunTime:0.001206s ]
INFO: [ app_end ] --END-- [ RunTime:0.001340s ]
NOTIC: [8] Constant URL_COMPAT already defined /home/flyindat/domains/flyindata.com.cn/public_html/index.php 第 33 行.

[ 2017-10-19T12:52:38+08:00 ] 27.38.28.205 /EnAdmin/Goods/view.html
INFO: [ app_init ] --START--
INFO: Run Behavior\BuildLiteBehavior [ RunTime:0.000026s ]
INFO: [ app_init ] --END-- [ RunTime:0.000505s ]
INFO: [ app_begin ] --START--
INFO: Run Behavior\ReadHtmlCacheBehavior [ RunTime:0.000626s ]
INFO: Run Behavior\GetcodingBehavior [ RunTime:0.000322s ]
INFO: [ app_begin ] --END-- [ RunTime:0.001066s ]
SQL: SHOW COLUMNS FROM `flyin_goods` [ RunTime:0.0022s ]
SQL: SELECT COUNT(*) AS tp_count FROM `flyin_goods` LIMIT 1   [ RunTime:0.0001s ]
NOTIC: [8] Use of undefined constant yes - assumed 'yes' /home/flyindat/domains/flyindata.com.cn/public_html/Application/EnAdmin/Controller/CommonController.class.php 第 24 行.
SQL: SELECT COUNT(*) AS tp_count FROM `flyin_goods` WHERE `hot` = 'yes' LIMIT 1   [ RunTime:0.0001s ]
SQL: SHOW COLUMNS FROM `flyin_goods` [ RunTime:0.0013s ]
SQL: SHOW COLUMNS FROM `flyin_goods` [ RunTime:0.0013s ]
SQL: SELECT COUNT(*) AS tp_count FROM flyin_goods as g LIMIT 1   [ RunTime:0.0003s ]
SQL: SHOW COLUMNS FROM `flyin_goods` [ RunTime:0.0024s ]
SQL: SELECT g.*,c.cat_name FROM flyin_goods as g LEFT JOIN flyin_category as c ON g.cat_id = c.cat_id  ORDER BY g.hot asc LIMIT 0,10   [ RunTime:0.0044s ]
INFO: [ view_parse ] --START--
INFO: [ template_filter ] --START--
INFO: Run Behavior\ContentReplaceBehavior [ RunTime:0.000127s ]
INFO: [ template_filter ] --END-- [ RunTime:0.000237s ]
NOTIC: [8] Undefined variable: admin_name /home/flyindat/domains/flyindata.com.cn/public_html/Application/Runtime/Cache/EnAdmin/99efd81b3f9c18c01c1fa15696670833.php 第 30 行.
INFO: Run Behavior\ParseTemplateBehavior [ RunTime:0.033176s ]
INFO: [ view_parse ] --END-- [ RunTime:0.033302s ]
INFO: [ view_filter ] --START--
INFO: Run Behavior\WriteHtmlCacheBehavior [ RunTime:0.000465s ]
INFO: Run Behavior\TokenBuildBehavior [ RunTime:0.000461s ]
INFO: [ view_filter ] --END-- [ RunTime:0.001028s ]
INFO: [ app_end ] --START--
INFO: Run Behavior\ShowPageTraceBehavior [ RunTime:0.000591s ]
INFO: [ app_end ] --END-- [ RunTime:0.000656s ]
NOTIC: [8] Constant URL_COMPAT already defined /home/flyindat/domains/flyindata.com.cn/public_html/index.php 第 33 行.

[ 2017-10-19T12:52:38+08:00 ] 27.38.28.205 /EnAdmin/Goods/qrcode2/goods_id/22.html
INFO: [ app_init ] --START--
INFO: Run Behavior\BuildLiteBehavior [ RunTime:0.000029s ]
INFO: [ app_init ] --END-- [ RunTime:0.000521s ]
INFO: [ app_begin ] --START--
INFO: Run Behavior\ReadHtmlCacheBehavior [ RunTime:0.000713s ]
INFO: Run Behavior\GetcodingBehavior [ RunTime:0.000424s ]
INFO: [ app_begin ] --END-- [ RunTime:0.001294s ]
SQL: SHOW COLUMNS FROM `flyin_goods` [ RunTime:0.0036s ]
SQL: SELECT COUNT(*) AS tp_count FROM `flyin_goods` LIMIT 1   [ RunTime:0.0003s ]
NOTIC: [8] Use of undefined constant yes - assumed 'yes' /home/flyindat/domains/flyindata.com.cn/public_html/Application/EnAdmin/Controller/CommonController.class.php 第 24 行.
SQL: SELECT COUNT(*) AS tp_count FROM `flyin_goods` WHERE `hot` = 'yes' LIMIT 1   [ RunTime:0.0001s ]
INFO: [ app_end ] --START--
INFO: Run Behavior\ShowPageTraceBehavior [ RunTime:0.000724s ]
INFO: [ app_end ] --END-- [ RunTime:0.000855s ]
NOTIC: [8] Constant URL_COMPAT already defined /home/flyindat/domains/flyindata.com.cn/public_html/index.php 第 33 行.

[ 2017-10-19T12:52:38+08:00 ] 27.38.28.205 /EnAdmin/Goods/qrcode2/goods_id/23.html
INFO: [ app_init ] --START--
INFO: Run Behavior\BuildLiteBehavior [ RunTime:0.000026s ]
INFO: [ app_init ] --END-- [ RunTime:0.000516s ]
INFO: [ app_begin ] --START--
INFO: Run Behavior\ReadHtmlCacheBehavior [ RunTime:0.000607s ]
INFO: Run Behavior\GetcodingBehavior [ RunTime:0.000344s ]
INFO: [ app_begin ] --END-- [ RunTime:0.001071s ]
SQL: SHOW COLUMNS FROM `flyin_goods` [ RunTime:0.0023s ]
SQL: SELECT COUNT(*) AS tp_count FROM `flyin_goods` LIMIT 1   [ RunTime:0.0001s ]
NOTIC: [8] Use of undefined constant yes - assumed 'yes' /home/flyindat/domains/flyindata.com.cn/public_html/Application/EnAdmin/Controller/CommonController.class.php 第 24 行.
SQL: SELECT COUNT(*) AS tp_count FROM `flyin_goods` WHERE `hot` = 'yes' LIMIT 1   [ RunTime:0.0001s ]
INFO: [ app_end ] --START--
INFO: Run Behavior\ShowPageTraceBehavior [ RunTime:0.000699s ]
INFO: [ app_end ] --END-- [ RunTime:0.000815s ]
NOTIC: [8] Constant URL_COMPAT already defined /home/flyindat/domains/flyindata.com.cn/public_html/index.php 第 33 行.

[ 2017-10-19T12:52:38+08:00 ] 61.141.164.186 /EnAdmin/Goods/qrcode2/goods_id/24.html
INFO: [ app_init ] --START--
INFO: Run Behavior\BuildLiteBehavior [ RunTime:0.000024s ]
INFO: [ app_init ] --END-- [ RunTime:0.000522s ]
INFO: [ app_begin ] --START--
INFO: Run Behavior\ReadHtmlCacheBehavior [ RunTime:0.000661s ]
INFO: Run Behavior\GetcodingBehavior [ RunTime:0.000353s ]
INFO: [ app_begin ] --END-- [ RunTime:0.001132s ]
SQL: SHOW COLUMNS FROM `flyin_goods` [ RunTime:0.0023s ]
SQL: SELECT COUNT(*) AS tp_count FROM `flyin_goods` LIMIT 1   [ RunTime:0.0002s ]
NOTIC: [8] Use of undefined constant yes - assumed 'yes' /home/flyindat/domains/flyindata.com.cn/public_html/Application/EnAdmin/Controller/CommonController.class.php 第 24 行.
SQL: SELECT COUNT(*) AS tp_count FROM `flyin_goods` WHERE `hot` = 'yes' LIMIT 1   [ RunTime:0.0001s ]
INFO: [ app_end ] --START--
INFO: Run Behavior\ShowPageTraceBehavior [ RunTime:0.000672s ]
INFO: [ app_end ] --END-- [ RunTime:0.000779s ]
NOTIC: [8] Constant URL_COMPAT already defined /home/flyindat/domains/flyindata.com.cn/public_html/index.php 第 33 行.

[ 2017-10-19T12:52:38+08:00 ] 27.38.28.205 /EnAdmin/Goods/qrcode2/goods_id/27.html
INFO: [ app_init ] --START--
INFO: Run Behavior\BuildLiteBehavior [ RunTime:0.000021s ]
INFO: [ app_init ] --END-- [ RunTime:0.000499s ]
INFO: [ app_begin ] --START--
INFO: Run Behavior\ReadHtmlCacheBehavior [ RunTime:0.000592s ]
INFO: Run Behavior\GetcodingBehavior [ RunTime:0.000450s ]
INFO: [ app_begin ] --END-- [ RunTime:0.001158s ]
SQL: SHOW COLUMNS FROM `flyin_goods` [ RunTime:0.0031s ]
SQL: SELECT COUNT(*) AS tp_count FROM `flyin_goods` LIMIT 1   [ RunTime:0.0002s ]
NOTIC: [8] Use of undefined constant yes - assumed 'yes' /home/flyindat/domains/flyindata.com.cn/public_html/Application/EnAdmin/Controller/CommonController.class.php 第 24 行.
SQL: SELECT COUNT(*) AS tp_count FROM `flyin_goods` WHERE `hot` = 'yes' LIMIT 1   [ RunTime:0.0001s ]
INFO: [ app_end ] --START--
INFO: Run Behavior\ShowPageTraceBehavior [ RunTime:0.000652s ]
INFO: [ app_end ] --END-- [ RunTime:0.000760s ]
NOTIC: [8] Constant URL_COMPAT already defined /home/flyindat/domains/flyindata.com.cn/public_html/index.php 第 33 行.

[ 2017-10-19T12:52:38+08:00 ] 59.40.64.94 /EnAdmin/Goods/qrcode2/goods_id/28.html
INFO: [ app_init ] --START--
INFO: Run Behavior\BuildLiteBehavior [ RunTime:0.000027s ]
INFO: [ app_init ] --END-- [ RunTime:0.000506s ]
INFO: [ app_begin ] --START--
INFO: Run Behavior\ReadHtmlCacheBehavior [ RunTime:0.000598s ]
INFO: Run Behavior\GetcodingBehavior [ RunTime:0.000373s ]
INFO: [ app_begin ] --END-- [ RunTime:0.001088s ]
SQL: SHOW COLUMNS FROM `flyin_goods` [ RunTime:0.0022s ]
SQL: SELECT COUNT(*) AS tp_count FROM `flyin_goods` LIMIT 1   [ RunTime:0.0002s ]
NOTIC: [8] Use of undefined constant yes - assumed 'yes' /home/flyindat/domains/flyindata.com.cn/public_html/Application/EnAdmin/Controller/CommonController.class.php 第 24 行.
SQL: SELECT COUNT(*) AS tp_count FROM `flyin_goods` WHERE `hot` = 'yes' LIMIT 1   [ RunTime:0.0001s ]
INFO: [ app_end ] --START--
INFO: Run Behavior\ShowPageTraceBehavior [ RunTime:0.000672s ]
INFO: [ app_end ] --END-- [ RunTime:0.000779s ]
NOTIC: [8] Constant URL_COMPAT already defined /home/flyindat/domains/flyindata.com.cn/public_html/index.php 第 33 行.

[ 2017-10-19T12:52:38+08:00 ] 27.38.28.205 /EnAdmin/Goods/qrcode2/goods_id/25.html
INFO: [ app_init ] --START--
INFO: Run Behavior\BuildLiteBehavior [ RunTime:0.000025s ]
INFO: [ app_init ] --END-- [ RunTime:0.000529s ]
INFO: [ app_begin ] --START--
INFO: Run Behavior\ReadHtmlCacheBehavior [ RunTime:0.000635s ]
INFO: Run Behavior\GetcodingBehavior [ RunTime:0.000413s ]
INFO: [ app_begin ] --END-- [ RunTime:0.001171s ]
SQL: SHOW COLUMNS FROM `flyin_goods` [ RunTime:0.0022s ]
SQL: SELECT COUNT(*) AS tp_count FROM `flyin_goods` LIMIT 1   [ RunTime:0.0002s ]
NOTIC: [8] Use of undefined constant yes - assumed 'yes' /home/flyindat/domains/flyindata.com.cn/public_html/Application/EnAdmin/Controller/CommonController.class.php 第 24 行.
SQL: SELECT COUNT(*) AS tp_count FROM `flyin_goods` WHERE `hot` = 'yes' LIMIT 1   [ RunTime:0.0001s ]
INFO: [ app_end ] --START--
INFO: Run Behavior\ShowPageTraceBehavior [ RunTime:0.000699s ]
INFO: [ app_end ] --END-- [ RunTime:0.000814s ]
NOTIC: [8] Constant URL_COMPAT already defined /home/flyindat/domains/flyindata.com.cn/public_html/index.php 第 33 行.

[ 2017-10-19T12:52:38+08:00 ] 61.141.164.186 /EnAdmin/Goods/qrcode2/goods_id/26.html
INFO: [ app_init ] --START--
INFO: Run Behavior\BuildLiteBehavior [ RunTime:0.000028s ]
INFO: [ app_init ] --END-- [ RunTime:0.000571s ]
INFO: [ app_begin ] --START--
INFO: Run Behavior\ReadHtmlCacheBehavior [ RunTime:0.000620s ]
INFO: Run Behavior\GetcodingBehavior [ RunTime:0.000345s ]
INFO: [ app_begin ] --END-- [ RunTime:0.001087s ]
SQL: SHOW COLUMNS FROM `flyin_goods` [ RunTime:0.0030s ]
SQL: SELECT COUNT(*) AS tp_count FROM `flyin_goods` LIMIT 1   [ RunTime:0.0001s ]
NOTIC: [8] Use of undefined constant yes - assumed 'yes' /home/flyindat/domains/flyindata.com.cn/public_html/Application/EnAdmin/Controller/CommonController.class.php 第 24 行.
SQL: SELECT COUNT(*) AS tp_count FROM `flyin_goods` WHERE `hot` = 'yes' LIMIT 1   [ RunTime:0.0001s ]
INFO: [ app_end ] --START--
INFO: Run Behavior\ShowPageTraceBehavior [ RunTime:0.000722s ]
INFO: [ app_end ] --END-- [ RunTime:0.000836s ]
NOTIC: [8] Constant URL_COMPAT already defined /home/flyindat/domains/flyindata.com.cn/public_html/index.php 第 33 行.

[ 2017-10-19T12:52:39+08:00 ] 27.38.28.205 /EnAdmin/Goods/qrcode2/goods_id/29.html
INFO: [ app_init ] --START--
INFO: Run Behavior\BuildLiteBehavior [ RunTime:0.000037s ]
INFO: [ app_init ] --END-- [ RunTime:0.000700s ]
INFO: [ app_begin ] --START--
INFO: Run Behavior\ReadHtmlCacheBehavior [ RunTime:0.000621s ]
INFO: Run Behavior\GetcodingBehavior [ RunTime:0.000430s ]
INFO: [ app_begin ] --END-- [ RunTime:0.001176s ]
SQL: SHOW COLUMNS FROM `flyin_goods` [ RunTime:0.0025s ]
SQL: SELECT COUNT(*) AS tp_count FROM `flyin_goods` LIMIT 1   [ RunTime:0.0002s ]
NOTIC: [8] Use of undefined constant yes - assumed 'yes' /home/flyindat/domains/flyindata.com.cn/public_html/Application/EnAdmin/Controller/CommonController.class.php 第 24 行.
SQL: SELECT COUNT(*) AS tp_count FROM `flyin_goods` WHERE `hot` = 'yes' LIMIT 1   [ RunTime:0.0001s ]
INFO: [ app_end ] --START--
INFO: Run Behavior\ShowPageTraceBehavior [ RunTime:0.000680s ]
INFO: [ app_end ] --END-- [ RunTime:0.000793s ]
NOTIC: [8] Constant URL_COMPAT already defined /home/flyindat/domains/flyindata.com.cn/public_html/index.php 第 33 行.

[ 2017-10-19T12:52:39+08:00 ] 61.141.164.186 /EnAdmin/Goods/qrcode2/goods_id/30.html
INFO: [ app_init ] --START--
INFO: Run Behavior\BuildLiteBehavior [ RunTime:0.000026s ]
INFO: [ app_init ] --END-- [ RunTime:0.000504s ]
INFO: [ app_begin ] --START--
INFO: Run Behavior\ReadHtmlCacheBehavior [ RunTime:0.000599s ]
INFO: Run Behavior\GetcodingBehavior [ RunTime:0.000346s ]
INFO: [ app_begin ] --END-- [ RunTime:0.001064s ]
SQL: SHOW COLUMNS FROM `flyin_goods` [ RunTime:0.0022s ]
SQL: SELECT COUNT(*) AS tp_count FROM `flyin_goods` LIMIT 1   [ RunTime:0.0002s ]
NOTIC: [8] Use of undefined constant yes - assumed 'yes' /home/flyindat/domains/flyindata.com.cn/public_html/Application/EnAdmin/Controller/CommonController.class.php 第 24 行.
SQL: SELECT COUNT(*) AS tp_count FROM `flyin_goods` WHERE `hot` = 'yes' LIMIT 1   [ RunTime:0.0002s ]
INFO: [ app_end ] --START--
INFO: Run Behavior\ShowPageTraceBehavior [ RunTime:0.000665s ]
INFO: [ app_end ] --END-- [ RunTime:0.000764s ]
NOTIC: [8] Constant URL_COMPAT already defined /home/flyindat/domains/flyindata.com.cn/public_html/index.php 第 33 行.

[ 2017-10-19T12:52:39+08:00 ] 27.38.28.205 /EnAdmin/Goods/qrcode2/goods_id/31.html
INFO: [ app_init ] --START--
INFO: Run Behavior\BuildLiteBehavior [ RunTime:0.000022s ]
INFO: [ app_init ] --END-- [ RunTime:0.000488s ]
INFO: [ app_begin ] --START--
INFO: Run Behavior\ReadHtmlCacheBehavior [ RunTime:0.000598s ]
INFO: Run Behavior\GetcodingBehavior [ RunTime:0.000359s ]
INFO: [ app_begin ] --END-- [ RunTime:0.001075s ]
SQL: SHOW COLUMNS FROM `flyin_goods` [ RunTime:0.0023s ]
SQL: SELECT COUNT(*) AS tp_count FROM `flyin_goods` LIMIT 1   [ RunTime:0.0002s ]
NOTIC: [8] Use of undefined constant yes - assumed 'yes' /home/flyindat/domains/flyindata.com.cn/public_html/Application/EnAdmin/Controller/CommonController.class.php 第 24 行.
SQL: SELECT COUNT(*) AS tp_count FROM `flyin_goods` WHERE `hot` = 'yes' LIMIT 1   [ RunTime:0.0001s ]
INFO: [ app_end ] --START--
INFO: Run Behavior\ShowPageTraceBehavior [ RunTime:0.000659s ]
INFO: [ app_end ] --END-- [ RunTime:0.000776s ]
NOTIC: [8] Constant URL_COMPAT already defined /home/flyindat/domains/flyindata.com.cn/public_html/index.php 第 33 行.

[ 2017-10-19T13:46:59+08:00 ] 59.40.64.94 /EnAdmin/Index/index.html
INFO: [ app_init ] --START--
INFO: Run Behavior\BuildLiteBehavior [ RunTime:0.000021s ]
INFO: [ app_init ] --END-- [ RunTime:0.000472s ]
INFO: [ app_begin ] --START--
INFO: Run Behavior\ReadHtmlCacheBehavior [ RunTime:0.000586s ]
INFO: Run Behavior\GetcodingBehavior [ RunTime:0.000351s ]
INFO: [ app_begin ] --END-- [ RunTime:0.001055s ]
SQL: SHOW COLUMNS FROM `flyin_goods` [ RunTime:0.0021s ]
SQL: SELECT COUNT(*) AS tp_count FROM `flyin_goods` LIMIT 1   [ RunTime:0.0001s ]
NOTIC: [8] Use of undefined constant yes - assumed 'yes' /home/flyindat/domains/flyindata.com.cn/public_html/Application/EnAdmin/Controller/CommonController.class.php 第 24 行.
SQL: SELECT COUNT(*) AS tp_count FROM `flyin_goods` WHERE `hot` = 'yes' LIMIT 1   [ RunTime:0.0001s ]
SQL: select version() as ver [ RunTime:0.0001s ]
SQL: SHOW COLUMNS FROM `flyin_goods` [ RunTime:0.0013s ]
SQL: SELECT SUM(hits) AS tp_sum FROM `flyin_goods` ORDER BY hits LIMIT 1   [ RunTime:0.0001s ]
SQL: SELECT SUM(pdfhits) AS tp_sum FROM `flyin_goods` ORDER BY pdfhits LIMIT 1   [ RunTime:0.0001s ]
SQL: SELECT MAX(hits) AS tp_max FROM `flyin_goods` LIMIT 1   [ RunTime:0.0001s ]
SQL: SELECT MIN(hits) AS tp_min FROM `flyin_goods` LIMIT 1   [ RunTime:0.0001s ]
SQL: SELECT * FROM `flyin_goods` ORDER BY hits LIMIT 3   [ RunTime:0.0003s ]
SQL: SELECT * FROM `flyin_goods` ORDER BY hits desc LIMIT 3   [ RunTime:0.0003s ]
SQL: SHOW COLUMNS FROM `flyin_ipcount` [ RunTime:0.0010s ]
SQL: SELECT `nowdatec` FROM `flyin_ipcount` WHERE ( nowdate="2017-10-18" )  [ RunTime:0.0004s ]
SQL: SELECT `ip` FROM `flyin_ipcount` WHERE ( nowdate="2017-10-19" )  [ RunTime:0.0002s ]
SQL: SELECT `ip` FROM `flyin_ipcount` WHERE ( ip like "%59.40.64.94%" and nowdate="2017-10-19" )  [ RunTime:0.0003s ]
SQL: SELECT `nowdatec` FROM `flyin_ipcount` WHERE ( nowdate="2017-10-19" )  [ RunTime:0.0001s ]
SQL: UPDATE `flyin_ipcount` SET `nowdatec`='2',`nowdate`='2017-10-19',`ip`='61.141.164.18659.40.64.94' WHERE ( nowdate="2017-10-19" ) [ RunTime:0.0138s ]
SQL: SELECT `nowdatec` FROM `flyin_ipcount` WHERE ( nowdate="2017-10-19" )  [ RunTime:0.0003s ]
SQL: SELECT SUM(hits) AS tp_sum FROM `flyin_goods` ORDER BY hits LIMIT 1   [ RunTime:0.0001s ]
SQL: SELECT SUM(pdfhits) AS tp_sum FROM `flyin_goods` ORDER BY pdfhits LIMIT 1   [ RunTime:0.0001s ]
SQL: SELECT MAX(hits) AS tp_max FROM `flyin_goods` LIMIT 1   [ RunTime:0.0001s ]
SQL: SELECT MIN(hits) AS tp_min FROM `flyin_goods` LIMIT 1   [ RunTime:0.0001s ]
SQL: SELECT * FROM `flyin_goods` ORDER BY hits LIMIT 3   [ RunTime:0.0002s ]
SQL: SELECT * FROM `flyin_goods` ORDER BY hits desc LIMIT 3   [ RunTime:0.0002s ]
NOTIC: [8] Use of undefined constant news - assumed 'news' /home/flyindat/domains/flyindata.com.cn/public_html/Application/EnAdmin/Controller/IndexController.class.php 第 102 行.
SQL: SHOW COLUMNS FROM `flyin_news` [ RunTime:0.0015s ]
SQL: select count(a.newcategory_id) as num,c.name,c.id from flyin_news a,flyin_newcategory c where a.newcategory_id=c.id group by c.name order by c.id desc [ RunTime:0.0001s ]
NOTIC: [8] Use of undefined constant services - assumed 'services' /home/flyindat/domains/flyindata.com.cn/public_html/Application/EnAdmin/Controller/IndexController.class.php 第 107 行.
SQL: SHOW COLUMNS FROM `flyin_services` [ RunTime:0.0011s ]
SQL: select count(a.servicecategory_id) as num,c.name,c.id from flyin_services a,flyin_servicecategory c where a.servicecategory_id=c.id group by c.name order by c.id desc [ RunTime:0.0001s ]
NOTIC: [8] Use of undefined constant goods - assumed 'goods' /home/flyindat/domains/flyindata.com.cn/public_html/Application/EnAdmin/Controller/IndexController.class.php 第 112 行.
SQL: select count(a.cat_id) as num,c.cat_name,c.cat_id from flyin_goods a,flyin_category c where a.cat_id=c.cat_id group by c.cat_name order by c.cat_id desc [ RunTime:0.0001s ]
NOTIC: [8] Use of undefined constant banners - assumed 'banners' /home/flyindat/domains/flyindata.com.cn/public_html/Application/EnAdmin/Controller/IndexController.class.php 第 116 行.
SQL: SHOW COLUMNS FROM `flyin_banners` [ RunTime:0.0011s ]
SQL: select count(a.bannercategory_id) as num,c.name,c.id from flyin_banners a,flyin_bannercategory c where a.bannercategory_id=c.id group by c.name order by c.id desc [ RunTime:0.0001s ]
INFO: [ view_parse ] --START--
INFO: [ template_filter ] --START--
INFO: Run Behavior\ContentReplaceBehavior [ RunTime:0.000132s ]
INFO: [ template_filter ] --END-- [ RunTime:0.000228s ]
NOTIC: [8] Undefined variable: admin_name /home/flyindat/domains/flyindata.com.cn/public_html/Application/Runtime/Cache/EnAdmin/b0ed700f130c0f07bfb8d1fabfe6e29b.php 第 30 行.
NOTIC: [8] Use of undefined constant goods_name - assumed 'goods_name' /home/flyindat/domains/flyindata.com.cn/public_html/Application/Runtime/Cache/EnAdmin/b0ed700f130c0f07bfb8d1fabfe6e29b.php 第 243 行.
NOTIC: [8] Use of undefined constant hits - assumed 'hits' /home/flyindat/domains/flyindata.com.cn/public_html/Application/Runtime/Cache/EnAdmin/b0ed700f130c0f07bfb8d1fabfe6e29b.php 第 244 行.
NOTIC: [8] Use of undefined constant goods_name - assumed 'goods_name' /home/flyindat/domains/flyindata.com.cn/public_html/Application/Runtime/Cache/EnAdmin/b0ed700f130c0f07bfb8d1fabfe6e29b.php 第 248 行.
NOTIC: [8] Use of undefined constant hits - assumed 'hits' /home/flyindat/domains/flyindata.com.cn/public_html/Application/Runtime/Cache/EnAdmin/b0ed700f130c0f07bfb8d1fabfe6e29b.php 第 249 行.
NOTIC: [8] Use of undefined constant goods_name - assumed 'goods_name' /home/flyindat/domains/flyindata.com.cn/public_html/Application/Runtime/Cache/EnAdmin/b0ed700f130c0f07bfb8d1fabfe6e29b.php 第 253 行.
NOTIC: [8] Use of undefined constant hits - assumed 'hits' /home/flyindat/domains/flyindata.com.cn/public_html/Application/Runtime/Cache/EnAdmin/b0ed700f130c0f07bfb8d1fabfe6e29b.php 第 254 行.
NOTIC: [8] Use of undefined constant goods_name - assumed 'goods_name' /home/flyindat/domains/flyindata.com.cn/public_html/Application/Runtime/Cache/EnAdmin/b0ed700f130c0f07bfb8d1fabfe6e29b.php 第 258 行.
INFO: Run Behavior\ParseTemplateBehavior [ RunTime:0.028430s ]
INFO: [ view_parse ] --END-- [ RunTime:0.028502s ]
INFO: [ view_filter ] --START--
INFO: Run Behavior\WriteHtmlCacheBehavior [ RunTime:0.000329s ]
INFO: Run Behavior\TokenBuildBehavior [ RunTime:0.000424s ]
INFO: [ view_filter ] --END-- [ RunTime:0.000848s ]
INFO: [ app_end ] --START--
INFO: Run Behavior\ShowPageTraceBehavior [ RunTime:0.000577s ]
INFO: [ app_end ] --END-- [ RunTime:0.000648s ]
NOTIC: [8] Constant URL_COMPAT already defined /home/flyindat/domains/flyindata.com.cn/public_html/index.php 第 33 行.

