[ 2017-12-26T03:54:33+08:00 ] 220.181.108.152 /En/Category/view/cat_id/2/p/2.html
INFO: [ app_init ] --START--
INFO: Run Behavior\BuildLiteBehavior [ RunTime:0.000021s ]
INFO: [ app_init ] --END-- [ RunTime:0.000648s ]
INFO: [ app_begin ] --START--
INFO: Run Behavior\ReadHtmlCacheBehavior [ RunTime:0.000771s ]
INFO: Run Behavior\GetcodingBehavior [ RunTime:0.000520s ]
INFO: [ app_begin ] --END-- [ RunTime:0.001421s ]
SQL: SHOW COLUMNS FROM `flyin_category` [ RunTime:0.0031s ]
SQL: SELECT * FROM `flyin_category`  [ RunTime:0.0008s ]
NOTIC: [8] Undefined index: historyen /home/flyindat/domains/flyindata.com.cn/public_html/Application/En/Controller/CommonController.class.php 第 42 行.
SQL: SHOW COLUMNS FROM `flyin_friendlink` [ RunTime:0.0025s ]
SQL: SELECT `id`,`linkname`,`url` FROM `flyin_friendlink` WHERE `isshow` = 1 ORDER BY linkorder  [ RunTime:0.0007s ]
SQL: SHOW COLUMNS FROM `flyin_website` [ RunTime:0.0020s ]
SQL: SELECT `id`,`title`,`copy`,`logo`,`description`,`hotsearch`,`keywords`,`address`,`linkman`,`cellphone`,`cellphone`,`tel`,`fax`,`mail`,`qq` FROM `flyin_website` WHERE `status` = 1  [ RunTime:0.0008s ]
SQL: SHOW COLUMNS FROM `flyin_servicecategory` [ RunTime:0.0013s ]
SQL: SELECT `id`,`name`,`pid` FROM `flyin_servicecategory`  [ RunTime:0.0006s ]
SQL: SHOW COLUMNS FROM `flyin_services` [ RunTime:0.0014s ]
SQL: SELECT `id`,`servicecategory_id`,`sn`,`name`,`thumb`,`on_sale`,`recommend`,`add_time`,`custom_time`,`desc`,`recycle` FROM `flyin_services` WHERE `recommend` = 'yes' AND `on_sale` = 'yes' AND `recycle` = 'no' LIMIT 4   [ RunTime:0.0006s ]
SQL: SHOW COLUMNS FROM `flyin_services` [ RunTime:0.0011s ]
SQL: SELECT `id`,`name`,`thumb` FROM `flyin_services` WHERE `recycle` = 'no' AND `on_sale` = 'yes' AND `recommend` = 'yes' LIMIT 6   [ RunTime:0.0003s ]
SQL: SELECT COUNT(*) AS tp_count FROM `flyin_services` WHERE `recycle` = 'no' AND `on_sale` = 'yes' LIMIT 1   [ RunTime:0.0002s ]
SQL: SELECT `servicecategory_id`,`id`,`name`,`thumb`,`custom_time`,`date` FROM `flyin_services` WHERE `recycle` = 'no' AND `on_sale` = 'yes' ORDER BY id desc LIMIT 6,6   [ RunTime:0.0003s ]
NOTIC: [8] Undefined index: cat_id /home/flyindat/domains/flyindata.com.cn/public_html/Application/En/Controller/CommonController.class.php 第 86 行.
SQL: SHOW COLUMNS FROM `flyin_newcategory` [ RunTime:0.0014s ]
SQL: SELECT `id`,`name`,`pid` FROM `flyin_newcategory`  [ RunTime:0.0007s ]
SQL: SHOW COLUMNS FROM `flyin_news` [ RunTime:0.0018s ]
SQL: SELECT `id`,`newcategory_id`,`sn`,`name`,`thumb`,`on_sale`,`recommend`,`add_time`,`custom_time`,`desc`,`recycle` FROM `flyin_news` WHERE `recommend` = 'yes' AND `on_sale` = 'yes' AND `recycle` = 'no' LIMIT 4   [ RunTime:0.0009s ]
SQL: SHOW COLUMNS FROM `flyin_news` [ RunTime:0.0015s ]
SQL: SELECT COUNT(*) AS tp_count FROM `flyin_news` WHERE `recycle` = 'no' AND `on_sale` = 'yes' LIMIT 1   [ RunTime:0.0003s ]
SQL: SELECT `newcategory_id`,`id`,`name`,`thumb`,`custom_time`,`desc` FROM `flyin_news` WHERE `recycle` = 'no' AND `on_sale` = 'yes' ORDER BY id desc LIMIT 6,6   [ RunTime:0.0003s ]
NOTIC: [8] Undefined index: cat_id /home/flyindat/domains/flyindata.com.cn/public_html/Application/En/Controller/CommonController.class.php 第 117 行.
SQL: SHOW COLUMNS FROM `flyin_goods` [ RunTime:0.0021s ]
SQL: SELECT COUNT(*) AS tp_count FROM `flyin_goods` WHERE `cat_id` = 2 LIMIT 1   [ RunTime:0.0044s ]
SQL: SELECT * FROM `flyin_goods` WHERE `cat_id` = 2 LIMIT 6,6   [ RunTime:0.0067s ]
INFO: [ view_parse ] --START--
INFO: [ template_filter ] --START--
INFO: Run Behavior\ContentReplaceBehavior [ RunTime:0.000181s ]
INFO: [ template_filter ] --END-- [ RunTime:0.000264s ]
NOTIC: [8] Undefined variable: keywords /home/flyindat/domains/flyindata.com.cn/public_html/Application/Runtime/Cache/En/8fffb0405f2c1ed54fbf236e4b181080.php 第 7 行.
NOTIC: [8] Undefined variable: description /home/flyindat/domains/flyindata.com.cn/public_html/Application/Runtime/Cache/En/8fffb0405f2c1ed54fbf236e4b181080.php 第 8 行.
NOTIC: [8] Undefined variable: history /home/flyindat/domains/flyindata.com.cn/public_html/Application/Runtime/Cache/En/8fffb0405f2c1ed54fbf236e4b181080.php 第 89 行.
INFO: Run Behavior\ParseTemplateBehavior [ RunTime:0.051081s ]
INFO: [ view_parse ] --END-- [ RunTime:0.051184s ]
INFO: [ view_filter ] --START--
INFO: Run Behavior\WriteHtmlCacheBehavior [ RunTime:0.000396s ]
INFO: Run Behavior\TokenBuildBehavior [ RunTime:0.000413s ]
INFO: [ view_filter ] --END-- [ RunTime:0.000907s ]
INFO: [ app_end ] --START--
INFO: Run Behavior\ShowPageTraceBehavior [ RunTime:0.000573s ]
INFO: [ app_end ] --END-- [ RunTime:0.000636s ]
NOTIC: [8] Constant URL_COMPAT already defined /home/flyindat/domains/flyindata.com.cn/public_html/index.php 第 33 行.

[ 2017-12-26T04:27:53+08:00 ] 123.125.71.49 /En/Goods/view/cat_id/2/goods_id/41.html
INFO: [ app_init ] --START--
INFO: Run Behavior\BuildLiteBehavior [ RunTime:0.000025s ]
INFO: [ app_init ] --END-- [ RunTime:0.000511s ]
INFO: [ app_begin ] --START--
INFO: Run Behavior\ReadHtmlCacheBehavior [ RunTime:0.000905s ]
INFO: Run Behavior\GetcodingBehavior [ RunTime:0.000465s ]
INFO: [ app_begin ] --END-- [ RunTime:0.001523s ]
SQL: SHOW COLUMNS FROM `flyin_category` [ RunTime:0.0036s ]
SQL: SELECT * FROM `flyin_category`  [ RunTime:0.0002s ]
NOTIC: [8] Undefined index: historyen /home/flyindat/domains/flyindata.com.cn/public_html/Application/En/Controller/CommonController.class.php 第 42 行.
SQL: SHOW COLUMNS FROM `flyin_friendlink` [ RunTime:0.0031s ]
SQL: SELECT `id`,`linkname`,`url` FROM `flyin_friendlink` WHERE `isshow` = 1 ORDER BY linkorder  [ RunTime:0.0002s ]
SQL: SHOW COLUMNS FROM `flyin_website` [ RunTime:0.0032s ]
SQL: SELECT `id`,`title`,`copy`,`logo`,`description`,`hotsearch`,`keywords`,`address`,`linkman`,`cellphone`,`cellphone`,`tel`,`fax`,`mail`,`qq` FROM `flyin_website` WHERE `status` = 1  [ RunTime:0.0002s ]
SQL: SHOW COLUMNS FROM `flyin_servicecategory` [ RunTime:0.0027s ]
SQL: SELECT `id`,`name`,`pid` FROM `flyin_servicecategory`  [ RunTime:0.0002s ]
SQL: SHOW COLUMNS FROM `flyin_services` [ RunTime:0.0027s ]
SQL: SELECT `id`,`servicecategory_id`,`sn`,`name`,`thumb`,`on_sale`,`recommend`,`add_time`,`custom_time`,`desc`,`recycle` FROM `flyin_services` WHERE `recommend` = 'yes' AND `on_sale` = 'yes' AND `recycle` = 'no' LIMIT 4   [ RunTime:0.0002s ]
SQL: SHOW COLUMNS FROM `flyin_services` [ RunTime:0.0023s ]
SQL: SELECT `id`,`name`,`thumb` FROM `flyin_services` WHERE `recycle` = 'no' AND `on_sale` = 'yes' AND `recommend` = 'yes' LIMIT 6   [ RunTime:0.0001s ]
SQL: SELECT COUNT(*) AS tp_count FROM `flyin_services` WHERE `recycle` = 'no' AND `on_sale` = 'yes' LIMIT 1   [ RunTime:0.0001s ]
SQL: SELECT `servicecategory_id`,`id`,`name`,`thumb`,`custom_time`,`date` FROM `flyin_services` WHERE `recycle` = 'no' AND `on_sale` = 'yes' ORDER BY id desc LIMIT 0,6   [ RunTime:0.0009s ]
NOTIC: [8] Undefined index: cat_id /home/flyindat/domains/flyindata.com.cn/public_html/Application/En/Controller/CommonController.class.php 第 86 行.
SQL: SHOW COLUMNS FROM `flyin_newcategory` [ RunTime:0.0030s ]
SQL: SELECT `id`,`name`,`pid` FROM `flyin_newcategory`  [ RunTime:0.0001s ]
SQL: SHOW COLUMNS FROM `flyin_news` [ RunTime:0.0023s ]
SQL: SELECT `id`,`newcategory_id`,`sn`,`name`,`thumb`,`on_sale`,`recommend`,`add_time`,`custom_time`,`desc`,`recycle` FROM `flyin_news` WHERE `recommend` = 'yes' AND `on_sale` = 'yes' AND `recycle` = 'no' LIMIT 4   [ RunTime:0.0001s ]
SQL: SHOW COLUMNS FROM `flyin_news` [ RunTime:0.0016s ]
SQL: SELECT COUNT(*) AS tp_count FROM `flyin_news` WHERE `recycle` = 'no' AND `on_sale` = 'yes' LIMIT 1   [ RunTime:0.0001s ]
SQL: SELECT `newcategory_id`,`id`,`name`,`thumb`,`custom_time`,`desc` FROM `flyin_news` WHERE `recycle` = 'no' AND `on_sale` = 'yes' ORDER BY id desc LIMIT 0,6   [ RunTime:0.0081s ]
NOTIC: [8] Undefined index: cat_id /home/flyindat/domains/flyindata.com.cn/public_html/Application/En/Controller/CommonController.class.php 第 117 行.
SQL: SHOW COLUMNS FROM `flyin_goods` [ RunTime:0.0023s ]
SQL: SELECT * FROM `flyin_goods` WHERE (  goods_id = '41'  ) LIMIT 1   [ RunTime:0.0013s ]
NOTIC: [8] Undefined index: historyen /home/flyindat/domains/flyindata.com.cn/public_html/Application/En/Controller/CommonController.class.php 第 129 行.
NOTIC: [8] Undefined index: historyen /home/flyindat/domains/flyindata.com.cn/public_html/Application/En/Controller/CommonController.class.php 第 137 行.
NOTIC: [8] Undefined index: history /home/flyindat/domains/flyindata.com.cn/public_html/Application/En/Controller/GoodsController.class.php 第 44 行.
SQL: SHOW COLUMNS FROM `flyin_goods` [ RunTime:0.0016s ]
SQL: SHOW COLUMNS FROM `flyin_goods` [ RunTime:0.0016s ]
SQL: SELECT g.*,gg.* FROM flyin_goods as g LEFT JOIN flyin_gallery as gg ON g.goods_id = gg.goods_id  WHERE g.goods_id = '41'  [ RunTime:0.0011s ]
NOTIC: [8] Undefined index: img_big /home/flyindat/domains/flyindata.com.cn/public_html/Application/En/Model/GoodsModel.class.php 第 166 行.
NOTIC: [8] Undefined index: img_small /home/flyindat/domains/flyindata.com.cn/public_html/Application/En/Model/GoodsModel.class.php 第 168 行.
SQL: SHOW COLUMNS FROM `flyin_goods` [ RunTime:0.0017s ]
SQL: SELECT g.*,gg.* FROM flyin_goods as g JOIN flyin_parameter as gg ON g.goods_id = gg.goods_id  WHERE g.goods_id = '41'  [ RunTime:0.0011s ]
SQL: SELECT `id`,`linkname`,`url` FROM `flyin_friendlink` WHERE `isshow` = 1 ORDER BY linkorder  [ RunTime:0.0001s ]
SQL: SHOW COLUMNS FROM `flyin_category` [ RunTime:0.0015s ]
SQL: SELECT `cat_id` FROM `flyin_category`  [ RunTime:0.0006s ]
SQL: SHOW COLUMNS FROM `flyin_goods` [ RunTime:0.0017s ]
SQL: SELECT `goods_id`,`goods_name`,`img_center`,`goods_pdf`,`cat_id` FROM `flyin_goods` WHERE `goods_id` = 41 LIMIT 1   [ RunTime:0.0008s ]
NOTIC: [8] Undefined index: goods_keyword /home/flyindat/domains/flyindata.com.cn/public_html/Application/En/Controller/GoodsController.class.php 第 89 行.
INFO: [ view_parse ] --START--
INFO: [ template_filter ] --START--
INFO: Run Behavior\ContentReplaceBehavior [ RunTime:0.000323s ]
INFO: [ template_filter ] --END-- [ RunTime:0.000466s ]
INFO: Run Behavior\ParseTemplateBehavior [ RunTime:0.074605s ]
INFO: [ view_parse ] --END-- [ RunTime:0.074753s ]
INFO: [ view_filter ] --START--
INFO: Run Behavior\WriteHtmlCacheBehavior [ RunTime:0.000528s ]
INFO: Run Behavior\TokenBuildBehavior [ RunTime:0.000692s ]
INFO: [ view_filter ] --END-- [ RunTime:0.001385s ]
INFO: [ app_end ] --START--
INFO: Run Behavior\ShowPageTraceBehavior [ RunTime:0.001128s ]
INFO: [ app_end ] --END-- [ RunTime:0.001241s ]
NOTIC: [8] Constant URL_COMPAT already defined /home/flyindat/domains/flyindata.com.cn/public_html/index.php 第 33 行.

[ 2017-12-26T05:01:13+08:00 ] 123.125.71.48 /En/Goods/view/cat_id/2/goods_id/46.html
INFO: [ app_init ] --START--
INFO: Run Behavior\BuildLiteBehavior [ RunTime:0.000021s ]
INFO: [ app_init ] --END-- [ RunTime:0.000493s ]
INFO: [ app_begin ] --START--
INFO: Run Behavior\ReadHtmlCacheBehavior [ RunTime:0.000627s ]
INFO: Run Behavior\GetcodingBehavior [ RunTime:0.000424s ]
INFO: [ app_begin ] --END-- [ RunTime:0.001163s ]
SQL: SHOW COLUMNS FROM `flyin_category` [ RunTime:0.0017s ]
SQL: SELECT * FROM `flyin_category`  [ RunTime:0.0003s ]
NOTIC: [8] Undefined index: historyen /home/flyindat/domains/flyindata.com.cn/public_html/Application/En/Controller/CommonController.class.php 第 42 行.
SQL: SHOW COLUMNS FROM `flyin_friendlink` [ RunTime:0.0011s ]
SQL: SELECT `id`,`linkname`,`url` FROM `flyin_friendlink` WHERE `isshow` = 1 ORDER BY linkorder  [ RunTime:0.0002s ]
SQL: SHOW COLUMNS FROM `flyin_website` [ RunTime:0.0012s ]
SQL: SELECT `id`,`title`,`copy`,`logo`,`description`,`hotsearch`,`keywords`,`address`,`linkman`,`cellphone`,`cellphone`,`tel`,`fax`,`mail`,`qq` FROM `flyin_website` WHERE `status` = 1  [ RunTime:0.0002s ]
SQL: SHOW COLUMNS FROM `flyin_servicecategory` [ RunTime:0.0009s ]
SQL: SELECT `id`,`name`,`pid` FROM `flyin_servicecategory`  [ RunTime:0.0002s ]
SQL: SHOW COLUMNS FROM `flyin_services` [ RunTime:0.0010s ]
SQL: SELECT `id`,`servicecategory_id`,`sn`,`name`,`thumb`,`on_sale`,`recommend`,`add_time`,`custom_time`,`desc`,`recycle` FROM `flyin_services` WHERE `recommend` = 'yes' AND `on_sale` = 'yes' AND `recycle` = 'no' LIMIT 4   [ RunTime:0.0002s ]
SQL: SHOW COLUMNS FROM `flyin_services` [ RunTime:0.0010s ]
SQL: SELECT `id`,`name`,`thumb` FROM `flyin_services` WHERE `recycle` = 'no' AND `on_sale` = 'yes' AND `recommend` = 'yes' LIMIT 6   [ RunTime:0.0002s ]
SQL: SELECT COUNT(*) AS tp_count FROM `flyin_services` WHERE `recycle` = 'no' AND `on_sale` = 'yes' LIMIT 1   [ RunTime:0.0001s ]
SQL: SELECT `servicecategory_id`,`id`,`name`,`thumb`,`custom_time`,`date` FROM `flyin_services` WHERE `recycle` = 'no' AND `on_sale` = 'yes' ORDER BY id desc LIMIT 0,6   [ RunTime:0.0001s ]
NOTIC: [8] Undefined index: cat_id /home/flyindat/domains/flyindata.com.cn/public_html/Application/En/Controller/CommonController.class.php 第 86 行.
SQL: SHOW COLUMNS FROM `flyin_newcategory` [ RunTime:0.0009s ]
SQL: SELECT `id`,`name`,`pid` FROM `flyin_newcategory`  [ RunTime:0.0001s ]
SQL: SHOW COLUMNS FROM `flyin_news` [ RunTime:0.0010s ]
SQL: SELECT `id`,`newcategory_id`,`sn`,`name`,`thumb`,`on_sale`,`recommend`,`add_time`,`custom_time`,`desc`,`recycle` FROM `flyin_news` WHERE `recommend` = 'yes' AND `on_sale` = 'yes' AND `recycle` = 'no' LIMIT 4   [ RunTime:0.0002s ]
SQL: SHOW COLUMNS FROM `flyin_news` [ RunTime:0.0017s ]
SQL: SELECT COUNT(*) AS tp_count FROM `flyin_news` WHERE `recycle` = 'no' AND `on_sale` = 'yes' LIMIT 1   [ RunTime:0.0002s ]
SQL: SELECT `newcategory_id`,`id`,`name`,`thumb`,`custom_time`,`desc` FROM `flyin_news` WHERE `recycle` = 'no' AND `on_sale` = 'yes' ORDER BY id desc LIMIT 0,6   [ RunTime:0.0002s ]
NOTIC: [8] Undefined index: cat_id /home/flyindat/domains/flyindata.com.cn/public_html/Application/En/Controller/CommonController.class.php 第 117 行.
SQL: SHOW COLUMNS FROM `flyin_goods` [ RunTime:0.0013s ]
SQL: SELECT * FROM `flyin_goods` WHERE (  goods_id = '46'  ) LIMIT 1   [ RunTime:0.0012s ]
NOTIC: [8] Undefined index: historyen /home/flyindat/domains/flyindata.com.cn/public_html/Application/En/Controller/CommonController.class.php 第 129 行.
NOTIC: [8] Undefined index: historyen /home/flyindat/domains/flyindata.com.cn/public_html/Application/En/Controller/CommonController.class.php 第 137 行.
NOTIC: [8] Undefined index: history /home/flyindat/domains/flyindata.com.cn/public_html/Application/En/Controller/GoodsController.class.php 第 44 行.
SQL: SHOW COLUMNS FROM `flyin_goods` [ RunTime:0.0016s ]
SQL: SHOW COLUMNS FROM `flyin_goods` [ RunTime:0.0012s ]
SQL: SELECT g.*,gg.* FROM flyin_goods as g LEFT JOIN flyin_gallery as gg ON g.goods_id = gg.goods_id  WHERE g.goods_id = '46'  [ RunTime:0.0006s ]
NOTIC: [8] Undefined index: img_big /home/flyindat/domains/flyindata.com.cn/public_html/Application/En/Model/GoodsModel.class.php 第 166 行.
NOTIC: [8] Undefined index: img_small /home/flyindat/domains/flyindata.com.cn/public_html/Application/En/Model/GoodsModel.class.php 第 168 行.
SQL: SHOW COLUMNS FROM `flyin_goods` [ RunTime:0.0013s ]
SQL: SELECT g.*,gg.* FROM flyin_goods as g JOIN flyin_parameter as gg ON g.goods_id = gg.goods_id  WHERE g.goods_id = '46'  [ RunTime:0.0004s ]
SQL: SELECT `id`,`linkname`,`url` FROM `flyin_friendlink` WHERE `isshow` = 1 ORDER BY linkorder  [ RunTime:0.0001s ]
SQL: SHOW COLUMNS FROM `flyin_category` [ RunTime:0.0010s ]
SQL: SELECT `cat_id` FROM `flyin_category`  [ RunTime:0.0001s ]
SQL: SHOW COLUMNS FROM `flyin_goods` [ RunTime:0.0012s ]
SQL: SELECT `goods_id`,`goods_name`,`img_center`,`goods_pdf`,`cat_id` FROM `flyin_goods` WHERE `goods_id` = 46 LIMIT 1   [ RunTime:0.0003s ]
NOTIC: [8] Undefined index: goods_keyword /home/flyindat/domains/flyindata.com.cn/public_html/Application/En/Controller/GoodsController.class.php 第 89 行.
INFO: [ view_parse ] --START--
INFO: [ template_filter ] --START--
INFO: Run Behavior\ContentReplaceBehavior [ RunTime:0.000214s ]
INFO: [ template_filter ] --END-- [ RunTime:0.000306s ]
INFO: Run Behavior\ParseTemplateBehavior [ RunTime:0.043816s ]
INFO: [ view_parse ] --END-- [ RunTime:0.043898s ]
INFO: [ view_filter ] --START--
INFO: Run Behavior\WriteHtmlCacheBehavior [ RunTime:0.000345s ]
INFO: Run Behavior\TokenBuildBehavior [ RunTime:0.000422s ]
INFO: [ view_filter ] --END-- [ RunTime:0.000862s ]
INFO: [ app_end ] --START--
INFO: Run Behavior\ShowPageTraceBehavior [ RunTime:0.000581s ]
INFO: [ app_end ] --END-- [ RunTime:0.000645s ]
NOTIC: [8] Constant URL_COMPAT already defined /home/flyindat/domains/flyindata.com.cn/public_html/index.php 第 33 行.

[ 2017-12-26T05:34:33+08:00 ] 220.181.108.166 /En/Goods/view/cat_id/2/goods_id/43.html
INFO: [ app_init ] --START--
INFO: Run Behavior\BuildLiteBehavior [ RunTime:0.000028s ]
INFO: [ app_init ] --END-- [ RunTime:0.000541s ]
INFO: [ app_begin ] --START--
INFO: Run Behavior\ReadHtmlCacheBehavior [ RunTime:0.000628s ]
INFO: Run Behavior\GetcodingBehavior [ RunTime:0.000357s ]
INFO: [ app_begin ] --END-- [ RunTime:0.001104s ]
SQL: SHOW COLUMNS FROM `flyin_category` [ RunTime:0.0022s ]
SQL: SELECT * FROM `flyin_category`  [ RunTime:0.0002s ]
NOTIC: [8] Undefined index: historyen /home/flyindat/domains/flyindata.com.cn/public_html/Application/En/Controller/CommonController.class.php 第 42 行.
SQL: SHOW COLUMNS FROM `flyin_friendlink` [ RunTime:0.0017s ]
SQL: SELECT `id`,`linkname`,`url` FROM `flyin_friendlink` WHERE `isshow` = 1 ORDER BY linkorder  [ RunTime:0.0001s ]
SQL: SHOW COLUMNS FROM `flyin_website` [ RunTime:0.0017s ]
SQL: SELECT `id`,`title`,`copy`,`logo`,`description`,`hotsearch`,`keywords`,`address`,`linkman`,`cellphone`,`cellphone`,`tel`,`fax`,`mail`,`qq` FROM `flyin_website` WHERE `status` = 1  [ RunTime:0.0002s ]
SQL: SHOW COLUMNS FROM `flyin_servicecategory` [ RunTime:0.0015s ]
SQL: SELECT `id`,`name`,`pid` FROM `flyin_servicecategory`  [ RunTime:0.0002s ]
SQL: SHOW COLUMNS FROM `flyin_services` [ RunTime:0.0012s ]
SQL: SELECT `id`,`servicecategory_id`,`sn`,`name`,`thumb`,`on_sale`,`recommend`,`add_time`,`custom_time`,`desc`,`recycle` FROM `flyin_services` WHERE `recommend` = 'yes' AND `on_sale` = 'yes' AND `recycle` = 'no' LIMIT 4   [ RunTime:0.0001s ]
SQL: SHOW COLUMNS FROM `flyin_services` [ RunTime:0.0013s ]
SQL: SELECT `id`,`name`,`thumb` FROM `flyin_services` WHERE `recycle` = 'no' AND `on_sale` = 'yes' AND `recommend` = 'yes' LIMIT 6   [ RunTime:0.0001s ]
SQL: SELECT COUNT(*) AS tp_count FROM `flyin_services` WHERE `recycle` = 'no' AND `on_sale` = 'yes' LIMIT 1   [ RunTime:0.0001s ]
SQL: SELECT `servicecategory_id`,`id`,`name`,`thumb`,`custom_time`,`date` FROM `flyin_services` WHERE `recycle` = 'no' AND `on_sale` = 'yes' ORDER BY id desc LIMIT 0,6   [ RunTime:0.0001s ]
NOTIC: [8] Undefined index: cat_id /home/flyindat/domains/flyindata.com.cn/public_html/Application/En/Controller/CommonController.class.php 第 86 行.
SQL: SHOW COLUMNS FROM `flyin_newcategory` [ RunTime:0.0013s ]
SQL: SELECT `id`,`name`,`pid` FROM `flyin_newcategory`  [ RunTime:0.0001s ]
SQL: SHOW COLUMNS FROM `flyin_news` [ RunTime:0.0010s ]
SQL: SELECT `id`,`newcategory_id`,`sn`,`name`,`thumb`,`on_sale`,`recommend`,`add_time`,`custom_time`,`desc`,`recycle` FROM `flyin_news` WHERE `recommend` = 'yes' AND `on_sale` = 'yes' AND `recycle` = 'no' LIMIT 4   [ RunTime:0.0001s ]
SQL: SHOW COLUMNS FROM `flyin_news` [ RunTime:0.0012s ]
SQL: SELECT COUNT(*) AS tp_count FROM `flyin_news` WHERE `recycle` = 'no' AND `on_sale` = 'yes' LIMIT 1   [ RunTime:0.0001s ]
SQL: SELECT `newcategory_id`,`id`,`name`,`thumb`,`custom_time`,`desc` FROM `flyin_news` WHERE `recycle` = 'no' AND `on_sale` = 'yes' ORDER BY id desc LIMIT 0,6   [ RunTime:0.0001s ]
NOTIC: [8] Undefined index: cat_id /home/flyindat/domains/flyindata.com.cn/public_html/Application/En/Controller/CommonController.class.php 第 117 行.
SQL: SHOW COLUMNS FROM `flyin_goods` [ RunTime:0.0012s ]
SQL: SELECT * FROM `flyin_goods` WHERE (  goods_id = '43'  ) LIMIT 1   [ RunTime:0.0015s ]
NOTIC: [8] Undefined index: historyen /home/flyindat/domains/flyindata.com.cn/public_html/Application/En/Controller/CommonController.class.php 第 129 行.
NOTIC: [8] Undefined index: historyen /home/flyindat/domains/flyindata.com.cn/public_html/Application/En/Controller/CommonController.class.php 第 137 行.
NOTIC: [8] Undefined index: history /home/flyindat/domains/flyindata.com.cn/public_html/Application/En/Controller/GoodsController.class.php 第 44 行.
SQL: SHOW COLUMNS FROM `flyin_goods` [ RunTime:0.0015s ]
SQL: SHOW COLUMNS FROM `flyin_goods` [ RunTime:0.0012s ]
SQL: SELECT g.*,gg.* FROM flyin_goods as g LEFT JOIN flyin_gallery as gg ON g.goods_id = gg.goods_id  WHERE g.goods_id = '43'  [ RunTime:0.0005s ]
NOTIC: [8] Undefined index: img_big /home/flyindat/domains/flyindata.com.cn/public_html/Application/En/Model/GoodsModel.class.php 第 166 行.
NOTIC: [8] Undefined index: img_small /home/flyindat/domains/flyindata.com.cn/public_html/Application/En/Model/GoodsModel.class.php 第 168 行.
SQL: SHOW COLUMNS FROM `flyin_goods` [ RunTime:0.0012s ]
SQL: SELECT g.*,gg.* FROM flyin_goods as g JOIN flyin_parameter as gg ON g.goods_id = gg.goods_id  WHERE g.goods_id = '43'  [ RunTime:0.0004s ]
SQL: SELECT `id`,`linkname`,`url` FROM `flyin_friendlink` WHERE `isshow` = 1 ORDER BY linkorder  [ RunTime:0.0001s ]
SQL: SHOW COLUMNS FROM `flyin_category` [ RunTime:0.0009s ]
SQL: SELECT `cat_id` FROM `flyin_category`  [ RunTime:0.0001s ]
SQL: SHOW COLUMNS FROM `flyin_goods` [ RunTime:0.0011s ]
SQL: SELECT `goods_id`,`goods_name`,`img_center`,`goods_pdf`,`cat_id` FROM `flyin_goods` WHERE `goods_id` = 43 LIMIT 1   [ RunTime:0.0002s ]
NOTIC: [8] Undefined index: goods_keyword /home/flyindat/domains/flyindata.com.cn/public_html/Application/En/Controller/GoodsController.class.php 第 89 行.
INFO: [ view_parse ] --START--
INFO: [ template_filter ] --START--
INFO: Run Behavior\ContentReplaceBehavior [ RunTime:0.000229s ]
INFO: [ template_filter ] --END-- [ RunTime:0.000327s ]
INFO: Run Behavior\ParseTemplateBehavior [ RunTime:0.049831s ]
INFO: [ view_parse ] --END-- [ RunTime:0.049964s ]
INFO: [ view_filter ] --START--
INFO: Run Behavior\WriteHtmlCacheBehavior [ RunTime:0.000370s ]
INFO: Run Behavior\TokenBuildBehavior [ RunTime:0.000508s ]
INFO: [ view_filter ] --END-- [ RunTime:0.000988s ]
INFO: [ app_end ] --START--
INFO: Run Behavior\ShowPageTraceBehavior [ RunTime:0.000617s ]
INFO: [ app_end ] --END-- [ RunTime:0.000684s ]
NOTIC: [8] Constant URL_COMPAT already defined /home/flyindat/domains/flyindata.com.cn/public_html/index.php 第 33 行.

[ 2017-12-26T06:07:53+08:00 ] 220.181.108.121 /En/Goods/view/cat_id/2/goods_id/45.html
INFO: [ app_init ] --START--
INFO: Run Behavior\BuildLiteBehavior [ RunTime:0.000023s ]
INFO: [ app_init ] --END-- [ RunTime:0.000486s ]
INFO: [ app_begin ] --START--
INFO: Run Behavior\ReadHtmlCacheBehavior [ RunTime:0.000578s ]
INFO: Run Behavior\GetcodingBehavior [ RunTime:0.000347s ]
INFO: [ app_begin ] --END-- [ RunTime:0.001036s ]
SQL: SHOW COLUMNS FROM `flyin_category` [ RunTime:0.0015s ]
SQL: SELECT * FROM `flyin_category`  [ RunTime:0.0001s ]
NOTIC: [8] Undefined index: historyen /home/flyindat/domains/flyindata.com.cn/public_html/Application/En/Controller/CommonController.class.php 第 42 行.
SQL: SHOW COLUMNS FROM `flyin_friendlink` [ RunTime:0.0010s ]
SQL: SELECT `id`,`linkname`,`url` FROM `flyin_friendlink` WHERE `isshow` = 1 ORDER BY linkorder  [ RunTime:0.0001s ]
SQL: SHOW COLUMNS FROM `flyin_website` [ RunTime:0.0011s ]
SQL: SELECT `id`,`title`,`copy`,`logo`,`description`,`hotsearch`,`keywords`,`address`,`linkman`,`cellphone`,`cellphone`,`tel`,`fax`,`mail`,`qq` FROM `flyin_website` WHERE `status` = 1  [ RunTime:0.0001s ]
SQL: SHOW COLUMNS FROM `flyin_servicecategory` [ RunTime:0.0008s ]
SQL: SELECT `id`,`name`,`pid` FROM `flyin_servicecategory`  [ RunTime:0.0001s ]
SQL: SHOW COLUMNS FROM `flyin_services` [ RunTime:0.0010s ]
SQL: SELECT `id`,`servicecategory_id`,`sn`,`name`,`thumb`,`on_sale`,`recommend`,`add_time`,`custom_time`,`desc`,`recycle` FROM `flyin_services` WHERE `recommend` = 'yes' AND `on_sale` = 'yes' AND `recycle` = 'no' LIMIT 4   [ RunTime:0.0001s ]
SQL: SHOW COLUMNS FROM `flyin_services` [ RunTime:0.0010s ]
SQL: SELECT `id`,`name`,`thumb` FROM `flyin_services` WHERE `recycle` = 'no' AND `on_sale` = 'yes' AND `recommend` = 'yes' LIMIT 6   [ RunTime:0.0001s ]
SQL: SELECT COUNT(*) AS tp_count FROM `flyin_services` WHERE `recycle` = 'no' AND `on_sale` = 'yes' LIMIT 1   [ RunTime:0.0001s ]
SQL: SELECT `servicecategory_id`,`id`,`name`,`thumb`,`custom_time`,`date` FROM `flyin_services` WHERE `recycle` = 'no' AND `on_sale` = 'yes' ORDER BY id desc LIMIT 0,6   [ RunTime:0.0001s ]
NOTIC: [8] Undefined index: cat_id /home/flyindat/domains/flyindata.com.cn/public_html/Application/En/Controller/CommonController.class.php 第 86 行.
SQL: SHOW COLUMNS FROM `flyin_newcategory` [ RunTime:0.0011s ]
SQL: SELECT `id`,`name`,`pid` FROM `flyin_newcategory`  [ RunTime:0.0001s ]
SQL: SHOW COLUMNS FROM `flyin_news` [ RunTime:0.0010s ]
SQL: SELECT `id`,`newcategory_id`,`sn`,`name`,`thumb`,`on_sale`,`recommend`,`add_time`,`custom_time`,`desc`,`recycle` FROM `flyin_news` WHERE `recommend` = 'yes' AND `on_sale` = 'yes' AND `recycle` = 'no' LIMIT 4   [ RunTime:0.0001s ]
SQL: SHOW COLUMNS FROM `flyin_news` [ RunTime:0.0010s ]
SQL: SELECT COUNT(*) AS tp_count FROM `flyin_news` WHERE `recycle` = 'no' AND `on_sale` = 'yes' LIMIT 1   [ RunTime:0.0001s ]
SQL: SELECT `newcategory_id`,`id`,`name`,`thumb`,`custom_time`,`desc` FROM `flyin_news` WHERE `recycle` = 'no' AND `on_sale` = 'yes' ORDER BY id desc LIMIT 0,6   [ RunTime:0.0001s ]
NOTIC: [8] Undefined index: cat_id /home/flyindat/domains/flyindata.com.cn/public_html/Application/En/Controller/CommonController.class.php 第 117 行.
SQL: SHOW COLUMNS FROM `flyin_goods` [ RunTime:0.0017s ]
SQL: SELECT * FROM `flyin_goods` WHERE (  goods_id = '45'  ) LIMIT 1   [ RunTime:0.0022s ]
NOTIC: [8] Undefined index: historyen /home/flyindat/domains/flyindata.com.cn/public_html/Application/En/Controller/CommonController.class.php 第 129 行.
NOTIC: [8] Undefined index: historyen /home/flyindat/domains/flyindata.com.cn/public_html/Application/En/Controller/CommonController.class.php 第 137 行.
NOTIC: [8] Undefined index: history /home/flyindat/domains/flyindata.com.cn/public_html/Application/En/Controller/GoodsController.class.php 第 44 行.
SQL: SHOW COLUMNS FROM `flyin_goods` [ RunTime:0.0015s ]
SQL: SHOW COLUMNS FROM `flyin_goods` [ RunTime:0.0011s ]
SQL: SELECT g.*,gg.* FROM flyin_goods as g LEFT JOIN flyin_gallery as gg ON g.goods_id = gg.goods_id  WHERE g.goods_id = '45'  [ RunTime:0.0004s ]
NOTIC: [8] Undefined index: img_big /home/flyindat/domains/flyindata.com.cn/public_html/Application/En/Model/GoodsModel.class.php 第 166 行.
NOTIC: [8] Undefined index: img_small /home/flyindat/domains/flyindata.com.cn/public_html/Application/En/Model/GoodsModel.class.php 第 168 行.
SQL: SHOW COLUMNS FROM `flyin_goods` [ RunTime:0.0012s ]
SQL: SELECT g.*,gg.* FROM flyin_goods as g JOIN flyin_parameter as gg ON g.goods_id = gg.goods_id  WHERE g.goods_id = '45'  [ RunTime:0.0004s ]
SQL: SELECT `id`,`linkname`,`url` FROM `flyin_friendlink` WHERE `isshow` = 1 ORDER BY linkorder  [ RunTime:0.0001s ]
SQL: SHOW COLUMNS FROM `flyin_category` [ RunTime:0.0009s ]
SQL: SELECT `cat_id` FROM `flyin_category`  [ RunTime:0.0001s ]
SQL: SHOW COLUMNS FROM `flyin_goods` [ RunTime:0.0011s ]
SQL: SELECT `goods_id`,`goods_name`,`img_center`,`goods_pdf`,`cat_id` FROM `flyin_goods` WHERE `goods_id` = 45 LIMIT 1   [ RunTime:0.0002s ]
NOTIC: [8] Undefined index: goods_keyword /home/flyindat/domains/flyindata.com.cn/public_html/Application/En/Controller/GoodsController.class.php 第 89 行.
INFO: [ view_parse ] --START--
INFO: [ template_filter ] --START--
INFO: Run Behavior\ContentReplaceBehavior [ RunTime:0.000215s ]
INFO: [ template_filter ] --END-- [ RunTime:0.000303s ]
INFO: Run Behavior\ParseTemplateBehavior [ RunTime:0.044868s ]
INFO: [ view_parse ] --END-- [ RunTime:0.044965s ]
INFO: [ view_filter ] --START--
INFO: Run Behavior\WriteHtmlCacheBehavior [ RunTime:0.000353s ]
INFO: Run Behavior\TokenBuildBehavior [ RunTime:0.000428s ]
INFO: [ view_filter ] --END-- [ RunTime:0.000878s ]
INFO: [ app_end ] --START--
INFO: Run Behavior\ShowPageTraceBehavior [ RunTime:0.000567s ]
INFO: [ app_end ] --END-- [ RunTime:0.000631s ]
NOTIC: [8] Constant URL_COMPAT already defined /home/flyindat/domains/flyindata.com.cn/public_html/index.php 第 33 行.

[ 2017-12-26T06:41:13+08:00 ] 220.181.108.115 /En/Goods/view/cat_id/2/goods_id/44.html
INFO: [ app_init ] --START--
INFO: Run Behavior\BuildLiteBehavior [ RunTime:0.000021s ]
INFO: [ app_init ] --END-- [ RunTime:0.000477s ]
INFO: [ app_begin ] --START--
INFO: Run Behavior\ReadHtmlCacheBehavior [ RunTime:0.000618s ]
INFO: Run Behavior\GetcodingBehavior [ RunTime:0.000388s ]
INFO: [ app_begin ] --END-- [ RunTime:0.001119s ]
SQL: SHOW COLUMNS FROM `flyin_category` [ RunTime:0.0019s ]
SQL: SELECT * FROM `flyin_category`  [ RunTime:0.0001s ]
NOTIC: [8] Undefined index: historyen /home/flyindat/domains/flyindata.com.cn/public_html/Application/En/Controller/CommonController.class.php 第 42 行.
SQL: SHOW COLUMNS FROM `flyin_friendlink` [ RunTime:0.0011s ]
SQL: SELECT `id`,`linkname`,`url` FROM `flyin_friendlink` WHERE `isshow` = 1 ORDER BY linkorder  [ RunTime:0.0001s ]
SQL: SHOW COLUMNS FROM `flyin_website` [ RunTime:0.0012s ]
SQL: SELECT `id`,`title`,`copy`,`logo`,`description`,`hotsearch`,`keywords`,`address`,`linkman`,`cellphone`,`cellphone`,`tel`,`fax`,`mail`,`qq` FROM `flyin_website` WHERE `status` = 1  [ RunTime:0.0001s ]
SQL: SHOW COLUMNS FROM `flyin_servicecategory` [ RunTime:0.0009s ]
SQL: SELECT `id`,`name`,`pid` FROM `flyin_servicecategory`  [ RunTime:0.0001s ]
SQL: SHOW COLUMNS FROM `flyin_services` [ RunTime:0.0011s ]
SQL: SELECT `id`,`servicecategory_id`,`sn`,`name`,`thumb`,`on_sale`,`recommend`,`add_time`,`custom_time`,`desc`,`recycle` FROM `flyin_services` WHERE `recommend` = 'yes' AND `on_sale` = 'yes' AND `recycle` = 'no' LIMIT 4   [ RunTime:0.0001s ]
SQL: SHOW COLUMNS FROM `flyin_services` [ RunTime:0.0011s ]
SQL: SELECT `id`,`name`,`thumb` FROM `flyin_services` WHERE `recycle` = 'no' AND `on_sale` = 'yes' AND `recommend` = 'yes' LIMIT 6   [ RunTime:0.0001s ]
SQL: SELECT COUNT(*) AS tp_count FROM `flyin_services` WHERE `recycle` = 'no' AND `on_sale` = 'yes' LIMIT 1   [ RunTime:0.0001s ]
SQL: SELECT `servicecategory_id`,`id`,`name`,`thumb`,`custom_time`,`date` FROM `flyin_services` WHERE `recycle` = 'no' AND `on_sale` = 'yes' ORDER BY id desc LIMIT 0,6   [ RunTime:0.0001s ]
NOTIC: [8] Undefined index: cat_id /home/flyindat/domains/flyindata.com.cn/public_html/Application/En/Controller/CommonController.class.php 第 86 行.
SQL: SHOW COLUMNS FROM `flyin_newcategory` [ RunTime:0.0009s ]
SQL: SELECT `id`,`name`,`pid` FROM `flyin_newcategory`  [ RunTime:0.0001s ]
SQL: SHOW COLUMNS FROM `flyin_news` [ RunTime:0.0011s ]
SQL: SELECT `id`,`newcategory_id`,`sn`,`name`,`thumb`,`on_sale`,`recommend`,`add_time`,`custom_time`,`desc`,`recycle` FROM `flyin_news` WHERE `recommend` = 'yes' AND `on_sale` = 'yes' AND `recycle` = 'no' LIMIT 4   [ RunTime:0.0001s ]
SQL: SHOW COLUMNS FROM `flyin_news` [ RunTime:0.0011s ]
SQL: SELECT COUNT(*) AS tp_count FROM `flyin_news` WHERE `recycle` = 'no' AND `on_sale` = 'yes' LIMIT 1   [ RunTime:0.0001s ]
SQL: SELECT `newcategory_id`,`id`,`name`,`thumb`,`custom_time`,`desc` FROM `flyin_news` WHERE `recycle` = 'no' AND `on_sale` = 'yes' ORDER BY id desc LIMIT 0,6   [ RunTime:0.0001s ]
NOTIC: [8] Undefined index: cat_id /home/flyindat/domains/flyindata.com.cn/public_html/Application/En/Controller/CommonController.class.php 第 117 行.
SQL: SHOW COLUMNS FROM `flyin_goods` [ RunTime:0.0013s ]
SQL: SELECT * FROM `flyin_goods` WHERE (  goods_id = '44'  ) LIMIT 1   [ RunTime:0.0008s ]
NOTIC: [8] Undefined index: historyen /home/flyindat/domains/flyindata.com.cn/public_html/Application/En/Controller/CommonController.class.php 第 129 行.
NOTIC: [8] Undefined index: historyen /home/flyindat/domains/flyindata.com.cn/public_html/Application/En/Controller/CommonController.class.php 第 137 行.
NOTIC: [8] Undefined index: history /home/flyindat/domains/flyindata.com.cn/public_html/Application/En/Controller/GoodsController.class.php 第 44 行.
SQL: SHOW COLUMNS FROM `flyin_goods` [ RunTime:0.0013s ]
SQL: SHOW COLUMNS FROM `flyin_goods` [ RunTime:0.0012s ]
SQL: SELECT g.*,gg.* FROM flyin_goods as g LEFT JOIN flyin_gallery as gg ON g.goods_id = gg.goods_id  WHERE g.goods_id = '44'  [ RunTime:0.0004s ]
NOTIC: [8] Undefined index: img_big /home/flyindat/domains/flyindata.com.cn/public_html/Application/En/Model/GoodsModel.class.php 第 166 行.
NOTIC: [8] Undefined index: img_small /home/flyindat/domains/flyindata.com.cn/public_html/Application/En/Model/GoodsModel.class.php 第 168 行.
SQL: SHOW COLUMNS FROM `flyin_goods` [ RunTime:0.0012s ]
SQL: SELECT g.*,gg.* FROM flyin_goods as g JOIN flyin_parameter as gg ON g.goods_id = gg.goods_id  WHERE g.goods_id = '44'  [ RunTime:0.0003s ]
SQL: SELECT `id`,`linkname`,`url` FROM `flyin_friendlink` WHERE `isshow` = 1 ORDER BY linkorder  [ RunTime:0.0001s ]
SQL: SHOW COLUMNS FROM `flyin_category` [ RunTime:0.0009s ]
SQL: SELECT `cat_id` FROM `flyin_category`  [ RunTime:0.0001s ]
SQL: SHOW COLUMNS FROM `flyin_goods` [ RunTime:0.0012s ]
SQL: SELECT `goods_id`,`goods_name`,`img_center`,`goods_pdf`,`cat_id` FROM `flyin_goods` WHERE `goods_id` = 44 LIMIT 1   [ RunTime:0.0002s ]
NOTIC: [8] Undefined index: goods_keyword /home/flyindat/domains/flyindata.com.cn/public_html/Application/En/Controller/GoodsController.class.php 第 89 行.
INFO: [ view_parse ] --START--
INFO: [ template_filter ] --START--
INFO: Run Behavior\ContentReplaceBehavior [ RunTime:0.000213s ]
INFO: [ template_filter ] --END-- [ RunTime:0.000289s ]
INFO: Run Behavior\ParseTemplateBehavior [ RunTime:0.043837s ]
INFO: [ view_parse ] --END-- [ RunTime:0.043930s ]
INFO: [ view_filter ] --START--
INFO: Run Behavior\WriteHtmlCacheBehavior [ RunTime:0.000345s ]
INFO: Run Behavior\TokenBuildBehavior [ RunTime:0.000438s ]
INFO: [ view_filter ] --END-- [ RunTime:0.000882s ]
INFO: [ app_end ] --START--
INFO: Run Behavior\ShowPageTraceBehavior [ RunTime:0.000559s ]
INFO: [ app_end ] --END-- [ RunTime:0.000623s ]
NOTIC: [8] Constant URL_COMPAT already defined /home/flyindat/domains/flyindata.com.cn/public_html/index.php 第 33 行.

[ 2017-12-26T14:37:01+08:00 ] 66.249.79.4 /En/Services/index/cid/1.html
INFO: [ app_init ] --START--
INFO: Run Behavior\BuildLiteBehavior [ RunTime:0.000026s ]
INFO: [ app_init ] --END-- [ RunTime:0.000532s ]
INFO: [ app_begin ] --START--
INFO: Run Behavior\ReadHtmlCacheBehavior [ RunTime:0.001078s ]
INFO: Run Behavior\GetcodingBehavior [ RunTime:0.000530s ]
INFO: [ app_begin ] --END-- [ RunTime:0.002046s ]
SQL: SHOW COLUMNS FROM `flyin_category` [ RunTime:0.0041s ]
SQL: SELECT * FROM `flyin_category`  [ RunTime:0.0012s ]
NOTIC: [8] Undefined index: historyen /home/flyindat/domains/flyindata.com.cn/public_html/Application/En/Controller/CommonController.class.php 第 42 行.
SQL: SHOW COLUMNS FROM `flyin_friendlink` [ RunTime:0.0031s ]
SQL: SELECT `id`,`linkname`,`url` FROM `flyin_friendlink` WHERE `isshow` = 1 ORDER BY linkorder  [ RunTime:0.0009s ]
SQL: SHOW COLUMNS FROM `flyin_website` [ RunTime:0.0067s ]
SQL: SELECT `id`,`title`,`copy`,`logo`,`description`,`hotsearch`,`keywords`,`address`,`linkman`,`cellphone`,`cellphone`,`tel`,`fax`,`mail`,`qq` FROM `flyin_website` WHERE `status` = 1  [ RunTime:0.0013s ]
SQL: SHOW COLUMNS FROM `flyin_servicecategory` [ RunTime:0.0027s ]
SQL: SELECT `id`,`name`,`pid` FROM `flyin_servicecategory`  [ RunTime:0.0007s ]
SQL: SHOW COLUMNS FROM `flyin_services` [ RunTime:0.0029s ]
SQL: SELECT `id`,`servicecategory_id`,`sn`,`name`,`thumb`,`on_sale`,`recommend`,`add_time`,`custom_time`,`desc`,`recycle` FROM `flyin_services` WHERE `recommend` = 'yes' AND `on_sale` = 'yes' AND `recycle` = 'no' LIMIT 4   [ RunTime:0.0007s ]
SQL: SHOW COLUMNS FROM `flyin_services` [ RunTime:0.0021s ]
SQL: SELECT `id`,`name`,`thumb` FROM `flyin_services` WHERE `recycle` = 'no' AND `on_sale` = 'yes' AND `servicecategory_id` IN (1) AND `recommend` = 'yes' LIMIT 6   [ RunTime:0.0010s ]
SQL: SELECT COUNT(*) AS tp_count FROM `flyin_services` WHERE `recycle` = 'no' AND `on_sale` = 'yes' AND `servicecategory_id` IN (1) LIMIT 1   [ RunTime:0.0004s ]
SQL: SELECT `servicecategory_id`,`id`,`name`,`thumb`,`custom_time`,`date` FROM `flyin_services` WHERE `recycle` = 'no' AND `on_sale` = 'yes' AND `servicecategory_id` IN (1) ORDER BY id desc LIMIT 0,6   [ RunTime:0.0010s ]
NOTIC: [8] Undefined index: cat_id /home/flyindat/domains/flyindata.com.cn/public_html/Application/En/Controller/CommonController.class.php 第 86 行.
SQL: SHOW COLUMNS FROM `flyin_newcategory` [ RunTime:0.0022s ]
SQL: SELECT `id`,`name`,`pid` FROM `flyin_newcategory`  [ RunTime:0.0007s ]
SQL: SHOW COLUMNS FROM `flyin_news` [ RunTime:0.0023s ]
SQL: SELECT `id`,`newcategory_id`,`sn`,`name`,`thumb`,`on_sale`,`recommend`,`add_time`,`custom_time`,`desc`,`recycle` FROM `flyin_news` WHERE `recommend` = 'yes' AND `on_sale` = 'yes' AND `recycle` = 'no' LIMIT 4   [ RunTime:0.0012s ]
SQL: SHOW COLUMNS FROM `flyin_news` [ RunTime:0.0026s ]
SQL: SELECT COUNT(*) AS tp_count FROM `flyin_news` WHERE `recycle` = 'no' AND `on_sale` = 'yes' AND `newcategory_id` IN (1) LIMIT 1   [ RunTime:0.0007s ]
SQL: SELECT `newcategory_id`,`id`,`name`,`thumb`,`custom_time`,`desc` FROM `flyin_news` WHERE `recycle` = 'no' AND `on_sale` = 'yes' AND `newcategory_id` IN (1) ORDER BY id desc LIMIT 0,6   [ RunTime:0.0004s ]
NOTIC: [8] Undefined index: cat_id /home/flyindat/domains/flyindata.com.cn/public_html/Application/En/Controller/CommonController.class.php 第 117 行.
NOTIC: [8] Use of undefined constant services - assumed 'services' /home/flyindat/domains/flyindata.com.cn/public_html/Application/En/Controller/ServicesController.class.php 第 9 行.
SQL: SHOW COLUMNS FROM `flyin_services` [ RunTime:0.0019s ]
SQL: select count(id) as num,FROM_UNIXTIME(date,'%Y年%m月') as t,FROM_UNIXTIME(date,'%Y/%m') as t1  from flyin_services group by t order by t desc [ RunTime:0.0005s ]
SQL: SELECT `id`,`servicecategory_id`,`sn`,`name`,`thumb`,`on_sale`,`recommend`,`add_time`,`custom_time`,`desc`,`recycle` FROM `flyin_services` WHERE `recommend` = 'yes' AND `on_sale` = 'yes' AND `recycle` = 'no' LIMIT 4   [ RunTime:0.0001s ]
SQL: SELECT `id`,`name`,`thumb` FROM `flyin_services` WHERE `recycle` = 'no' AND `on_sale` = 'yes' AND `servicecategory_id` IN (1) AND `recommend` = 'yes' LIMIT 6   [ RunTime:0.0001s ]
SQL: SELECT COUNT(*) AS tp_count FROM `flyin_services` WHERE `recycle` = 'no' AND `on_sale` = 'yes' AND `servicecategory_id` IN (1) LIMIT 1   [ RunTime:0.0001s ]
SQL: SELECT `servicecategory_id`,`id`,`name`,`thumb`,`custom_time`,`date` FROM `flyin_services` WHERE `recycle` = 'no' AND `on_sale` = 'yes' AND `servicecategory_id` IN (1) ORDER BY id desc LIMIT 0,6   [ RunTime:0.0001s ]
NOTIC: [8] Undefined index: cat_id /home/flyindat/domains/flyindata.com.cn/public_html/Application/En/Controller/ServicesController.class.php 第 50 行.
NOTIC: [8] Undefined index: name /home/flyindat/domains/flyindata.com.cn/public_html/Application/En/Controller/ServicesController.class.php 第 51 行.
INFO: [ view_parse ] --START--
INFO: [ template_filter ] --START--
INFO: Run Behavior\ContentReplaceBehavior [ RunTime:0.000220s ]
INFO: [ template_filter ] --END-- [ RunTime:0.000335s ]
NOTIC: [8] Undefined variable: keywords /home/flyindat/domains/flyindata.com.cn/public_html/Application/Runtime/Cache/En/b0a1b6925d25eaa658d0863f85bb8505.php 第 7 行.
NOTIC: [8] Undefined variable: description /home/flyindat/domains/flyindata.com.cn/public_html/Application/Runtime/Cache/En/b0a1b6925d25eaa658d0863f85bb8505.php 第 8 行.
NOTIC: [8] Undefined variable: history /home/flyindat/domains/flyindata.com.cn/public_html/Application/Runtime/Cache/En/b0a1b6925d25eaa658d0863f85bb8505.php 第 89 行.
NOTIC: [8] Undefined index: desc /home/flyindat/domains/flyindata.com.cn/public_html/Application/Runtime/Cache/En/b0a1b6925d25eaa658d0863f85bb8505.php 第 234 行.
NOTIC: [8] Undefined index: desc /home/flyindat/domains/flyindata.com.cn/public_html/Application/Runtime/Cache/En/b0a1b6925d25eaa658d0863f85bb8505.php 第 234 行.
NOTIC: [8] Undefined index: desc /home/flyindat/domains/flyindata.com.cn/public_html/Application/Runtime/Cache/En/b0a1b6925d25eaa658d0863f85bb8505.php 第 234 行.
INFO: Run Behavior\ParseTemplateBehavior [ RunTime:0.075015s ]
INFO: [ view_parse ] --END-- [ RunTime:0.075135s ]
INFO: [ view_filter ] --START--
INFO: Run Behavior\WriteHtmlCacheBehavior [ RunTime:0.000421s ]
INFO: Run Behavior\TokenBuildBehavior [ RunTime:0.000478s ]
INFO: [ view_filter ] --END-- [ RunTime:0.001001s ]
INFO: [ app_end ] --START--
INFO: Run Behavior\ShowPageTraceBehavior [ RunTime:0.000635s ]
INFO: [ app_end ] --END-- [ RunTime:0.000701s ]
NOTIC: [8] Constant URL_COMPAT already defined /home/flyindat/domains/flyindata.com.cn/public_html/index.php 第 33 行.

[ 2017-12-26T16:14:53+08:00 ] 42.236.49.21 /En/Goods/index/p/1.html
INFO: [ app_init ] --START--
INFO: Run Behavior\BuildLiteBehavior [ RunTime:0.000027s ]
INFO: [ app_init ] --END-- [ RunTime:0.000661s ]
INFO: [ app_begin ] --START--
INFO: Run Behavior\ReadHtmlCacheBehavior [ RunTime:0.000858s ]
INFO: Run Behavior\GetcodingBehavior [ RunTime:0.000436s ]
INFO: [ app_begin ] --END-- [ RunTime:0.001454s ]
SQL: SHOW COLUMNS FROM `flyin_category` [ RunTime:0.0028s ]
SQL: SELECT * FROM `flyin_category`  [ RunTime:0.0010s ]
NOTIC: [8] Undefined index: historyen /home/flyindat/domains/flyindata.com.cn/public_html/Application/En/Controller/CommonController.class.php 第 42 行.
SQL: SHOW COLUMNS FROM `flyin_friendlink` [ RunTime:0.0027s ]
SQL: SELECT `id`,`linkname`,`url` FROM `flyin_friendlink` WHERE `isshow` = 1 ORDER BY linkorder  [ RunTime:0.0009s ]
SQL: SHOW COLUMNS FROM `flyin_website` [ RunTime:0.0028s ]
SQL: SELECT `id`,`title`,`copy`,`logo`,`description`,`hotsearch`,`keywords`,`address`,`linkman`,`cellphone`,`cellphone`,`tel`,`fax`,`mail`,`qq` FROM `flyin_website` WHERE `status` = 1  [ RunTime:0.0007s ]
SQL: SHOW COLUMNS FROM `flyin_servicecategory` [ RunTime:0.0020s ]
SQL: SELECT `id`,`name`,`pid` FROM `flyin_servicecategory`  [ RunTime:0.0009s ]
SQL: SHOW COLUMNS FROM `flyin_services` [ RunTime:0.0020s ]
SQL: SELECT `id`,`servicecategory_id`,`sn`,`name`,`thumb`,`on_sale`,`recommend`,`add_time`,`custom_time`,`desc`,`recycle` FROM `flyin_services` WHERE `recommend` = 'yes' AND `on_sale` = 'yes' AND `recycle` = 'no' LIMIT 4   [ RunTime:0.0005s ]
SQL: SHOW COLUMNS FROM `flyin_services` [ RunTime:0.0020s ]
SQL: SELECT `id`,`name`,`thumb` FROM `flyin_services` WHERE `recycle` = 'no' AND `on_sale` = 'yes' AND `recommend` = 'yes' LIMIT 6   [ RunTime:0.0003s ]
SQL: SELECT COUNT(*) AS tp_count FROM `flyin_services` WHERE `recycle` = 'no' AND `on_sale` = 'yes' LIMIT 1   [ RunTime:0.0003s ]
SQL: SELECT `servicecategory_id`,`id`,`name`,`thumb`,`custom_time`,`date` FROM `flyin_services` WHERE `recycle` = 'no' AND `on_sale` = 'yes' ORDER BY id desc LIMIT 0,6   [ RunTime:0.0003s ]
NOTIC: [8] Undefined index: cat_id /home/flyindat/domains/flyindata.com.cn/public_html/Application/En/Controller/CommonController.class.php 第 86 行.
SQL: SHOW COLUMNS FROM `flyin_newcategory` [ RunTime:0.0030s ]
SQL: SELECT `id`,`name`,`pid` FROM `flyin_newcategory`  [ RunTime:0.0010s ]
SQL: SHOW COLUMNS FROM `flyin_news` [ RunTime:0.0026s ]
SQL: SELECT `id`,`newcategory_id`,`sn`,`name`,`thumb`,`on_sale`,`recommend`,`add_time`,`custom_time`,`desc`,`recycle` FROM `flyin_news` WHERE `recommend` = 'yes' AND `on_sale` = 'yes' AND `recycle` = 'no' LIMIT 4   [ RunTime:0.0018s ]
SQL: SHOW COLUMNS FROM `flyin_news` [ RunTime:0.0025s ]
SQL: SELECT COUNT(*) AS tp_count FROM `flyin_news` WHERE `recycle` = 'no' AND `on_sale` = 'yes' LIMIT 1   [ RunTime:0.0005s ]
SQL: SELECT `newcategory_id`,`id`,`name`,`thumb`,`custom_time`,`desc` FROM `flyin_news` WHERE `recycle` = 'no' AND `on_sale` = 'yes' ORDER BY id desc LIMIT 0,6   [ RunTime:0.0006s ]
NOTIC: [8] Undefined index: cat_id /home/flyindat/domains/flyindata.com.cn/public_html/Application/En/Controller/CommonController.class.php 第 117 行.
SQL: SHOW COLUMNS FROM `flyin_goods` [ RunTime:0.0035s ]
SQL: SELECT COUNT(*) AS tp_count FROM `flyin_goods` LIMIT 1   [ RunTime:0.0067s ]
SQL: SHOW COLUMNS FROM `flyin_goods` [ RunTime:0.0027s ]
SQL: SELECT g.*,c.cat_name FROM flyin_goods as g LEFT JOIN flyin_category as c ON g.cat_id = c.cat_id  LIMIT 0,6   [ RunTime:0.0060s ]
INFO: [ view_parse ] --START--
INFO: [ template_filter ] --START--
INFO: Run Behavior\ContentReplaceBehavior [ RunTime:0.000276s ]
INFO: [ template_filter ] --END-- [ RunTime:0.000411s ]
NOTIC: [8] Undefined variable: keywords /home/flyindat/domains/flyindata.com.cn/public_html/Application/Runtime/Cache/En/8fffb0405f2c1ed54fbf236e4b181080.php 第 7 行.
NOTIC: [8] Undefined variable: description /home/flyindat/domains/flyindata.com.cn/public_html/Application/Runtime/Cache/En/8fffb0405f2c1ed54fbf236e4b181080.php 第 8 行.
NOTIC: [8] Undefined variable: history /home/flyindat/domains/flyindata.com.cn/public_html/Application/Runtime/Cache/En/8fffb0405f2c1ed54fbf236e4b181080.php 第 89 行.
INFO: Run Behavior\ParseTemplateBehavior [ RunTime:0.067815s ]
INFO: [ view_parse ] --END-- [ RunTime:0.067933s ]
INFO: [ view_filter ] --START--
INFO: Run Behavior\WriteHtmlCacheBehavior [ RunTime:0.000532s ]
INFO: Run Behavior\TokenBuildBehavior [ RunTime:0.000679s ]
INFO: [ view_filter ] --END-- [ RunTime:0.001358s ]
INFO: [ app_end ] --START--
INFO: Run Behavior\ShowPageTraceBehavior [ RunTime:0.000910s ]
INFO: [ app_end ] --END-- [ RunTime:0.001006s ]
NOTIC: [8] Constant URL_COMPAT already defined /home/flyindat/domains/flyindata.com.cn/public_html/index.php 第 33 行.

[ 2017-12-26T16:14:57+08:00 ] 42.236.10.81 /En/Common/view/cat_id/2/p/1.html
INFO: [ app_init ] --START--
INFO: Run Behavior\BuildLiteBehavior [ RunTime:0.000022s ]
INFO: [ app_init ] --END-- [ RunTime:0.000490s ]
INFO: [ app_begin ] --START--
INFO: Run Behavior\ReadHtmlCacheBehavior [ RunTime:0.000600s ]
INFO: Run Behavior\GetcodingBehavior [ RunTime:0.000359s ]
INFO: [ app_begin ] --END-- [ RunTime:0.001075s ]
SQL: SHOW COLUMNS FROM `flyin_category` [ RunTime:0.0017s ]
SQL: SELECT * FROM `flyin_category`  [ RunTime:0.0002s ]
NOTIC: [8] Undefined index: historyen /home/flyindat/domains/flyindata.com.cn/public_html/Application/En/Controller/CommonController.class.php 第 42 行.
SQL: SHOW COLUMNS FROM `flyin_friendlink` [ RunTime:0.0010s ]
SQL: SELECT `id`,`linkname`,`url` FROM `flyin_friendlink` WHERE `isshow` = 1 ORDER BY linkorder  [ RunTime:0.0004s ]
SQL: SHOW COLUMNS FROM `flyin_website` [ RunTime:0.0012s ]
SQL: SELECT `id`,`title`,`copy`,`logo`,`description`,`hotsearch`,`keywords`,`address`,`linkman`,`cellphone`,`cellphone`,`tel`,`fax`,`mail`,`qq` FROM `flyin_website` WHERE `status` = 1  [ RunTime:0.0002s ]
SQL: SHOW COLUMNS FROM `flyin_servicecategory` [ RunTime:0.0009s ]
SQL: SELECT `id`,`name`,`pid` FROM `flyin_servicecategory`  [ RunTime:0.0001s ]
SQL: SHOW COLUMNS FROM `flyin_services` [ RunTime:0.0011s ]
SQL: SELECT `id`,`servicecategory_id`,`sn`,`name`,`thumb`,`on_sale`,`recommend`,`add_time`,`custom_time`,`desc`,`recycle` FROM `flyin_services` WHERE `recommend` = 'yes' AND `on_sale` = 'yes' AND `recycle` = 'no' LIMIT 4   [ RunTime:0.0001s ]
SQL: SHOW COLUMNS FROM `flyin_services` [ RunTime:0.0011s ]
SQL: SELECT `id`,`name`,`thumb` FROM `flyin_services` WHERE `recycle` = 'no' AND `on_sale` = 'yes' AND `recommend` = 'yes' LIMIT 6   [ RunTime:0.0001s ]
SQL: SELECT COUNT(*) AS tp_count FROM `flyin_services` WHERE `recycle` = 'no' AND `on_sale` = 'yes' LIMIT 1   [ RunTime:0.0001s ]
SQL: SELECT `servicecategory_id`,`id`,`name`,`thumb`,`custom_time`,`date` FROM `flyin_services` WHERE `recycle` = 'no' AND `on_sale` = 'yes' ORDER BY id desc LIMIT 0,6   [ RunTime:0.0001s ]
NOTIC: [8] Undefined index: cat_id /home/flyindat/domains/flyindata.com.cn/public_html/Application/En/Controller/CommonController.class.php 第 86 行.
SQL: SHOW COLUMNS FROM `flyin_newcategory` [ RunTime:0.0010s ]
SQL: SELECT `id`,`name`,`pid` FROM `flyin_newcategory`  [ RunTime:0.0001s ]
SQL: SHOW COLUMNS FROM `flyin_news` [ RunTime:0.0010s ]
SQL: SELECT `id`,`newcategory_id`,`sn`,`name`,`thumb`,`on_sale`,`recommend`,`add_time`,`custom_time`,`desc`,`recycle` FROM `flyin_news` WHERE `recommend` = 'yes' AND `on_sale` = 'yes' AND `recycle` = 'no' LIMIT 4   [ RunTime:0.0001s ]
SQL: SHOW COLUMNS FROM `flyin_news` [ RunTime:0.0010s ]
SQL: SELECT COUNT(*) AS tp_count FROM `flyin_news` WHERE `recycle` = 'no' AND `on_sale` = 'yes' LIMIT 1   [ RunTime:0.0001s ]
SQL: SELECT `newcategory_id`,`id`,`name`,`thumb`,`custom_time`,`desc` FROM `flyin_news` WHERE `recycle` = 'no' AND `on_sale` = 'yes' ORDER BY id desc LIMIT 0,6   [ RunTime:0.0001s ]
NOTIC: [8] Undefined index: cat_id /home/flyindat/domains/flyindata.com.cn/public_html/Application/En/Controller/CommonController.class.php 第 117 行.
SQL: SHOW COLUMNS FROM `flyin_goods` [ RunTime:0.0012s ]
SQL: SELECT COUNT(*) AS tp_count FROM `flyin_goods` WHERE `cat_id` = 2 LIMIT 1   [ RunTime:0.0006s ]
SQL: SELECT * FROM `flyin_goods` WHERE `cat_id` = 2 LIMIT 0,6   [ RunTime:0.0043s ]
INFO: [ view_parse ] --START--
INFO: [ template_filter ] --START--
INFO: Run Behavior\ContentReplaceBehavior [ RunTime:0.000183s ]
INFO: [ template_filter ] --END-- [ RunTime:0.000277s ]
NOTIC: [8] Undefined variable: keywords /home/flyindat/domains/flyindata.com.cn/public_html/Application/Runtime/Cache/En/8fffb0405f2c1ed54fbf236e4b181080.php 第 7 行.
NOTIC: [8] Undefined variable: description /home/flyindat/domains/flyindata.com.cn/public_html/Application/Runtime/Cache/En/8fffb0405f2c1ed54fbf236e4b181080.php 第 8 行.
NOTIC: [8] Undefined variable: title /home/flyindat/domains/flyindata.com.cn/public_html/Application/Runtime/Cache/En/8fffb0405f2c1ed54fbf236e4b181080.php 第 9 行.
NOTIC: [8] Undefined variable: history /home/flyindat/domains/flyindata.com.cn/public_html/Application/Runtime/Cache/En/8fffb0405f2c1ed54fbf236e4b181080.php 第 89 行.
INFO: Run Behavior\ParseTemplateBehavior [ RunTime:0.043048s ]
INFO: [ view_parse ] --END-- [ RunTime:0.043118s ]
INFO: [ view_filter ] --START--
INFO: Run Behavior\WriteHtmlCacheBehavior [ RunTime:0.000414s ]
INFO: Run Behavior\TokenBuildBehavior [ RunTime:0.000406s ]
INFO: [ view_filter ] --END-- [ RunTime:0.000918s ]
INFO: [ app_end ] --START--
INFO: Run Behavior\ShowPageTraceBehavior [ RunTime:0.000665s ]
INFO: [ app_end ] --END-- [ RunTime:0.000729s ]
NOTIC: [8] Constant URL_COMPAT already defined /home/flyindat/domains/flyindata.com.cn/public_html/index.php 第 33 行.

[ 2017-12-26T16:14:57+08:00 ] 42.236.10.74 /En/Goods/view/cat_id/1/goods_id/23.html
INFO: [ app_init ] --START--
INFO: Run Behavior\BuildLiteBehavior [ RunTime:0.000021s ]
INFO: [ app_init ] --END-- [ RunTime:0.000459s ]
INFO: [ app_begin ] --START--
INFO: Run Behavior\ReadHtmlCacheBehavior [ RunTime:0.000880s ]
INFO: Run Behavior\GetcodingBehavior [ RunTime:0.000371s ]
INFO: [ app_begin ] --END-- [ RunTime:0.001365s ]
SQL: SHOW COLUMNS FROM `flyin_category` [ RunTime:0.0017s ]
SQL: SELECT * FROM `flyin_category`  [ RunTime:0.0001s ]
NOTIC: [8] Undefined index: historyen /home/flyindat/domains/flyindata.com.cn/public_html/Application/En/Controller/CommonController.class.php 第 42 行.
SQL: SHOW COLUMNS FROM `flyin_friendlink` [ RunTime:0.0010s ]
SQL: SELECT `id`,`linkname`,`url` FROM `flyin_friendlink` WHERE `isshow` = 1 ORDER BY linkorder  [ RunTime:0.0001s ]
SQL: SHOW COLUMNS FROM `flyin_website` [ RunTime:0.0011s ]
SQL: SELECT `id`,`title`,`copy`,`logo`,`description`,`hotsearch`,`keywords`,`address`,`linkman`,`cellphone`,`cellphone`,`tel`,`fax`,`mail`,`qq` FROM `flyin_website` WHERE `status` = 1  [ RunTime:0.0001s ]
SQL: SHOW COLUMNS FROM `flyin_servicecategory` [ RunTime:0.0009s ]
SQL: SELECT `id`,`name`,`pid` FROM `flyin_servicecategory`  [ RunTime:0.0001s ]
SQL: SHOW COLUMNS FROM `flyin_services` [ RunTime:0.0011s ]
SQL: SELECT `id`,`servicecategory_id`,`sn`,`name`,`thumb`,`on_sale`,`recommend`,`add_time`,`custom_time`,`desc`,`recycle` FROM `flyin_services` WHERE `recommend` = 'yes' AND `on_sale` = 'yes' AND `recycle` = 'no' LIMIT 4   [ RunTime:0.0001s ]
SQL: SHOW COLUMNS FROM `flyin_services` [ RunTime:0.0010s ]
SQL: SELECT `id`,`name`,`thumb` FROM `flyin_services` WHERE `recycle` = 'no' AND `on_sale` = 'yes' AND `recommend` = 'yes' LIMIT 6   [ RunTime:0.0001s ]
SQL: SELECT COUNT(*) AS tp_count FROM `flyin_services` WHERE `recycle` = 'no' AND `on_sale` = 'yes' LIMIT 1   [ RunTime:0.0001s ]
SQL: SELECT `servicecategory_id`,`id`,`name`,`thumb`,`custom_time`,`date` FROM `flyin_services` WHERE `recycle` = 'no' AND `on_sale` = 'yes' ORDER BY id desc LIMIT 0,6   [ RunTime:0.0001s ]
NOTIC: [8] Undefined index: cat_id /home/flyindat/domains/flyindata.com.cn/public_html/Application/En/Controller/CommonController.class.php 第 86 行.
SQL: SHOW COLUMNS FROM `flyin_newcategory` [ RunTime:0.0009s ]
SQL: SELECT `id`,`name`,`pid` FROM `flyin_newcategory`  [ RunTime:0.0001s ]
SQL: SHOW COLUMNS FROM `flyin_news` [ RunTime:0.0010s ]
SQL: SELECT `id`,`newcategory_id`,`sn`,`name`,`thumb`,`on_sale`,`recommend`,`add_time`,`custom_time`,`desc`,`recycle` FROM `flyin_news` WHERE `recommend` = 'yes' AND `on_sale` = 'yes' AND `recycle` = 'no' LIMIT 4   [ RunTime:0.0001s ]
SQL: SHOW COLUMNS FROM `flyin_news` [ RunTime:0.0010s ]
SQL: SELECT COUNT(*) AS tp_count FROM `flyin_news` WHERE `recycle` = 'no' AND `on_sale` = 'yes' LIMIT 1   [ RunTime:0.0001s ]
SQL: SELECT `newcategory_id`,`id`,`name`,`thumb`,`custom_time`,`desc` FROM `flyin_news` WHERE `recycle` = 'no' AND `on_sale` = 'yes' ORDER BY id desc LIMIT 0,6   [ RunTime:0.0001s ]
NOTIC: [8] Undefined index: cat_id /home/flyindat/domains/flyindata.com.cn/public_html/Application/En/Controller/CommonController.class.php 第 117 行.
SQL: SHOW COLUMNS FROM `flyin_goods` [ RunTime:0.0012s ]
SQL: SELECT * FROM `flyin_goods` WHERE (  goods_id = '23'  ) LIMIT 1   [ RunTime:0.0004s ]
NOTIC: [8] Undefined index: historyen /home/flyindat/domains/flyindata.com.cn/public_html/Application/En/Controller/CommonController.class.php 第 129 行.
NOTIC: [8] Undefined index: historyen /home/flyindat/domains/flyindata.com.cn/public_html/Application/En/Controller/CommonController.class.php 第 137 行.
NOTIC: [8] Undefined index: history /home/flyindat/domains/flyindata.com.cn/public_html/Application/En/Controller/GoodsController.class.php 第 44 行.
SQL: SHOW COLUMNS FROM `flyin_goods` [ RunTime:0.0012s ]
SQL: SHOW COLUMNS FROM `flyin_goods` [ RunTime:0.0011s ]
SQL: SELECT g.*,gg.* FROM flyin_goods as g LEFT JOIN flyin_gallery as gg ON g.goods_id = gg.goods_id  WHERE g.goods_id = '23'  [ RunTime:0.0025s ]
NOTIC: [8] Undefined index: img_big /home/flyindat/domains/flyindata.com.cn/public_html/Application/En/Model/GoodsModel.class.php 第 166 行.
NOTIC: [8] Undefined index: img_small /home/flyindat/domains/flyindata.com.cn/public_html/Application/En/Model/GoodsModel.class.php 第 168 行.
SQL: SHOW COLUMNS FROM `flyin_goods` [ RunTime:0.0012s ]
SQL: SELECT g.*,gg.* FROM flyin_goods as g JOIN flyin_parameter as gg ON g.goods_id = gg.goods_id  WHERE g.goods_id = '23'  [ RunTime:0.0011s ]
SQL: SELECT `id`,`linkname`,`url` FROM `flyin_friendlink` WHERE `isshow` = 1 ORDER BY linkorder  [ RunTime:0.0001s ]
SQL: SHOW COLUMNS FROM `flyin_category` [ RunTime:0.0009s ]
SQL: SELECT `cat_id` FROM `flyin_category`  [ RunTime:0.0002s ]
SQL: SHOW COLUMNS FROM `flyin_goods` [ RunTime:0.0012s ]
SQL: SELECT `goods_id`,`goods_name`,`img_center`,`goods_pdf`,`cat_id` FROM `flyin_goods` WHERE `goods_id` = 23 LIMIT 1   [ RunTime:0.0002s ]
NOTIC: [8] Undefined index: goods_keyword /home/flyindat/domains/flyindata.com.cn/public_html/Application/En/Controller/GoodsController.class.php 第 89 行.
INFO: [ view_parse ] --START--
INFO: [ template_filter ] --START--
INFO: Run Behavior\ContentReplaceBehavior [ RunTime:0.000217s ]
INFO: [ template_filter ] --END-- [ RunTime:0.000319s ]
INFO: Run Behavior\ParseTemplateBehavior [ RunTime:0.044559s ]
INFO: [ view_parse ] --END-- [ RunTime:0.044642s ]
INFO: [ view_filter ] --START--
INFO: Run Behavior\WriteHtmlCacheBehavior [ RunTime:0.000335s ]
INFO: Run Behavior\TokenBuildBehavior [ RunTime:0.000414s ]
INFO: [ view_filter ] --END-- [ RunTime:0.000848s ]
INFO: [ app_end ] --START--
INFO: Run Behavior\ShowPageTraceBehavior [ RunTime:0.000557s ]
INFO: [ app_end ] --END-- [ RunTime:0.000649s ]
NOTIC: [8] Constant URL_COMPAT already defined /home/flyindat/domains/flyindata.com.cn/public_html/index.php 第 33 行.

[ 2017-12-26T19:35:32+08:00 ] 220.181.108.108 /En/Goods/view/cat_id/1/goods_id/27.html
INFO: [ app_init ] --START--
INFO: Run Behavior\BuildLiteBehavior [ RunTime:0.000020s ]
INFO: [ app_init ] --END-- [ RunTime:0.000471s ]
INFO: [ app_begin ] --START--
INFO: Run Behavior\ReadHtmlCacheBehavior [ RunTime:0.000883s ]
INFO: Run Behavior\GetcodingBehavior [ RunTime:0.000550s ]
INFO: [ app_begin ] --END-- [ RunTime:0.001600s ]
SQL: SHOW COLUMNS FROM `flyin_category` [ RunTime:0.0024s ]
SQL: SELECT * FROM `flyin_category`  [ RunTime:0.0008s ]
NOTIC: [8] Undefined index: historyen /home/flyindat/domains/flyindata.com.cn/public_html/Application/En/Controller/CommonController.class.php 第 42 行.
SQL: SHOW COLUMNS FROM `flyin_friendlink` [ RunTime:0.0023s ]
SQL: SELECT `id`,`linkname`,`url` FROM `flyin_friendlink` WHERE `isshow` = 1 ORDER BY linkorder  [ RunTime:0.0006s ]
SQL: SHOW COLUMNS FROM `flyin_website` [ RunTime:0.0020s ]
SQL: SELECT `id`,`title`,`copy`,`logo`,`description`,`hotsearch`,`keywords`,`address`,`linkman`,`cellphone`,`cellphone`,`tel`,`fax`,`mail`,`qq` FROM `flyin_website` WHERE `status` = 1  [ RunTime:0.0008s ]
SQL: SHOW COLUMNS FROM `flyin_servicecategory` [ RunTime:0.0016s ]
SQL: SELECT `id`,`name`,`pid` FROM `flyin_servicecategory`  [ RunTime:0.0004s ]
SQL: SHOW COLUMNS FROM `flyin_services` [ RunTime:0.0016s ]
SQL: SELECT `id`,`servicecategory_id`,`sn`,`name`,`thumb`,`on_sale`,`recommend`,`add_time`,`custom_time`,`desc`,`recycle` FROM `flyin_services` WHERE `recommend` = 'yes' AND `on_sale` = 'yes' AND `recycle` = 'no' LIMIT 4   [ RunTime:0.0008s ]
SQL: SHOW COLUMNS FROM `flyin_services` [ RunTime:0.0016s ]
SQL: SELECT `id`,`name`,`thumb` FROM `flyin_services` WHERE `recycle` = 'no' AND `on_sale` = 'yes' AND `recommend` = 'yes' LIMIT 6   [ RunTime:0.0003s ]
SQL: SELECT COUNT(*) AS tp_count FROM `flyin_services` WHERE `recycle` = 'no' AND `on_sale` = 'yes' LIMIT 1   [ RunTime:0.0003s ]
SQL: SELECT `servicecategory_id`,`id`,`name`,`thumb`,`custom_time`,`date` FROM `flyin_services` WHERE `recycle` = 'no' AND `on_sale` = 'yes' ORDER BY id desc LIMIT 0,6   [ RunTime:0.0003s ]
NOTIC: [8] Undefined index: cat_id /home/flyindat/domains/flyindata.com.cn/public_html/Application/En/Controller/CommonController.class.php 第 86 行.
SQL: SHOW COLUMNS FROM `flyin_newcategory` [ RunTime:0.0019s ]
SQL: SELECT `id`,`name`,`pid` FROM `flyin_newcategory`  [ RunTime:0.0006s ]
SQL: SHOW COLUMNS FROM `flyin_news` [ RunTime:0.0016s ]
SQL: SELECT `id`,`newcategory_id`,`sn`,`name`,`thumb`,`on_sale`,`recommend`,`add_time`,`custom_time`,`desc`,`recycle` FROM `flyin_news` WHERE `recommend` = 'yes' AND `on_sale` = 'yes' AND `recycle` = 'no' LIMIT 4   [ RunTime:0.0010s ]
SQL: SHOW COLUMNS FROM `flyin_news` [ RunTime:0.0013s ]
SQL: SELECT COUNT(*) AS tp_count FROM `flyin_news` WHERE `recycle` = 'no' AND `on_sale` = 'yes' LIMIT 1   [ RunTime:0.0003s ]
SQL: SELECT `newcategory_id`,`id`,`name`,`thumb`,`custom_time`,`desc` FROM `flyin_news` WHERE `recycle` = 'no' AND `on_sale` = 'yes' ORDER BY id desc LIMIT 0,6   [ RunTime:0.0003s ]
NOTIC: [8] Undefined index: cat_id /home/flyindat/domains/flyindata.com.cn/public_html/Application/En/Controller/CommonController.class.php 第 117 行.
SQL: SHOW COLUMNS FROM `flyin_goods` [ RunTime:0.0017s ]
SQL: SELECT * FROM `flyin_goods` WHERE (  goods_id = '27'  ) LIMIT 1   [ RunTime:0.0015s ]
NOTIC: [8] Undefined index: historyen /home/flyindat/domains/flyindata.com.cn/public_html/Application/En/Controller/CommonController.class.php 第 129 行.
NOTIC: [8] Undefined index: historyen /home/flyindat/domains/flyindata.com.cn/public_html/Application/En/Controller/CommonController.class.php 第 137 行.
NOTIC: [8] Undefined index: history /home/flyindat/domains/flyindata.com.cn/public_html/Application/En/Controller/GoodsController.class.php 第 44 行.
SQL: SHOW COLUMNS FROM `flyin_goods` [ RunTime:0.0012s ]
SQL: SHOW COLUMNS FROM `flyin_goods` [ RunTime:0.0011s ]
SQL: SELECT g.*,gg.* FROM flyin_goods as g LEFT JOIN flyin_gallery as gg ON g.goods_id = gg.goods_id  WHERE g.goods_id = '27'  [ RunTime:0.0009s ]
NOTIC: [8] Undefined index: img_big /home/flyindat/domains/flyindata.com.cn/public_html/Application/En/Model/GoodsModel.class.php 第 166 行.
NOTIC: [8] Undefined index: img_small /home/flyindat/domains/flyindata.com.cn/public_html/Application/En/Model/GoodsModel.class.php 第 168 行.
SQL: SHOW COLUMNS FROM `flyin_goods` [ RunTime:0.0012s ]
SQL: SELECT g.*,gg.* FROM flyin_goods as g JOIN flyin_parameter as gg ON g.goods_id = gg.goods_id  WHERE g.goods_id = '27'  [ RunTime:0.0009s ]
SQL: SELECT `id`,`linkname`,`url` FROM `flyin_friendlink` WHERE `isshow` = 1 ORDER BY linkorder  [ RunTime:0.0001s ]
SQL: SHOW COLUMNS FROM `flyin_category` [ RunTime:0.0009s ]
SQL: SELECT `cat_id` FROM `flyin_category`  [ RunTime:0.0002s ]
SQL: SHOW COLUMNS FROM `flyin_goods` [ RunTime:0.0011s ]
SQL: SELECT `goods_id`,`goods_name`,`img_center`,`goods_pdf`,`cat_id` FROM `flyin_goods` WHERE `goods_id` = 27 LIMIT 1   [ RunTime:0.0003s ]
NOTIC: [8] Undefined index: goods_keyword /home/flyindat/domains/flyindata.com.cn/public_html/Application/En/Controller/GoodsController.class.php 第 89 行.
INFO: [ view_parse ] --START--
INFO: [ template_filter ] --START--
INFO: Run Behavior\ContentReplaceBehavior [ RunTime:0.000225s ]
INFO: [ template_filter ] --END-- [ RunTime:0.000329s ]
INFO: Run Behavior\ParseTemplateBehavior [ RunTime:0.046038s ]
INFO: [ view_parse ] --END-- [ RunTime:0.046145s ]
INFO: [ view_filter ] --START--
INFO: Run Behavior\WriteHtmlCacheBehavior [ RunTime:0.000425s ]
INFO: Run Behavior\TokenBuildBehavior [ RunTime:0.000478s ]
INFO: [ view_filter ] --END-- [ RunTime:0.001004s ]
INFO: [ app_end ] --START--
INFO: Run Behavior\ShowPageTraceBehavior [ RunTime:0.000583s ]
INFO: [ app_end ] --END-- [ RunTime:0.000648s ]
NOTIC: [8] Constant URL_COMPAT already defined /home/flyindat/domains/flyindata.com.cn/public_html/index.php 第 33 行.

[ 2017-12-26T20:20:06+08:00 ] 220.181.108.170 /En/News/index/cid/16.html
INFO: [ app_init ] --START--
INFO: Run Behavior\BuildLiteBehavior [ RunTime:0.000021s ]
INFO: [ app_init ] --END-- [ RunTime:0.000477s ]
INFO: [ app_begin ] --START--
INFO: Run Behavior\ReadHtmlCacheBehavior [ RunTime:0.000592s ]
INFO: Run Behavior\GetcodingBehavior [ RunTime:0.000333s ]
INFO: [ app_begin ] --END-- [ RunTime:0.001035s ]
SQL: SHOW COLUMNS FROM `flyin_category` [ RunTime:0.0016s ]
SQL: SELECT * FROM `flyin_category`  [ RunTime:0.0001s ]
NOTIC: [8] Undefined index: historyen /home/flyindat/domains/flyindata.com.cn/public_html/Application/En/Controller/CommonController.class.php 第 42 行.
SQL: SHOW COLUMNS FROM `flyin_friendlink` [ RunTime:0.0010s ]
SQL: SELECT `id`,`linkname`,`url` FROM `flyin_friendlink` WHERE `isshow` = 1 ORDER BY linkorder  [ RunTime:0.0001s ]
SQL: SHOW COLUMNS FROM `flyin_website` [ RunTime:0.0011s ]
SQL: SELECT `id`,`title`,`copy`,`logo`,`description`,`hotsearch`,`keywords`,`address`,`linkman`,`cellphone`,`cellphone`,`tel`,`fax`,`mail`,`qq` FROM `flyin_website` WHERE `status` = 1  [ RunTime:0.0001s ]
SQL: SHOW COLUMNS FROM `flyin_servicecategory` [ RunTime:0.0008s ]
SQL: SELECT `id`,`name`,`pid` FROM `flyin_servicecategory`  [ RunTime:0.0001s ]
SQL: SHOW COLUMNS FROM `flyin_services` [ RunTime:0.0010s ]
SQL: SELECT `id`,`servicecategory_id`,`sn`,`name`,`thumb`,`on_sale`,`recommend`,`add_time`,`custom_time`,`desc`,`recycle` FROM `flyin_services` WHERE `recommend` = 'yes' AND `on_sale` = 'yes' AND `recycle` = 'no' LIMIT 4   [ RunTime:0.0001s ]
SQL: SHOW COLUMNS FROM `flyin_services` [ RunTime:0.0010s ]
SQL: SELECT `id`,`name`,`thumb` FROM `flyin_services` WHERE `recycle` = 'no' AND `on_sale` = 'yes' AND `servicecategory_id` IN (16) AND `recommend` = 'yes' LIMIT 6   [ RunTime:0.0006s ]
SQL: SELECT COUNT(*) AS tp_count FROM `flyin_services` WHERE `recycle` = 'no' AND `on_sale` = 'yes' AND `servicecategory_id` IN (16) LIMIT 1   [ RunTime:0.0003s ]
SQL: SELECT `servicecategory_id`,`id`,`name`,`thumb`,`custom_time`,`date` FROM `flyin_services` WHERE `recycle` = 'no' AND `on_sale` = 'yes' AND `servicecategory_id` IN (16) ORDER BY id desc LIMIT 0,6   [ RunTime:0.0003s ]
NOTIC: [8] Undefined index: cat_id /home/flyindat/domains/flyindata.com.cn/public_html/Application/En/Controller/CommonController.class.php 第 86 行.
SQL: SHOW COLUMNS FROM `flyin_newcategory` [ RunTime:0.0008s ]
SQL: SELECT `id`,`name`,`pid` FROM `flyin_newcategory`  [ RunTime:0.0001s ]
SQL: SHOW COLUMNS FROM `flyin_news` [ RunTime:0.0010s ]
SQL: SELECT `id`,`newcategory_id`,`sn`,`name`,`thumb`,`on_sale`,`recommend`,`add_time`,`custom_time`,`desc`,`recycle` FROM `flyin_news` WHERE `recommend` = 'yes' AND `on_sale` = 'yes' AND `recycle` = 'no' LIMIT 4   [ RunTime:0.0001s ]
SQL: SHOW COLUMNS FROM `flyin_news` [ RunTime:0.0010s ]
SQL: SELECT COUNT(*) AS tp_count FROM `flyin_news` WHERE `recycle` = 'no' AND `on_sale` = 'yes' AND `newcategory_id` IN (16) LIMIT 1   [ RunTime:0.0004s ]
SQL: SELECT `newcategory_id`,`id`,`name`,`thumb`,`custom_time`,`desc` FROM `flyin_news` WHERE `recycle` = 'no' AND `on_sale` = 'yes' AND `newcategory_id` IN (16) ORDER BY id desc LIMIT 0,6   [ RunTime:0.0004s ]
NOTIC: [8] Undefined index: cat_id /home/flyindat/domains/flyindata.com.cn/public_html/Application/En/Controller/CommonController.class.php 第 117 行.
INFO: [ view_parse ] --START--
INFO: [ template_filter ] --START--
INFO: Run Behavior\ContentReplaceBehavior [ RunTime:0.000173s ]
INFO: [ template_filter ] --END-- [ RunTime:0.000266s ]
NOTIC: [8] Undefined variable: keywords /home/flyindat/domains/flyindata.com.cn/public_html/Application/Runtime/Cache/En/7c5ae9afca41c4db5a185988c366d902.php 第 7 行.
NOTIC: [8] Undefined variable: description /home/flyindat/domains/flyindata.com.cn/public_html/Application/Runtime/Cache/En/7c5ae9afca41c4db5a185988c366d902.php 第 8 行.
NOTIC: [8] Undefined variable: history /home/flyindat/domains/flyindata.com.cn/public_html/Application/Runtime/Cache/En/7c5ae9afca41c4db5a185988c366d902.php 第 89 行.
NOTIC: [8] Undefined variable: goods /home/flyindat/domains/flyindata.com.cn/public_html/Application/Runtime/Cache/En/7c5ae9afca41c4db5a185988c366d902.php 第 198 行.
INFO: Run Behavior\ParseTemplateBehavior [ RunTime:0.044789s ]
INFO: [ view_parse ] --END-- [ RunTime:0.044858s ]
INFO: [ view_filter ] --START--
INFO: Run Behavior\WriteHtmlCacheBehavior [ RunTime:0.000328s ]
INFO: Run Behavior\TokenBuildBehavior [ RunTime:0.000411s ]
INFO: [ view_filter ] --END-- [ RunTime:0.000837s ]
INFO: [ app_end ] --START--
INFO: Run Behavior\ShowPageTraceBehavior [ RunTime:0.000541s ]
INFO: [ app_end ] --END-- [ RunTime:0.000604s ]
NOTIC: [8] Constant URL_COMPAT already defined /home/flyindat/domains/flyindata.com.cn/public_html/index.php 第 33 行.

[ 2017-12-26T22:20:07+08:00 ] 220.181.108.116 /En/Goods/view/cat_id/1/goods_id/26.html
INFO: [ app_init ] --START--
INFO: Run Behavior\BuildLiteBehavior [ RunTime:0.000021s ]
INFO: [ app_init ] --END-- [ RunTime:0.000501s ]
INFO: [ app_begin ] --START--
INFO: Run Behavior\ReadHtmlCacheBehavior [ RunTime:0.000629s ]
INFO: Run Behavior\GetcodingBehavior [ RunTime:0.000364s ]
INFO: [ app_begin ] --END-- [ RunTime:0.001104s ]
SQL: SHOW COLUMNS FROM `flyin_category` [ RunTime:0.0017s ]
SQL: SELECT * FROM `flyin_category`  [ RunTime:0.0004s ]
NOTIC: [8] Undefined index: historyen /home/flyindat/domains/flyindata.com.cn/public_html/Application/En/Controller/CommonController.class.php 第 42 行.
SQL: SHOW COLUMNS FROM `flyin_friendlink` [ RunTime:0.0012s ]
SQL: SELECT `id`,`linkname`,`url` FROM `flyin_friendlink` WHERE `isshow` = 1 ORDER BY linkorder  [ RunTime:0.0006s ]
SQL: SHOW COLUMNS FROM `flyin_website` [ RunTime:0.0019s ]
SQL: SELECT `id`,`title`,`copy`,`logo`,`description`,`hotsearch`,`keywords`,`address`,`linkman`,`cellphone`,`cellphone`,`tel`,`fax`,`mail`,`qq` FROM `flyin_website` WHERE `status` = 1  [ RunTime:0.0004s ]
SQL: SHOW COLUMNS FROM `flyin_servicecategory` [ RunTime:0.0011s ]
SQL: SELECT `id`,`name`,`pid` FROM `flyin_servicecategory`  [ RunTime:0.0003s ]
SQL: SHOW COLUMNS FROM `flyin_services` [ RunTime:0.0015s ]
SQL: SELECT `id`,`servicecategory_id`,`sn`,`name`,`thumb`,`on_sale`,`recommend`,`add_time`,`custom_time`,`desc`,`recycle` FROM `flyin_services` WHERE `recommend` = 'yes' AND `on_sale` = 'yes' AND `recycle` = 'no' LIMIT 4   [ RunTime:0.0005s ]
SQL: SHOW COLUMNS FROM `flyin_services` [ RunTime:0.0012s ]
SQL: SELECT `id`,`name`,`thumb` FROM `flyin_services` WHERE `recycle` = 'no' AND `on_sale` = 'yes' AND `recommend` = 'yes' LIMIT 6   [ RunTime:0.0004s ]
SQL: SELECT COUNT(*) AS tp_count FROM `flyin_services` WHERE `recycle` = 'no' AND `on_sale` = 'yes' LIMIT 1   [ RunTime:0.0003s ]
SQL: SELECT `servicecategory_id`,`id`,`name`,`thumb`,`custom_time`,`date` FROM `flyin_services` WHERE `recycle` = 'no' AND `on_sale` = 'yes' ORDER BY id desc LIMIT 0,6   [ RunTime:0.0004s ]
NOTIC: [8] Undefined index: cat_id /home/flyindat/domains/flyindata.com.cn/public_html/Application/En/Controller/CommonController.class.php 第 86 行.
SQL: SHOW COLUMNS FROM `flyin_newcategory` [ RunTime:0.0012s ]
SQL: SELECT `id`,`name`,`pid` FROM `flyin_newcategory`  [ RunTime:0.0004s ]
SQL: SHOW COLUMNS FROM `flyin_news` [ RunTime:0.0014s ]
SQL: SELECT `id`,`newcategory_id`,`sn`,`name`,`thumb`,`on_sale`,`recommend`,`add_time`,`custom_time`,`desc`,`recycle` FROM `flyin_news` WHERE `recommend` = 'yes' AND `on_sale` = 'yes' AND `recycle` = 'no' LIMIT 4   [ RunTime:0.0008s ]
SQL: SHOW COLUMNS FROM `flyin_news` [ RunTime:0.0017s ]
SQL: SELECT COUNT(*) AS tp_count FROM `flyin_news` WHERE `recycle` = 'no' AND `on_sale` = 'yes' LIMIT 1   [ RunTime:0.0003s ]
SQL: SELECT `newcategory_id`,`id`,`name`,`thumb`,`custom_time`,`desc` FROM `flyin_news` WHERE `recycle` = 'no' AND `on_sale` = 'yes' ORDER BY id desc LIMIT 0,6   [ RunTime:0.0003s ]
NOTIC: [8] Undefined index: cat_id /home/flyindat/domains/flyindata.com.cn/public_html/Application/En/Controller/CommonController.class.php 第 117 行.
SQL: SHOW COLUMNS FROM `flyin_goods` [ RunTime:0.0020s ]
SQL: SELECT * FROM `flyin_goods` WHERE (  goods_id = '26'  ) LIMIT 1   [ RunTime:0.0022s ]
NOTIC: [8] Undefined index: historyen /home/flyindat/domains/flyindata.com.cn/public_html/Application/En/Controller/CommonController.class.php 第 129 行.
NOTIC: [8] Undefined index: historyen /home/flyindat/domains/flyindata.com.cn/public_html/Application/En/Controller/CommonController.class.php 第 137 行.
NOTIC: [8] Undefined index: history /home/flyindat/domains/flyindata.com.cn/public_html/Application/En/Controller/GoodsController.class.php 第 44 行.
SQL: SHOW COLUMNS FROM `flyin_goods` [ RunTime:0.0018s ]
SQL: SHOW COLUMNS FROM `flyin_goods` [ RunTime:0.0018s ]
SQL: SELECT g.*,gg.* FROM flyin_goods as g LEFT JOIN flyin_gallery as gg ON g.goods_id = gg.goods_id  WHERE g.goods_id = '26'  [ RunTime:0.0007s ]
NOTIC: [8] Undefined index: img_big /home/flyindat/domains/flyindata.com.cn/public_html/Application/En/Model/GoodsModel.class.php 第 166 行.
NOTIC: [8] Undefined index: img_small /home/flyindat/domains/flyindata.com.cn/public_html/Application/En/Model/GoodsModel.class.php 第 168 行.
SQL: SHOW COLUMNS FROM `flyin_goods` [ RunTime:0.0018s ]
SQL: SELECT g.*,gg.* FROM flyin_goods as g JOIN flyin_parameter as gg ON g.goods_id = gg.goods_id  WHERE g.goods_id = '26'  [ RunTime:0.0006s ]
SQL: SELECT `id`,`linkname`,`url` FROM `flyin_friendlink` WHERE `isshow` = 1 ORDER BY linkorder  [ RunTime:0.0002s ]
SQL: SHOW COLUMNS FROM `flyin_category` [ RunTime:0.0010s ]
SQL: SELECT `cat_id` FROM `flyin_category`  [ RunTime:0.0002s ]
SQL: SHOW COLUMNS FROM `flyin_goods` [ RunTime:0.0014s ]
SQL: SELECT `goods_id`,`goods_name`,`img_center`,`goods_pdf`,`cat_id` FROM `flyin_goods` WHERE `goods_id` = 26 LIMIT 1   [ RunTime:0.0003s ]
NOTIC: [8] Undefined index: goods_keyword /home/flyindat/domains/flyindata.com.cn/public_html/Application/En/Controller/GoodsController.class.php 第 89 行.
INFO: [ view_parse ] --START--
INFO: [ template_filter ] --START--
INFO: Run Behavior\ContentReplaceBehavior [ RunTime:0.000215s ]
INFO: [ template_filter ] --END-- [ RunTime:0.000306s ]
INFO: Run Behavior\ParseTemplateBehavior [ RunTime:0.046410s ]
INFO: [ view_parse ] --END-- [ RunTime:0.046509s ]
INFO: [ view_filter ] --START--
INFO: Run Behavior\WriteHtmlCacheBehavior [ RunTime:0.000355s ]
INFO: Run Behavior\TokenBuildBehavior [ RunTime:0.000420s ]
INFO: [ view_filter ] --END-- [ RunTime:0.000873s ]
INFO: [ app_end ] --START--
INFO: Run Behavior\ShowPageTraceBehavior [ RunTime:0.000633s ]
INFO: [ app_end ] --END-- [ RunTime:0.000698s ]
NOTIC: [8] Constant URL_COMPAT already defined /home/flyindat/domains/flyindata.com.cn/public_html/index.php 第 33 行.

