[ 2017-12-08T01:00:06+08:00 ] 106.120.173.138 /En/Goods/view/cat_id/2/goods_id/46.html
INFO: [ app_init ] --START--
INFO: Run Behavior\BuildLiteBehavior [ RunTime:0.000021s ]
INFO: [ app_init ] --END-- [ RunTime:0.000493s ]
INFO: [ app_begin ] --START--
INFO: Run Behavior\ReadHtmlCacheBehavior [ RunTime:0.000607s ]
INFO: Run Behavior\GetcodingBehavior [ RunTime:0.000438s ]
INFO: [ app_begin ] --END-- [ RunTime:0.001184s ]
SQL: SHOW COLUMNS FROM `flyin_category` [ RunTime:0.0027s ]
SQL: SELECT * FROM `flyin_category`  [ RunTime:0.0008s ]
NOTIC: [8] Undefined index: historyen /home/flyindat/domains/flyindata.com.cn/public_html/Application/En/Controller/CommonController.class.php 第 42 行.
SQL: SHOW COLUMNS FROM `flyin_friendlink` [ RunTime:0.0018s ]
SQL: SELECT `id`,`linkname`,`url` FROM `flyin_friendlink` WHERE `isshow` = 1 ORDER BY linkorder  [ RunTime:0.0007s ]
SQL: SHOW COLUMNS FROM `flyin_website` [ RunTime:0.0018s ]
SQL: SELECT `id`,`title`,`copy`,`logo`,`description`,`hotsearch`,`keywords`,`address`,`linkman`,`cellphone`,`cellphone`,`tel`,`fax`,`mail`,`qq` FROM `flyin_website` WHERE `status` = 1  [ RunTime:0.0005s ]
SQL: SHOW COLUMNS FROM `flyin_servicecategory` [ RunTime:0.0014s ]
SQL: SELECT `id`,`name`,`pid` FROM `flyin_servicecategory`  [ RunTime:0.0004s ]
SQL: SHOW COLUMNS FROM `flyin_services` [ RunTime:0.0017s ]
SQL: SELECT `id`,`servicecategory_id`,`sn`,`name`,`thumb`,`on_sale`,`recommend`,`add_time`,`custom_time`,`desc`,`recycle` FROM `flyin_services` WHERE `recommend` = 'yes' AND `on_sale` = 'yes' AND `recycle` = 'no' LIMIT 4   [ RunTime:0.0005s ]
SQL: SHOW COLUMNS FROM `flyin_services` [ RunTime:0.0016s ]
SQL: SELECT `id`,`name`,`thumb` FROM `flyin_services` WHERE `recycle` = 'no' AND `on_sale` = 'yes' AND `recommend` = 'yes' LIMIT 6   [ RunTime:0.0003s ]
SQL: SELECT COUNT(*) AS tp_count FROM `flyin_services` WHERE `recycle` = 'no' AND `on_sale` = 'yes' LIMIT 1   [ RunTime:0.0003s ]
SQL: SELECT `servicecategory_id`,`id`,`name`,`thumb`,`custom_time`,`date` FROM `flyin_services` WHERE `recycle` = 'no' AND `on_sale` = 'yes' ORDER BY id desc LIMIT 0,6   [ RunTime:0.0003s ]
NOTIC: [8] Undefined index: cat_id /home/flyindat/domains/flyindata.com.cn/public_html/Application/En/Controller/CommonController.class.php 第 86 行.
SQL: SHOW COLUMNS FROM `flyin_newcategory` [ RunTime:0.0013s ]
SQL: SELECT `id`,`name`,`pid` FROM `flyin_newcategory`  [ RunTime:0.0006s ]
SQL: SHOW COLUMNS FROM `flyin_news` [ RunTime:0.0015s ]
SQL: SELECT `id`,`newcategory_id`,`sn`,`name`,`thumb`,`on_sale`,`recommend`,`add_time`,`custom_time`,`desc`,`recycle` FROM `flyin_news` WHERE `recommend` = 'yes' AND `on_sale` = 'yes' AND `recycle` = 'no' LIMIT 4   [ RunTime:0.0009s ]
SQL: SHOW COLUMNS FROM `flyin_news` [ RunTime:0.0012s ]
SQL: SELECT COUNT(*) AS tp_count FROM `flyin_news` WHERE `recycle` = 'no' AND `on_sale` = 'yes' LIMIT 1   [ RunTime:0.0002s ]
SQL: SELECT `newcategory_id`,`id`,`name`,`thumb`,`custom_time`,`desc` FROM `flyin_news` WHERE `recycle` = 'no' AND `on_sale` = 'yes' ORDER BY id desc LIMIT 0,6   [ RunTime:0.0003s ]
NOTIC: [8] Undefined index: cat_id /home/flyindat/domains/flyindata.com.cn/public_html/Application/En/Controller/CommonController.class.php 第 117 行.
SQL: SHOW COLUMNS FROM `flyin_goods` [ RunTime:0.0014s ]
SQL: SELECT * FROM `flyin_goods` WHERE (  goods_id = '46'  ) LIMIT 1   [ RunTime:0.0013s ]
NOTIC: [8] Undefined index: historyen /home/flyindat/domains/flyindata.com.cn/public_html/Application/En/Controller/CommonController.class.php 第 129 行.
NOTIC: [8] Undefined index: historyen /home/flyindat/domains/flyindata.com.cn/public_html/Application/En/Controller/CommonController.class.php 第 137 行.
NOTIC: [8] Undefined index: history /home/flyindat/domains/flyindata.com.cn/public_html/Application/En/Controller/GoodsController.class.php 第 44 行.
SQL: SHOW COLUMNS FROM `flyin_goods` [ RunTime:0.0014s ]
SQL: SHOW COLUMNS FROM `flyin_goods` [ RunTime:0.0021s ]
SQL: SELECT g.*,gg.* FROM flyin_goods as g LEFT JOIN flyin_gallery as gg ON g.goods_id = gg.goods_id  WHERE g.goods_id = '46'  [ RunTime:0.0010s ]
NOTIC: [8] Undefined index: img_big /home/flyindat/domains/flyindata.com.cn/public_html/Application/En/Model/GoodsModel.class.php 第 166 行.
NOTIC: [8] Undefined index: img_small /home/flyindat/domains/flyindata.com.cn/public_html/Application/En/Model/GoodsModel.class.php 第 168 行.
SQL: SHOW COLUMNS FROM `flyin_goods` [ RunTime:0.0015s ]
SQL: SELECT g.*,gg.* FROM flyin_goods as g JOIN flyin_parameter as gg ON g.goods_id = gg.goods_id  WHERE g.goods_id = '46'  [ RunTime:0.0006s ]
SQL: SELECT `id`,`linkname`,`url` FROM `flyin_friendlink` WHERE `isshow` = 1 ORDER BY linkorder  [ RunTime:0.0001s ]
SQL: SHOW COLUMNS FROM `flyin_category` [ RunTime:0.0013s ]
SQL: SELECT `cat_id` FROM `flyin_category`  [ RunTime:0.0003s ]
SQL: SHOW COLUMNS FROM `flyin_goods` [ RunTime:0.0019s ]
SQL: SELECT `goods_id`,`goods_name`,`img_center`,`goods_pdf`,`cat_id` FROM `flyin_goods` WHERE `goods_id` = 46 LIMIT 1   [ RunTime:0.0004s ]
NOTIC: [8] Undefined index: goods_keyword /home/flyindat/domains/flyindata.com.cn/public_html/Application/En/Controller/GoodsController.class.php 第 89 行.
INFO: [ view_parse ] --START--
INFO: [ template_filter ] --START--
INFO: Run Behavior\ContentReplaceBehavior [ RunTime:0.000203s ]
INFO: [ template_filter ] --END-- [ RunTime:0.000291s ]
INFO: Run Behavior\ParseTemplateBehavior [ RunTime:0.045374s ]
INFO: [ view_parse ] --END-- [ RunTime:0.045497s ]
INFO: [ view_filter ] --START--
INFO: Run Behavior\WriteHtmlCacheBehavior [ RunTime:0.000339s ]
INFO: Run Behavior\TokenBuildBehavior [ RunTime:0.000425s ]
INFO: [ view_filter ] --END-- [ RunTime:0.000862s ]
INFO: [ app_end ] --START--
INFO: Run Behavior\ShowPageTraceBehavior [ RunTime:0.000603s ]
INFO: [ app_end ] --END-- [ RunTime:0.000668s ]
NOTIC: [8] Constant URL_COMPAT already defined /home/flyindat/domains/flyindata.com.cn/public_html/index.php 第 33 行.

[ 2017-12-08T01:00:16+08:00 ] 106.120.173.138 /En/Goods/view/cat_id/2/goods_id/44.html
INFO: [ app_init ] --START--
INFO: Run Behavior\BuildLiteBehavior [ RunTime:0.000024s ]
INFO: [ app_init ] --END-- [ RunTime:0.000530s ]
INFO: [ app_begin ] --START--
INFO: Run Behavior\ReadHtmlCacheBehavior [ RunTime:0.000642s ]
INFO: Run Behavior\GetcodingBehavior [ RunTime:0.000377s ]
INFO: [ app_begin ] --END-- [ RunTime:0.001145s ]
SQL: SHOW COLUMNS FROM `flyin_category` [ RunTime:0.0022s ]
SQL: SELECT * FROM `flyin_category`  [ RunTime:0.0002s ]
NOTIC: [8] Undefined index: historyen /home/flyindat/domains/flyindata.com.cn/public_html/Application/En/Controller/CommonController.class.php 第 42 行.
SQL: SHOW COLUMNS FROM `flyin_friendlink` [ RunTime:0.0016s ]
SQL: SELECT `id`,`linkname`,`url` FROM `flyin_friendlink` WHERE `isshow` = 1 ORDER BY linkorder  [ RunTime:0.0002s ]
SQL: SHOW COLUMNS FROM `flyin_website` [ RunTime:0.0015s ]
SQL: SELECT `id`,`title`,`copy`,`logo`,`description`,`hotsearch`,`keywords`,`address`,`linkman`,`cellphone`,`cellphone`,`tel`,`fax`,`mail`,`qq` FROM `flyin_website` WHERE `status` = 1  [ RunTime:0.0002s ]
SQL: SHOW COLUMNS FROM `flyin_servicecategory` [ RunTime:0.0017s ]
SQL: SELECT `id`,`name`,`pid` FROM `flyin_servicecategory`  [ RunTime:0.0002s ]
SQL: SHOW COLUMNS FROM `flyin_services` [ RunTime:0.0018s ]
SQL: SELECT `id`,`servicecategory_id`,`sn`,`name`,`thumb`,`on_sale`,`recommend`,`add_time`,`custom_time`,`desc`,`recycle` FROM `flyin_services` WHERE `recommend` = 'yes' AND `on_sale` = 'yes' AND `recycle` = 'no' LIMIT 4   [ RunTime:0.0002s ]
SQL: SHOW COLUMNS FROM `flyin_services` [ RunTime:0.0024s ]
SQL: SELECT `id`,`name`,`thumb` FROM `flyin_services` WHERE `recycle` = 'no' AND `on_sale` = 'yes' AND `recommend` = 'yes' LIMIT 6   [ RunTime:0.0002s ]
SQL: SELECT COUNT(*) AS tp_count FROM `flyin_services` WHERE `recycle` = 'no' AND `on_sale` = 'yes' LIMIT 1   [ RunTime:0.0002s ]
SQL: SELECT `servicecategory_id`,`id`,`name`,`thumb`,`custom_time`,`date` FROM `flyin_services` WHERE `recycle` = 'no' AND `on_sale` = 'yes' ORDER BY id desc LIMIT 0,6   [ RunTime:0.0001s ]
NOTIC: [8] Undefined index: cat_id /home/flyindat/domains/flyindata.com.cn/public_html/Application/En/Controller/CommonController.class.php 第 86 行.
SQL: SHOW COLUMNS FROM `flyin_newcategory` [ RunTime:0.0016s ]
SQL: SELECT `id`,`name`,`pid` FROM `flyin_newcategory`  [ RunTime:0.0002s ]
SQL: SHOW COLUMNS FROM `flyin_news` [ RunTime:0.0012s ]
SQL: SELECT `id`,`newcategory_id`,`sn`,`name`,`thumb`,`on_sale`,`recommend`,`add_time`,`custom_time`,`desc`,`recycle` FROM `flyin_news` WHERE `recommend` = 'yes' AND `on_sale` = 'yes' AND `recycle` = 'no' LIMIT 4   [ RunTime:0.0002s ]
SQL: SHOW COLUMNS FROM `flyin_news` [ RunTime:0.0012s ]
SQL: SELECT COUNT(*) AS tp_count FROM `flyin_news` WHERE `recycle` = 'no' AND `on_sale` = 'yes' LIMIT 1   [ RunTime:0.0002s ]
SQL: SELECT `newcategory_id`,`id`,`name`,`thumb`,`custom_time`,`desc` FROM `flyin_news` WHERE `recycle` = 'no' AND `on_sale` = 'yes' ORDER BY id desc LIMIT 0,6   [ RunTime:0.0002s ]
NOTIC: [8] Undefined index: cat_id /home/flyindat/domains/flyindata.com.cn/public_html/Application/En/Controller/CommonController.class.php 第 117 行.
SQL: SHOW COLUMNS FROM `flyin_goods` [ RunTime:0.0014s ]
SQL: SELECT * FROM `flyin_goods` WHERE (  goods_id = '44'  ) LIMIT 1   [ RunTime:0.0022s ]
NOTIC: [8] Undefined index: historyen /home/flyindat/domains/flyindata.com.cn/public_html/Application/En/Controller/CommonController.class.php 第 129 行.
NOTIC: [8] Undefined index: historyen /home/flyindat/domains/flyindata.com.cn/public_html/Application/En/Controller/CommonController.class.php 第 137 行.
NOTIC: [8] Undefined index: history /home/flyindat/domains/flyindata.com.cn/public_html/Application/En/Controller/GoodsController.class.php 第 44 行.
SQL: SHOW COLUMNS FROM `flyin_goods` [ RunTime:0.0015s ]
SQL: SHOW COLUMNS FROM `flyin_goods` [ RunTime:0.0013s ]
SQL: SELECT g.*,gg.* FROM flyin_goods as g LEFT JOIN flyin_gallery as gg ON g.goods_id = gg.goods_id  WHERE g.goods_id = '44'  [ RunTime:0.0004s ]
NOTIC: [8] Undefined index: img_big /home/flyindat/domains/flyindata.com.cn/public_html/Application/En/Model/GoodsModel.class.php 第 166 行.
NOTIC: [8] Undefined index: img_small /home/flyindat/domains/flyindata.com.cn/public_html/Application/En/Model/GoodsModel.class.php 第 168 行.
SQL: SHOW COLUMNS FROM `flyin_goods` [ RunTime:0.0013s ]
SQL: SELECT g.*,gg.* FROM flyin_goods as g JOIN flyin_parameter as gg ON g.goods_id = gg.goods_id  WHERE g.goods_id = '44'  [ RunTime:0.0003s ]
SQL: SELECT `id`,`linkname`,`url` FROM `flyin_friendlink` WHERE `isshow` = 1 ORDER BY linkorder  [ RunTime:0.0001s ]
SQL: SHOW COLUMNS FROM `flyin_category` [ RunTime:0.0010s ]
SQL: SELECT `cat_id` FROM `flyin_category`  [ RunTime:0.0001s ]
SQL: SHOW COLUMNS FROM `flyin_goods` [ RunTime:0.0013s ]
SQL: SELECT `goods_id`,`goods_name`,`img_center`,`goods_pdf`,`cat_id` FROM `flyin_goods` WHERE `goods_id` = 44 LIMIT 1   [ RunTime:0.0003s ]
NOTIC: [8] Undefined index: goods_keyword /home/flyindat/domains/flyindata.com.cn/public_html/Application/En/Controller/GoodsController.class.php 第 89 行.
INFO: [ view_parse ] --START--
INFO: [ template_filter ] --START--
INFO: Run Behavior\ContentReplaceBehavior [ RunTime:0.000223s ]
INFO: [ template_filter ] --END-- [ RunTime:0.000328s ]
INFO: Run Behavior\ParseTemplateBehavior [ RunTime:0.043864s ]
INFO: [ view_parse ] --END-- [ RunTime:0.043954s ]
INFO: [ view_filter ] --START--
INFO: Run Behavior\WriteHtmlCacheBehavior [ RunTime:0.000400s ]
INFO: Run Behavior\TokenBuildBehavior [ RunTime:0.000454s ]
INFO: [ view_filter ] --END-- [ RunTime:0.000951s ]
INFO: [ app_end ] --START--
INFO: Run Behavior\ShowPageTraceBehavior [ RunTime:0.000571s ]
INFO: [ app_end ] --END-- [ RunTime:0.000645s ]
NOTIC: [8] Constant URL_COMPAT already defined /home/flyindat/domains/flyindata.com.cn/public_html/index.php 第 33 行.

[ 2017-12-08T01:00:27+08:00 ] 106.120.173.138 /En/Common/view/cat_id/1/p/2.html
INFO: [ app_init ] --START--
INFO: Run Behavior\BuildLiteBehavior [ RunTime:0.000020s ]
INFO: [ app_init ] --END-- [ RunTime:0.000512s ]
INFO: [ app_begin ] --START--
INFO: Run Behavior\ReadHtmlCacheBehavior [ RunTime:0.000603s ]
INFO: Run Behavior\GetcodingBehavior [ RunTime:0.000356s ]
INFO: [ app_begin ] --END-- [ RunTime:0.001069s ]
SQL: SHOW COLUMNS FROM `flyin_category` [ RunTime:0.0024s ]
SQL: SELECT * FROM `flyin_category`  [ RunTime:0.0002s ]
NOTIC: [8] Undefined index: historyen /home/flyindat/domains/flyindata.com.cn/public_html/Application/En/Controller/CommonController.class.php 第 42 行.
SQL: SHOW COLUMNS FROM `flyin_friendlink` [ RunTime:0.0015s ]
SQL: SELECT `id`,`linkname`,`url` FROM `flyin_friendlink` WHERE `isshow` = 1 ORDER BY linkorder  [ RunTime:0.0001s ]
SQL: SHOW COLUMNS FROM `flyin_website` [ RunTime:0.0015s ]
SQL: SELECT `id`,`title`,`copy`,`logo`,`description`,`hotsearch`,`keywords`,`address`,`linkman`,`cellphone`,`cellphone`,`tel`,`fax`,`mail`,`qq` FROM `flyin_website` WHERE `status` = 1  [ RunTime:0.0001s ]
SQL: SHOW COLUMNS FROM `flyin_servicecategory` [ RunTime:0.0010s ]
SQL: SELECT `id`,`name`,`pid` FROM `flyin_servicecategory`  [ RunTime:0.0001s ]
SQL: SHOW COLUMNS FROM `flyin_services` [ RunTime:0.0012s ]
SQL: SELECT `id`,`servicecategory_id`,`sn`,`name`,`thumb`,`on_sale`,`recommend`,`add_time`,`custom_time`,`desc`,`recycle` FROM `flyin_services` WHERE `recommend` = 'yes' AND `on_sale` = 'yes' AND `recycle` = 'no' LIMIT 4   [ RunTime:0.0001s ]
SQL: SHOW COLUMNS FROM `flyin_services` [ RunTime:0.0011s ]
SQL: SELECT `id`,`name`,`thumb` FROM `flyin_services` WHERE `recycle` = 'no' AND `on_sale` = 'yes' AND `recommend` = 'yes' LIMIT 6   [ RunTime:0.0001s ]
SQL: SELECT COUNT(*) AS tp_count FROM `flyin_services` WHERE `recycle` = 'no' AND `on_sale` = 'yes' LIMIT 1   [ RunTime:0.0001s ]
SQL: SELECT `servicecategory_id`,`id`,`name`,`thumb`,`custom_time`,`date` FROM `flyin_services` WHERE `recycle` = 'no' AND `on_sale` = 'yes' ORDER BY id desc LIMIT 6,6   [ RunTime:0.0004s ]
NOTIC: [8] Undefined index: cat_id /home/flyindat/domains/flyindata.com.cn/public_html/Application/En/Controller/CommonController.class.php 第 86 行.
SQL: SHOW COLUMNS FROM `flyin_newcategory` [ RunTime:0.0010s ]
SQL: SELECT `id`,`name`,`pid` FROM `flyin_newcategory`  [ RunTime:0.0001s ]
SQL: SHOW COLUMNS FROM `flyin_news` [ RunTime:0.0011s ]
SQL: SELECT `id`,`newcategory_id`,`sn`,`name`,`thumb`,`on_sale`,`recommend`,`add_time`,`custom_time`,`desc`,`recycle` FROM `flyin_news` WHERE `recommend` = 'yes' AND `on_sale` = 'yes' AND `recycle` = 'no' LIMIT 4   [ RunTime:0.0001s ]
SQL: SHOW COLUMNS FROM `flyin_news` [ RunTime:0.0011s ]
SQL: SELECT COUNT(*) AS tp_count FROM `flyin_news` WHERE `recycle` = 'no' AND `on_sale` = 'yes' LIMIT 1   [ RunTime:0.0001s ]
SQL: SELECT `newcategory_id`,`id`,`name`,`thumb`,`custom_time`,`desc` FROM `flyin_news` WHERE `recycle` = 'no' AND `on_sale` = 'yes' ORDER BY id desc LIMIT 6,6   [ RunTime:0.0003s ]
NOTIC: [8] Undefined index: cat_id /home/flyindat/domains/flyindata.com.cn/public_html/Application/En/Controller/CommonController.class.php 第 117 行.
SQL: SHOW COLUMNS FROM `flyin_goods` [ RunTime:0.0014s ]
SQL: SELECT COUNT(*) AS tp_count FROM `flyin_goods` WHERE `cat_id` = 1 LIMIT 1   [ RunTime:0.0033s ]
SQL: SELECT * FROM `flyin_goods` WHERE `cat_id` = 1 LIMIT 6,6   [ RunTime:0.0047s ]
INFO: [ view_parse ] --START--
INFO: [ template_filter ] --START--
INFO: Run Behavior\ContentReplaceBehavior [ RunTime:0.000183s ]
INFO: [ template_filter ] --END-- [ RunTime:0.000270s ]
NOTIC: [8] Undefined variable: keywords /home/flyindat/domains/flyindata.com.cn/public_html/Application/Runtime/Cache/En/8fffb0405f2c1ed54fbf236e4b181080.php 第 7 行.
NOTIC: [8] Undefined variable: description /home/flyindat/domains/flyindata.com.cn/public_html/Application/Runtime/Cache/En/8fffb0405f2c1ed54fbf236e4b181080.php 第 8 行.
NOTIC: [8] Undefined variable: title /home/flyindat/domains/flyindata.com.cn/public_html/Application/Runtime/Cache/En/8fffb0405f2c1ed54fbf236e4b181080.php 第 9 行.
NOTIC: [8] Undefined variable: history /home/flyindat/domains/flyindata.com.cn/public_html/Application/Runtime/Cache/En/8fffb0405f2c1ed54fbf236e4b181080.php 第 89 行.
INFO: Run Behavior\ParseTemplateBehavior [ RunTime:0.044226s ]
INFO: [ view_parse ] --END-- [ RunTime:0.044316s ]
INFO: [ view_filter ] --START--
INFO: Run Behavior\WriteHtmlCacheBehavior [ RunTime:0.000346s ]
INFO: Run Behavior\TokenBuildBehavior [ RunTime:0.000449s ]
INFO: [ view_filter ] --END-- [ RunTime:0.000891s ]
INFO: [ app_end ] --START--
INFO: Run Behavior\ShowPageTraceBehavior [ RunTime:0.000589s ]
INFO: [ app_end ] --END-- [ RunTime:0.000650s ]
NOTIC: [8] Constant URL_COMPAT already defined /home/flyindat/domains/flyindata.com.cn/public_html/index.php 第 33 行.

[ 2017-12-08T02:15:51+08:00 ] 220.181.108.100 /En
INFO: [ app_init ] --START--
INFO: Run Behavior\BuildLiteBehavior [ RunTime:0.000021s ]
INFO: [ app_init ] --END-- [ RunTime:0.000476s ]
INFO: [ app_begin ] --START--
INFO: Run Behavior\ReadHtmlCacheBehavior [ RunTime:0.000585s ]
INFO: Run Behavior\GetcodingBehavior [ RunTime:0.000338s ]
INFO: [ app_begin ] --END-- [ RunTime:0.001035s ]
SQL: SHOW COLUMNS FROM `flyin_category` [ RunTime:0.0026s ]
SQL: SELECT * FROM `flyin_category`  [ RunTime:0.0001s ]
NOTIC: [8] Undefined index: historyen /home/flyindat/domains/flyindata.com.cn/public_html/Application/En/Controller/CommonController.class.php 第 42 行.
SQL: SHOW COLUMNS FROM `flyin_friendlink` [ RunTime:0.0016s ]
SQL: SELECT `id`,`linkname`,`url` FROM `flyin_friendlink` WHERE `isshow` = 1 ORDER BY linkorder  [ RunTime:0.0001s ]
SQL: SHOW COLUMNS FROM `flyin_website` [ RunTime:0.0024s ]
SQL: SELECT `id`,`title`,`copy`,`logo`,`description`,`hotsearch`,`keywords`,`address`,`linkman`,`cellphone`,`cellphone`,`tel`,`fax`,`mail`,`qq` FROM `flyin_website` WHERE `status` = 1  [ RunTime:0.0001s ]
SQL: SHOW COLUMNS FROM `flyin_servicecategory` [ RunTime:0.0016s ]
SQL: SELECT `id`,`name`,`pid` FROM `flyin_servicecategory`  [ RunTime:0.0001s ]
SQL: SHOW COLUMNS FROM `flyin_services` [ RunTime:0.0016s ]
SQL: SELECT `id`,`servicecategory_id`,`sn`,`name`,`thumb`,`on_sale`,`recommend`,`add_time`,`custom_time`,`desc`,`recycle` FROM `flyin_services` WHERE `recommend` = 'yes' AND `on_sale` = 'yes' AND `recycle` = 'no' LIMIT 4   [ RunTime:0.0001s ]
SQL: SHOW COLUMNS FROM `flyin_services` [ RunTime:0.0012s ]
SQL: SELECT `id`,`name`,`thumb` FROM `flyin_services` WHERE `recycle` = 'no' AND `on_sale` = 'yes' AND `recommend` = 'yes' LIMIT 6   [ RunTime:0.0001s ]
SQL: SELECT COUNT(*) AS tp_count FROM `flyin_services` WHERE `recycle` = 'no' AND `on_sale` = 'yes' LIMIT 1   [ RunTime:0.0001s ]
SQL: SELECT `servicecategory_id`,`id`,`name`,`thumb`,`custom_time`,`date` FROM `flyin_services` WHERE `recycle` = 'no' AND `on_sale` = 'yes' ORDER BY id desc LIMIT 0,6   [ RunTime:0.0001s ]
NOTIC: [8] Undefined index: cat_id /home/flyindat/domains/flyindata.com.cn/public_html/Application/En/Controller/CommonController.class.php 第 86 行.
SQL: SHOW COLUMNS FROM `flyin_newcategory` [ RunTime:0.0015s ]
SQL: SELECT `id`,`name`,`pid` FROM `flyin_newcategory`  [ RunTime:0.0001s ]
SQL: SHOW COLUMNS FROM `flyin_news` [ RunTime:0.0015s ]
SQL: SELECT `id`,`newcategory_id`,`sn`,`name`,`thumb`,`on_sale`,`recommend`,`add_time`,`custom_time`,`desc`,`recycle` FROM `flyin_news` WHERE `recommend` = 'yes' AND `on_sale` = 'yes' AND `recycle` = 'no' LIMIT 4   [ RunTime:0.0001s ]
SQL: SHOW COLUMNS FROM `flyin_news` [ RunTime:0.0012s ]
SQL: SELECT COUNT(*) AS tp_count FROM `flyin_news` WHERE `recycle` = 'no' AND `on_sale` = 'yes' LIMIT 1   [ RunTime:0.0001s ]
SQL: SELECT `newcategory_id`,`id`,`name`,`thumb`,`custom_time`,`desc` FROM `flyin_news` WHERE `recycle` = 'no' AND `on_sale` = 'yes' ORDER BY id desc LIMIT 0,6   [ RunTime:0.0001s ]
NOTIC: [8] Undefined index: cat_id /home/flyindat/domains/flyindata.com.cn/public_html/Application/En/Controller/CommonController.class.php 第 117 行.
SQL: SHOW COLUMNS FROM `flyin_banners` [ RunTime:0.0018s ]
SQL: SHOW COLUMNS FROM `flyin_banners` [ RunTime:0.0012s ]
SQL: SELECT * FROM `flyin_banners` INNER JOIN flyin_bannercategory ON flyin_bannercategory.id = flyin_banners.Bannercategory_id  WHERE flyin_banners.recommend = 'yes' AND flyin_banners.recycle = 'no' AND flyin_bannercategory.name = '首页大广告图'  [ RunTime:0.0012s ]
SQL: SELECT * FROM `flyin_banners` LEFT JOIN flyin_bannercategory ON flyin_bannercategory.id = flyin_banners.Bannercategory_id  WHERE flyin_bannercategory.name = '基础方案'  [ RunTime:0.0008s ]
SQL: SELECT * FROM `flyin_banners` INNER JOIN flyin_bannercategory ON flyin_bannercategory.id = flyin_banners.Bannercategory_id  WHERE flyin_bannercategory.name = '合作伙伴'  [ RunTime:0.0009s ]
SQL: SHOW COLUMNS FROM `flyin_goods` [ RunTime:0.0026s ]
SQL: SHOW COLUMNS FROM `flyin_goods` [ RunTime:0.0015s ]
SQL: SELECT g.*,c.cat_name FROM flyin_goods as g LEFT JOIN flyin_category as c ON g.cat_id = c.cat_id  WHERE ( g.hot='yes' )  [ RunTime:0.0104s ]
SQL: SHOW COLUMNS FROM `flyin_goods` [ RunTime:0.0022s ]
SQL: SELECT g.*,c.cat_name FROM flyin_goods as g LEFT JOIN flyin_category as c ON g.cat_id = c.cat_id  WHERE ( g.hot='yes' )  [ RunTime:0.0006s ]
SQL: SELECT * FROM `flyin_category`  [ RunTime:0.0001s ]
SQL: SHOW COLUMNS FROM `flyin_ipdb` [ RunTime:0.0043s ]
SQL: SELECT `ip` FROM `flyin_ipdb` WHERE ( ip like "%220.181.108.100%" and ipdate="2017-12-08" )  [ RunTime:0.0007s ]
SQL: INSERT INTO `flyin_ipdb` (`ip`,`country`,`district`,`ipdate`,`isp`,`current_date`,`time`) VALUES ('220.181.108.100','中国','北京市北京市','2017-12-08','电信','2017-12-08 02:15:51','1512670551') [ RunTime:0.0002s ]
INFO: [ view_parse ] --START--
INFO: [ template_filter ] --START--
INFO: Run Behavior\ContentReplaceBehavior [ RunTime:0.000239s ]
INFO: [ template_filter ] --END-- [ RunTime:0.000333s ]
NOTIC: [8] Undefined variable: keywords /home/flyindat/domains/flyindata.com.cn/public_html/Application/Runtime/Cache/En/d13b22c87757054c230e870798873219.php 第 7 行.
NOTIC: [8] Undefined variable: description /home/flyindat/domains/flyindata.com.cn/public_html/Application/Runtime/Cache/En/d13b22c87757054c230e870798873219.php 第 8 行.
NOTIC: [8] Undefined variable: history /home/flyindat/domains/flyindata.com.cn/public_html/Application/Runtime/Cache/En/d13b22c87757054c230e870798873219.php 第 89 行.
NOTIC: [8] Undefined index: price /home/flyindat/domains/flyindata.com.cn/public_html/Application/Runtime/Cache/En/d13b22c87757054c230e870798873219.php 第 254 行.
NOTIC: [8] Undefined index: price /home/flyindat/domains/flyindata.com.cn/public_html/Application/Runtime/Cache/En/d13b22c87757054c230e870798873219.php 第 254 行.
NOTIC: [8] Undefined index: price /home/flyindat/domains/flyindata.com.cn/public_html/Application/Runtime/Cache/En/d13b22c87757054c230e870798873219.php 第 254 行.
NOTIC: [8] Undefined index: price /home/flyindat/domains/flyindata.com.cn/public_html/Application/Runtime/Cache/En/d13b22c87757054c230e870798873219.php 第 254 行.
NOTIC: [8] Undefined index: price /home/flyindat/domains/flyindata.com.cn/public_html/Application/Runtime/Cache/En/d13b22c87757054c230e870798873219.php 第 254 行.
NOTIC: [8] Undefined index: price /home/flyindat/domains/flyindata.com.cn/public_html/Application/Runtime/Cache/En/d13b22c87757054c230e870798873219.php 第 254 行.
NOTIC: [8] Undefined index: price /home/flyindat/domains/flyindata.com.cn/public_html/Application/Runtime/Cache/En/d13b22c87757054c230e870798873219.php 第 254 行.
NOTIC: [8] Undefined index: price /home/flyindat/domains/flyindata.com.cn/public_html/Application/Runtime/Cache/En/d13b22c87757054c230e870798873219.php 第 254 行.
NOTIC: [8] Undefined index: price /home/flyindat/domains/flyindata.com.cn/public_html/Application/Runtime/Cache/En/d13b22c87757054c230e870798873219.php 第 254 行.
NOTIC: [8] Undefined index: price /home/flyindat/domains/flyindata.com.cn/public_html/Application/Runtime/Cache/En/d13b22c87757054c230e870798873219.php 第 254 行.
INFO: Run Behavior\ParseTemplateBehavior [ RunTime:0.072956s ]
INFO: [ view_parse ] --END-- [ RunTime:0.073051s ]
INFO: [ view_filter ] --START--
INFO: Run Behavior\WriteHtmlCacheBehavior [ RunTime:0.000377s ]
INFO: Run Behavior\TokenBuildBehavior [ RunTime:0.000519s ]
INFO: [ view_filter ] --END-- [ RunTime:0.001003s ]
INFO: [ app_end ] --START--
INFO: Run Behavior\ShowPageTraceBehavior [ RunTime:0.000595s ]
INFO: [ app_end ] --END-- [ RunTime:0.000661s ]
NOTIC: [8] Constant URL_COMPAT already defined /home/flyindat/domains/flyindata.com.cn/public_html/index.php 第 33 行.

[ 2017-12-08T03:05:40+08:00 ] 42.236.10.72 /En/Common/view/cat_id/2/p/2.html
INFO: [ app_init ] --START--
INFO: Run Behavior\BuildLiteBehavior [ RunTime:0.000022s ]
INFO: [ app_init ] --END-- [ RunTime:0.000491s ]
INFO: [ app_begin ] --START--
INFO: Run Behavior\ReadHtmlCacheBehavior [ RunTime:0.000593s ]
INFO: Run Behavior\GetcodingBehavior [ RunTime:0.000346s ]
INFO: [ app_begin ] --END-- [ RunTime:0.001054s ]
SQL: SHOW COLUMNS FROM `flyin_category` [ RunTime:0.0057s ]
SQL: SELECT * FROM `flyin_category`  [ RunTime:0.0001s ]
NOTIC: [8] Undefined index: historyen /home/flyindat/domains/flyindata.com.cn/public_html/Application/En/Controller/CommonController.class.php 第 42 行.
SQL: SHOW COLUMNS FROM `flyin_friendlink` [ RunTime:0.0028s ]
SQL: SELECT `id`,`linkname`,`url` FROM `flyin_friendlink` WHERE `isshow` = 1 ORDER BY linkorder  [ RunTime:0.0001s ]
SQL: SHOW COLUMNS FROM `flyin_website` [ RunTime:0.0019s ]
SQL: SELECT `id`,`title`,`copy`,`logo`,`description`,`hotsearch`,`keywords`,`address`,`linkman`,`cellphone`,`cellphone`,`tel`,`fax`,`mail`,`qq` FROM `flyin_website` WHERE `status` = 1  [ RunTime:0.0001s ]
SQL: SHOW COLUMNS FROM `flyin_servicecategory` [ RunTime:0.0018s ]
SQL: SELECT `id`,`name`,`pid` FROM `flyin_servicecategory`  [ RunTime:0.0001s ]
SQL: SHOW COLUMNS FROM `flyin_services` [ RunTime:0.0016s ]
SQL: SELECT `id`,`servicecategory_id`,`sn`,`name`,`thumb`,`on_sale`,`recommend`,`add_time`,`custom_time`,`desc`,`recycle` FROM `flyin_services` WHERE `recommend` = 'yes' AND `on_sale` = 'yes' AND `recycle` = 'no' LIMIT 4   [ RunTime:0.0001s ]
SQL: SHOW COLUMNS FROM `flyin_services` [ RunTime:0.0012s ]
SQL: SELECT `id`,`name`,`thumb` FROM `flyin_services` WHERE `recycle` = 'no' AND `on_sale` = 'yes' AND `recommend` = 'yes' LIMIT 6   [ RunTime:0.0001s ]
SQL: SELECT COUNT(*) AS tp_count FROM `flyin_services` WHERE `recycle` = 'no' AND `on_sale` = 'yes' LIMIT 1   [ RunTime:0.0001s ]
SQL: SELECT `servicecategory_id`,`id`,`name`,`thumb`,`custom_time`,`date` FROM `flyin_services` WHERE `recycle` = 'no' AND `on_sale` = 'yes' ORDER BY id desc LIMIT 6,6   [ RunTime:0.0009s ]
NOTIC: [8] Undefined index: cat_id /home/flyindat/domains/flyindata.com.cn/public_html/Application/En/Controller/CommonController.class.php 第 86 行.
SQL: SHOW COLUMNS FROM `flyin_newcategory` [ RunTime:0.0014s ]
SQL: SELECT `id`,`name`,`pid` FROM `flyin_newcategory`  [ RunTime:0.0001s ]
SQL: SHOW COLUMNS FROM `flyin_news` [ RunTime:0.0014s ]
SQL: SELECT `id`,`newcategory_id`,`sn`,`name`,`thumb`,`on_sale`,`recommend`,`add_time`,`custom_time`,`desc`,`recycle` FROM `flyin_news` WHERE `recommend` = 'yes' AND `on_sale` = 'yes' AND `recycle` = 'no' LIMIT 4   [ RunTime:0.0001s ]
SQL: SHOW COLUMNS FROM `flyin_news` [ RunTime:0.0011s ]
SQL: SELECT COUNT(*) AS tp_count FROM `flyin_news` WHERE `recycle` = 'no' AND `on_sale` = 'yes' LIMIT 1   [ RunTime:0.0001s ]
SQL: SELECT `newcategory_id`,`id`,`name`,`thumb`,`custom_time`,`desc` FROM `flyin_news` WHERE `recycle` = 'no' AND `on_sale` = 'yes' ORDER BY id desc LIMIT 6,6   [ RunTime:0.0015s ]
NOTIC: [8] Undefined index: cat_id /home/flyindat/domains/flyindata.com.cn/public_html/Application/En/Controller/CommonController.class.php 第 117 行.
SQL: SHOW COLUMNS FROM `flyin_goods` [ RunTime:0.0018s ]
SQL: SELECT COUNT(*) AS tp_count FROM `flyin_goods` WHERE `cat_id` = 2 LIMIT 1   [ RunTime:0.0051s ]
SQL: SELECT * FROM `flyin_goods` WHERE `cat_id` = 2 LIMIT 6,6   [ RunTime:0.0083s ]
INFO: [ view_parse ] --START--
INFO: [ template_filter ] --START--
INFO: Run Behavior\ContentReplaceBehavior [ RunTime:0.000190s ]
INFO: [ template_filter ] --END-- [ RunTime:0.000284s ]
NOTIC: [8] Undefined variable: keywords /home/flyindat/domains/flyindata.com.cn/public_html/Application/Runtime/Cache/En/8fffb0405f2c1ed54fbf236e4b181080.php 第 7 行.
NOTIC: [8] Undefined variable: description /home/flyindat/domains/flyindata.com.cn/public_html/Application/Runtime/Cache/En/8fffb0405f2c1ed54fbf236e4b181080.php 第 8 行.
NOTIC: [8] Undefined variable: title /home/flyindat/domains/flyindata.com.cn/public_html/Application/Runtime/Cache/En/8fffb0405f2c1ed54fbf236e4b181080.php 第 9 行.
NOTIC: [8] Undefined variable: history /home/flyindat/domains/flyindata.com.cn/public_html/Application/Runtime/Cache/En/8fffb0405f2c1ed54fbf236e4b181080.php 第 89 行.
INFO: Run Behavior\ParseTemplateBehavior [ RunTime:0.044520s ]
INFO: [ view_parse ] --END-- [ RunTime:0.044592s ]
INFO: [ view_filter ] --START--
INFO: Run Behavior\WriteHtmlCacheBehavior [ RunTime:0.000358s ]
INFO: Run Behavior\TokenBuildBehavior [ RunTime:0.000450s ]
INFO: [ view_filter ] --END-- [ RunTime:0.000905s ]
INFO: [ app_end ] --START--
INFO: Run Behavior\ShowPageTraceBehavior [ RunTime:0.000593s ]
INFO: [ app_end ] --END-- [ RunTime:0.000656s ]
NOTIC: [8] Constant URL_COMPAT already defined /home/flyindat/domains/flyindata.com.cn/public_html/index.php 第 33 行.

[ 2017-12-08T03:05:40+08:00 ] 42.236.10.72 /En/Goods/index/p/4.html
INFO: [ app_init ] --START--
INFO: Run Behavior\BuildLiteBehavior [ RunTime:0.000021s ]
INFO: [ app_init ] --END-- [ RunTime:0.000470s ]
INFO: [ app_begin ] --START--
INFO: Run Behavior\ReadHtmlCacheBehavior [ RunTime:0.000599s ]
INFO: Run Behavior\GetcodingBehavior [ RunTime:0.000352s ]
INFO: [ app_begin ] --END-- [ RunTime:0.001077s ]
SQL: SHOW COLUMNS FROM `flyin_category` [ RunTime:0.0025s ]
SQL: SELECT * FROM `flyin_category`  [ RunTime:0.0002s ]
NOTIC: [8] Undefined index: historyen /home/flyindat/domains/flyindata.com.cn/public_html/Application/En/Controller/CommonController.class.php 第 42 行.
SQL: SHOW COLUMNS FROM `flyin_friendlink` [ RunTime:0.0018s ]
SQL: SELECT `id`,`linkname`,`url` FROM `flyin_friendlink` WHERE `isshow` = 1 ORDER BY linkorder  [ RunTime:0.0002s ]
SQL: SHOW COLUMNS FROM `flyin_website` [ RunTime:0.0018s ]
SQL: SELECT `id`,`title`,`copy`,`logo`,`description`,`hotsearch`,`keywords`,`address`,`linkman`,`cellphone`,`cellphone`,`tel`,`fax`,`mail`,`qq` FROM `flyin_website` WHERE `status` = 1  [ RunTime:0.0002s ]
SQL: SHOW COLUMNS FROM `flyin_servicecategory` [ RunTime:0.0013s ]
SQL: SELECT `id`,`name`,`pid` FROM `flyin_servicecategory`  [ RunTime:0.0001s ]
SQL: SHOW COLUMNS FROM `flyin_services` [ RunTime:0.0012s ]
SQL: SELECT `id`,`servicecategory_id`,`sn`,`name`,`thumb`,`on_sale`,`recommend`,`add_time`,`custom_time`,`desc`,`recycle` FROM `flyin_services` WHERE `recommend` = 'yes' AND `on_sale` = 'yes' AND `recycle` = 'no' LIMIT 4   [ RunTime:0.0001s ]
SQL: SHOW COLUMNS FROM `flyin_services` [ RunTime:0.0012s ]
SQL: SELECT `id`,`name`,`thumb` FROM `flyin_services` WHERE `recycle` = 'no' AND `on_sale` = 'yes' AND `recommend` = 'yes' LIMIT 6   [ RunTime:0.0001s ]
SQL: SELECT COUNT(*) AS tp_count FROM `flyin_services` WHERE `recycle` = 'no' AND `on_sale` = 'yes' LIMIT 1   [ RunTime:0.0001s ]
SQL: SELECT `servicecategory_id`,`id`,`name`,`thumb`,`custom_time`,`date` FROM `flyin_services` WHERE `recycle` = 'no' AND `on_sale` = 'yes' ORDER BY id desc LIMIT 18,6   [ RunTime:0.0004s ]
NOTIC: [8] Undefined index: cat_id /home/flyindat/domains/flyindata.com.cn/public_html/Application/En/Controller/CommonController.class.php 第 86 行.
SQL: SHOW COLUMNS FROM `flyin_newcategory` [ RunTime:0.0011s ]
SQL: SELECT `id`,`name`,`pid` FROM `flyin_newcategory`  [ RunTime:0.0001s ]
SQL: SHOW COLUMNS FROM `flyin_news` [ RunTime:0.0011s ]
SQL: SELECT `id`,`newcategory_id`,`sn`,`name`,`thumb`,`on_sale`,`recommend`,`add_time`,`custom_time`,`desc`,`recycle` FROM `flyin_news` WHERE `recommend` = 'yes' AND `on_sale` = 'yes' AND `recycle` = 'no' LIMIT 4   [ RunTime:0.0001s ]
SQL: SHOW COLUMNS FROM `flyin_news` [ RunTime:0.0012s ]
SQL: SELECT COUNT(*) AS tp_count FROM `flyin_news` WHERE `recycle` = 'no' AND `on_sale` = 'yes' LIMIT 1   [ RunTime:0.0001s ]
SQL: SELECT `newcategory_id`,`id`,`name`,`thumb`,`custom_time`,`desc` FROM `flyin_news` WHERE `recycle` = 'no' AND `on_sale` = 'yes' ORDER BY id desc LIMIT 18,6   [ RunTime:0.0003s ]
NOTIC: [8] Undefined index: cat_id /home/flyindat/domains/flyindata.com.cn/public_html/Application/En/Controller/CommonController.class.php 第 117 行.
SQL: SHOW COLUMNS FROM `flyin_goods` [ RunTime:0.0014s ]
SQL: SELECT COUNT(*) AS tp_count FROM `flyin_goods` LIMIT 1   [ RunTime:0.0003s ]
SQL: SHOW COLUMNS FROM `flyin_goods` [ RunTime:0.0012s ]
SQL: SELECT g.*,c.cat_name FROM flyin_goods as g LEFT JOIN flyin_category as c ON g.cat_id = c.cat_id  LIMIT 18,6   [ RunTime:0.0011s ]
INFO: [ view_parse ] --START--
INFO: [ template_filter ] --START--
INFO: Run Behavior\ContentReplaceBehavior [ RunTime:0.000182s ]
INFO: [ template_filter ] --END-- [ RunTime:0.000279s ]
NOTIC: [8] Undefined variable: keywords /home/flyindat/domains/flyindata.com.cn/public_html/Application/Runtime/Cache/En/8fffb0405f2c1ed54fbf236e4b181080.php 第 7 行.
NOTIC: [8] Undefined variable: description /home/flyindat/domains/flyindata.com.cn/public_html/Application/Runtime/Cache/En/8fffb0405f2c1ed54fbf236e4b181080.php 第 8 行.
NOTIC: [8] Undefined variable: history /home/flyindat/domains/flyindata.com.cn/public_html/Application/Runtime/Cache/En/8fffb0405f2c1ed54fbf236e4b181080.php 第 89 行.
INFO: Run Behavior\ParseTemplateBehavior [ RunTime:0.042615s ]
INFO: [ view_parse ] --END-- [ RunTime:0.042685s ]
INFO: [ view_filter ] --START--
INFO: Run Behavior\WriteHtmlCacheBehavior [ RunTime:0.000331s ]
INFO: Run Behavior\TokenBuildBehavior [ RunTime:0.000450s ]
INFO: [ view_filter ] --END-- [ RunTime:0.000876s ]
INFO: [ app_end ] --START--
INFO: Run Behavior\ShowPageTraceBehavior [ RunTime:0.000639s ]
INFO: [ app_end ] --END-- [ RunTime:0.000703s ]
NOTIC: [8] Constant URL_COMPAT already defined /home/flyindat/domains/flyindata.com.cn/public_html/index.php 第 33 行.

[ 2017-12-08T07:03:25+08:00 ] 46.229.168.80 /En
INFO: [ app_init ] --START--
INFO: Run Behavior\BuildLiteBehavior [ RunTime:0.000021s ]
INFO: [ app_init ] --END-- [ RunTime:0.000487s ]
INFO: [ app_begin ] --START--
INFO: Run Behavior\ReadHtmlCacheBehavior [ RunTime:0.000624s ]
INFO: Run Behavior\GetcodingBehavior [ RunTime:0.000357s ]
INFO: [ app_begin ] --END-- [ RunTime:0.001096s ]
SQL: SHOW COLUMNS FROM `flyin_category` [ RunTime:0.0035s ]
SQL: SELECT * FROM `flyin_category`  [ RunTime:0.0010s ]
NOTIC: [8] Undefined index: historyen /home/flyindat/domains/flyindata.com.cn/public_html/Application/En/Controller/CommonController.class.php 第 42 行.
SQL: SHOW COLUMNS FROM `flyin_friendlink` [ RunTime:0.0029s ]
SQL: SELECT `id`,`linkname`,`url` FROM `flyin_friendlink` WHERE `isshow` = 1 ORDER BY linkorder  [ RunTime:0.0009s ]
SQL: SHOW COLUMNS FROM `flyin_website` [ RunTime:0.0023s ]
SQL: SELECT `id`,`title`,`copy`,`logo`,`description`,`hotsearch`,`keywords`,`address`,`linkman`,`cellphone`,`cellphone`,`tel`,`fax`,`mail`,`qq` FROM `flyin_website` WHERE `status` = 1  [ RunTime:0.0008s ]
SQL: SHOW COLUMNS FROM `flyin_servicecategory` [ RunTime:0.0021s ]
SQL: SELECT `id`,`name`,`pid` FROM `flyin_servicecategory`  [ RunTime:0.0006s ]
SQL: SHOW COLUMNS FROM `flyin_services` [ RunTime:0.0016s ]
SQL: SELECT `id`,`servicecategory_id`,`sn`,`name`,`thumb`,`on_sale`,`recommend`,`add_time`,`custom_time`,`desc`,`recycle` FROM `flyin_services` WHERE `recommend` = 'yes' AND `on_sale` = 'yes' AND `recycle` = 'no' LIMIT 4   [ RunTime:0.0005s ]
SQL: SHOW COLUMNS FROM `flyin_services` [ RunTime:0.0028s ]
SQL: SELECT `id`,`name`,`thumb` FROM `flyin_services` WHERE `recycle` = 'no' AND `on_sale` = 'yes' AND `recommend` = 'yes' LIMIT 6   [ RunTime:0.0003s ]
SQL: SELECT COUNT(*) AS tp_count FROM `flyin_services` WHERE `recycle` = 'no' AND `on_sale` = 'yes' LIMIT 1   [ RunTime:0.0003s ]
SQL: SELECT `servicecategory_id`,`id`,`name`,`thumb`,`custom_time`,`date` FROM `flyin_services` WHERE `recycle` = 'no' AND `on_sale` = 'yes' ORDER BY id desc LIMIT 0,6   [ RunTime:0.0004s ]
NOTIC: [8] Undefined index: cat_id /home/flyindat/domains/flyindata.com.cn/public_html/Application/En/Controller/CommonController.class.php 第 86 行.
SQL: SHOW COLUMNS FROM `flyin_newcategory` [ RunTime:0.0017s ]
SQL: SELECT `id`,`name`,`pid` FROM `flyin_newcategory`  [ RunTime:0.0007s ]
SQL: SHOW COLUMNS FROM `flyin_news` [ RunTime:0.0020s ]
SQL: SELECT `id`,`newcategory_id`,`sn`,`name`,`thumb`,`on_sale`,`recommend`,`add_time`,`custom_time`,`desc`,`recycle` FROM `flyin_news` WHERE `recommend` = 'yes' AND `on_sale` = 'yes' AND `recycle` = 'no' LIMIT 4   [ RunTime:0.0009s ]
SQL: SHOW COLUMNS FROM `flyin_news` [ RunTime:0.0016s ]
SQL: SELECT COUNT(*) AS tp_count FROM `flyin_news` WHERE `recycle` = 'no' AND `on_sale` = 'yes' LIMIT 1   [ RunTime:0.0003s ]
SQL: SELECT `newcategory_id`,`id`,`name`,`thumb`,`custom_time`,`desc` FROM `flyin_news` WHERE `recycle` = 'no' AND `on_sale` = 'yes' ORDER BY id desc LIMIT 0,6   [ RunTime:0.0003s ]
NOTIC: [8] Undefined index: cat_id /home/flyindat/domains/flyindata.com.cn/public_html/Application/En/Controller/CommonController.class.php 第 117 行.
SQL: SHOW COLUMNS FROM `flyin_banners` [ RunTime:0.0021s ]
SQL: SHOW COLUMNS FROM `flyin_banners` [ RunTime:0.0016s ]
SQL: SELECT * FROM `flyin_banners` INNER JOIN flyin_bannercategory ON flyin_bannercategory.id = flyin_banners.Bannercategory_id  WHERE flyin_banners.recommend = 'yes' AND flyin_banners.recycle = 'no' AND flyin_bannercategory.name = '首页大广告图'  [ RunTime:0.0016s ]
SQL: SELECT * FROM `flyin_banners` LEFT JOIN flyin_bannercategory ON flyin_bannercategory.id = flyin_banners.Bannercategory_id  WHERE flyin_bannercategory.name = '基础方案'  [ RunTime:0.0004s ]
SQL: SELECT * FROM `flyin_banners` INNER JOIN flyin_bannercategory ON flyin_bannercategory.id = flyin_banners.Bannercategory_id  WHERE flyin_bannercategory.name = '合作伙伴'  [ RunTime:0.0005s ]
SQL: SHOW COLUMNS FROM `flyin_goods` [ RunTime:0.0027s ]
SQL: SHOW COLUMNS FROM `flyin_goods` [ RunTime:0.0020s ]
SQL: SELECT g.*,c.cat_name FROM flyin_goods as g LEFT JOIN flyin_category as c ON g.cat_id = c.cat_id  WHERE ( g.hot='yes' )  [ RunTime:0.0100s ]
SQL: SHOW COLUMNS FROM `flyin_goods` [ RunTime:0.0024s ]
SQL: SELECT g.*,c.cat_name FROM flyin_goods as g LEFT JOIN flyin_category as c ON g.cat_id = c.cat_id  WHERE ( g.hot='yes' )  [ RunTime:0.0006s ]
SQL: SELECT * FROM `flyin_category`  [ RunTime:0.0001s ]
SQL: SHOW COLUMNS FROM `flyin_ipdb` [ RunTime:0.0049s ]
SQL: SELECT `ip` FROM `flyin_ipdb` WHERE ( ip like "%46.229.168.80%" and ipdate="2017-12-08" )  [ RunTime:0.0006s ]
SQL: INSERT INTO `flyin_ipdb` (`ip`,`country`,`district`,`ipdate`,`isp`,`current_date`,`time`) VALUES ('46.229.168.80','美国','弗吉尼亚州','2017-12-08','','2017-12-08 07:03:25','1512687805') [ RunTime:0.0003s ]
INFO: [ view_parse ] --START--
INFO: [ template_filter ] --START--
INFO: Run Behavior\ContentReplaceBehavior [ RunTime:0.000237s ]
INFO: [ template_filter ] --END-- [ RunTime:0.000332s ]
NOTIC: [8] Undefined variable: keywords /home/flyindat/domains/flyindata.com.cn/public_html/Application/Runtime/Cache/En/d13b22c87757054c230e870798873219.php 第 7 行.
NOTIC: [8] Undefined variable: description /home/flyindat/domains/flyindata.com.cn/public_html/Application/Runtime/Cache/En/d13b22c87757054c230e870798873219.php 第 8 行.
NOTIC: [8] Undefined variable: history /home/flyindat/domains/flyindata.com.cn/public_html/Application/Runtime/Cache/En/d13b22c87757054c230e870798873219.php 第 89 行.
NOTIC: [8] Undefined index: price /home/flyindat/domains/flyindata.com.cn/public_html/Application/Runtime/Cache/En/d13b22c87757054c230e870798873219.php 第 254 行.
NOTIC: [8] Undefined index: price /home/flyindat/domains/flyindata.com.cn/public_html/Application/Runtime/Cache/En/d13b22c87757054c230e870798873219.php 第 254 行.
NOTIC: [8] Undefined index: price /home/flyindat/domains/flyindata.com.cn/public_html/Application/Runtime/Cache/En/d13b22c87757054c230e870798873219.php 第 254 行.
NOTIC: [8] Undefined index: price /home/flyindat/domains/flyindata.com.cn/public_html/Application/Runtime/Cache/En/d13b22c87757054c230e870798873219.php 第 254 行.
NOTIC: [8] Undefined index: price /home/flyindat/domains/flyindata.com.cn/public_html/Application/Runtime/Cache/En/d13b22c87757054c230e870798873219.php 第 254 行.
NOTIC: [8] Undefined index: price /home/flyindat/domains/flyindata.com.cn/public_html/Application/Runtime/Cache/En/d13b22c87757054c230e870798873219.php 第 254 行.
NOTIC: [8] Undefined index: price /home/flyindat/domains/flyindata.com.cn/public_html/Application/Runtime/Cache/En/d13b22c87757054c230e870798873219.php 第 254 行.
NOTIC: [8] Undefined index: price /home/flyindat/domains/flyindata.com.cn/public_html/Application/Runtime/Cache/En/d13b22c87757054c230e870798873219.php 第 254 行.
NOTIC: [8] Undefined index: price /home/flyindat/domains/flyindata.com.cn/public_html/Application/Runtime/Cache/En/d13b22c87757054c230e870798873219.php 第 254 行.
NOTIC: [8] Undefined index: price /home/flyindat/domains/flyindata.com.cn/public_html/Application/Runtime/Cache/En/d13b22c87757054c230e870798873219.php 第 254 行.
INFO: Run Behavior\ParseTemplateBehavior [ RunTime:0.065272s ]
INFO: [ view_parse ] --END-- [ RunTime:0.065355s ]
INFO: [ view_filter ] --START--
INFO: Run Behavior\WriteHtmlCacheBehavior [ RunTime:0.000368s ]
INFO: Run Behavior\TokenBuildBehavior [ RunTime:0.000482s ]
INFO: [ view_filter ] --END-- [ RunTime:0.000961s ]
INFO: [ app_end ] --START--
INFO: Run Behavior\ShowPageTraceBehavior [ RunTime:0.000545s ]
INFO: [ app_end ] --END-- [ RunTime:0.000611s ]
NOTIC: [8] Constant URL_COMPAT already defined /home/flyindat/domains/flyindata.com.cn/public_html/index.php 第 33 行.

[ 2017-12-08T07:58:53+08:00 ] 106.120.173.138 /En/Goods/view/cat_id/1/goods_id/29.html
INFO: [ app_init ] --START--
INFO: Run Behavior\BuildLiteBehavior [ RunTime:0.000023s ]
INFO: [ app_init ] --END-- [ RunTime:0.000488s ]
INFO: [ app_begin ] --START--
INFO: Run Behavior\ReadHtmlCacheBehavior [ RunTime:0.000591s ]
INFO: Run Behavior\GetcodingBehavior [ RunTime:0.000336s ]
INFO: [ app_begin ] --END-- [ RunTime:0.001038s ]
SQL: SHOW COLUMNS FROM `flyin_category` [ RunTime:0.0017s ]
SQL: SELECT * FROM `flyin_category`  [ RunTime:0.0003s ]
NOTIC: [8] Undefined index: historyen /home/flyindat/domains/flyindata.com.cn/public_html/Application/En/Controller/CommonController.class.php 第 42 行.
SQL: SHOW COLUMNS FROM `flyin_friendlink` [ RunTime:0.0011s ]
SQL: SELECT `id`,`linkname`,`url` FROM `flyin_friendlink` WHERE `isshow` = 1 ORDER BY linkorder  [ RunTime:0.0002s ]
SQL: SHOW COLUMNS FROM `flyin_website` [ RunTime:0.0012s ]
SQL: SELECT `id`,`title`,`copy`,`logo`,`description`,`hotsearch`,`keywords`,`address`,`linkman`,`cellphone`,`cellphone`,`tel`,`fax`,`mail`,`qq` FROM `flyin_website` WHERE `status` = 1  [ RunTime:0.0002s ]
SQL: SHOW COLUMNS FROM `flyin_servicecategory` [ RunTime:0.0009s ]
SQL: SELECT `id`,`name`,`pid` FROM `flyin_servicecategory`  [ RunTime:0.0002s ]
SQL: SHOW COLUMNS FROM `flyin_services` [ RunTime:0.0013s ]
SQL: SELECT `id`,`servicecategory_id`,`sn`,`name`,`thumb`,`on_sale`,`recommend`,`add_time`,`custom_time`,`desc`,`recycle` FROM `flyin_services` WHERE `recommend` = 'yes' AND `on_sale` = 'yes' AND `recycle` = 'no' LIMIT 4   [ RunTime:0.0002s ]
SQL: SHOW COLUMNS FROM `flyin_services` [ RunTime:0.0011s ]
SQL: SELECT `id`,`name`,`thumb` FROM `flyin_services` WHERE `recycle` = 'no' AND `on_sale` = 'yes' AND `recommend` = 'yes' LIMIT 6   [ RunTime:0.0003s ]
SQL: SELECT COUNT(*) AS tp_count FROM `flyin_services` WHERE `recycle` = 'no' AND `on_sale` = 'yes' LIMIT 1   [ RunTime:0.0001s ]
SQL: SELECT `servicecategory_id`,`id`,`name`,`thumb`,`custom_time`,`date` FROM `flyin_services` WHERE `recycle` = 'no' AND `on_sale` = 'yes' ORDER BY id desc LIMIT 0,6   [ RunTime:0.0001s ]
NOTIC: [8] Undefined index: cat_id /home/flyindat/domains/flyindata.com.cn/public_html/Application/En/Controller/CommonController.class.php 第 86 行.
SQL: SHOW COLUMNS FROM `flyin_newcategory` [ RunTime:0.0010s ]
SQL: SELECT `id`,`name`,`pid` FROM `flyin_newcategory`  [ RunTime:0.0001s ]
SQL: SHOW COLUMNS FROM `flyin_news` [ RunTime:0.0011s ]
SQL: SELECT `id`,`newcategory_id`,`sn`,`name`,`thumb`,`on_sale`,`recommend`,`add_time`,`custom_time`,`desc`,`recycle` FROM `flyin_news` WHERE `recommend` = 'yes' AND `on_sale` = 'yes' AND `recycle` = 'no' LIMIT 4   [ RunTime:0.0002s ]
SQL: SHOW COLUMNS FROM `flyin_news` [ RunTime:0.0012s ]
SQL: SELECT COUNT(*) AS tp_count FROM `flyin_news` WHERE `recycle` = 'no' AND `on_sale` = 'yes' LIMIT 1   [ RunTime:0.0002s ]
SQL: SELECT `newcategory_id`,`id`,`name`,`thumb`,`custom_time`,`desc` FROM `flyin_news` WHERE `recycle` = 'no' AND `on_sale` = 'yes' ORDER BY id desc LIMIT 0,6   [ RunTime:0.0001s ]
NOTIC: [8] Undefined index: cat_id /home/flyindat/domains/flyindata.com.cn/public_html/Application/En/Controller/CommonController.class.php 第 117 行.
SQL: SHOW COLUMNS FROM `flyin_goods` [ RunTime:0.0013s ]
SQL: SELECT * FROM `flyin_goods` WHERE (  goods_id = '29'  ) LIMIT 1   [ RunTime:0.0021s ]
NOTIC: [8] Undefined index: historyen /home/flyindat/domains/flyindata.com.cn/public_html/Application/En/Controller/CommonController.class.php 第 129 行.
NOTIC: [8] Undefined index: historyen /home/flyindat/domains/flyindata.com.cn/public_html/Application/En/Controller/CommonController.class.php 第 137 行.
NOTIC: [8] Undefined index: history /home/flyindat/domains/flyindata.com.cn/public_html/Application/En/Controller/GoodsController.class.php 第 44 行.
SQL: SHOW COLUMNS FROM `flyin_goods` [ RunTime:0.0016s ]
SQL: SHOW COLUMNS FROM `flyin_goods` [ RunTime:0.0013s ]
SQL: SELECT g.*,gg.* FROM flyin_goods as g LEFT JOIN flyin_gallery as gg ON g.goods_id = gg.goods_id  WHERE g.goods_id = '29'  [ RunTime:0.0013s ]
NOTIC: [8] Undefined index: img_big /home/flyindat/domains/flyindata.com.cn/public_html/Application/En/Model/GoodsModel.class.php 第 166 行.
NOTIC: [8] Undefined index: img_small /home/flyindat/domains/flyindata.com.cn/public_html/Application/En/Model/GoodsModel.class.php 第 168 行.
SQL: SHOW COLUMNS FROM `flyin_goods` [ RunTime:0.0014s ]
SQL: SELECT g.*,gg.* FROM flyin_goods as g JOIN flyin_parameter as gg ON g.goods_id = gg.goods_id  WHERE g.goods_id = '29'  [ RunTime:0.0015s ]
SQL: SELECT `id`,`linkname`,`url` FROM `flyin_friendlink` WHERE `isshow` = 1 ORDER BY linkorder  [ RunTime:0.0001s ]
SQL: SHOW COLUMNS FROM `flyin_category` [ RunTime:0.0010s ]
SQL: SELECT `cat_id` FROM `flyin_category`  [ RunTime:0.0006s ]
SQL: SHOW COLUMNS FROM `flyin_goods` [ RunTime:0.0013s ]
SQL: SELECT `goods_id`,`goods_name`,`img_center`,`goods_pdf`,`cat_id` FROM `flyin_goods` WHERE `goods_id` = 29 LIMIT 1   [ RunTime:0.0002s ]
NOTIC: [8] Undefined index: goods_keyword /home/flyindat/domains/flyindata.com.cn/public_html/Application/En/Controller/GoodsController.class.php 第 89 行.
INFO: [ view_parse ] --START--
INFO: [ template_filter ] --START--
INFO: Run Behavior\ContentReplaceBehavior [ RunTime:0.000214s ]
INFO: [ template_filter ] --END-- [ RunTime:0.000314s ]
INFO: Run Behavior\ParseTemplateBehavior [ RunTime:0.050102s ]
INFO: [ view_parse ] --END-- [ RunTime:0.050212s ]
INFO: [ view_filter ] --START--
INFO: Run Behavior\WriteHtmlCacheBehavior [ RunTime:0.000360s ]
INFO: Run Behavior\TokenBuildBehavior [ RunTime:0.000441s ]
INFO: [ view_filter ] --END-- [ RunTime:0.000905s ]
INFO: [ app_end ] --START--
INFO: Run Behavior\ShowPageTraceBehavior [ RunTime:0.000577s ]
INFO: [ app_end ] --END-- [ RunTime:0.000643s ]
NOTIC: [8] Constant URL_COMPAT already defined /home/flyindat/domains/flyindata.com.cn/public_html/index.php 第 33 行.

[ 2017-12-08T07:59:03+08:00 ] 106.120.173.138 /En/Goods/view/cat_id/1/goods_id/32.html
INFO: [ app_init ] --START--
INFO: Run Behavior\BuildLiteBehavior [ RunTime:0.000023s ]
INFO: [ app_init ] --END-- [ RunTime:0.000516s ]
INFO: [ app_begin ] --START--
INFO: Run Behavior\ReadHtmlCacheBehavior [ RunTime:0.000616s ]
INFO: Run Behavior\GetcodingBehavior [ RunTime:0.000422s ]
INFO: [ app_begin ] --END-- [ RunTime:0.001150s ]
SQL: SHOW COLUMNS FROM `flyin_category` [ RunTime:0.0017s ]
SQL: SELECT * FROM `flyin_category`  [ RunTime:0.0002s ]
NOTIC: [8] Undefined index: historyen /home/flyindat/domains/flyindata.com.cn/public_html/Application/En/Controller/CommonController.class.php 第 42 行.
SQL: SHOW COLUMNS FROM `flyin_friendlink` [ RunTime:0.0011s ]
SQL: SELECT `id`,`linkname`,`url` FROM `flyin_friendlink` WHERE `isshow` = 1 ORDER BY linkorder  [ RunTime:0.0001s ]
SQL: SHOW COLUMNS FROM `flyin_website` [ RunTime:0.0012s ]
SQL: SELECT `id`,`title`,`copy`,`logo`,`description`,`hotsearch`,`keywords`,`address`,`linkman`,`cellphone`,`cellphone`,`tel`,`fax`,`mail`,`qq` FROM `flyin_website` WHERE `status` = 1  [ RunTime:0.0001s ]
SQL: SHOW COLUMNS FROM `flyin_servicecategory` [ RunTime:0.0011s ]
SQL: SELECT `id`,`name`,`pid` FROM `flyin_servicecategory`  [ RunTime:0.0001s ]
SQL: SHOW COLUMNS FROM `flyin_services` [ RunTime:0.0012s ]
SQL: SELECT `id`,`servicecategory_id`,`sn`,`name`,`thumb`,`on_sale`,`recommend`,`add_time`,`custom_time`,`desc`,`recycle` FROM `flyin_services` WHERE `recommend` = 'yes' AND `on_sale` = 'yes' AND `recycle` = 'no' LIMIT 4   [ RunTime:0.0001s ]
SQL: SHOW COLUMNS FROM `flyin_services` [ RunTime:0.0016s ]
SQL: SELECT `id`,`name`,`thumb` FROM `flyin_services` WHERE `recycle` = 'no' AND `on_sale` = 'yes' AND `recommend` = 'yes' LIMIT 6   [ RunTime:0.0001s ]
SQL: SELECT COUNT(*) AS tp_count FROM `flyin_services` WHERE `recycle` = 'no' AND `on_sale` = 'yes' LIMIT 1   [ RunTime:0.0001s ]
SQL: SELECT `servicecategory_id`,`id`,`name`,`thumb`,`custom_time`,`date` FROM `flyin_services` WHERE `recycle` = 'no' AND `on_sale` = 'yes' ORDER BY id desc LIMIT 0,6   [ RunTime:0.0001s ]
NOTIC: [8] Undefined index: cat_id /home/flyindat/domains/flyindata.com.cn/public_html/Application/En/Controller/CommonController.class.php 第 86 行.
SQL: SHOW COLUMNS FROM `flyin_newcategory` [ RunTime:0.0016s ]
SQL: SELECT `id`,`name`,`pid` FROM `flyin_newcategory`  [ RunTime:0.0001s ]
SQL: SHOW COLUMNS FROM `flyin_news` [ RunTime:0.0014s ]
SQL: SELECT `id`,`newcategory_id`,`sn`,`name`,`thumb`,`on_sale`,`recommend`,`add_time`,`custom_time`,`desc`,`recycle` FROM `flyin_news` WHERE `recommend` = 'yes' AND `on_sale` = 'yes' AND `recycle` = 'no' LIMIT 4   [ RunTime:0.0001s ]
SQL: SHOW COLUMNS FROM `flyin_news` [ RunTime:0.0012s ]
SQL: SELECT COUNT(*) AS tp_count FROM `flyin_news` WHERE `recycle` = 'no' AND `on_sale` = 'yes' LIMIT 1   [ RunTime:0.0001s ]
SQL: SELECT `newcategory_id`,`id`,`name`,`thumb`,`custom_time`,`desc` FROM `flyin_news` WHERE `recycle` = 'no' AND `on_sale` = 'yes' ORDER BY id desc LIMIT 0,6   [ RunTime:0.0001s ]
NOTIC: [8] Undefined index: cat_id /home/flyindat/domains/flyindata.com.cn/public_html/Application/En/Controller/CommonController.class.php 第 117 行.
SQL: SHOW COLUMNS FROM `flyin_goods` [ RunTime:0.0014s ]
SQL: SELECT * FROM `flyin_goods` WHERE (  goods_id = '32'  ) LIMIT 1   [ RunTime:0.0016s ]
NOTIC: [8] Undefined index: historyen /home/flyindat/domains/flyindata.com.cn/public_html/Application/En/Controller/CommonController.class.php 第 129 行.
NOTIC: [8] Undefined index: historyen /home/flyindat/domains/flyindata.com.cn/public_html/Application/En/Controller/CommonController.class.php 第 137 行.
NOTIC: [8] Undefined index: history /home/flyindat/domains/flyindata.com.cn/public_html/Application/En/Controller/GoodsController.class.php 第 44 行.
SQL: SHOW COLUMNS FROM `flyin_goods` [ RunTime:0.0019s ]
SQL: SHOW COLUMNS FROM `flyin_goods` [ RunTime:0.0014s ]
SQL: SELECT g.*,gg.* FROM flyin_goods as g LEFT JOIN flyin_gallery as gg ON g.goods_id = gg.goods_id  WHERE g.goods_id = '32'  [ RunTime:0.0005s ]
NOTIC: [8] Undefined index: img_big /home/flyindat/domains/flyindata.com.cn/public_html/Application/En/Model/GoodsModel.class.php 第 166 行.
NOTIC: [8] Undefined index: img_small /home/flyindat/domains/flyindata.com.cn/public_html/Application/En/Model/GoodsModel.class.php 第 168 行.
SQL: SHOW COLUMNS FROM `flyin_goods` [ RunTime:0.0015s ]
SQL: SELECT g.*,gg.* FROM flyin_goods as g JOIN flyin_parameter as gg ON g.goods_id = gg.goods_id  WHERE g.goods_id = '32'  [ RunTime:0.0004s ]
SQL: SELECT `id`,`linkname`,`url` FROM `flyin_friendlink` WHERE `isshow` = 1 ORDER BY linkorder  [ RunTime:0.0002s ]
SQL: SHOW COLUMNS FROM `flyin_category` [ RunTime:0.0013s ]
SQL: SELECT `cat_id` FROM `flyin_category`  [ RunTime:0.0002s ]
SQL: SHOW COLUMNS FROM `flyin_goods` [ RunTime:0.0014s ]
SQL: SELECT `goods_id`,`goods_name`,`img_center`,`goods_pdf`,`cat_id` FROM `flyin_goods` WHERE `goods_id` = 32 LIMIT 1   [ RunTime:0.0003s ]
NOTIC: [8] Undefined index: goods_keyword /home/flyindat/domains/flyindata.com.cn/public_html/Application/En/Controller/GoodsController.class.php 第 89 行.
INFO: [ view_parse ] --START--
INFO: [ template_filter ] --START--
INFO: Run Behavior\ContentReplaceBehavior [ RunTime:0.000212s ]
INFO: [ template_filter ] --END-- [ RunTime:0.000295s ]
INFO: Run Behavior\ParseTemplateBehavior [ RunTime:0.045394s ]
INFO: [ view_parse ] --END-- [ RunTime:0.045493s ]
INFO: [ view_filter ] --START--
INFO: Run Behavior\WriteHtmlCacheBehavior [ RunTime:0.000364s ]
INFO: Run Behavior\TokenBuildBehavior [ RunTime:0.000408s ]
INFO: [ view_filter ] --END-- [ RunTime:0.000868s ]
INFO: [ app_end ] --START--
INFO: Run Behavior\ShowPageTraceBehavior [ RunTime:0.000561s ]
INFO: [ app_end ] --END-- [ RunTime:0.000625s ]
NOTIC: [8] Constant URL_COMPAT already defined /home/flyindat/domains/flyindata.com.cn/public_html/index.php 第 33 行.

[ 2017-12-08T07:59:13+08:00 ] 106.120.173.138 /En/Common/view/cat_id/1/p/1.html
INFO: [ app_init ] --START--
INFO: Run Behavior\BuildLiteBehavior [ RunTime:0.000021s ]
INFO: [ app_init ] --END-- [ RunTime:0.000464s ]
INFO: [ app_begin ] --START--
INFO: Run Behavior\ReadHtmlCacheBehavior [ RunTime:0.000600s ]
INFO: Run Behavior\GetcodingBehavior [ RunTime:0.000342s ]
INFO: [ app_begin ] --END-- [ RunTime:0.001053s ]
SQL: SHOW COLUMNS FROM `flyin_category` [ RunTime:0.0017s ]
SQL: SELECT * FROM `flyin_category`  [ RunTime:0.0003s ]
NOTIC: [8] Undefined index: historyen /home/flyindat/domains/flyindata.com.cn/public_html/Application/En/Controller/CommonController.class.php 第 42 行.
SQL: SHOW COLUMNS FROM `flyin_friendlink` [ RunTime:0.0012s ]
SQL: SELECT `id`,`linkname`,`url` FROM `flyin_friendlink` WHERE `isshow` = 1 ORDER BY linkorder  [ RunTime:0.0001s ]
SQL: SHOW COLUMNS FROM `flyin_website` [ RunTime:0.0013s ]
SQL: SELECT `id`,`title`,`copy`,`logo`,`description`,`hotsearch`,`keywords`,`address`,`linkman`,`cellphone`,`cellphone`,`tel`,`fax`,`mail`,`qq` FROM `flyin_website` WHERE `status` = 1  [ RunTime:0.0002s ]
SQL: SHOW COLUMNS FROM `flyin_servicecategory` [ RunTime:0.0009s ]
SQL: SELECT `id`,`name`,`pid` FROM `flyin_servicecategory`  [ RunTime:0.0002s ]
SQL: SHOW COLUMNS FROM `flyin_services` [ RunTime:0.0012s ]
SQL: SELECT `id`,`servicecategory_id`,`sn`,`name`,`thumb`,`on_sale`,`recommend`,`add_time`,`custom_time`,`desc`,`recycle` FROM `flyin_services` WHERE `recommend` = 'yes' AND `on_sale` = 'yes' AND `recycle` = 'no' LIMIT 4   [ RunTime:0.0003s ]
SQL: SHOW COLUMNS FROM `flyin_services` [ RunTime:0.0012s ]
SQL: SELECT `id`,`name`,`thumb` FROM `flyin_services` WHERE `recycle` = 'no' AND `on_sale` = 'yes' AND `recommend` = 'yes' LIMIT 6   [ RunTime:0.0002s ]
SQL: SELECT COUNT(*) AS tp_count FROM `flyin_services` WHERE `recycle` = 'no' AND `on_sale` = 'yes' LIMIT 1   [ RunTime:0.0002s ]
SQL: SELECT `servicecategory_id`,`id`,`name`,`thumb`,`custom_time`,`date` FROM `flyin_services` WHERE `recycle` = 'no' AND `on_sale` = 'yes' ORDER BY id desc LIMIT 0,6   [ RunTime:0.0002s ]
NOTIC: [8] Undefined index: cat_id /home/flyindat/domains/flyindata.com.cn/public_html/Application/En/Controller/CommonController.class.php 第 86 行.
SQL: SHOW COLUMNS FROM `flyin_newcategory` [ RunTime:0.0010s ]
SQL: SELECT `id`,`name`,`pid` FROM `flyin_newcategory`  [ RunTime:0.0002s ]
SQL: SHOW COLUMNS FROM `flyin_news` [ RunTime:0.0011s ]
SQL: SELECT `id`,`newcategory_id`,`sn`,`name`,`thumb`,`on_sale`,`recommend`,`add_time`,`custom_time`,`desc`,`recycle` FROM `flyin_news` WHERE `recommend` = 'yes' AND `on_sale` = 'yes' AND `recycle` = 'no' LIMIT 4   [ RunTime:0.0002s ]
SQL: SHOW COLUMNS FROM `flyin_news` [ RunTime:0.0011s ]
SQL: SELECT COUNT(*) AS tp_count FROM `flyin_news` WHERE `recycle` = 'no' AND `on_sale` = 'yes' LIMIT 1   [ RunTime:0.0002s ]
SQL: SELECT `newcategory_id`,`id`,`name`,`thumb`,`custom_time`,`desc` FROM `flyin_news` WHERE `recycle` = 'no' AND `on_sale` = 'yes' ORDER BY id desc LIMIT 0,6   [ RunTime:0.0002s ]
NOTIC: [8] Undefined index: cat_id /home/flyindat/domains/flyindata.com.cn/public_html/Application/En/Controller/CommonController.class.php 第 117 行.
SQL: SHOW COLUMNS FROM `flyin_goods` [ RunTime:0.0014s ]
SQL: SELECT COUNT(*) AS tp_count FROM `flyin_goods` WHERE `cat_id` = 1 LIMIT 1   [ RunTime:0.0044s ]
SQL: SELECT * FROM `flyin_goods` WHERE `cat_id` = 1 LIMIT 0,6   [ RunTime:0.0028s ]
INFO: [ view_parse ] --START--
INFO: [ template_filter ] --START--
INFO: Run Behavior\ContentReplaceBehavior [ RunTime:0.000188s ]
INFO: [ template_filter ] --END-- [ RunTime:0.000291s ]
NOTIC: [8] Undefined variable: keywords /home/flyindat/domains/flyindata.com.cn/public_html/Application/Runtime/Cache/En/8fffb0405f2c1ed54fbf236e4b181080.php 第 7 行.
NOTIC: [8] Undefined variable: description /home/flyindat/domains/flyindata.com.cn/public_html/Application/Runtime/Cache/En/8fffb0405f2c1ed54fbf236e4b181080.php 第 8 行.
NOTIC: [8] Undefined variable: title /home/flyindat/domains/flyindata.com.cn/public_html/Application/Runtime/Cache/En/8fffb0405f2c1ed54fbf236e4b181080.php 第 9 行.
NOTIC: [8] Undefined variable: history /home/flyindat/domains/flyindata.com.cn/public_html/Application/Runtime/Cache/En/8fffb0405f2c1ed54fbf236e4b181080.php 第 89 行.
INFO: Run Behavior\ParseTemplateBehavior [ RunTime:0.045882s ]
INFO: [ view_parse ] --END-- [ RunTime:0.045982s ]
INFO: [ view_filter ] --START--
INFO: Run Behavior\WriteHtmlCacheBehavior [ RunTime:0.000395s ]
INFO: Run Behavior\TokenBuildBehavior [ RunTime:0.000408s ]
INFO: [ view_filter ] --END-- [ RunTime:0.000903s ]
INFO: [ app_end ] --START--
INFO: Run Behavior\ShowPageTraceBehavior [ RunTime:0.000553s ]
INFO: [ app_end ] --END-- [ RunTime:0.000615s ]
NOTIC: [8] Constant URL_COMPAT already defined /home/flyindat/domains/flyindata.com.cn/public_html/index.php 第 33 行.

[ 2017-12-08T16:08:34+08:00 ] 106.120.173.138 /En/Goods/view/cat_id/1/goods_id/32.html
INFO: [ app_init ] --START--
INFO: Run Behavior\BuildLiteBehavior [ RunTime:0.000022s ]
INFO: [ app_init ] --END-- [ RunTime:0.000464s ]
INFO: [ app_begin ] --START--
INFO: Run Behavior\ReadHtmlCacheBehavior [ RunTime:0.000583s ]
INFO: Run Behavior\GetcodingBehavior [ RunTime:0.000338s ]
INFO: [ app_begin ] --END-- [ RunTime:0.001032s ]
SQL: SHOW COLUMNS FROM `flyin_category` [ RunTime:0.0030s ]
SQL: SELECT * FROM `flyin_category`  [ RunTime:0.0010s ]
NOTIC: [8] Undefined index: historyen /home/flyindat/domains/flyindata.com.cn/public_html/Application/En/Controller/CommonController.class.php 第 42 行.
SQL: SHOW COLUMNS FROM `flyin_friendlink` [ RunTime:0.0019s ]
SQL: SELECT `id`,`linkname`,`url` FROM `flyin_friendlink` WHERE `isshow` = 1 ORDER BY linkorder  [ RunTime:0.0009s ]
SQL: SHOW COLUMNS FROM `flyin_website` [ RunTime:0.0023s ]
SQL: SELECT `id`,`title`,`copy`,`logo`,`description`,`hotsearch`,`keywords`,`address`,`linkman`,`cellphone`,`cellphone`,`tel`,`fax`,`mail`,`qq` FROM `flyin_website` WHERE `status` = 1  [ RunTime:0.0008s ]
SQL: SHOW COLUMNS FROM `flyin_servicecategory` [ RunTime:0.0017s ]
SQL: SELECT `id`,`name`,`pid` FROM `flyin_servicecategory`  [ RunTime:0.0006s ]
SQL: SHOW COLUMNS FROM `flyin_services` [ RunTime:0.0020s ]
SQL: SELECT `id`,`servicecategory_id`,`sn`,`name`,`thumb`,`on_sale`,`recommend`,`add_time`,`custom_time`,`desc`,`recycle` FROM `flyin_services` WHERE `recommend` = 'yes' AND `on_sale` = 'yes' AND `recycle` = 'no' LIMIT 4   [ RunTime:0.0007s ]
SQL: SHOW COLUMNS FROM `flyin_services` [ RunTime:0.0015s ]
SQL: SELECT `id`,`name`,`thumb` FROM `flyin_services` WHERE `recycle` = 'no' AND `on_sale` = 'yes' AND `recommend` = 'yes' LIMIT 6   [ RunTime:0.0003s ]
SQL: SELECT COUNT(*) AS tp_count FROM `flyin_services` WHERE `recycle` = 'no' AND `on_sale` = 'yes' LIMIT 1   [ RunTime:0.0003s ]
SQL: SELECT `servicecategory_id`,`id`,`name`,`thumb`,`custom_time`,`date` FROM `flyin_services` WHERE `recycle` = 'no' AND `on_sale` = 'yes' ORDER BY id desc LIMIT 0,6   [ RunTime:0.0003s ]
NOTIC: [8] Undefined index: cat_id /home/flyindat/domains/flyindata.com.cn/public_html/Application/En/Controller/CommonController.class.php 第 86 行.
SQL: SHOW COLUMNS FROM `flyin_newcategory` [ RunTime:0.0019s ]
SQL: SELECT `id`,`name`,`pid` FROM `flyin_newcategory`  [ RunTime:0.0007s ]
SQL: SHOW COLUMNS FROM `flyin_news` [ RunTime:0.0018s ]
SQL: SELECT `id`,`newcategory_id`,`sn`,`name`,`thumb`,`on_sale`,`recommend`,`add_time`,`custom_time`,`desc`,`recycle` FROM `flyin_news` WHERE `recommend` = 'yes' AND `on_sale` = 'yes' AND `recycle` = 'no' LIMIT 4   [ RunTime:0.0010s ]
SQL: SHOW COLUMNS FROM `flyin_news` [ RunTime:0.0018s ]
SQL: SELECT COUNT(*) AS tp_count FROM `flyin_news` WHERE `recycle` = 'no' AND `on_sale` = 'yes' LIMIT 1   [ RunTime:0.0003s ]
SQL: SELECT `newcategory_id`,`id`,`name`,`thumb`,`custom_time`,`desc` FROM `flyin_news` WHERE `recycle` = 'no' AND `on_sale` = 'yes' ORDER BY id desc LIMIT 0,6   [ RunTime:0.0004s ]
NOTIC: [8] Undefined index: cat_id /home/flyindat/domains/flyindata.com.cn/public_html/Application/En/Controller/CommonController.class.php 第 117 行.
SQL: SHOW COLUMNS FROM `flyin_goods` [ RunTime:0.0022s ]
SQL: SELECT * FROM `flyin_goods` WHERE (  goods_id = '32'  ) LIMIT 1   [ RunTime:0.0019s ]
NOTIC: [8] Undefined index: historyen /home/flyindat/domains/flyindata.com.cn/public_html/Application/En/Controller/CommonController.class.php 第 129 行.
NOTIC: [8] Undefined index: historyen /home/flyindat/domains/flyindata.com.cn/public_html/Application/En/Controller/CommonController.class.php 第 137 行.
NOTIC: [8] Undefined index: history /home/flyindat/domains/flyindata.com.cn/public_html/Application/En/Controller/GoodsController.class.php 第 44 行.
SQL: SHOW COLUMNS FROM `flyin_goods` [ RunTime:0.0018s ]
SQL: SHOW COLUMNS FROM `flyin_goods` [ RunTime:0.0014s ]
SQL: SELECT g.*,gg.* FROM flyin_goods as g LEFT JOIN flyin_gallery as gg ON g.goods_id = gg.goods_id  WHERE g.goods_id = '32'  [ RunTime:0.0012s ]
NOTIC: [8] Undefined index: img_big /home/flyindat/domains/flyindata.com.cn/public_html/Application/En/Model/GoodsModel.class.php 第 166 行.
NOTIC: [8] Undefined index: img_small /home/flyindat/domains/flyindata.com.cn/public_html/Application/En/Model/GoodsModel.class.php 第 168 行.
SQL: SHOW COLUMNS FROM `flyin_goods` [ RunTime:0.0018s ]
SQL: SELECT g.*,gg.* FROM flyin_goods as g JOIN flyin_parameter as gg ON g.goods_id = gg.goods_id  WHERE g.goods_id = '32'  [ RunTime:0.0013s ]
SQL: SELECT `id`,`linkname`,`url` FROM `flyin_friendlink` WHERE `isshow` = 1 ORDER BY linkorder  [ RunTime:0.0002s ]
SQL: SHOW COLUMNS FROM `flyin_category` [ RunTime:0.0012s ]
SQL: SELECT `cat_id` FROM `flyin_category`  [ RunTime:0.0003s ]
SQL: SHOW COLUMNS FROM `flyin_goods` [ RunTime:0.0013s ]
SQL: SELECT `goods_id`,`goods_name`,`img_center`,`goods_pdf`,`cat_id` FROM `flyin_goods` WHERE `goods_id` = 32 LIMIT 1   [ RunTime:0.0003s ]
NOTIC: [8] Undefined index: goods_keyword /home/flyindat/domains/flyindata.com.cn/public_html/Application/En/Controller/GoodsController.class.php 第 89 行.
INFO: [ view_parse ] --START--
INFO: [ template_filter ] --START--
INFO: Run Behavior\ContentReplaceBehavior [ RunTime:0.000236s ]
INFO: [ template_filter ] --END-- [ RunTime:0.000343s ]
INFO: Run Behavior\ParseTemplateBehavior [ RunTime:0.046389s ]
INFO: [ view_parse ] --END-- [ RunTime:0.046505s ]
INFO: [ view_filter ] --START--
INFO: Run Behavior\WriteHtmlCacheBehavior [ RunTime:0.000482s ]
INFO: Run Behavior\TokenBuildBehavior [ RunTime:0.000429s ]
INFO: [ view_filter ] --END-- [ RunTime:0.001013s ]
INFO: [ app_end ] --START--
INFO: Run Behavior\ShowPageTraceBehavior [ RunTime:0.000583s ]
INFO: [ app_end ] --END-- [ RunTime:0.000649s ]
NOTIC: [8] Constant URL_COMPAT already defined /home/flyindat/domains/flyindata.com.cn/public_html/index.php 第 33 行.

[ 2017-12-08T16:08:44+08:00 ] 106.120.173.138 /En/Common/view/cat_id/1/p/1.html
INFO: [ app_init ] --START--
INFO: Run Behavior\BuildLiteBehavior [ RunTime:0.000021s ]
INFO: [ app_init ] --END-- [ RunTime:0.000548s ]
INFO: [ app_begin ] --START--
INFO: Run Behavior\ReadHtmlCacheBehavior [ RunTime:0.000590s ]
INFO: Run Behavior\GetcodingBehavior [ RunTime:0.000351s ]
INFO: [ app_begin ] --END-- [ RunTime:0.001055s ]
SQL: SHOW COLUMNS FROM `flyin_category` [ RunTime:0.0018s ]
SQL: SELECT * FROM `flyin_category`  [ RunTime:0.0002s ]
NOTIC: [8] Undefined index: historyen /home/flyindat/domains/flyindata.com.cn/public_html/Application/En/Controller/CommonController.class.php 第 42 行.
SQL: SHOW COLUMNS FROM `flyin_friendlink` [ RunTime:0.0011s ]
SQL: SELECT `id`,`linkname`,`url` FROM `flyin_friendlink` WHERE `isshow` = 1 ORDER BY linkorder  [ RunTime:0.0002s ]
SQL: SHOW COLUMNS FROM `flyin_website` [ RunTime:0.0012s ]
SQL: SELECT `id`,`title`,`copy`,`logo`,`description`,`hotsearch`,`keywords`,`address`,`linkman`,`cellphone`,`cellphone`,`tel`,`fax`,`mail`,`qq` FROM `flyin_website` WHERE `status` = 1  [ RunTime:0.0002s ]
SQL: SHOW COLUMNS FROM `flyin_servicecategory` [ RunTime:0.0010s ]
SQL: SELECT `id`,`name`,`pid` FROM `flyin_servicecategory`  [ RunTime:0.0002s ]
SQL: SHOW COLUMNS FROM `flyin_services` [ RunTime:0.0012s ]
SQL: SELECT `id`,`servicecategory_id`,`sn`,`name`,`thumb`,`on_sale`,`recommend`,`add_time`,`custom_time`,`desc`,`recycle` FROM `flyin_services` WHERE `recommend` = 'yes' AND `on_sale` = 'yes' AND `recycle` = 'no' LIMIT 4   [ RunTime:0.0002s ]
SQL: SHOW COLUMNS FROM `flyin_services` [ RunTime:0.0011s ]
SQL: SELECT `id`,`name`,`thumb` FROM `flyin_services` WHERE `recycle` = 'no' AND `on_sale` = 'yes' AND `recommend` = 'yes' LIMIT 6   [ RunTime:0.0002s ]
SQL: SELECT COUNT(*) AS tp_count FROM `flyin_services` WHERE `recycle` = 'no' AND `on_sale` = 'yes' LIMIT 1   [ RunTime:0.0002s ]
SQL: SELECT `servicecategory_id`,`id`,`name`,`thumb`,`custom_time`,`date` FROM `flyin_services` WHERE `recycle` = 'no' AND `on_sale` = 'yes' ORDER BY id desc LIMIT 0,6   [ RunTime:0.0002s ]
NOTIC: [8] Undefined index: cat_id /home/flyindat/domains/flyindata.com.cn/public_html/Application/En/Controller/CommonController.class.php 第 86 行.
SQL: SHOW COLUMNS FROM `flyin_newcategory` [ RunTime:0.0010s ]
SQL: SELECT `id`,`name`,`pid` FROM `flyin_newcategory`  [ RunTime:0.0001s ]
SQL: SHOW COLUMNS FROM `flyin_news` [ RunTime:0.0011s ]
SQL: SELECT `id`,`newcategory_id`,`sn`,`name`,`thumb`,`on_sale`,`recommend`,`add_time`,`custom_time`,`desc`,`recycle` FROM `flyin_news` WHERE `recommend` = 'yes' AND `on_sale` = 'yes' AND `recycle` = 'no' LIMIT 4   [ RunTime:0.0002s ]
SQL: SHOW COLUMNS FROM `flyin_news` [ RunTime:0.0011s ]
SQL: SELECT COUNT(*) AS tp_count FROM `flyin_news` WHERE `recycle` = 'no' AND `on_sale` = 'yes' LIMIT 1   [ RunTime:0.0002s ]
SQL: SELECT `newcategory_id`,`id`,`name`,`thumb`,`custom_time`,`desc` FROM `flyin_news` WHERE `recycle` = 'no' AND `on_sale` = 'yes' ORDER BY id desc LIMIT 0,6   [ RunTime:0.0002s ]
NOTIC: [8] Undefined index: cat_id /home/flyindat/domains/flyindata.com.cn/public_html/Application/En/Controller/CommonController.class.php 第 117 行.
SQL: SHOW COLUMNS FROM `flyin_goods` [ RunTime:0.0013s ]
SQL: SELECT COUNT(*) AS tp_count FROM `flyin_goods` WHERE `cat_id` = 1 LIMIT 1   [ RunTime:0.0075s ]
SQL: SELECT * FROM `flyin_goods` WHERE `cat_id` = 1 LIMIT 0,6   [ RunTime:0.0021s ]
INFO: [ view_parse ] --START--
INFO: [ template_filter ] --START--
INFO: Run Behavior\ContentReplaceBehavior [ RunTime:0.000184s ]
INFO: [ template_filter ] --END-- [ RunTime:0.000274s ]
NOTIC: [8] Undefined variable: keywords /home/flyindat/domains/flyindata.com.cn/public_html/Application/Runtime/Cache/En/8fffb0405f2c1ed54fbf236e4b181080.php 第 7 行.
NOTIC: [8] Undefined variable: description /home/flyindat/domains/flyindata.com.cn/public_html/Application/Runtime/Cache/En/8fffb0405f2c1ed54fbf236e4b181080.php 第 8 行.
NOTIC: [8] Undefined variable: title /home/flyindat/domains/flyindata.com.cn/public_html/Application/Runtime/Cache/En/8fffb0405f2c1ed54fbf236e4b181080.php 第 9 行.
NOTIC: [8] Undefined variable: history /home/flyindat/domains/flyindata.com.cn/public_html/Application/Runtime/Cache/En/8fffb0405f2c1ed54fbf236e4b181080.php 第 89 行.
INFO: Run Behavior\ParseTemplateBehavior [ RunTime:0.044324s ]
INFO: [ view_parse ] --END-- [ RunTime:0.044417s ]
INFO: [ view_filter ] --START--
INFO: Run Behavior\WriteHtmlCacheBehavior [ RunTime:0.000444s ]
INFO: Run Behavior\TokenBuildBehavior [ RunTime:0.000477s ]
INFO: [ view_filter ] --END-- [ RunTime:0.001020s ]
INFO: [ app_end ] --START--
INFO: Run Behavior\ShowPageTraceBehavior [ RunTime:0.000641s ]
INFO: [ app_end ] --END-- [ RunTime:0.000767s ]
NOTIC: [8] Constant URL_COMPAT already defined /home/flyindat/domains/flyindata.com.cn/public_html/index.php 第 33 行.

[ 2017-12-08T16:08:54+08:00 ] 106.120.173.138 /En/Goods/view/cat_id/2/goods_id/41.html
INFO: [ app_init ] --START--
INFO: Run Behavior\BuildLiteBehavior [ RunTime:0.000032s ]
INFO: [ app_init ] --END-- [ RunTime:0.000495s ]
INFO: [ app_begin ] --START--
INFO: Run Behavior\ReadHtmlCacheBehavior [ RunTime:0.000579s ]
INFO: Run Behavior\GetcodingBehavior [ RunTime:0.000338s ]
INFO: [ app_begin ] --END-- [ RunTime:0.001027s ]
SQL: SHOW COLUMNS FROM `flyin_category` [ RunTime:0.0021s ]
SQL: SELECT * FROM `flyin_category`  [ RunTime:0.0002s ]
NOTIC: [8] Undefined index: historyen /home/flyindat/domains/flyindata.com.cn/public_html/Application/En/Controller/CommonController.class.php 第 42 行.
SQL: SHOW COLUMNS FROM `flyin_friendlink` [ RunTime:0.0013s ]
SQL: SELECT `id`,`linkname`,`url` FROM `flyin_friendlink` WHERE `isshow` = 1 ORDER BY linkorder  [ RunTime:0.0002s ]
SQL: SHOW COLUMNS FROM `flyin_website` [ RunTime:0.0013s ]
SQL: SELECT `id`,`title`,`copy`,`logo`,`description`,`hotsearch`,`keywords`,`address`,`linkman`,`cellphone`,`cellphone`,`tel`,`fax`,`mail`,`qq` FROM `flyin_website` WHERE `status` = 1  [ RunTime:0.0002s ]
SQL: SHOW COLUMNS FROM `flyin_servicecategory` [ RunTime:0.0009s ]
SQL: SELECT `id`,`name`,`pid` FROM `flyin_servicecategory`  [ RunTime:0.0001s ]
SQL: SHOW COLUMNS FROM `flyin_services` [ RunTime:0.0011s ]
SQL: SELECT `id`,`servicecategory_id`,`sn`,`name`,`thumb`,`on_sale`,`recommend`,`add_time`,`custom_time`,`desc`,`recycle` FROM `flyin_services` WHERE `recommend` = 'yes' AND `on_sale` = 'yes' AND `recycle` = 'no' LIMIT 4   [ RunTime:0.0001s ]
SQL: SHOW COLUMNS FROM `flyin_services` [ RunTime:0.0011s ]
SQL: SELECT `id`,`name`,`thumb` FROM `flyin_services` WHERE `recycle` = 'no' AND `on_sale` = 'yes' AND `recommend` = 'yes' LIMIT 6   [ RunTime:0.0001s ]
SQL: SELECT COUNT(*) AS tp_count FROM `flyin_services` WHERE `recycle` = 'no' AND `on_sale` = 'yes' LIMIT 1   [ RunTime:0.0001s ]
SQL: SELECT `servicecategory_id`,`id`,`name`,`thumb`,`custom_time`,`date` FROM `flyin_services` WHERE `recycle` = 'no' AND `on_sale` = 'yes' ORDER BY id desc LIMIT 0,6   [ RunTime:0.0001s ]
NOTIC: [8] Undefined index: cat_id /home/flyindat/domains/flyindata.com.cn/public_html/Application/En/Controller/CommonController.class.php 第 86 行.
SQL: SHOW COLUMNS FROM `flyin_newcategory` [ RunTime:0.0010s ]
SQL: SELECT `id`,`name`,`pid` FROM `flyin_newcategory`  [ RunTime:0.0001s ]
SQL: SHOW COLUMNS FROM `flyin_news` [ RunTime:0.0011s ]
SQL: SELECT `id`,`newcategory_id`,`sn`,`name`,`thumb`,`on_sale`,`recommend`,`add_time`,`custom_time`,`desc`,`recycle` FROM `flyin_news` WHERE `recommend` = 'yes' AND `on_sale` = 'yes' AND `recycle` = 'no' LIMIT 4   [ RunTime:0.0001s ]
SQL: SHOW COLUMNS FROM `flyin_news` [ RunTime:0.0011s ]
SQL: SELECT COUNT(*) AS tp_count FROM `flyin_news` WHERE `recycle` = 'no' AND `on_sale` = 'yes' LIMIT 1   [ RunTime:0.0001s ]
SQL: SELECT `newcategory_id`,`id`,`name`,`thumb`,`custom_time`,`desc` FROM `flyin_news` WHERE `recycle` = 'no' AND `on_sale` = 'yes' ORDER BY id desc LIMIT 0,6   [ RunTime:0.0001s ]
NOTIC: [8] Undefined index: cat_id /home/flyindat/domains/flyindata.com.cn/public_html/Application/En/Controller/CommonController.class.php 第 117 行.
SQL: SHOW COLUMNS FROM `flyin_goods` [ RunTime:0.0013s ]
SQL: SELECT * FROM `flyin_goods` WHERE (  goods_id = '41'  ) LIMIT 1   [ RunTime:0.0021s ]
NOTIC: [8] Undefined index: historyen /home/flyindat/domains/flyindata.com.cn/public_html/Application/En/Controller/CommonController.class.php 第 129 行.
NOTIC: [8] Undefined index: historyen /home/flyindat/domains/flyindata.com.cn/public_html/Application/En/Controller/CommonController.class.php 第 137 行.
NOTIC: [8] Undefined index: history /home/flyindat/domains/flyindata.com.cn/public_html/Application/En/Controller/GoodsController.class.php 第 44 行.
SQL: SHOW COLUMNS FROM `flyin_goods` [ RunTime:0.0022s ]
SQL: SHOW COLUMNS FROM `flyin_goods` [ RunTime:0.0019s ]
SQL: SELECT g.*,gg.* FROM flyin_goods as g LEFT JOIN flyin_gallery as gg ON g.goods_id = gg.goods_id  WHERE g.goods_id = '41'  [ RunTime:0.0005s ]
NOTIC: [8] Undefined index: img_big /home/flyindat/domains/flyindata.com.cn/public_html/Application/En/Model/GoodsModel.class.php 第 166 行.
NOTIC: [8] Undefined index: img_small /home/flyindat/domains/flyindata.com.cn/public_html/Application/En/Model/GoodsModel.class.php 第 168 行.
SQL: SHOW COLUMNS FROM `flyin_goods` [ RunTime:0.0019s ]
SQL: SELECT g.*,gg.* FROM flyin_goods as g JOIN flyin_parameter as gg ON g.goods_id = gg.goods_id  WHERE g.goods_id = '41'  [ RunTime:0.0004s ]
SQL: SELECT `id`,`linkname`,`url` FROM `flyin_friendlink` WHERE `isshow` = 1 ORDER BY linkorder  [ RunTime:0.0001s ]
SQL: SHOW COLUMNS FROM `flyin_category` [ RunTime:0.0013s ]
SQL: SELECT `cat_id` FROM `flyin_category`  [ RunTime:0.0001s ]
SQL: SHOW COLUMNS FROM `flyin_goods` [ RunTime:0.0017s ]
SQL: SELECT `goods_id`,`goods_name`,`img_center`,`goods_pdf`,`cat_id` FROM `flyin_goods` WHERE `goods_id` = 41 LIMIT 1   [ RunTime:0.0003s ]
NOTIC: [8] Undefined index: goods_keyword /home/flyindat/domains/flyindata.com.cn/public_html/Application/En/Controller/GoodsController.class.php 第 89 行.
INFO: [ view_parse ] --START--
INFO: [ template_filter ] --START--
INFO: Run Behavior\ContentReplaceBehavior [ RunTime:0.000214s ]
INFO: [ template_filter ] --END-- [ RunTime:0.000310s ]
INFO: Run Behavior\ParseTemplateBehavior [ RunTime:0.044145s ]
INFO: [ view_parse ] --END-- [ RunTime:0.044246s ]
INFO: [ view_filter ] --START--
INFO: Run Behavior\WriteHtmlCacheBehavior [ RunTime:0.000319s ]
INFO: Run Behavior\TokenBuildBehavior [ RunTime:0.000456s ]
INFO: [ view_filter ] --END-- [ RunTime:0.000872s ]
INFO: [ app_end ] --START--
INFO: Run Behavior\ShowPageTraceBehavior [ RunTime:0.000566s ]
INFO: [ app_end ] --END-- [ RunTime:0.000630s ]
NOTIC: [8] Constant URL_COMPAT already defined /home/flyindat/domains/flyindata.com.cn/public_html/index.php 第 33 行.

[ 2017-12-08T16:09:04+08:00 ] 106.120.173.138 /En/Goods/view/cat_id/1/goods_id/31.html
INFO: [ app_init ] --START--
INFO: Run Behavior\BuildLiteBehavior [ RunTime:0.000020s ]
INFO: [ app_init ] --END-- [ RunTime:0.000466s ]
INFO: [ app_begin ] --START--
INFO: Run Behavior\ReadHtmlCacheBehavior [ RunTime:0.000576s ]
INFO: Run Behavior\GetcodingBehavior [ RunTime:0.000327s ]
INFO: [ app_begin ] --END-- [ RunTime:0.001012s ]
SQL: SHOW COLUMNS FROM `flyin_category` [ RunTime:0.0018s ]
SQL: SELECT * FROM `flyin_category`  [ RunTime:0.0002s ]
NOTIC: [8] Undefined index: historyen /home/flyindat/domains/flyindata.com.cn/public_html/Application/En/Controller/CommonController.class.php 第 42 行.
SQL: SHOW COLUMNS FROM `flyin_friendlink` [ RunTime:0.0011s ]
SQL: SELECT `id`,`linkname`,`url` FROM `flyin_friendlink` WHERE `isshow` = 1 ORDER BY linkorder  [ RunTime:0.0002s ]
SQL: SHOW COLUMNS FROM `flyin_website` [ RunTime:0.0012s ]
SQL: SELECT `id`,`title`,`copy`,`logo`,`description`,`hotsearch`,`keywords`,`address`,`linkman`,`cellphone`,`cellphone`,`tel`,`fax`,`mail`,`qq` FROM `flyin_website` WHERE `status` = 1  [ RunTime:0.0002s ]
SQL: SHOW COLUMNS FROM `flyin_servicecategory` [ RunTime:0.0010s ]
SQL: SELECT `id`,`name`,`pid` FROM `flyin_servicecategory`  [ RunTime:0.0001s ]
SQL: SHOW COLUMNS FROM `flyin_services` [ RunTime:0.0012s ]
SQL: SELECT `id`,`servicecategory_id`,`sn`,`name`,`thumb`,`on_sale`,`recommend`,`add_time`,`custom_time`,`desc`,`recycle` FROM `flyin_services` WHERE `recommend` = 'yes' AND `on_sale` = 'yes' AND `recycle` = 'no' LIMIT 4   [ RunTime:0.0001s ]
SQL: SHOW COLUMNS FROM `flyin_services` [ RunTime:0.0019s ]
SQL: SELECT `id`,`name`,`thumb` FROM `flyin_services` WHERE `recycle` = 'no' AND `on_sale` = 'yes' AND `recommend` = 'yes' LIMIT 6   [ RunTime:0.0001s ]
SQL: SELECT COUNT(*) AS tp_count FROM `flyin_services` WHERE `recycle` = 'no' AND `on_sale` = 'yes' LIMIT 1   [ RunTime:0.0001s ]
SQL: SELECT `servicecategory_id`,`id`,`name`,`thumb`,`custom_time`,`date` FROM `flyin_services` WHERE `recycle` = 'no' AND `on_sale` = 'yes' ORDER BY id desc LIMIT 0,6   [ RunTime:0.0001s ]
NOTIC: [8] Undefined index: cat_id /home/flyindat/domains/flyindata.com.cn/public_html/Application/En/Controller/CommonController.class.php 第 86 行.
SQL: SHOW COLUMNS FROM `flyin_newcategory` [ RunTime:0.0010s ]
SQL: SELECT `id`,`name`,`pid` FROM `flyin_newcategory`  [ RunTime:0.0001s ]
SQL: SHOW COLUMNS FROM `flyin_news` [ RunTime:0.0013s ]
SQL: SELECT `id`,`newcategory_id`,`sn`,`name`,`thumb`,`on_sale`,`recommend`,`add_time`,`custom_time`,`desc`,`recycle` FROM `flyin_news` WHERE `recommend` = 'yes' AND `on_sale` = 'yes' AND `recycle` = 'no' LIMIT 4   [ RunTime:0.0001s ]
SQL: SHOW COLUMNS FROM `flyin_news` [ RunTime:0.0012s ]
SQL: SELECT COUNT(*) AS tp_count FROM `flyin_news` WHERE `recycle` = 'no' AND `on_sale` = 'yes' LIMIT 1   [ RunTime:0.0001s ]
SQL: SELECT `newcategory_id`,`id`,`name`,`thumb`,`custom_time`,`desc` FROM `flyin_news` WHERE `recycle` = 'no' AND `on_sale` = 'yes' ORDER BY id desc LIMIT 0,6   [ RunTime:0.0001s ]
NOTIC: [8] Undefined index: cat_id /home/flyindat/domains/flyindata.com.cn/public_html/Application/En/Controller/CommonController.class.php 第 117 行.
SQL: SHOW COLUMNS FROM `flyin_goods` [ RunTime:0.0013s ]
SQL: SELECT * FROM `flyin_goods` WHERE (  goods_id = '31'  ) LIMIT 1   [ RunTime:0.0020s ]
NOTIC: [8] Undefined index: historyen /home/flyindat/domains/flyindata.com.cn/public_html/Application/En/Controller/CommonController.class.php 第 129 行.
NOTIC: [8] Undefined index: historyen /home/flyindat/domains/flyindata.com.cn/public_html/Application/En/Controller/CommonController.class.php 第 137 行.
NOTIC: [8] Undefined index: history /home/flyindat/domains/flyindata.com.cn/public_html/Application/En/Controller/GoodsController.class.php 第 44 行.
SQL: SHOW COLUMNS FROM `flyin_goods` [ RunTime:0.0014s ]
SQL: SHOW COLUMNS FROM `flyin_goods` [ RunTime:0.0018s ]
SQL: SELECT g.*,gg.* FROM flyin_goods as g LEFT JOIN flyin_gallery as gg ON g.goods_id = gg.goods_id  WHERE g.goods_id = '31'  [ RunTime:0.0004s ]
NOTIC: [8] Undefined index: img_big /home/flyindat/domains/flyindata.com.cn/public_html/Application/En/Model/GoodsModel.class.php 第 166 行.
NOTIC: [8] Undefined index: img_small /home/flyindat/domains/flyindata.com.cn/public_html/Application/En/Model/GoodsModel.class.php 第 168 行.
SQL: SHOW COLUMNS FROM `flyin_goods` [ RunTime:0.0013s ]
SQL: SELECT g.*,gg.* FROM flyin_goods as g JOIN flyin_parameter as gg ON g.goods_id = gg.goods_id  WHERE g.goods_id = '31'  [ RunTime:0.0003s ]
SQL: SELECT `id`,`linkname`,`url` FROM `flyin_friendlink` WHERE `isshow` = 1 ORDER BY linkorder  [ RunTime:0.0001s ]
SQL: SHOW COLUMNS FROM `flyin_category` [ RunTime:0.0009s ]
SQL: SELECT `cat_id` FROM `flyin_category`  [ RunTime:0.0001s ]
SQL: SHOW COLUMNS FROM `flyin_goods` [ RunTime:0.0012s ]
SQL: SELECT `goods_id`,`goods_name`,`img_center`,`goods_pdf`,`cat_id` FROM `flyin_goods` WHERE `goods_id` = 31 LIMIT 1   [ RunTime:0.0002s ]
NOTIC: [8] Undefined index: goods_keyword /home/flyindat/domains/flyindata.com.cn/public_html/Application/En/Controller/GoodsController.class.php 第 89 行.
INFO: [ view_parse ] --START--
INFO: [ template_filter ] --START--
INFO: Run Behavior\ContentReplaceBehavior [ RunTime:0.000215s ]
INFO: [ template_filter ] --END-- [ RunTime:0.000309s ]
INFO: Run Behavior\ParseTemplateBehavior [ RunTime:0.044283s ]
INFO: [ view_parse ] --END-- [ RunTime:0.044369s ]
INFO: [ view_filter ] --START--
INFO: Run Behavior\WriteHtmlCacheBehavior [ RunTime:0.000328s ]
INFO: Run Behavior\TokenBuildBehavior [ RunTime:0.000402s ]
INFO: [ view_filter ] --END-- [ RunTime:0.000827s ]
INFO: [ app_end ] --START--
INFO: Run Behavior\ShowPageTraceBehavior [ RunTime:0.000597s ]
INFO: [ app_end ] --END-- [ RunTime:0.000661s ]
NOTIC: [8] Constant URL_COMPAT already defined /home/flyindat/domains/flyindata.com.cn/public_html/index.php 第 33 行.

[ 2017-12-08T16:09:14+08:00 ] 106.120.173.138 /En/Goods/view/cat_id/2/goods_id/34.html
INFO: [ app_init ] --START--
INFO: Run Behavior\BuildLiteBehavior [ RunTime:0.000025s ]
INFO: [ app_init ] --END-- [ RunTime:0.000503s ]
INFO: [ app_begin ] --START--
INFO: Run Behavior\ReadHtmlCacheBehavior [ RunTime:0.000582s ]
INFO: Run Behavior\GetcodingBehavior [ RunTime:0.000350s ]
INFO: [ app_begin ] --END-- [ RunTime:0.001043s ]
SQL: SHOW COLUMNS FROM `flyin_category` [ RunTime:0.0018s ]
SQL: SELECT * FROM `flyin_category`  [ RunTime:0.0002s ]
NOTIC: [8] Undefined index: historyen /home/flyindat/domains/flyindata.com.cn/public_html/Application/En/Controller/CommonController.class.php 第 42 行.
SQL: SHOW COLUMNS FROM `flyin_friendlink` [ RunTime:0.0011s ]
SQL: SELECT `id`,`linkname`,`url` FROM `flyin_friendlink` WHERE `isshow` = 1 ORDER BY linkorder  [ RunTime:0.0002s ]
SQL: SHOW COLUMNS FROM `flyin_website` [ RunTime:0.0012s ]
SQL: SELECT `id`,`title`,`copy`,`logo`,`description`,`hotsearch`,`keywords`,`address`,`linkman`,`cellphone`,`cellphone`,`tel`,`fax`,`mail`,`qq` FROM `flyin_website` WHERE `status` = 1  [ RunTime:0.0002s ]
SQL: SHOW COLUMNS FROM `flyin_servicecategory` [ RunTime:0.0010s ]
SQL: SELECT `id`,`name`,`pid` FROM `flyin_servicecategory`  [ RunTime:0.0002s ]
SQL: SHOW COLUMNS FROM `flyin_services` [ RunTime:0.0012s ]
SQL: SELECT `id`,`servicecategory_id`,`sn`,`name`,`thumb`,`on_sale`,`recommend`,`add_time`,`custom_time`,`desc`,`recycle` FROM `flyin_services` WHERE `recommend` = 'yes' AND `on_sale` = 'yes' AND `recycle` = 'no' LIMIT 4   [ RunTime:0.0002s ]
SQL: SHOW COLUMNS FROM `flyin_services` [ RunTime:0.0012s ]
SQL: SELECT `id`,`name`,`thumb` FROM `flyin_services` WHERE `recycle` = 'no' AND `on_sale` = 'yes' AND `recommend` = 'yes' LIMIT 6   [ RunTime:0.0002s ]
SQL: SELECT COUNT(*) AS tp_count FROM `flyin_services` WHERE `recycle` = 'no' AND `on_sale` = 'yes' LIMIT 1   [ RunTime:0.0001s ]
SQL: SELECT `servicecategory_id`,`id`,`name`,`thumb`,`custom_time`,`date` FROM `flyin_services` WHERE `recycle` = 'no' AND `on_sale` = 'yes' ORDER BY id desc LIMIT 0,6   [ RunTime:0.0002s ]
NOTIC: [8] Undefined index: cat_id /home/flyindat/domains/flyindata.com.cn/public_html/Application/En/Controller/CommonController.class.php 第 86 行.
SQL: SHOW COLUMNS FROM `flyin_newcategory` [ RunTime:0.0010s ]
SQL: SELECT `id`,`name`,`pid` FROM `flyin_newcategory`  [ RunTime:0.0002s ]
SQL: SHOW COLUMNS FROM `flyin_news` [ RunTime:0.0011s ]
SQL: SELECT `id`,`newcategory_id`,`sn`,`name`,`thumb`,`on_sale`,`recommend`,`add_time`,`custom_time`,`desc`,`recycle` FROM `flyin_news` WHERE `recommend` = 'yes' AND `on_sale` = 'yes' AND `recycle` = 'no' LIMIT 4   [ RunTime:0.0002s ]
SQL: SHOW COLUMNS FROM `flyin_news` [ RunTime:0.0011s ]
SQL: SELECT COUNT(*) AS tp_count FROM `flyin_news` WHERE `recycle` = 'no' AND `on_sale` = 'yes' LIMIT 1   [ RunTime:0.0001s ]
SQL: SELECT `newcategory_id`,`id`,`name`,`thumb`,`custom_time`,`desc` FROM `flyin_news` WHERE `recycle` = 'no' AND `on_sale` = 'yes' ORDER BY id desc LIMIT 0,6   [ RunTime:0.0002s ]
NOTIC: [8] Undefined index: cat_id /home/flyindat/domains/flyindata.com.cn/public_html/Application/En/Controller/CommonController.class.php 第 117 行.
SQL: SHOW COLUMNS FROM `flyin_goods` [ RunTime:0.0013s ]
SQL: SELECT * FROM `flyin_goods` WHERE (  goods_id = '34'  ) LIMIT 1   [ RunTime:0.0047s ]
NOTIC: [8] Undefined index: historyen /home/flyindat/domains/flyindata.com.cn/public_html/Application/En/Controller/CommonController.class.php 第 129 行.
NOTIC: [8] Undefined index: historyen /home/flyindat/domains/flyindata.com.cn/public_html/Application/En/Controller/CommonController.class.php 第 137 行.
NOTIC: [8] Undefined index: history /home/flyindat/domains/flyindata.com.cn/public_html/Application/En/Controller/GoodsController.class.php 第 44 行.
SQL: SHOW COLUMNS FROM `flyin_goods` [ RunTime:0.0013s ]
SQL: SHOW COLUMNS FROM `flyin_goods` [ RunTime:0.0013s ]
SQL: SELECT g.*,gg.* FROM flyin_goods as g LEFT JOIN flyin_gallery as gg ON g.goods_id = gg.goods_id  WHERE g.goods_id = '34'  [ RunTime:0.0004s ]
NOTIC: [8] Undefined index: img_big /home/flyindat/domains/flyindata.com.cn/public_html/Application/En/Model/GoodsModel.class.php 第 166 行.
NOTIC: [8] Undefined index: img_small /home/flyindat/domains/flyindata.com.cn/public_html/Application/En/Model/GoodsModel.class.php 第 168 行.
SQL: SHOW COLUMNS FROM `flyin_goods` [ RunTime:0.0012s ]
SQL: SELECT g.*,gg.* FROM flyin_goods as g JOIN flyin_parameter as gg ON g.goods_id = gg.goods_id  WHERE g.goods_id = '34'  [ RunTime:0.0004s ]
SQL: SELECT `id`,`linkname`,`url` FROM `flyin_friendlink` WHERE `isshow` = 1 ORDER BY linkorder  [ RunTime:0.0002s ]
SQL: SHOW COLUMNS FROM `flyin_category` [ RunTime:0.0016s ]
SQL: SELECT `cat_id` FROM `flyin_category`  [ RunTime:0.0001s ]
SQL: SHOW COLUMNS FROM `flyin_goods` [ RunTime:0.0019s ]
SQL: SELECT `goods_id`,`goods_name`,`img_center`,`goods_pdf`,`cat_id` FROM `flyin_goods` WHERE `goods_id` = 34 LIMIT 1   [ RunTime:0.0003s ]
NOTIC: [8] Undefined index: goods_keyword /home/flyindat/domains/flyindata.com.cn/public_html/Application/En/Controller/GoodsController.class.php 第 89 行.
INFO: [ view_parse ] --START--
INFO: [ template_filter ] --START--
INFO: Run Behavior\ContentReplaceBehavior [ RunTime:0.000207s ]
INFO: [ template_filter ] --END-- [ RunTime:0.000300s ]
INFO: Run Behavior\ParseTemplateBehavior [ RunTime:0.045744s ]
INFO: [ view_parse ] --END-- [ RunTime:0.045837s ]
INFO: [ view_filter ] --START--
INFO: Run Behavior\WriteHtmlCacheBehavior [ RunTime:0.000322s ]
INFO: Run Behavior\TokenBuildBehavior [ RunTime:0.000570s ]
INFO: [ view_filter ] --END-- [ RunTime:0.000989s ]
INFO: [ app_end ] --START--
INFO: Run Behavior\ShowPageTraceBehavior [ RunTime:0.000564s ]
INFO: [ app_end ] --END-- [ RunTime:0.000628s ]
NOTIC: [8] Constant URL_COMPAT already defined /home/flyindat/domains/flyindata.com.cn/public_html/index.php 第 33 行.

[ 2017-12-08T16:09:24+08:00 ] 106.120.173.138 /En/Goods/view/cat_id/1/goods_id/29.html
INFO: [ app_init ] --START--
INFO: Run Behavior\BuildLiteBehavior [ RunTime:0.000030s ]
INFO: [ app_init ] --END-- [ RunTime:0.000541s ]
INFO: [ app_begin ] --START--
INFO: Run Behavior\ReadHtmlCacheBehavior [ RunTime:0.000764s ]
INFO: Run Behavior\GetcodingBehavior [ RunTime:0.000424s ]
INFO: [ app_begin ] --END-- [ RunTime:0.001315s ]
SQL: SHOW COLUMNS FROM `flyin_category` [ RunTime:0.0026s ]
SQL: SELECT * FROM `flyin_category`  [ RunTime:0.0002s ]
NOTIC: [8] Undefined index: historyen /home/flyindat/domains/flyindata.com.cn/public_html/Application/En/Controller/CommonController.class.php 第 42 行.
SQL: SHOW COLUMNS FROM `flyin_friendlink` [ RunTime:0.0022s ]
SQL: SELECT `id`,`linkname`,`url` FROM `flyin_friendlink` WHERE `isshow` = 1 ORDER BY linkorder  [ RunTime:0.0002s ]
SQL: SHOW COLUMNS FROM `flyin_website` [ RunTime:0.0021s ]
SQL: SELECT `id`,`title`,`copy`,`logo`,`description`,`hotsearch`,`keywords`,`address`,`linkman`,`cellphone`,`cellphone`,`tel`,`fax`,`mail`,`qq` FROM `flyin_website` WHERE `status` = 1  [ RunTime:0.0002s ]
SQL: SHOW COLUMNS FROM `flyin_servicecategory` [ RunTime:0.0021s ]
SQL: SELECT `id`,`name`,`pid` FROM `flyin_servicecategory`  [ RunTime:0.0002s ]
SQL: SHOW COLUMNS FROM `flyin_services` [ RunTime:0.0014s ]
SQL: SELECT `id`,`servicecategory_id`,`sn`,`name`,`thumb`,`on_sale`,`recommend`,`add_time`,`custom_time`,`desc`,`recycle` FROM `flyin_services` WHERE `recommend` = 'yes' AND `on_sale` = 'yes' AND `recycle` = 'no' LIMIT 4   [ RunTime:0.0002s ]
SQL: SHOW COLUMNS FROM `flyin_services` [ RunTime:0.0014s ]
SQL: SELECT `id`,`name`,`thumb` FROM `flyin_services` WHERE `recycle` = 'no' AND `on_sale` = 'yes' AND `recommend` = 'yes' LIMIT 6   [ RunTime:0.0001s ]
SQL: SELECT COUNT(*) AS tp_count FROM `flyin_services` WHERE `recycle` = 'no' AND `on_sale` = 'yes' LIMIT 1   [ RunTime:0.0001s ]
SQL: SELECT `servicecategory_id`,`id`,`name`,`thumb`,`custom_time`,`date` FROM `flyin_services` WHERE `recycle` = 'no' AND `on_sale` = 'yes' ORDER BY id desc LIMIT 0,6   [ RunTime:0.0001s ]
NOTIC: [8] Undefined index: cat_id /home/flyindat/domains/flyindata.com.cn/public_html/Application/En/Controller/CommonController.class.php 第 86 行.
SQL: SHOW COLUMNS FROM `flyin_newcategory` [ RunTime:0.0015s ]
SQL: SELECT `id`,`name`,`pid` FROM `flyin_newcategory`  [ RunTime:0.0001s ]
SQL: SHOW COLUMNS FROM `flyin_news` [ RunTime:0.0012s ]
SQL: SELECT `id`,`newcategory_id`,`sn`,`name`,`thumb`,`on_sale`,`recommend`,`add_time`,`custom_time`,`desc`,`recycle` FROM `flyin_news` WHERE `recommend` = 'yes' AND `on_sale` = 'yes' AND `recycle` = 'no' LIMIT 4   [ RunTime:0.0001s ]
SQL: SHOW COLUMNS FROM `flyin_news` [ RunTime:0.0015s ]
SQL: SELECT COUNT(*) AS tp_count FROM `flyin_news` WHERE `recycle` = 'no' AND `on_sale` = 'yes' LIMIT 1   [ RunTime:0.0001s ]
SQL: SELECT `newcategory_id`,`id`,`name`,`thumb`,`custom_time`,`desc` FROM `flyin_news` WHERE `recycle` = 'no' AND `on_sale` = 'yes' ORDER BY id desc LIMIT 0,6   [ RunTime:0.0001s ]
NOTIC: [8] Undefined index: cat_id /home/flyindat/domains/flyindata.com.cn/public_html/Application/En/Controller/CommonController.class.php 第 117 行.
SQL: SHOW COLUMNS FROM `flyin_goods` [ RunTime:0.0022s ]
SQL: SELECT * FROM `flyin_goods` WHERE (  goods_id = '29'  ) LIMIT 1   [ RunTime:0.0021s ]
NOTIC: [8] Undefined index: historyen /home/flyindat/domains/flyindata.com.cn/public_html/Application/En/Controller/CommonController.class.php 第 129 行.
NOTIC: [8] Undefined index: historyen /home/flyindat/domains/flyindata.com.cn/public_html/Application/En/Controller/CommonController.class.php 第 137 行.
NOTIC: [8] Undefined index: history /home/flyindat/domains/flyindata.com.cn/public_html/Application/En/Controller/GoodsController.class.php 第 44 行.
SQL: SHOW COLUMNS FROM `flyin_goods` [ RunTime:0.0024s ]
SQL: SHOW COLUMNS FROM `flyin_goods` [ RunTime:0.0016s ]
SQL: SELECT g.*,gg.* FROM flyin_goods as g LEFT JOIN flyin_gallery as gg ON g.goods_id = gg.goods_id  WHERE g.goods_id = '29'  [ RunTime:0.0006s ]
NOTIC: [8] Undefined index: img_big /home/flyindat/domains/flyindata.com.cn/public_html/Application/En/Model/GoodsModel.class.php 第 166 行.
NOTIC: [8] Undefined index: img_small /home/flyindat/domains/flyindata.com.cn/public_html/Application/En/Model/GoodsModel.class.php 第 168 行.
SQL: SHOW COLUMNS FROM `flyin_goods` [ RunTime:0.0017s ]
SQL: SELECT g.*,gg.* FROM flyin_goods as g JOIN flyin_parameter as gg ON g.goods_id = gg.goods_id  WHERE g.goods_id = '29'  [ RunTime:0.0004s ]
SQL: SELECT `id`,`linkname`,`url` FROM `flyin_friendlink` WHERE `isshow` = 1 ORDER BY linkorder  [ RunTime:0.0001s ]
SQL: SHOW COLUMNS FROM `flyin_category` [ RunTime:0.0012s ]
SQL: SELECT `cat_id` FROM `flyin_category`  [ RunTime:0.0001s ]
SQL: SHOW COLUMNS FROM `flyin_goods` [ RunTime:0.0019s ]
SQL: SELECT `goods_id`,`goods_name`,`img_center`,`goods_pdf`,`cat_id` FROM `flyin_goods` WHERE `goods_id` = 29 LIMIT 1   [ RunTime:0.0003s ]
NOTIC: [8] Undefined index: goods_keyword /home/flyindat/domains/flyindata.com.cn/public_html/Application/En/Controller/GoodsController.class.php 第 89 行.
INFO: [ view_parse ] --START--
INFO: [ template_filter ] --START--
INFO: Run Behavior\ContentReplaceBehavior [ RunTime:0.000277s ]
INFO: [ template_filter ] --END-- [ RunTime:0.000415s ]
INFO: Run Behavior\ParseTemplateBehavior [ RunTime:0.058629s ]
INFO: [ view_parse ] --END-- [ RunTime:0.058775s ]
INFO: [ view_filter ] --START--
INFO: Run Behavior\WriteHtmlCacheBehavior [ RunTime:0.000541s ]
INFO: Run Behavior\TokenBuildBehavior [ RunTime:0.000672s ]
INFO: [ view_filter ] --END-- [ RunTime:0.001370s ]
INFO: [ app_end ] --START--
INFO: Run Behavior\ShowPageTraceBehavior [ RunTime:0.000946s ]
INFO: [ app_end ] --END-- [ RunTime:0.001048s ]
NOTIC: [8] Constant URL_COMPAT already defined /home/flyindat/domains/flyindata.com.cn/public_html/index.php 第 33 行.

