[ 2018-01-10T08:05:25+08:00 ] 220.181.108.76 /En/Services/index.html
INFO: [ app_init ] --START--
INFO: Run Behavior\BuildLiteBehavior [ RunTime:0.000022s ]
INFO: [ app_init ] --END-- [ RunTime:0.000482s ]
INFO: [ app_begin ] --START--
INFO: Run Behavior\ReadHtmlCacheBehavior [ RunTime:0.000810s ]
INFO: Run Behavior\GetcodingBehavior [ RunTime:0.000316s ]
INFO: [ app_begin ] --END-- [ RunTime:0.001256s ]
SQL: SHOW COLUMNS FROM `flyin_category` [ RunTime:0.0037s ]
SQL: SELECT * FROM `flyin_category`  [ RunTime:0.0007s ]
NOTIC: [8] Undefined index: historyen /home/flyindat/domains/flyindata.com.cn/public_html/Application/En/Controller/CommonController.class.php 第 42 行.
SQL: SHOW COLUMNS FROM `flyin_friendlink` [ RunTime:0.0018s ]
SQL: SELECT `id`,`linkname`,`url` FROM `flyin_friendlink` WHERE `isshow` = 1 ORDER BY linkorder  [ RunTime:0.0005s ]
SQL: SHOW COLUMNS FROM `flyin_website` [ RunTime:0.0023s ]
SQL: SELECT `id`,`title`,`copy`,`logo`,`description`,`hotsearch`,`keywords`,`address`,`linkman`,`cellphone`,`cellphone`,`tel`,`fax`,`mail`,`qq` FROM `flyin_website` WHERE `status` = 1  [ RunTime:0.0007s ]
SQL: SHOW COLUMNS FROM `flyin_servicecategory` [ RunTime:0.0015s ]
SQL: SELECT `id`,`name`,`pid` FROM `flyin_servicecategory`  [ RunTime:0.0007s ]
SQL: SHOW COLUMNS FROM `flyin_services` [ RunTime:0.0017s ]
SQL: SELECT `id`,`servicecategory_id`,`sn`,`name`,`thumb`,`on_sale`,`recommend`,`add_time`,`custom_time`,`desc`,`recycle` FROM `flyin_services` WHERE `recommend` = 'yes' AND `on_sale` = 'yes' AND `recycle` = 'no' LIMIT 4   [ RunTime:0.0007s ]
SQL: SHOW COLUMNS FROM `flyin_services` [ RunTime:0.0012s ]
SQL: SELECT `id`,`name`,`thumb` FROM `flyin_services` WHERE `recycle` = 'no' AND `on_sale` = 'yes' AND `recommend` = 'yes' LIMIT 6   [ RunTime:0.0003s ]
SQL: SELECT COUNT(*) AS tp_count FROM `flyin_services` WHERE `recycle` = 'no' AND `on_sale` = 'yes' LIMIT 1   [ RunTime:0.0002s ]
SQL: SELECT `servicecategory_id`,`id`,`name`,`thumb`,`custom_time`,`date` FROM `flyin_services` WHERE `recycle` = 'no' AND `on_sale` = 'yes' ORDER BY id desc LIMIT 0,6   [ RunTime:0.0003s ]
NOTIC: [8] Undefined index: cat_id /home/flyindat/domains/flyindata.com.cn/public_html/Application/En/Controller/CommonController.class.php 第 86 行.
SQL: SHOW COLUMNS FROM `flyin_newcategory` [ RunTime:0.0013s ]
SQL: SELECT `id`,`name`,`pid` FROM `flyin_newcategory`  [ RunTime:0.0006s ]
SQL: SHOW COLUMNS FROM `flyin_news` [ RunTime:0.0017s ]
SQL: SELECT `id`,`newcategory_id`,`sn`,`name`,`thumb`,`on_sale`,`recommend`,`add_time`,`custom_time`,`desc`,`recycle` FROM `flyin_news` WHERE `recommend` = 'yes' AND `on_sale` = 'yes' AND `recycle` = 'no' LIMIT 4   [ RunTime:0.0007s ]
SQL: SHOW COLUMNS FROM `flyin_news` [ RunTime:0.0012s ]
SQL: SELECT COUNT(*) AS tp_count FROM `flyin_news` WHERE `recycle` = 'no' AND `on_sale` = 'yes' LIMIT 1   [ RunTime:0.0003s ]
SQL: SELECT `newcategory_id`,`id`,`name`,`thumb`,`custom_time`,`desc` FROM `flyin_news` WHERE `recycle` = 'no' AND `on_sale` = 'yes' ORDER BY id desc LIMIT 0,6   [ RunTime:0.0003s ]
NOTIC: [8] Undefined index: cat_id /home/flyindat/domains/flyindata.com.cn/public_html/Application/En/Controller/CommonController.class.php 第 117 行.
NOTIC: [8] Use of undefined constant services - assumed 'services' /home/flyindat/domains/flyindata.com.cn/public_html/Application/En/Controller/ServicesController.class.php 第 9 行.
SQL: SHOW COLUMNS FROM `flyin_services` [ RunTime:0.0012s ]
SQL: select count(id) as num,FROM_UNIXTIME(date,'%Y年%m月') as t,FROM_UNIXTIME(date,'%Y/%m') as t1  from flyin_services group by t order by t desc [ RunTime:0.0008s ]
SQL: SELECT `id`,`servicecategory_id`,`sn`,`name`,`thumb`,`on_sale`,`recommend`,`add_time`,`custom_time`,`desc`,`recycle` FROM `flyin_services` WHERE `recommend` = 'yes' AND `on_sale` = 'yes' AND `recycle` = 'no' LIMIT 4   [ RunTime:0.0001s ]
SQL: SELECT `id`,`name`,`thumb` FROM `flyin_services` WHERE `recycle` = 'no' AND `on_sale` = 'yes' AND `recommend` = 'yes' LIMIT 6   [ RunTime:0.0001s ]
SQL: SELECT COUNT(*) AS tp_count FROM `flyin_services` WHERE `recycle` = 'no' AND `on_sale` = 'yes' LIMIT 1   [ RunTime:0.0001s ]
SQL: SELECT `servicecategory_id`,`id`,`name`,`thumb`,`custom_time`,`date` FROM `flyin_services` WHERE `recycle` = 'no' AND `on_sale` = 'yes' ORDER BY id desc LIMIT 0,6   [ RunTime:0.0001s ]
NOTIC: [8] Undefined index: cat_id /home/flyindat/domains/flyindata.com.cn/public_html/Application/En/Controller/ServicesController.class.php 第 50 行.
NOTIC: [8] Undefined index: name /home/flyindat/domains/flyindata.com.cn/public_html/Application/En/Controller/ServicesController.class.php 第 51 行.
INFO: [ view_parse ] --START--
INFO: [ template_filter ] --START--
INFO: Run Behavior\ContentReplaceBehavior [ RunTime:0.000195s ]
INFO: [ template_filter ] --END-- [ RunTime:0.000296s ]
NOTIC: [8] Undefined variable: keywords /home/flyindat/domains/flyindata.com.cn/public_html/Application/Runtime/Cache/En/b0a1b6925d25eaa658d0863f85bb8505.php 第 7 行.
NOTIC: [8] Undefined variable: description /home/flyindat/domains/flyindata.com.cn/public_html/Application/Runtime/Cache/En/b0a1b6925d25eaa658d0863f85bb8505.php 第 8 行.
NOTIC: [8] Undefined variable: history /home/flyindat/domains/flyindata.com.cn/public_html/Application/Runtime/Cache/En/b0a1b6925d25eaa658d0863f85bb8505.php 第 89 行.
NOTIC: [8] Undefined index: desc /home/flyindat/domains/flyindata.com.cn/public_html/Application/Runtime/Cache/En/b0a1b6925d25eaa658d0863f85bb8505.php 第 234 行.
NOTIC: [8] Undefined index: desc /home/flyindat/domains/flyindata.com.cn/public_html/Application/Runtime/Cache/En/b0a1b6925d25eaa658d0863f85bb8505.php 第 234 行.
NOTIC: [8] Undefined index: desc /home/flyindat/domains/flyindata.com.cn/public_html/Application/Runtime/Cache/En/b0a1b6925d25eaa658d0863f85bb8505.php 第 234 行.
NOTIC: [8] Undefined index: desc /home/flyindat/domains/flyindata.com.cn/public_html/Application/Runtime/Cache/En/b0a1b6925d25eaa658d0863f85bb8505.php 第 234 行.
INFO: Run Behavior\ParseTemplateBehavior [ RunTime:0.048392s ]
INFO: [ view_parse ] --END-- [ RunTime:0.048467s ]
INFO: [ view_filter ] --START--
INFO: Run Behavior\WriteHtmlCacheBehavior [ RunTime:0.000392s ]
INFO: Run Behavior\TokenBuildBehavior [ RunTime:0.000406s ]
INFO: [ view_filter ] --END-- [ RunTime:0.000898s ]
INFO: [ app_end ] --START--
INFO: Run Behavior\ShowPageTraceBehavior [ RunTime:0.000582s ]
INFO: [ app_end ] --END-- [ RunTime:0.000647s ]
NOTIC: [8] Constant URL_COMPAT already defined /home/flyindat/domains/flyindata.com.cn/public_html/index.php 第 33 行.

[ 2018-01-10T08:05:26+08:00 ] 220.181.108.146 /En/Services/
INFO: [ app_init ] --START--
INFO: Run Behavior\BuildLiteBehavior [ RunTime:0.000021s ]
INFO: [ app_init ] --END-- [ RunTime:0.000496s ]
INFO: [ app_begin ] --START--
INFO: Run Behavior\ReadHtmlCacheBehavior [ RunTime:0.000579s ]
INFO: Run Behavior\GetcodingBehavior [ RunTime:0.000329s ]
INFO: [ app_begin ] --END-- [ RunTime:0.001024s ]
SQL: SHOW COLUMNS FROM `flyin_category` [ RunTime:0.0022s ]
SQL: SELECT * FROM `flyin_category`  [ RunTime:0.0002s ]
NOTIC: [8] Undefined index: historyen /home/flyindat/domains/flyindata.com.cn/public_html/Application/En/Controller/CommonController.class.php 第 42 行.
SQL: SHOW COLUMNS FROM `flyin_friendlink` [ RunTime:0.0016s ]
SQL: SELECT `id`,`linkname`,`url` FROM `flyin_friendlink` WHERE `isshow` = 1 ORDER BY linkorder  [ RunTime:0.0001s ]
SQL: SHOW COLUMNS FROM `flyin_website` [ RunTime:0.0022s ]
SQL: SELECT `id`,`title`,`copy`,`logo`,`description`,`hotsearch`,`keywords`,`address`,`linkman`,`cellphone`,`cellphone`,`tel`,`fax`,`mail`,`qq` FROM `flyin_website` WHERE `status` = 1  [ RunTime:0.0002s ]
SQL: SHOW COLUMNS FROM `flyin_servicecategory` [ RunTime:0.0019s ]
SQL: SELECT `id`,`name`,`pid` FROM `flyin_servicecategory`  [ RunTime:0.0001s ]
SQL: SHOW COLUMNS FROM `flyin_services` [ RunTime:0.0016s ]
SQL: SELECT `id`,`servicecategory_id`,`sn`,`name`,`thumb`,`on_sale`,`recommend`,`add_time`,`custom_time`,`desc`,`recycle` FROM `flyin_services` WHERE `recommend` = 'yes' AND `on_sale` = 'yes' AND `recycle` = 'no' LIMIT 4   [ RunTime:0.0002s ]
SQL: SHOW COLUMNS FROM `flyin_services` [ RunTime:0.0013s ]
SQL: SELECT `id`,`name`,`thumb` FROM `flyin_services` WHERE `recycle` = 'no' AND `on_sale` = 'yes' AND `recommend` = 'yes' LIMIT 6   [ RunTime:0.0001s ]
SQL: SELECT COUNT(*) AS tp_count FROM `flyin_services` WHERE `recycle` = 'no' AND `on_sale` = 'yes' LIMIT 1   [ RunTime:0.0001s ]
SQL: SELECT `servicecategory_id`,`id`,`name`,`thumb`,`custom_time`,`date` FROM `flyin_services` WHERE `recycle` = 'no' AND `on_sale` = 'yes' ORDER BY id desc LIMIT 0,6   [ RunTime:0.0001s ]
NOTIC: [8] Undefined index: cat_id /home/flyindat/domains/flyindata.com.cn/public_html/Application/En/Controller/CommonController.class.php 第 86 行.
SQL: SHOW COLUMNS FROM `flyin_newcategory` [ RunTime:0.0011s ]
SQL: SELECT `id`,`name`,`pid` FROM `flyin_newcategory`  [ RunTime:0.0001s ]
SQL: SHOW COLUMNS FROM `flyin_news` [ RunTime:0.0016s ]
SQL: SELECT `id`,`newcategory_id`,`sn`,`name`,`thumb`,`on_sale`,`recommend`,`add_time`,`custom_time`,`desc`,`recycle` FROM `flyin_news` WHERE `recommend` = 'yes' AND `on_sale` = 'yes' AND `recycle` = 'no' LIMIT 4   [ RunTime:0.0002s ]
SQL: SHOW COLUMNS FROM `flyin_news` [ RunTime:0.0020s ]
SQL: SELECT COUNT(*) AS tp_count FROM `flyin_news` WHERE `recycle` = 'no' AND `on_sale` = 'yes' LIMIT 1   [ RunTime:0.0001s ]
SQL: SELECT `newcategory_id`,`id`,`name`,`thumb`,`custom_time`,`desc` FROM `flyin_news` WHERE `recycle` = 'no' AND `on_sale` = 'yes' ORDER BY id desc LIMIT 0,6   [ RunTime:0.0001s ]
NOTIC: [8] Undefined index: cat_id /home/flyindat/domains/flyindata.com.cn/public_html/Application/En/Controller/CommonController.class.php 第 117 行.
NOTIC: [8] Use of undefined constant services - assumed 'services' /home/flyindat/domains/flyindata.com.cn/public_html/Application/En/Controller/ServicesController.class.php 第 9 行.
SQL: SHOW COLUMNS FROM `flyin_services` [ RunTime:0.0017s ]
SQL: select count(id) as num,FROM_UNIXTIME(date,'%Y年%m月') as t,FROM_UNIXTIME(date,'%Y/%m') as t1  from flyin_services group by t order by t desc [ RunTime:0.0004s ]
SQL: SELECT `id`,`servicecategory_id`,`sn`,`name`,`thumb`,`on_sale`,`recommend`,`add_time`,`custom_time`,`desc`,`recycle` FROM `flyin_services` WHERE `recommend` = 'yes' AND `on_sale` = 'yes' AND `recycle` = 'no' LIMIT 4   [ RunTime:0.0001s ]
SQL: SELECT `id`,`name`,`thumb` FROM `flyin_services` WHERE `recycle` = 'no' AND `on_sale` = 'yes' AND `recommend` = 'yes' LIMIT 6   [ RunTime:0.0001s ]
SQL: SELECT COUNT(*) AS tp_count FROM `flyin_services` WHERE `recycle` = 'no' AND `on_sale` = 'yes' LIMIT 1   [ RunTime:0.0001s ]
SQL: SELECT `servicecategory_id`,`id`,`name`,`thumb`,`custom_time`,`date` FROM `flyin_services` WHERE `recycle` = 'no' AND `on_sale` = 'yes' ORDER BY id desc LIMIT 0,6   [ RunTime:0.0001s ]
NOTIC: [8] Undefined index: cat_id /home/flyindat/domains/flyindata.com.cn/public_html/Application/En/Controller/ServicesController.class.php 第 50 行.
NOTIC: [8] Undefined index: name /home/flyindat/domains/flyindata.com.cn/public_html/Application/En/Controller/ServicesController.class.php 第 51 行.
INFO: [ view_parse ] --START--
INFO: [ template_filter ] --START--
INFO: Run Behavior\ContentReplaceBehavior [ RunTime:0.000217s ]
INFO: [ template_filter ] --END-- [ RunTime:0.000316s ]
NOTIC: [8] Undefined variable: keywords /home/flyindat/domains/flyindata.com.cn/public_html/Application/Runtime/Cache/En/b0a1b6925d25eaa658d0863f85bb8505.php 第 7 行.
NOTIC: [8] Undefined variable: description /home/flyindat/domains/flyindata.com.cn/public_html/Application/Runtime/Cache/En/b0a1b6925d25eaa658d0863f85bb8505.php 第 8 行.
NOTIC: [8] Undefined variable: history /home/flyindat/domains/flyindata.com.cn/public_html/Application/Runtime/Cache/En/b0a1b6925d25eaa658d0863f85bb8505.php 第 89 行.
NOTIC: [8] Undefined index: desc /home/flyindat/domains/flyindata.com.cn/public_html/Application/Runtime/Cache/En/b0a1b6925d25eaa658d0863f85bb8505.php 第 234 行.
NOTIC: [8] Undefined index: desc /home/flyindat/domains/flyindata.com.cn/public_html/Application/Runtime/Cache/En/b0a1b6925d25eaa658d0863f85bb8505.php 第 234 行.
NOTIC: [8] Undefined index: desc /home/flyindat/domains/flyindata.com.cn/public_html/Application/Runtime/Cache/En/b0a1b6925d25eaa658d0863f85bb8505.php 第 234 行.
NOTIC: [8] Undefined index: desc /home/flyindat/domains/flyindata.com.cn/public_html/Application/Runtime/Cache/En/b0a1b6925d25eaa658d0863f85bb8505.php 第 234 行.
INFO: Run Behavior\ParseTemplateBehavior [ RunTime:0.046672s ]
INFO: [ view_parse ] --END-- [ RunTime:0.046759s ]
INFO: [ view_filter ] --START--
INFO: Run Behavior\WriteHtmlCacheBehavior [ RunTime:0.000342s ]
INFO: Run Behavior\TokenBuildBehavior [ RunTime:0.000413s ]
INFO: [ view_filter ] --END-- [ RunTime:0.000965s ]
INFO: [ app_end ] --START--
INFO: Run Behavior\ShowPageTraceBehavior [ RunTime:0.000557s ]
INFO: [ app_end ] --END-- [ RunTime:0.000623s ]
NOTIC: [8] Constant URL_COMPAT already defined /home/flyindat/domains/flyindata.com.cn/public_html/index.php 第 33 行.

[ 2018-01-10T16:13:23+08:00 ] 220.181.108.86 /En
INFO: [ app_init ] --START--
INFO: Run Behavior\BuildLiteBehavior [ RunTime:0.000024s ]
INFO: [ app_init ] --END-- [ RunTime:0.000538s ]
INFO: [ app_begin ] --START--
INFO: Run Behavior\ReadHtmlCacheBehavior [ RunTime:0.000701s ]
INFO: Run Behavior\GetcodingBehavior [ RunTime:0.000316s ]
INFO: [ app_begin ] --END-- [ RunTime:0.001129s ]
SQL: SHOW COLUMNS FROM `flyin_category` [ RunTime:0.0036s ]
SQL: SELECT * FROM `flyin_category`  [ RunTime:0.0008s ]
NOTIC: [8] Undefined index: historyen /home/flyindat/domains/flyindata.com.cn/public_html/Application/En/Controller/CommonController.class.php 第 42 行.
SQL: SHOW COLUMNS FROM `flyin_friendlink` [ RunTime:0.0028s ]
SQL: SELECT `id`,`linkname`,`url` FROM `flyin_friendlink` WHERE `isshow` = 1 ORDER BY linkorder  [ RunTime:0.0010s ]
SQL: SHOW COLUMNS FROM `flyin_website` [ RunTime:0.0032s ]
SQL: SELECT `id`,`title`,`copy`,`logo`,`description`,`hotsearch`,`keywords`,`address`,`linkman`,`cellphone`,`cellphone`,`tel`,`fax`,`mail`,`qq` FROM `flyin_website` WHERE `status` = 1  [ RunTime:0.0017s ]
SQL: SHOW COLUMNS FROM `flyin_servicecategory` [ RunTime:0.0023s ]
SQL: SELECT `id`,`name`,`pid` FROM `flyin_servicecategory`  [ RunTime:0.0007s ]
SQL: SHOW COLUMNS FROM `flyin_services` [ RunTime:0.0022s ]
SQL: SELECT `id`,`servicecategory_id`,`sn`,`name`,`thumb`,`on_sale`,`recommend`,`add_time`,`custom_time`,`desc`,`recycle` FROM `flyin_services` WHERE `recommend` = 'yes' AND `on_sale` = 'yes' AND `recycle` = 'no' LIMIT 4   [ RunTime:0.0010s ]
SQL: SHOW COLUMNS FROM `flyin_services` [ RunTime:0.0019s ]
SQL: SELECT `id`,`name`,`thumb` FROM `flyin_services` WHERE `recycle` = 'no' AND `on_sale` = 'yes' AND `recommend` = 'yes' LIMIT 6   [ RunTime:0.0003s ]
SQL: SELECT COUNT(*) AS tp_count FROM `flyin_services` WHERE `recycle` = 'no' AND `on_sale` = 'yes' LIMIT 1   [ RunTime:0.0003s ]
SQL: SELECT `servicecategory_id`,`id`,`name`,`thumb`,`custom_time`,`date` FROM `flyin_services` WHERE `recycle` = 'no' AND `on_sale` = 'yes' ORDER BY id desc LIMIT 0,6   [ RunTime:0.0004s ]
NOTIC: [8] Undefined index: cat_id /home/flyindat/domains/flyindata.com.cn/public_html/Application/En/Controller/CommonController.class.php 第 86 行.
SQL: SHOW COLUMNS FROM `flyin_newcategory` [ RunTime:0.0018s ]
SQL: SELECT `id`,`name`,`pid` FROM `flyin_newcategory`  [ RunTime:0.0007s ]
SQL: SHOW COLUMNS FROM `flyin_news` [ RunTime:0.0021s ]
SQL: SELECT `id`,`newcategory_id`,`sn`,`name`,`thumb`,`on_sale`,`recommend`,`add_time`,`custom_time`,`desc`,`recycle` FROM `flyin_news` WHERE `recommend` = 'yes' AND `on_sale` = 'yes' AND `recycle` = 'no' LIMIT 4   [ RunTime:0.0012s ]
SQL: SHOW COLUMNS FROM `flyin_news` [ RunTime:0.0022s ]
SQL: SELECT COUNT(*) AS tp_count FROM `flyin_news` WHERE `recycle` = 'no' AND `on_sale` = 'yes' LIMIT 1   [ RunTime:0.0004s ]
SQL: SELECT `newcategory_id`,`id`,`name`,`thumb`,`custom_time`,`desc` FROM `flyin_news` WHERE `recycle` = 'no' AND `on_sale` = 'yes' ORDER BY id desc LIMIT 0,6   [ RunTime:0.0004s ]
NOTIC: [8] Undefined index: cat_id /home/flyindat/domains/flyindata.com.cn/public_html/Application/En/Controller/CommonController.class.php 第 117 行.
SQL: SHOW COLUMNS FROM `flyin_banners` [ RunTime:0.0028s ]
SQL: SHOW COLUMNS FROM `flyin_banners` [ RunTime:0.0019s ]
SQL: SELECT * FROM `flyin_banners` INNER JOIN flyin_bannercategory ON flyin_bannercategory.id = flyin_banners.Bannercategory_id  WHERE flyin_banners.recommend = 'yes' AND flyin_banners.recycle = 'no' AND flyin_bannercategory.name = '首页大广告图'  [ RunTime:0.0016s ]
SQL: SELECT * FROM `flyin_banners` LEFT JOIN flyin_bannercategory ON flyin_bannercategory.id = flyin_banners.Bannercategory_id  WHERE flyin_bannercategory.name = '基础方案'  [ RunTime:0.0004s ]
SQL: SELECT * FROM `flyin_banners` INNER JOIN flyin_bannercategory ON flyin_bannercategory.id = flyin_banners.Bannercategory_id  WHERE flyin_bannercategory.name = '合作伙伴'  [ RunTime:0.0004s ]
SQL: SHOW COLUMNS FROM `flyin_goods` [ RunTime:0.0048s ]
SQL: SHOW COLUMNS FROM `flyin_goods` [ RunTime:0.0025s ]
SQL: SELECT g.*,c.cat_name FROM flyin_goods as g LEFT JOIN flyin_category as c ON g.cat_id = c.cat_id  WHERE ( g.hot='yes' )  [ RunTime:0.0130s ]
SQL: SHOW COLUMNS FROM `flyin_goods` [ RunTime:0.0025s ]
SQL: SELECT g.*,c.cat_name FROM flyin_goods as g LEFT JOIN flyin_category as c ON g.cat_id = c.cat_id  WHERE ( g.hot='yes' )  [ RunTime:0.0003s ]
SQL: SELECT * FROM `flyin_category`  [ RunTime:0.0001s ]
SQL: SHOW COLUMNS FROM `flyin_ipdb` [ RunTime:0.0131s ]
SQL: SELECT `ip` FROM `flyin_ipdb` WHERE ( ip like "%220.181.108.86%" and ipdate="2018-01-10" )  [ RunTime:0.0009s ]
SQL: INSERT INTO `flyin_ipdb` (`ip`,`country`,`district`,`ipdate`,`isp`,`current_date`,`time`) VALUES ('220.181.108.86','中国','北京市北京市','2018-01-10','电信','2018-01-10 16:13:23','1515572003') [ RunTime:0.0003s ]
INFO: [ view_parse ] --START--
INFO: [ template_filter ] --START--
INFO: Run Behavior\ContentReplaceBehavior [ RunTime:0.000339s ]
INFO: [ template_filter ] --END-- [ RunTime:0.000480s ]
NOTIC: [8] Undefined variable: keywords /home/flyindat/domains/flyindata.com.cn/public_html/Application/Runtime/Cache/En/d13b22c87757054c230e870798873219.php 第 7 行.
NOTIC: [8] Undefined variable: description /home/flyindat/domains/flyindata.com.cn/public_html/Application/Runtime/Cache/En/d13b22c87757054c230e870798873219.php 第 8 行.
NOTIC: [8] Undefined variable: history /home/flyindat/domains/flyindata.com.cn/public_html/Application/Runtime/Cache/En/d13b22c87757054c230e870798873219.php 第 89 行.
NOTIC: [8] Undefined index: price /home/flyindat/domains/flyindata.com.cn/public_html/Application/Runtime/Cache/En/d13b22c87757054c230e870798873219.php 第 254 行.
NOTIC: [8] Undefined index: price /home/flyindat/domains/flyindata.com.cn/public_html/Application/Runtime/Cache/En/d13b22c87757054c230e870798873219.php 第 254 行.
NOTIC: [8] Undefined index: price /home/flyindat/domains/flyindata.com.cn/public_html/Application/Runtime/Cache/En/d13b22c87757054c230e870798873219.php 第 254 行.
NOTIC: [8] Undefined index: price /home/flyindat/domains/flyindata.com.cn/public_html/Application/Runtime/Cache/En/d13b22c87757054c230e870798873219.php 第 254 行.
NOTIC: [8] Undefined index: price /home/flyindat/domains/flyindata.com.cn/public_html/Application/Runtime/Cache/En/d13b22c87757054c230e870798873219.php 第 254 行.
NOTIC: [8] Undefined index: price /home/flyindat/domains/flyindata.com.cn/public_html/Application/Runtime/Cache/En/d13b22c87757054c230e870798873219.php 第 254 行.
NOTIC: [8] Undefined index: price /home/flyindat/domains/flyindata.com.cn/public_html/Application/Runtime/Cache/En/d13b22c87757054c230e870798873219.php 第 254 行.
NOTIC: [8] Undefined index: price /home/flyindat/domains/flyindata.com.cn/public_html/Application/Runtime/Cache/En/d13b22c87757054c230e870798873219.php 第 254 行.
NOTIC: [8] Undefined index: price /home/flyindat/domains/flyindata.com.cn/public_html/Application/Runtime/Cache/En/d13b22c87757054c230e870798873219.php 第 254 行.
NOTIC: [8] Undefined index: price /home/flyindat/domains/flyindata.com.cn/public_html/Application/Runtime/Cache/En/d13b22c87757054c230e870798873219.php 第 254 行.
INFO: Run Behavior\ParseTemplateBehavior [ RunTime:0.094092s ]
INFO: [ view_parse ] --END-- [ RunTime:0.094224s ]
INFO: [ view_filter ] --START--
INFO: Run Behavior\WriteHtmlCacheBehavior [ RunTime:0.000523s ]
INFO: Run Behavior\TokenBuildBehavior [ RunTime:0.000728s ]
INFO: [ view_filter ] --END-- [ RunTime:0.001411s ]
INFO: [ app_end ] --START--
INFO: Run Behavior\ShowPageTraceBehavior [ RunTime:0.000883s ]
INFO: [ app_end ] --END-- [ RunTime:0.000983s ]
NOTIC: [8] Constant URL_COMPAT already defined /home/flyindat/domains/flyindata.com.cn/public_html/index.php 第 33 行.

[ 2018-01-10T21:27:01+08:00 ] 106.120.173.138 /En/Goods/view/cat_id/1/goods_id/32.html
INFO: [ app_init ] --START--
INFO: Run Behavior\BuildLiteBehavior [ RunTime:0.000023s ]
INFO: [ app_init ] --END-- [ RunTime:0.000485s ]
INFO: [ app_begin ] --START--
INFO: Run Behavior\ReadHtmlCacheBehavior [ RunTime:0.000632s ]
INFO: Run Behavior\GetcodingBehavior [ RunTime:0.000356s ]
INFO: [ app_begin ] --END-- [ RunTime:0.001131s ]
SQL: SHOW COLUMNS FROM `flyin_category` [ RunTime:0.0031s ]
SQL: SELECT * FROM `flyin_category`  [ RunTime:0.0005s ]
NOTIC: [8] Undefined index: historyen /home/flyindat/domains/flyindata.com.cn/public_html/Application/En/Controller/CommonController.class.php 第 42 行.
SQL: SHOW COLUMNS FROM `flyin_friendlink` [ RunTime:0.0025s ]
SQL: SELECT `id`,`linkname`,`url` FROM `flyin_friendlink` WHERE `isshow` = 1 ORDER BY linkorder  [ RunTime:0.0005s ]
SQL: SHOW COLUMNS FROM `flyin_website` [ RunTime:0.0029s ]
SQL: SELECT `id`,`title`,`copy`,`logo`,`description`,`hotsearch`,`keywords`,`address`,`linkman`,`cellphone`,`cellphone`,`tel`,`fax`,`mail`,`qq` FROM `flyin_website` WHERE `status` = 1  [ RunTime:0.0005s ]
SQL: SHOW COLUMNS FROM `flyin_servicecategory` [ RunTime:0.0030s ]
SQL: SELECT `id`,`name`,`pid` FROM `flyin_servicecategory`  [ RunTime:0.0011s ]
SQL: SHOW COLUMNS FROM `flyin_services` [ RunTime:0.0024s ]
SQL: SELECT `id`,`servicecategory_id`,`sn`,`name`,`thumb`,`on_sale`,`recommend`,`add_time`,`custom_time`,`desc`,`recycle` FROM `flyin_services` WHERE `recommend` = 'yes' AND `on_sale` = 'yes' AND `recycle` = 'no' LIMIT 4   [ RunTime:0.0005s ]
SQL: SHOW COLUMNS FROM `flyin_services` [ RunTime:0.0024s ]
SQL: SELECT `id`,`name`,`thumb` FROM `flyin_services` WHERE `recycle` = 'no' AND `on_sale` = 'yes' AND `recommend` = 'yes' LIMIT 6   [ RunTime:0.0003s ]
SQL: SELECT COUNT(*) AS tp_count FROM `flyin_services` WHERE `recycle` = 'no' AND `on_sale` = 'yes' LIMIT 1   [ RunTime:0.0002s ]
SQL: SELECT `servicecategory_id`,`id`,`name`,`thumb`,`custom_time`,`date` FROM `flyin_services` WHERE `recycle` = 'no' AND `on_sale` = 'yes' ORDER BY id desc LIMIT 0,6   [ RunTime:0.0004s ]
NOTIC: [8] Undefined index: cat_id /home/flyindat/domains/flyindata.com.cn/public_html/Application/En/Controller/CommonController.class.php 第 86 行.
SQL: SHOW COLUMNS FROM `flyin_newcategory` [ RunTime:0.0024s ]
SQL: SELECT `id`,`name`,`pid` FROM `flyin_newcategory`  [ RunTime:0.0008s ]
SQL: SHOW COLUMNS FROM `flyin_news` [ RunTime:0.0024s ]
SQL: SELECT `id`,`newcategory_id`,`sn`,`name`,`thumb`,`on_sale`,`recommend`,`add_time`,`custom_time`,`desc`,`recycle` FROM `flyin_news` WHERE `recommend` = 'yes' AND `on_sale` = 'yes' AND `recycle` = 'no' LIMIT 4   [ RunTime:0.0014s ]
SQL: SHOW COLUMNS FROM `flyin_news` [ RunTime:0.0019s ]
SQL: SELECT COUNT(*) AS tp_count FROM `flyin_news` WHERE `recycle` = 'no' AND `on_sale` = 'yes' LIMIT 1   [ RunTime:0.0005s ]
SQL: SELECT `newcategory_id`,`id`,`name`,`thumb`,`custom_time`,`desc` FROM `flyin_news` WHERE `recycle` = 'no' AND `on_sale` = 'yes' ORDER BY id desc LIMIT 0,6   [ RunTime:0.0003s ]
NOTIC: [8] Undefined index: cat_id /home/flyindat/domains/flyindata.com.cn/public_html/Application/En/Controller/CommonController.class.php 第 117 行.
SQL: SHOW COLUMNS FROM `flyin_goods` [ RunTime:0.0029s ]
SQL: SELECT * FROM `flyin_goods` WHERE (  goods_id = '32'  ) LIMIT 1   [ RunTime:0.0029s ]
NOTIC: [8] Undefined index: historyen /home/flyindat/domains/flyindata.com.cn/public_html/Application/En/Controller/CommonController.class.php 第 129 行.
NOTIC: [8] Undefined index: historyen /home/flyindat/domains/flyindata.com.cn/public_html/Application/En/Controller/CommonController.class.php 第 137 行.
NOTIC: [8] Undefined index: history /home/flyindat/domains/flyindata.com.cn/public_html/Application/En/Controller/GoodsController.class.php 第 44 行.
SQL: SHOW COLUMNS FROM `flyin_goods` [ RunTime:0.0018s ]
SQL: SHOW COLUMNS FROM `flyin_goods` [ RunTime:0.0016s ]
SQL: SELECT g.*,gg.* FROM flyin_goods as g LEFT JOIN flyin_gallery as gg ON g.goods_id = gg.goods_id  WHERE g.goods_id = '32'  [ RunTime:0.0018s ]
NOTIC: [8] Undefined index: img_big /home/flyindat/domains/flyindata.com.cn/public_html/Application/En/Model/GoodsModel.class.php 第 166 行.
NOTIC: [8] Undefined index: img_small /home/flyindat/domains/flyindata.com.cn/public_html/Application/En/Model/GoodsModel.class.php 第 168 行.
SQL: SHOW COLUMNS FROM `flyin_goods` [ RunTime:0.0016s ]
SQL: SELECT g.*,gg.* FROM flyin_goods as g JOIN flyin_parameter as gg ON g.goods_id = gg.goods_id  WHERE g.goods_id = '32'  [ RunTime:0.0016s ]
SQL: SELECT `id`,`linkname`,`url` FROM `flyin_friendlink` WHERE `isshow` = 1 ORDER BY linkorder  [ RunTime:0.0001s ]
SQL: SHOW COLUMNS FROM `flyin_category` [ RunTime:0.0013s ]
SQL: SELECT `cat_id` FROM `flyin_category`  [ RunTime:0.0003s ]
SQL: SHOW COLUMNS FROM `flyin_goods` [ RunTime:0.0015s ]
SQL: SELECT `goods_id`,`goods_name`,`img_center`,`goods_pdf`,`cat_id` FROM `flyin_goods` WHERE `goods_id` = 32 LIMIT 1   [ RunTime:0.0003s ]
NOTIC: [8] Undefined index: goods_keyword /home/flyindat/domains/flyindata.com.cn/public_html/Application/En/Controller/GoodsController.class.php 第 89 行.
INFO: [ view_parse ] --START--
INFO: [ template_filter ] --START--
INFO: Run Behavior\ContentReplaceBehavior [ RunTime:0.000308s ]
INFO: [ template_filter ] --END-- [ RunTime:0.000442s ]
INFO: Run Behavior\ParseTemplateBehavior [ RunTime:0.056857s ]
INFO: [ view_parse ] --END-- [ RunTime:0.056970s ]
INFO: [ view_filter ] --START--
INFO: Run Behavior\WriteHtmlCacheBehavior [ RunTime:0.000396s ]
INFO: Run Behavior\TokenBuildBehavior [ RunTime:0.000444s ]
INFO: [ view_filter ] --END-- [ RunTime:0.000938s ]
INFO: [ app_end ] --START--
INFO: Run Behavior\ShowPageTraceBehavior [ RunTime:0.000576s ]
INFO: [ app_end ] --END-- [ RunTime:0.000641s ]
NOTIC: [8] Constant URL_COMPAT already defined /home/flyindat/domains/flyindata.com.cn/public_html/index.php 第 33 行.

[ 2018-01-10T21:27:11+08:00 ] 106.120.173.138 /En/Goods/view/cat_id/2/goods_id/34.html
INFO: [ app_init ] --START--
INFO: Run Behavior\BuildLiteBehavior [ RunTime:0.000031s ]
INFO: [ app_init ] --END-- [ RunTime:0.000689s ]
INFO: [ app_begin ] --START--
INFO: Run Behavior\ReadHtmlCacheBehavior [ RunTime:0.000946s ]
INFO: Run Behavior\GetcodingBehavior [ RunTime:0.000534s ]
INFO: [ app_begin ] --END-- [ RunTime:0.001644s ]
SQL: SHOW COLUMNS FROM `flyin_category` [ RunTime:0.0026s ]
SQL: SELECT * FROM `flyin_category`  [ RunTime:0.0002s ]
NOTIC: [8] Undefined index: historyen /home/flyindat/domains/flyindata.com.cn/public_html/Application/En/Controller/CommonController.class.php 第 42 行.
SQL: SHOW COLUMNS FROM `flyin_friendlink` [ RunTime:0.0020s ]
SQL: SELECT `id`,`linkname`,`url` FROM `flyin_friendlink` WHERE `isshow` = 1 ORDER BY linkorder  [ RunTime:0.0005s ]
SQL: SHOW COLUMNS FROM `flyin_website` [ RunTime:0.0023s ]
SQL: SELECT `id`,`title`,`copy`,`logo`,`description`,`hotsearch`,`keywords`,`address`,`linkman`,`cellphone`,`cellphone`,`tel`,`fax`,`mail`,`qq` FROM `flyin_website` WHERE `status` = 1  [ RunTime:0.0002s ]
SQL: SHOW COLUMNS FROM `flyin_servicecategory` [ RunTime:0.0019s ]
SQL: SELECT `id`,`name`,`pid` FROM `flyin_servicecategory`  [ RunTime:0.0001s ]
SQL: SHOW COLUMNS FROM `flyin_services` [ RunTime:0.0019s ]
SQL: SELECT `id`,`servicecategory_id`,`sn`,`name`,`thumb`,`on_sale`,`recommend`,`add_time`,`custom_time`,`desc`,`recycle` FROM `flyin_services` WHERE `recommend` = 'yes' AND `on_sale` = 'yes' AND `recycle` = 'no' LIMIT 4   [ RunTime:0.0002s ]
SQL: SHOW COLUMNS FROM `flyin_services` [ RunTime:0.0020s ]
SQL: SELECT `id`,`name`,`thumb` FROM `flyin_services` WHERE `recycle` = 'no' AND `on_sale` = 'yes' AND `recommend` = 'yes' LIMIT 6   [ RunTime:0.0001s ]
SQL: SELECT COUNT(*) AS tp_count FROM `flyin_services` WHERE `recycle` = 'no' AND `on_sale` = 'yes' LIMIT 1   [ RunTime:0.0001s ]
SQL: SELECT `servicecategory_id`,`id`,`name`,`thumb`,`custom_time`,`date` FROM `flyin_services` WHERE `recycle` = 'no' AND `on_sale` = 'yes' ORDER BY id desc LIMIT 0,6   [ RunTime:0.0002s ]
NOTIC: [8] Undefined index: cat_id /home/flyindat/domains/flyindata.com.cn/public_html/Application/En/Controller/CommonController.class.php 第 86 行.
SQL: SHOW COLUMNS FROM `flyin_newcategory` [ RunTime:0.0019s ]
SQL: SELECT `id`,`name`,`pid` FROM `flyin_newcategory`  [ RunTime:0.0001s ]
SQL: SHOW COLUMNS FROM `flyin_news` [ RunTime:0.0018s ]
SQL: SELECT `id`,`newcategory_id`,`sn`,`name`,`thumb`,`on_sale`,`recommend`,`add_time`,`custom_time`,`desc`,`recycle` FROM `flyin_news` WHERE `recommend` = 'yes' AND `on_sale` = 'yes' AND `recycle` = 'no' LIMIT 4   [ RunTime:0.0002s ]
SQL: SHOW COLUMNS FROM `flyin_news` [ RunTime:0.0019s ]
SQL: SELECT COUNT(*) AS tp_count FROM `flyin_news` WHERE `recycle` = 'no' AND `on_sale` = 'yes' LIMIT 1   [ RunTime:0.0001s ]
SQL: SELECT `newcategory_id`,`id`,`name`,`thumb`,`custom_time`,`desc` FROM `flyin_news` WHERE `recycle` = 'no' AND `on_sale` = 'yes' ORDER BY id desc LIMIT 0,6   [ RunTime:0.0001s ]
NOTIC: [8] Undefined index: cat_id /home/flyindat/domains/flyindata.com.cn/public_html/Application/En/Controller/CommonController.class.php 第 117 行.
SQL: SHOW COLUMNS FROM `flyin_goods` [ RunTime:0.0021s ]
SQL: SELECT * FROM `flyin_goods` WHERE (  goods_id = '34'  ) LIMIT 1   [ RunTime:0.0064s ]
NOTIC: [8] Undefined index: historyen /home/flyindat/domains/flyindata.com.cn/public_html/Application/En/Controller/CommonController.class.php 第 129 行.
NOTIC: [8] Undefined index: historyen /home/flyindat/domains/flyindata.com.cn/public_html/Application/En/Controller/CommonController.class.php 第 137 行.
NOTIC: [8] Undefined index: history /home/flyindat/domains/flyindata.com.cn/public_html/Application/En/Controller/GoodsController.class.php 第 44 行.
SQL: SHOW COLUMNS FROM `flyin_goods` [ RunTime:0.0074s ]
SQL: SHOW COLUMNS FROM `flyin_goods` [ RunTime:0.0024s ]
SQL: SELECT g.*,gg.* FROM flyin_goods as g LEFT JOIN flyin_gallery as gg ON g.goods_id = gg.goods_id  WHERE g.goods_id = '34'  [ RunTime:0.0048s ]
NOTIC: [8] Undefined index: img_big /home/flyindat/domains/flyindata.com.cn/public_html/Application/En/Model/GoodsModel.class.php 第 166 行.
NOTIC: [8] Undefined index: img_small /home/flyindat/domains/flyindata.com.cn/public_html/Application/En/Model/GoodsModel.class.php 第 168 行.
SQL: SHOW COLUMNS FROM `flyin_goods` [ RunTime:0.0023s ]
SQL: SELECT g.*,gg.* FROM flyin_goods as g JOIN flyin_parameter as gg ON g.goods_id = gg.goods_id  WHERE g.goods_id = '34'  [ RunTime:0.0007s ]
SQL: SELECT `id`,`linkname`,`url` FROM `flyin_friendlink` WHERE `isshow` = 1 ORDER BY linkorder  [ RunTime:0.0001s ]
SQL: SHOW COLUMNS FROM `flyin_category` [ RunTime:0.0018s ]
SQL: SELECT `cat_id` FROM `flyin_category`  [ RunTime:0.0002s ]
SQL: SHOW COLUMNS FROM `flyin_goods` [ RunTime:0.0022s ]
SQL: SELECT `goods_id`,`goods_name`,`img_center`,`goods_pdf`,`cat_id` FROM `flyin_goods` WHERE `goods_id` = 34 LIMIT 1   [ RunTime:0.0004s ]
NOTIC: [8] Undefined index: goods_keyword /home/flyindat/domains/flyindata.com.cn/public_html/Application/En/Controller/GoodsController.class.php 第 89 行.
INFO: [ view_parse ] --START--
INFO: [ template_filter ] --START--
INFO: Run Behavior\ContentReplaceBehavior [ RunTime:0.000300s ]
INFO: [ template_filter ] --END-- [ RunTime:0.000443s ]
INFO: Run Behavior\ParseTemplateBehavior [ RunTime:0.070854s ]
INFO: [ view_parse ] --END-- [ RunTime:0.071015s ]
INFO: [ view_filter ] --START--
INFO: Run Behavior\WriteHtmlCacheBehavior [ RunTime:0.000579s ]
INFO: Run Behavior\TokenBuildBehavior [ RunTime:0.000769s ]
INFO: [ view_filter ] --END-- [ RunTime:0.001504s ]
INFO: [ app_end ] --START--
INFO: Run Behavior\ShowPageTraceBehavior [ RunTime:0.001013s ]
INFO: [ app_end ] --END-- [ RunTime:0.001133s ]
NOTIC: [8] Constant URL_COMPAT already defined /home/flyindat/domains/flyindata.com.cn/public_html/index.php 第 33 行.

