[ 2018-01-18T09:39:49+08:00 ] 106.120.173.138 /En
INFO: [ app_init ] --START--
INFO: Run Behavior\BuildLiteBehavior [ RunTime:0.000031s ]
INFO: [ app_init ] --END-- [ RunTime:0.000723s ]
INFO: [ app_begin ] --START--
INFO: Run Behavior\ReadHtmlCacheBehavior [ RunTime:0.000887s ]
INFO: Run Behavior\GetcodingBehavior [ RunTime:0.000471s ]
INFO: [ app_begin ] --END-- [ RunTime:0.001517s ]
SQL: SHOW COLUMNS FROM `flyin_category` [ RunTime:0.0031s ]
SQL: SELECT * FROM `flyin_category`  [ RunTime:0.0009s ]
NOTIC: [8] Undefined index: historyen /home/flyindat/domains/flyindata.com.cn/public_html/Application/En/Controller/CommonController.class.php 第 42 行.
SQL: SHOW COLUMNS FROM `flyin_friendlink` [ RunTime:0.0020s ]
SQL: SELECT `id`,`linkname`,`url` FROM `flyin_friendlink` WHERE `isshow` = 1 ORDER BY linkorder  [ RunTime:0.0008s ]
SQL: SHOW COLUMNS FROM `flyin_website` [ RunTime:0.0027s ]
SQL: SELECT `id`,`title`,`copy`,`logo`,`description`,`hotsearch`,`keywords`,`address`,`linkman`,`cellphone`,`cellphone`,`tel`,`fax`,`mail`,`qq` FROM `flyin_website` WHERE `status` = 1  [ RunTime:0.0008s ]
SQL: SHOW COLUMNS FROM `flyin_servicecategory` [ RunTime:0.0023s ]
SQL: SELECT `id`,`name`,`pid` FROM `flyin_servicecategory`  [ RunTime:0.0009s ]
SQL: SHOW COLUMNS FROM `flyin_services` [ RunTime:0.0025s ]
SQL: SELECT `id`,`servicecategory_id`,`sn`,`name`,`thumb`,`on_sale`,`recommend`,`add_time`,`custom_time`,`desc`,`recycle` FROM `flyin_services` WHERE `recommend` = 'yes' AND `on_sale` = 'yes' AND `recycle` = 'no' LIMIT 4   [ RunTime:0.0006s ]
SQL: SHOW COLUMNS FROM `flyin_services` [ RunTime:0.0020s ]
SQL: SELECT `id`,`name`,`thumb` FROM `flyin_services` WHERE `recycle` = 'no' AND `on_sale` = 'yes' AND `recommend` = 'yes' LIMIT 6   [ RunTime:0.0004s ]
SQL: SELECT COUNT(*) AS tp_count FROM `flyin_services` WHERE `recycle` = 'no' AND `on_sale` = 'yes' LIMIT 1   [ RunTime:0.0002s ]
SQL: SELECT `servicecategory_id`,`id`,`name`,`thumb`,`custom_time`,`date` FROM `flyin_services` WHERE `recycle` = 'no' AND `on_sale` = 'yes' ORDER BY id desc LIMIT 0,6   [ RunTime:0.0003s ]
NOTIC: [8] Undefined index: cat_id /home/flyindat/domains/flyindata.com.cn/public_html/Application/En/Controller/CommonController.class.php 第 86 行.
SQL: SHOW COLUMNS FROM `flyin_newcategory` [ RunTime:0.0019s ]
SQL: SELECT `id`,`name`,`pid` FROM `flyin_newcategory`  [ RunTime:0.0007s ]
SQL: SHOW COLUMNS FROM `flyin_news` [ RunTime:0.0016s ]
SQL: SELECT `id`,`newcategory_id`,`sn`,`name`,`thumb`,`on_sale`,`recommend`,`add_time`,`custom_time`,`desc`,`recycle` FROM `flyin_news` WHERE `recommend` = 'yes' AND `on_sale` = 'yes' AND `recycle` = 'no' LIMIT 4   [ RunTime:0.0008s ]
SQL: SHOW COLUMNS FROM `flyin_news` [ RunTime:0.0016s ]
SQL: SELECT COUNT(*) AS tp_count FROM `flyin_news` WHERE `recycle` = 'no' AND `on_sale` = 'yes' LIMIT 1   [ RunTime:0.0003s ]
SQL: SELECT `newcategory_id`,`id`,`name`,`thumb`,`custom_time`,`desc` FROM `flyin_news` WHERE `recycle` = 'no' AND `on_sale` = 'yes' ORDER BY id desc LIMIT 0,6   [ RunTime:0.0003s ]
NOTIC: [8] Undefined index: cat_id /home/flyindat/domains/flyindata.com.cn/public_html/Application/En/Controller/CommonController.class.php 第 117 行.
SQL: SHOW COLUMNS FROM `flyin_banners` [ RunTime:0.0018s ]
SQL: SHOW COLUMNS FROM `flyin_banners` [ RunTime:0.0012s ]
SQL: SELECT * FROM `flyin_banners` INNER JOIN flyin_bannercategory ON flyin_bannercategory.id = flyin_banners.Bannercategory_id  WHERE flyin_banners.recommend = 'yes' AND flyin_banners.recycle = 'no' AND flyin_bannercategory.name = '首页大广告图'  [ RunTime:0.0019s ]
SQL: SELECT * FROM `flyin_banners` LEFT JOIN flyin_bannercategory ON flyin_bannercategory.id = flyin_banners.Bannercategory_id  WHERE flyin_bannercategory.name = '基础方案'  [ RunTime:0.0003s ]
SQL: SELECT * FROM `flyin_banners` INNER JOIN flyin_bannercategory ON flyin_bannercategory.id = flyin_banners.Bannercategory_id  WHERE flyin_bannercategory.name = '合作伙伴'  [ RunTime:0.0003s ]
SQL: SHOW COLUMNS FROM `flyin_goods` [ RunTime:0.0029s ]
SQL: SHOW COLUMNS FROM `flyin_goods` [ RunTime:0.0015s ]
SQL: SELECT g.*,c.cat_name FROM flyin_goods as g LEFT JOIN flyin_category as c ON g.cat_id = c.cat_id  WHERE ( g.hot='yes' )  [ RunTime:0.0111s ]
SQL: SHOW COLUMNS FROM `flyin_goods` [ RunTime:0.0030s ]
SQL: SELECT g.*,c.cat_name FROM flyin_goods as g LEFT JOIN flyin_category as c ON g.cat_id = c.cat_id  WHERE ( g.hot='yes' )  [ RunTime:0.0004s ]
SQL: SELECT * FROM `flyin_category`  [ RunTime:0.0002s ]
SQL: SHOW COLUMNS FROM `flyin_ipdb` [ RunTime:0.0056s ]
SQL: SELECT `ip` FROM `flyin_ipdb` WHERE ( ip like "%106.120.173.138%" and ipdate="2018-01-18" )  [ RunTime:0.0011s ]
SQL: INSERT INTO `flyin_ipdb` (`ip`,`country`,`district`,`ipdate`,`isp`,`current_date`,`time`) VALUES ('106.120.173.138','中国','北京市北京市','2018-01-18','电信','2018-01-18 09:39:49','1516239589') [ RunTime:0.0003s ]
INFO: [ view_parse ] --START--
INFO: [ template_filter ] --START--
INFO: Run Behavior\ContentReplaceBehavior [ RunTime:0.000240s ]
INFO: [ template_filter ] --END-- [ RunTime:0.000343s ]
NOTIC: [8] Undefined variable: keywords /home/flyindat/domains/flyindata.com.cn/public_html/Application/Runtime/Cache/En/d13b22c87757054c230e870798873219.php 第 7 行.
NOTIC: [8] Undefined variable: description /home/flyindat/domains/flyindata.com.cn/public_html/Application/Runtime/Cache/En/d13b22c87757054c230e870798873219.php 第 8 行.
NOTIC: [8] Undefined variable: history /home/flyindat/domains/flyindata.com.cn/public_html/Application/Runtime/Cache/En/d13b22c87757054c230e870798873219.php 第 89 行.
NOTIC: [8] Undefined index: price /home/flyindat/domains/flyindata.com.cn/public_html/Application/Runtime/Cache/En/d13b22c87757054c230e870798873219.php 第 254 行.
NOTIC: [8] Undefined index: price /home/flyindat/domains/flyindata.com.cn/public_html/Application/Runtime/Cache/En/d13b22c87757054c230e870798873219.php 第 254 行.
NOTIC: [8] Undefined index: price /home/flyindat/domains/flyindata.com.cn/public_html/Application/Runtime/Cache/En/d13b22c87757054c230e870798873219.php 第 254 行.
NOTIC: [8] Undefined index: price /home/flyindat/domains/flyindata.com.cn/public_html/Application/Runtime/Cache/En/d13b22c87757054c230e870798873219.php 第 254 行.
NOTIC: [8] Undefined index: price /home/flyindat/domains/flyindata.com.cn/public_html/Application/Runtime/Cache/En/d13b22c87757054c230e870798873219.php 第 254 行.
NOTIC: [8] Undefined index: price /home/flyindat/domains/flyindata.com.cn/public_html/Application/Runtime/Cache/En/d13b22c87757054c230e870798873219.php 第 254 行.
NOTIC: [8] Undefined index: price /home/flyindat/domains/flyindata.com.cn/public_html/Application/Runtime/Cache/En/d13b22c87757054c230e870798873219.php 第 254 行.
NOTIC: [8] Undefined index: price /home/flyindat/domains/flyindata.com.cn/public_html/Application/Runtime/Cache/En/d13b22c87757054c230e870798873219.php 第 254 行.
NOTIC: [8] Undefined index: price /home/flyindat/domains/flyindata.com.cn/public_html/Application/Runtime/Cache/En/d13b22c87757054c230e870798873219.php 第 254 行.
NOTIC: [8] Undefined index: price /home/flyindat/domains/flyindata.com.cn/public_html/Application/Runtime/Cache/En/d13b22c87757054c230e870798873219.php 第 254 行.
INFO: Run Behavior\ParseTemplateBehavior [ RunTime:0.062994s ]
INFO: [ view_parse ] --END-- [ RunTime:0.063134s ]
INFO: [ view_filter ] --START--
INFO: Run Behavior\WriteHtmlCacheBehavior [ RunTime:0.000552s ]
INFO: Run Behavior\TokenBuildBehavior [ RunTime:0.000727s ]
INFO: [ view_filter ] --END-- [ RunTime:0.001446s ]
INFO: [ app_end ] --START--
INFO: Run Behavior\ShowPageTraceBehavior [ RunTime:0.000852s ]
INFO: [ app_end ] --END-- [ RunTime:0.000961s ]
NOTIC: [8] Constant URL_COMPAT already defined /home/flyindat/domains/flyindata.com.cn/public_html/index.php 第 33 行.

[ 2018-01-18T09:40:43+08:00 ] 106.120.173.138 /En/News/news/id/12.html
INFO: [ app_init ] --START--
INFO: Run Behavior\BuildLiteBehavior [ RunTime:0.000032s ]
INFO: [ app_init ] --END-- [ RunTime:0.000703s ]
INFO: [ app_begin ] --START--
INFO: Run Behavior\ReadHtmlCacheBehavior [ RunTime:0.000915s ]
INFO: Run Behavior\GetcodingBehavior [ RunTime:0.000538s ]
INFO: [ app_begin ] --END-- [ RunTime:0.001620s ]
SQL: SHOW COLUMNS FROM `flyin_category` [ RunTime:0.0028s ]
SQL: SELECT * FROM `flyin_category`  [ RunTime:0.0002s ]
NOTIC: [8] Undefined index: historyen /home/flyindat/domains/flyindata.com.cn/public_html/Application/En/Controller/CommonController.class.php 第 42 行.
SQL: SHOW COLUMNS FROM `flyin_friendlink` [ RunTime:0.0020s ]
SQL: SELECT `id`,`linkname`,`url` FROM `flyin_friendlink` WHERE `isshow` = 1 ORDER BY linkorder  [ RunTime:0.0002s ]
SQL: SHOW COLUMNS FROM `flyin_website` [ RunTime:0.0021s ]
SQL: SELECT `id`,`title`,`copy`,`logo`,`description`,`hotsearch`,`keywords`,`address`,`linkman`,`cellphone`,`cellphone`,`tel`,`fax`,`mail`,`qq` FROM `flyin_website` WHERE `status` = 1  [ RunTime:0.0002s ]
SQL: SHOW COLUMNS FROM `flyin_servicecategory` [ RunTime:0.0019s ]
SQL: SELECT `id`,`name`,`pid` FROM `flyin_servicecategory`  [ RunTime:0.0001s ]
SQL: SHOW COLUMNS FROM `flyin_services` [ RunTime:0.0023s ]
SQL: SELECT `id`,`servicecategory_id`,`sn`,`name`,`thumb`,`on_sale`,`recommend`,`add_time`,`custom_time`,`desc`,`recycle` FROM `flyin_services` WHERE `recommend` = 'yes' AND `on_sale` = 'yes' AND `recycle` = 'no' LIMIT 4   [ RunTime:0.0002s ]
SQL: SHOW COLUMNS FROM `flyin_services` [ RunTime:0.0027s ]
SQL: SELECT `id`,`name`,`thumb` FROM `flyin_services` WHERE `recycle` = 'no' AND `on_sale` = 'yes' AND `recommend` = 'yes' LIMIT 6   [ RunTime:0.0002s ]
SQL: SELECT COUNT(*) AS tp_count FROM `flyin_services` WHERE `recycle` = 'no' AND `on_sale` = 'yes' LIMIT 1   [ RunTime:0.0001s ]
SQL: SELECT `servicecategory_id`,`id`,`name`,`thumb`,`custom_time`,`date` FROM `flyin_services` WHERE `recycle` = 'no' AND `on_sale` = 'yes' ORDER BY id desc LIMIT 0,6   [ RunTime:0.0002s ]
NOTIC: [8] Undefined index: cat_id /home/flyindat/domains/flyindata.com.cn/public_html/Application/En/Controller/CommonController.class.php 第 86 行.
SQL: SHOW COLUMNS FROM `flyin_newcategory` [ RunTime:0.0024s ]
SQL: SELECT `id`,`name`,`pid` FROM `flyin_newcategory`  [ RunTime:0.0001s ]
SQL: SHOW COLUMNS FROM `flyin_news` [ RunTime:0.0019s ]
SQL: SELECT `id`,`newcategory_id`,`sn`,`name`,`thumb`,`on_sale`,`recommend`,`add_time`,`custom_time`,`desc`,`recycle` FROM `flyin_news` WHERE `recommend` = 'yes' AND `on_sale` = 'yes' AND `recycle` = 'no' LIMIT 4   [ RunTime:0.0002s ]
SQL: SHOW COLUMNS FROM `flyin_news` [ RunTime:0.0020s ]
SQL: SELECT COUNT(*) AS tp_count FROM `flyin_news` WHERE `recycle` = 'no' AND `on_sale` = 'yes' LIMIT 1   [ RunTime:0.0001s ]
SQL: SELECT `newcategory_id`,`id`,`name`,`thumb`,`custom_time`,`desc` FROM `flyin_news` WHERE `recycle` = 'no' AND `on_sale` = 'yes' ORDER BY id desc LIMIT 0,6   [ RunTime:0.0001s ]
NOTIC: [8] Undefined index: cat_id /home/flyindat/domains/flyindata.com.cn/public_html/Application/En/Controller/CommonController.class.php 第 117 行.
SQL: SELECT `id`,`newcategory_id`,`sn`,`name`,`thumb`,`desc`,`custom_time` FROM `flyin_news` WHERE `id` = 12 LIMIT 1   [ RunTime:0.0004s ]
NOTIC: [8] Use of undefined constant News - assumed 'News' /home/flyindat/domains/flyindata.com.cn/public_html/Application/En/Controller/NewsController.class.php 第 74 行.
NOTIC: [8] Use of undefined constant news_info - assumed 'news_info' /home/flyindat/domains/flyindata.com.cn/public_html/Application/En/Controller/NewsController.class.php 第 74 行.
NOTIC: [2] Division by zero /home/flyindat/domains/flyindata.com.cn/public_html/Application/En/Controller/NewsController.class.php 第 74 行.
INFO: [ view_parse ] --START--
INFO: [ template_filter ] --START--
INFO: Run Behavior\ContentReplaceBehavior [ RunTime:0.000171s ]
INFO: [ template_filter ] --END-- [ RunTime:0.000267s ]
NOTIC: [8] Undefined variable: keywords /home/flyindat/domains/flyindata.com.cn/public_html/Application/Runtime/Cache/En/8a66fc914e6eb7e9c2b53d105aebd948.php 第 7 行.
NOTIC: [8] Undefined variable: description /home/flyindat/domains/flyindata.com.cn/public_html/Application/Runtime/Cache/En/8a66fc914e6eb7e9c2b53d105aebd948.php 第 8 行.
NOTIC: [8] Undefined variable: history /home/flyindat/domains/flyindata.com.cn/public_html/Application/Runtime/Cache/En/8a66fc914e6eb7e9c2b53d105aebd948.php 第 89 行.
INFO: Run Behavior\ParseTemplateBehavior [ RunTime:0.053766s ]
INFO: [ view_parse ] --END-- [ RunTime:0.053898s ]
INFO: [ view_filter ] --START--
INFO: Run Behavior\WriteHtmlCacheBehavior [ RunTime:0.000565s ]
INFO: Run Behavior\TokenBuildBehavior [ RunTime:0.000696s ]
INFO: [ view_filter ] --END-- [ RunTime:0.001410s ]
INFO: [ app_end ] --START--
INFO: Run Behavior\ShowPageTraceBehavior [ RunTime:0.000984s ]
INFO: [ app_end ] --END-- [ RunTime:0.001088s ]
NOTIC: [8] Constant URL_COMPAT already defined /home/flyindat/domains/flyindata.com.cn/public_html/index.php 第 33 行.

[ 2018-01-18T09:40:57+08:00 ] 106.120.173.138 /En/Services/services/id/2.html
INFO: [ app_init ] --START--
INFO: Run Behavior\BuildLiteBehavior [ RunTime:0.000030s ]
INFO: [ app_init ] --END-- [ RunTime:0.000690s ]
INFO: [ app_begin ] --START--
INFO: Run Behavior\ReadHtmlCacheBehavior [ RunTime:0.000957s ]
INFO: Run Behavior\GetcodingBehavior [ RunTime:0.000553s ]
INFO: [ app_begin ] --END-- [ RunTime:0.001691s ]
SQL: SHOW COLUMNS FROM `flyin_category` [ RunTime:0.0028s ]
SQL: SELECT * FROM `flyin_category`  [ RunTime:0.0002s ]
NOTIC: [8] Undefined index: historyen /home/flyindat/domains/flyindata.com.cn/public_html/Application/En/Controller/CommonController.class.php 第 42 行.
SQL: SHOW COLUMNS FROM `flyin_friendlink` [ RunTime:0.0015s ]
SQL: SELECT `id`,`linkname`,`url` FROM `flyin_friendlink` WHERE `isshow` = 1 ORDER BY linkorder  [ RunTime:0.0002s ]
SQL: SHOW COLUMNS FROM `flyin_website` [ RunTime:0.0016s ]
SQL: SELECT `id`,`title`,`copy`,`logo`,`description`,`hotsearch`,`keywords`,`address`,`linkman`,`cellphone`,`cellphone`,`tel`,`fax`,`mail`,`qq` FROM `flyin_website` WHERE `status` = 1  [ RunTime:0.0002s ]
SQL: SHOW COLUMNS FROM `flyin_servicecategory` [ RunTime:0.0013s ]
SQL: SELECT `id`,`name`,`pid` FROM `flyin_servicecategory`  [ RunTime:0.0001s ]
SQL: SHOW COLUMNS FROM `flyin_services` [ RunTime:0.0013s ]
SQL: SELECT `id`,`servicecategory_id`,`sn`,`name`,`thumb`,`on_sale`,`recommend`,`add_time`,`custom_time`,`desc`,`recycle` FROM `flyin_services` WHERE `recommend` = 'yes' AND `on_sale` = 'yes' AND `recycle` = 'no' LIMIT 4   [ RunTime:0.0002s ]
SQL: SHOW COLUMNS FROM `flyin_services` [ RunTime:0.0014s ]
SQL: SELECT `id`,`name`,`thumb` FROM `flyin_services` WHERE `recycle` = 'no' AND `on_sale` = 'yes' AND `recommend` = 'yes' LIMIT 6   [ RunTime:0.0002s ]
SQL: SELECT COUNT(*) AS tp_count FROM `flyin_services` WHERE `recycle` = 'no' AND `on_sale` = 'yes' LIMIT 1   [ RunTime:0.0001s ]
SQL: SELECT `servicecategory_id`,`id`,`name`,`thumb`,`custom_time`,`date` FROM `flyin_services` WHERE `recycle` = 'no' AND `on_sale` = 'yes' ORDER BY id desc LIMIT 0,6   [ RunTime:0.0002s ]
NOTIC: [8] Undefined index: cat_id /home/flyindat/domains/flyindata.com.cn/public_html/Application/En/Controller/CommonController.class.php 第 86 行.
SQL: SHOW COLUMNS FROM `flyin_newcategory` [ RunTime:0.0018s ]
SQL: SELECT `id`,`name`,`pid` FROM `flyin_newcategory`  [ RunTime:0.0002s ]
SQL: SHOW COLUMNS FROM `flyin_news` [ RunTime:0.0019s ]
SQL: SELECT `id`,`newcategory_id`,`sn`,`name`,`thumb`,`on_sale`,`recommend`,`add_time`,`custom_time`,`desc`,`recycle` FROM `flyin_news` WHERE `recommend` = 'yes' AND `on_sale` = 'yes' AND `recycle` = 'no' LIMIT 4   [ RunTime:0.0001s ]
SQL: SHOW COLUMNS FROM `flyin_news` [ RunTime:0.0019s ]
SQL: SELECT COUNT(*) AS tp_count FROM `flyin_news` WHERE `recycle` = 'no' AND `on_sale` = 'yes' LIMIT 1   [ RunTime:0.0001s ]
SQL: SELECT `newcategory_id`,`id`,`name`,`thumb`,`custom_time`,`desc` FROM `flyin_news` WHERE `recycle` = 'no' AND `on_sale` = 'yes' ORDER BY id desc LIMIT 0,6   [ RunTime:0.0001s ]
NOTIC: [8] Undefined index: cat_id /home/flyindat/domains/flyindata.com.cn/public_html/Application/En/Controller/CommonController.class.php 第 117 行.
SQL: SELECT `id`,`servicecategory_id`,`sn`,`name`,`thumb`,`desc`,`custom_time`,`date` FROM `flyin_services` WHERE `id` = 2 LIMIT 1   [ RunTime:0.0003s ]
NOTIC: [8] Use of undefined constant Services - assumed 'Services' /home/flyindat/domains/flyindata.com.cn/public_html/Application/En/Controller/ServicesController.class.php 第 114 行.
NOTIC: [8] Use of undefined constant services_info - assumed 'services_info' /home/flyindat/domains/flyindata.com.cn/public_html/Application/En/Controller/ServicesController.class.php 第 114 行.
NOTIC: [2] Division by zero /home/flyindat/domains/flyindata.com.cn/public_html/Application/En/Controller/ServicesController.class.php 第 114 行.
INFO: [ view_parse ] --START--
INFO: [ template_filter ] --START--
INFO: Run Behavior\ContentReplaceBehavior [ RunTime:0.000167s ]
INFO: [ template_filter ] --END-- [ RunTime:0.000266s ]
NOTIC: [8] Undefined variable: keywords /home/flyindat/domains/flyindata.com.cn/public_html/Application/Runtime/Cache/En/575b81ff9f09850508264ecd44c1643a.php 第 7 行.
NOTIC: [8] Undefined variable: description /home/flyindat/domains/flyindata.com.cn/public_html/Application/Runtime/Cache/En/575b81ff9f09850508264ecd44c1643a.php 第 8 行.
NOTIC: [8] Undefined variable: history /home/flyindat/domains/flyindata.com.cn/public_html/Application/Runtime/Cache/En/575b81ff9f09850508264ecd44c1643a.php 第 89 行.
NOTIC: [8] Undefined index: name /home/flyindat/domains/flyindata.com.cn/public_html/Application/Runtime/Cache/En/575b81ff9f09850508264ecd44c1643a.php 第 193 行.
INFO: Run Behavior\ParseTemplateBehavior [ RunTime:0.038709s ]
INFO: [ view_parse ] --END-- [ RunTime:0.038783s ]
INFO: [ view_filter ] --START--
INFO: Run Behavior\WriteHtmlCacheBehavior [ RunTime:0.000342s ]
INFO: Run Behavior\TokenBuildBehavior [ RunTime:0.000504s ]
INFO: [ view_filter ] --END-- [ RunTime:0.000941s ]
INFO: [ app_end ] --START--
INFO: Run Behavior\ShowPageTraceBehavior [ RunTime:0.000670s ]
INFO: [ app_end ] --END-- [ RunTime:0.000739s ]
NOTIC: [8] Constant URL_COMPAT already defined /home/flyindat/domains/flyindata.com.cn/public_html/index.php 第 33 行.

[ 2018-01-18T19:18:28+08:00 ] 220.181.108.113 /En
INFO: [ app_init ] --START--
INFO: Run Behavior\BuildLiteBehavior [ RunTime:0.000028s ]
INFO: [ app_init ] --END-- [ RunTime:0.000508s ]
INFO: [ app_begin ] --START--
INFO: Run Behavior\ReadHtmlCacheBehavior [ RunTime:0.000587s ]
INFO: Run Behavior\GetcodingBehavior [ RunTime:0.000310s ]
INFO: [ app_begin ] --END-- [ RunTime:0.001033s ]
SQL: SHOW COLUMNS FROM `flyin_category` [ RunTime:0.0032s ]
SQL: SELECT * FROM `flyin_category`  [ RunTime:0.0011s ]
NOTIC: [8] Undefined index: historyen /home/flyindat/domains/flyindata.com.cn/public_html/Application/En/Controller/CommonController.class.php 第 42 行.
SQL: SHOW COLUMNS FROM `flyin_friendlink` [ RunTime:0.0018s ]
SQL: SELECT `id`,`linkname`,`url` FROM `flyin_friendlink` WHERE `isshow` = 1 ORDER BY linkorder  [ RunTime:0.0004s ]
SQL: SHOW COLUMNS FROM `flyin_website` [ RunTime:0.0027s ]
SQL: SELECT `id`,`title`,`copy`,`logo`,`description`,`hotsearch`,`keywords`,`address`,`linkman`,`cellphone`,`cellphone`,`tel`,`fax`,`mail`,`qq` FROM `flyin_website` WHERE `status` = 1  [ RunTime:0.0017s ]
SQL: SHOW COLUMNS FROM `flyin_servicecategory` [ RunTime:0.0020s ]
SQL: SELECT `id`,`name`,`pid` FROM `flyin_servicecategory`  [ RunTime:0.0013s ]
SQL: SHOW COLUMNS FROM `flyin_services` [ RunTime:0.0016s ]
SQL: SELECT `id`,`servicecategory_id`,`sn`,`name`,`thumb`,`on_sale`,`recommend`,`add_time`,`custom_time`,`desc`,`recycle` FROM `flyin_services` WHERE `recommend` = 'yes' AND `on_sale` = 'yes' AND `recycle` = 'no' LIMIT 4   [ RunTime:0.0005s ]
SQL: SHOW COLUMNS FROM `flyin_services` [ RunTime:0.0012s ]
SQL: SELECT `id`,`name`,`thumb` FROM `flyin_services` WHERE `recycle` = 'no' AND `on_sale` = 'yes' AND `recommend` = 'yes' LIMIT 6   [ RunTime:0.0003s ]
SQL: SELECT COUNT(*) AS tp_count FROM `flyin_services` WHERE `recycle` = 'no' AND `on_sale` = 'yes' LIMIT 1   [ RunTime:0.0002s ]
SQL: SELECT `servicecategory_id`,`id`,`name`,`thumb`,`custom_time`,`date` FROM `flyin_services` WHERE `recycle` = 'no' AND `on_sale` = 'yes' ORDER BY id desc LIMIT 0,6   [ RunTime:0.0003s ]
NOTIC: [8] Undefined index: cat_id /home/flyindat/domains/flyindata.com.cn/public_html/Application/En/Controller/CommonController.class.php 第 86 行.
SQL: SHOW COLUMNS FROM `flyin_newcategory` [ RunTime:0.0018s ]
SQL: SELECT `id`,`name`,`pid` FROM `flyin_newcategory`  [ RunTime:0.0024s ]
SQL: SHOW COLUMNS FROM `flyin_news` [ RunTime:0.0037s ]
SQL: SELECT `id`,`newcategory_id`,`sn`,`name`,`thumb`,`on_sale`,`recommend`,`add_time`,`custom_time`,`desc`,`recycle` FROM `flyin_news` WHERE `recommend` = 'yes' AND `on_sale` = 'yes' AND `recycle` = 'no' LIMIT 4   [ RunTime:0.0013s ]
SQL: SHOW COLUMNS FROM `flyin_news` [ RunTime:0.0013s ]
SQL: SELECT COUNT(*) AS tp_count FROM `flyin_news` WHERE `recycle` = 'no' AND `on_sale` = 'yes' LIMIT 1   [ RunTime:0.0003s ]
SQL: SELECT `newcategory_id`,`id`,`name`,`thumb`,`custom_time`,`desc` FROM `flyin_news` WHERE `recycle` = 'no' AND `on_sale` = 'yes' ORDER BY id desc LIMIT 0,6   [ RunTime:0.0003s ]
NOTIC: [8] Undefined index: cat_id /home/flyindat/domains/flyindata.com.cn/public_html/Application/En/Controller/CommonController.class.php 第 117 行.
SQL: SHOW COLUMNS FROM `flyin_banners` [ RunTime:0.0017s ]
SQL: SHOW COLUMNS FROM `flyin_banners` [ RunTime:0.0012s ]
SQL: SELECT * FROM `flyin_banners` INNER JOIN flyin_bannercategory ON flyin_bannercategory.id = flyin_banners.Bannercategory_id  WHERE flyin_banners.recommend = 'yes' AND flyin_banners.recycle = 'no' AND flyin_bannercategory.name = '首页大广告图'  [ RunTime:0.0017s ]
SQL: SELECT * FROM `flyin_banners` LEFT JOIN flyin_bannercategory ON flyin_bannercategory.id = flyin_banners.Bannercategory_id  WHERE flyin_bannercategory.name = '基础方案'  [ RunTime:0.0003s ]
SQL: SELECT * FROM `flyin_banners` INNER JOIN flyin_bannercategory ON flyin_bannercategory.id = flyin_banners.Bannercategory_id  WHERE flyin_bannercategory.name = '合作伙伴'  [ RunTime:0.0003s ]
SQL: SHOW COLUMNS FROM `flyin_goods` [ RunTime:0.0021s ]
SQL: SHOW COLUMNS FROM `flyin_goods` [ RunTime:0.0014s ]
SQL: SELECT g.*,c.cat_name FROM flyin_goods as g LEFT JOIN flyin_category as c ON g.cat_id = c.cat_id  WHERE ( g.hot='yes' )  [ RunTime:0.0172s ]
SQL: SHOW COLUMNS FROM `flyin_goods` [ RunTime:0.0022s ]
SQL: SELECT g.*,c.cat_name FROM flyin_goods as g LEFT JOIN flyin_category as c ON g.cat_id = c.cat_id  WHERE ( g.hot='yes' )  [ RunTime:0.0007s ]
SQL: SELECT * FROM `flyin_category`  [ RunTime:0.0001s ]
SQL: SHOW COLUMNS FROM `flyin_ipdb` [ RunTime:0.0081s ]
SQL: SELECT `ip` FROM `flyin_ipdb` WHERE ( ip like "%220.181.108.113%" and ipdate="2018-01-18" )  [ RunTime:0.0026s ]
SQL: INSERT INTO `flyin_ipdb` (`ip`,`country`,`district`,`ipdate`,`isp`,`current_date`,`time`) VALUES ('220.181.108.113','中国','北京市北京市','2018-01-18','电信','2018-01-18 19:18:28','1516274308') [ RunTime:0.0003s ]
INFO: [ view_parse ] --START--
INFO: [ template_filter ] --START--
INFO: Run Behavior\ContentReplaceBehavior [ RunTime:0.000234s ]
INFO: [ template_filter ] --END-- [ RunTime:0.000330s ]
NOTIC: [8] Undefined variable: keywords /home/flyindat/domains/flyindata.com.cn/public_html/Application/Runtime/Cache/En/d13b22c87757054c230e870798873219.php 第 7 行.
NOTIC: [8] Undefined variable: description /home/flyindat/domains/flyindata.com.cn/public_html/Application/Runtime/Cache/En/d13b22c87757054c230e870798873219.php 第 8 行.
NOTIC: [8] Undefined variable: history /home/flyindat/domains/flyindata.com.cn/public_html/Application/Runtime/Cache/En/d13b22c87757054c230e870798873219.php 第 89 行.
NOTIC: [8] Undefined index: price /home/flyindat/domains/flyindata.com.cn/public_html/Application/Runtime/Cache/En/d13b22c87757054c230e870798873219.php 第 254 行.
NOTIC: [8] Undefined index: price /home/flyindat/domains/flyindata.com.cn/public_html/Application/Runtime/Cache/En/d13b22c87757054c230e870798873219.php 第 254 行.
NOTIC: [8] Undefined index: price /home/flyindat/domains/flyindata.com.cn/public_html/Application/Runtime/Cache/En/d13b22c87757054c230e870798873219.php 第 254 行.
NOTIC: [8] Undefined index: price /home/flyindat/domains/flyindata.com.cn/public_html/Application/Runtime/Cache/En/d13b22c87757054c230e870798873219.php 第 254 行.
NOTIC: [8] Undefined index: price /home/flyindat/domains/flyindata.com.cn/public_html/Application/Runtime/Cache/En/d13b22c87757054c230e870798873219.php 第 254 行.
NOTIC: [8] Undefined index: price /home/flyindat/domains/flyindata.com.cn/public_html/Application/Runtime/Cache/En/d13b22c87757054c230e870798873219.php 第 254 行.
NOTIC: [8] Undefined index: price /home/flyindat/domains/flyindata.com.cn/public_html/Application/Runtime/Cache/En/d13b22c87757054c230e870798873219.php 第 254 行.
NOTIC: [8] Undefined index: price /home/flyindat/domains/flyindata.com.cn/public_html/Application/Runtime/Cache/En/d13b22c87757054c230e870798873219.php 第 254 行.
NOTIC: [8] Undefined index: price /home/flyindat/domains/flyindata.com.cn/public_html/Application/Runtime/Cache/En/d13b22c87757054c230e870798873219.php 第 254 行.
NOTIC: [8] Undefined index: price /home/flyindat/domains/flyindata.com.cn/public_html/Application/Runtime/Cache/En/d13b22c87757054c230e870798873219.php 第 254 行.
INFO: Run Behavior\ParseTemplateBehavior [ RunTime:0.070960s ]
INFO: [ view_parse ] --END-- [ RunTime:0.071071s ]
INFO: [ view_filter ] --START--
INFO: Run Behavior\WriteHtmlCacheBehavior [ RunTime:0.000402s ]
INFO: Run Behavior\TokenBuildBehavior [ RunTime:0.000484s ]
INFO: [ view_filter ] --END-- [ RunTime:0.001006s ]
INFO: [ app_end ] --START--
INFO: Run Behavior\ShowPageTraceBehavior [ RunTime:0.000568s ]
INFO: [ app_end ] --END-- [ RunTime:0.000634s ]
NOTIC: [8] Constant URL_COMPAT already defined /home/flyindat/domains/flyindata.com.cn/public_html/index.php 第 33 行.

