[ 2018-01-09T03:23:30+08:00 ] 123.125.71.83 /En/Services/services/id/3.html
INFO: [ app_init ] --START--
INFO: Run Behavior\BuildLiteBehavior [ RunTime:0.000024s ]
INFO: [ app_init ] --END-- [ RunTime:0.000519s ]
INFO: [ app_begin ] --START--
INFO: Run Behavior\ReadHtmlCacheBehavior [ RunTime:0.000593s ]
INFO: Run Behavior\GetcodingBehavior [ RunTime:0.000367s ]
INFO: [ app_begin ] --END-- [ RunTime:0.001075s ]
SQL: SHOW COLUMNS FROM `flyin_category` [ RunTime:0.0032s ]
SQL: SELECT * FROM `flyin_category`  [ RunTime:0.0009s ]
NOTIC: [8] Undefined index: historyen /home/flyindat/domains/flyindata.com.cn/public_html/Application/En/Controller/CommonController.class.php 第 42 行.
SQL: SHOW COLUMNS FROM `flyin_friendlink` [ RunTime:0.0021s ]
SQL: SELECT `id`,`linkname`,`url` FROM `flyin_friendlink` WHERE `isshow` = 1 ORDER BY linkorder  [ RunTime:0.0009s ]
SQL: SHOW COLUMNS FROM `flyin_website` [ RunTime:0.0026s ]
SQL: SELECT `id`,`title`,`copy`,`logo`,`description`,`hotsearch`,`keywords`,`address`,`linkman`,`cellphone`,`cellphone`,`tel`,`fax`,`mail`,`qq` FROM `flyin_website` WHERE `status` = 1  [ RunTime:0.0009s ]
SQL: SHOW COLUMNS FROM `flyin_servicecategory` [ RunTime:0.0014s ]
SQL: SELECT `id`,`name`,`pid` FROM `flyin_servicecategory`  [ RunTime:0.0003s ]
SQL: SHOW COLUMNS FROM `flyin_services` [ RunTime:0.0018s ]
SQL: SELECT `id`,`servicecategory_id`,`sn`,`name`,`thumb`,`on_sale`,`recommend`,`add_time`,`custom_time`,`desc`,`recycle` FROM `flyin_services` WHERE `recommend` = 'yes' AND `on_sale` = 'yes' AND `recycle` = 'no' LIMIT 4   [ RunTime:0.0004s ]
SQL: SHOW COLUMNS FROM `flyin_services` [ RunTime:0.0013s ]
SQL: SELECT `id`,`name`,`thumb` FROM `flyin_services` WHERE `recycle` = 'no' AND `on_sale` = 'yes' AND `recommend` = 'yes' LIMIT 6   [ RunTime:0.0003s ]
SQL: SELECT COUNT(*) AS tp_count FROM `flyin_services` WHERE `recycle` = 'no' AND `on_sale` = 'yes' LIMIT 1   [ RunTime:0.0002s ]
SQL: SELECT `servicecategory_id`,`id`,`name`,`thumb`,`custom_time`,`date` FROM `flyin_services` WHERE `recycle` = 'no' AND `on_sale` = 'yes' ORDER BY id desc LIMIT 0,6   [ RunTime:0.0003s ]
NOTIC: [8] Undefined index: cat_id /home/flyindat/domains/flyindata.com.cn/public_html/Application/En/Controller/CommonController.class.php 第 86 行.
SQL: SHOW COLUMNS FROM `flyin_newcategory` [ RunTime:0.0014s ]
SQL: SELECT `id`,`name`,`pid` FROM `flyin_newcategory`  [ RunTime:0.0006s ]
SQL: SHOW COLUMNS FROM `flyin_news` [ RunTime:0.0015s ]
SQL: SELECT `id`,`newcategory_id`,`sn`,`name`,`thumb`,`on_sale`,`recommend`,`add_time`,`custom_time`,`desc`,`recycle` FROM `flyin_news` WHERE `recommend` = 'yes' AND `on_sale` = 'yes' AND `recycle` = 'no' LIMIT 4   [ RunTime:0.0008s ]
SQL: SHOW COLUMNS FROM `flyin_news` [ RunTime:0.0013s ]
SQL: SELECT COUNT(*) AS tp_count FROM `flyin_news` WHERE `recycle` = 'no' AND `on_sale` = 'yes' LIMIT 1   [ RunTime:0.0003s ]
SQL: SELECT `newcategory_id`,`id`,`name`,`thumb`,`custom_time`,`desc` FROM `flyin_news` WHERE `recycle` = 'no' AND `on_sale` = 'yes' ORDER BY id desc LIMIT 0,6   [ RunTime:0.0003s ]
NOTIC: [8] Undefined index: cat_id /home/flyindat/domains/flyindata.com.cn/public_html/Application/En/Controller/CommonController.class.php 第 117 行.
SQL: SELECT `id`,`servicecategory_id`,`sn`,`name`,`thumb`,`desc`,`custom_time`,`date` FROM `flyin_services` WHERE `id` = 3 LIMIT 1   [ RunTime:0.0003s ]
NOTIC: [8] Use of undefined constant Services - assumed 'Services' /home/flyindat/domains/flyindata.com.cn/public_html/Application/En/Controller/ServicesController.class.php 第 114 行.
NOTIC: [8] Use of undefined constant services_info - assumed 'services_info' /home/flyindat/domains/flyindata.com.cn/public_html/Application/En/Controller/ServicesController.class.php 第 114 行.
NOTIC: [2] Division by zero /home/flyindat/domains/flyindata.com.cn/public_html/Application/En/Controller/ServicesController.class.php 第 114 行.
INFO: [ view_parse ] --START--
INFO: [ template_filter ] --START--
INFO: Run Behavior\ContentReplaceBehavior [ RunTime:0.000169s ]
INFO: [ template_filter ] --END-- [ RunTime:0.000252s ]
NOTIC: [8] Undefined variable: keywords /home/flyindat/domains/flyindata.com.cn/public_html/Application/Runtime/Cache/En/575b81ff9f09850508264ecd44c1643a.php 第 7 行.
NOTIC: [8] Undefined variable: description /home/flyindat/domains/flyindata.com.cn/public_html/Application/Runtime/Cache/En/575b81ff9f09850508264ecd44c1643a.php 第 8 行.
NOTIC: [8] Undefined variable: history /home/flyindat/domains/flyindata.com.cn/public_html/Application/Runtime/Cache/En/575b81ff9f09850508264ecd44c1643a.php 第 89 行.
NOTIC: [8] Undefined index: name /home/flyindat/domains/flyindata.com.cn/public_html/Application/Runtime/Cache/En/575b81ff9f09850508264ecd44c1643a.php 第 193 行.
INFO: Run Behavior\ParseTemplateBehavior [ RunTime:0.037146s ]
INFO: [ view_parse ] --END-- [ RunTime:0.037234s ]
INFO: [ view_filter ] --START--
INFO: Run Behavior\WriteHtmlCacheBehavior [ RunTime:0.000344s ]
INFO: Run Behavior\TokenBuildBehavior [ RunTime:0.000421s ]
INFO: [ view_filter ] --END-- [ RunTime:0.000864s ]
INFO: [ app_end ] --START--
INFO: Run Behavior\ShowPageTraceBehavior [ RunTime:0.000564s ]
INFO: [ app_end ] --END-- [ RunTime:0.000626s ]
NOTIC: [8] Constant URL_COMPAT already defined /home/flyindat/domains/flyindata.com.cn/public_html/index.php 第 33 行.

[ 2018-01-09T05:22:14+08:00 ] 106.120.173.138 /En/Goods/view/cat_id/2/goods_id/35.html
INFO: [ app_init ] --START--
INFO: Run Behavior\BuildLiteBehavior [ RunTime:0.000024s ]
INFO: [ app_init ] --END-- [ RunTime:0.000491s ]
INFO: [ app_begin ] --START--
INFO: Run Behavior\ReadHtmlCacheBehavior [ RunTime:0.000670s ]
INFO: Run Behavior\GetcodingBehavior [ RunTime:0.000370s ]
INFO: [ app_begin ] --END-- [ RunTime:0.001167s ]
SQL: SHOW COLUMNS FROM `flyin_category` [ RunTime:0.0030s ]
SQL: SELECT * FROM `flyin_category`  [ RunTime:0.0008s ]
NOTIC: [8] Undefined index: historyen /home/flyindat/domains/flyindata.com.cn/public_html/Application/En/Controller/CommonController.class.php 第 42 行.
SQL: SHOW COLUMNS FROM `flyin_friendlink` [ RunTime:0.0023s ]
SQL: SELECT `id`,`linkname`,`url` FROM `flyin_friendlink` WHERE `isshow` = 1 ORDER BY linkorder  [ RunTime:0.0007s ]
SQL: SHOW COLUMNS FROM `flyin_website` [ RunTime:0.0021s ]
SQL: SELECT `id`,`title`,`copy`,`logo`,`description`,`hotsearch`,`keywords`,`address`,`linkman`,`cellphone`,`cellphone`,`tel`,`fax`,`mail`,`qq` FROM `flyin_website` WHERE `status` = 1  [ RunTime:0.0007s ]
SQL: SHOW COLUMNS FROM `flyin_servicecategory` [ RunTime:0.0016s ]
SQL: SELECT `id`,`name`,`pid` FROM `flyin_servicecategory`  [ RunTime:0.0006s ]
SQL: SHOW COLUMNS FROM `flyin_services` [ RunTime:0.0020s ]
SQL: SELECT `id`,`servicecategory_id`,`sn`,`name`,`thumb`,`on_sale`,`recommend`,`add_time`,`custom_time`,`desc`,`recycle` FROM `flyin_services` WHERE `recommend` = 'yes' AND `on_sale` = 'yes' AND `recycle` = 'no' LIMIT 4   [ RunTime:0.0005s ]
SQL: SHOW COLUMNS FROM `flyin_services` [ RunTime:0.0017s ]
SQL: SELECT `id`,`name`,`thumb` FROM `flyin_services` WHERE `recycle` = 'no' AND `on_sale` = 'yes' AND `recommend` = 'yes' LIMIT 6   [ RunTime:0.0003s ]
SQL: SELECT COUNT(*) AS tp_count FROM `flyin_services` WHERE `recycle` = 'no' AND `on_sale` = 'yes' LIMIT 1   [ RunTime:0.0002s ]
SQL: SELECT `servicecategory_id`,`id`,`name`,`thumb`,`custom_time`,`date` FROM `flyin_services` WHERE `recycle` = 'no' AND `on_sale` = 'yes' ORDER BY id desc LIMIT 0,6   [ RunTime:0.0003s ]
NOTIC: [8] Undefined index: cat_id /home/flyindat/domains/flyindata.com.cn/public_html/Application/En/Controller/CommonController.class.php 第 86 行.
SQL: SHOW COLUMNS FROM `flyin_newcategory` [ RunTime:0.0020s ]
SQL: SELECT `id`,`name`,`pid` FROM `flyin_newcategory`  [ RunTime:0.0006s ]
SQL: SHOW COLUMNS FROM `flyin_news` [ RunTime:0.0014s ]
SQL: SELECT `id`,`newcategory_id`,`sn`,`name`,`thumb`,`on_sale`,`recommend`,`add_time`,`custom_time`,`desc`,`recycle` FROM `flyin_news` WHERE `recommend` = 'yes' AND `on_sale` = 'yes' AND `recycle` = 'no' LIMIT 4   [ RunTime:0.0008s ]
SQL: SHOW COLUMNS FROM `flyin_news` [ RunTime:0.0012s ]
SQL: SELECT COUNT(*) AS tp_count FROM `flyin_news` WHERE `recycle` = 'no' AND `on_sale` = 'yes' LIMIT 1   [ RunTime:0.0002s ]
SQL: SELECT `newcategory_id`,`id`,`name`,`thumb`,`custom_time`,`desc` FROM `flyin_news` WHERE `recycle` = 'no' AND `on_sale` = 'yes' ORDER BY id desc LIMIT 0,6   [ RunTime:0.0003s ]
NOTIC: [8] Undefined index: cat_id /home/flyindat/domains/flyindata.com.cn/public_html/Application/En/Controller/CommonController.class.php 第 117 行.
SQL: SHOW COLUMNS FROM `flyin_goods` [ RunTime:0.0024s ]
SQL: SELECT * FROM `flyin_goods` WHERE (  goods_id = '35'  ) LIMIT 1   [ RunTime:0.0134s ]
NOTIC: [8] Undefined index: historyen /home/flyindat/domains/flyindata.com.cn/public_html/Application/En/Controller/CommonController.class.php 第 129 行.
NOTIC: [8] Undefined index: historyen /home/flyindat/domains/flyindata.com.cn/public_html/Application/En/Controller/CommonController.class.php 第 137 行.
NOTIC: [8] Undefined index: history /home/flyindat/domains/flyindata.com.cn/public_html/Application/En/Controller/GoodsController.class.php 第 44 行.
SQL: SHOW COLUMNS FROM `flyin_goods` [ RunTime:0.0019s ]
SQL: SHOW COLUMNS FROM `flyin_goods` [ RunTime:0.0021s ]
SQL: SELECT g.*,gg.* FROM flyin_goods as g LEFT JOIN flyin_gallery as gg ON g.goods_id = gg.goods_id  WHERE g.goods_id = '35'  [ RunTime:0.0013s ]
NOTIC: [8] Undefined index: img_big /home/flyindat/domains/flyindata.com.cn/public_html/Application/En/Model/GoodsModel.class.php 第 166 行.
NOTIC: [8] Undefined index: img_small /home/flyindat/domains/flyindata.com.cn/public_html/Application/En/Model/GoodsModel.class.php 第 168 行.
SQL: SHOW COLUMNS FROM `flyin_goods` [ RunTime:0.0014s ]
SQL: SELECT g.*,gg.* FROM flyin_goods as g JOIN flyin_parameter as gg ON g.goods_id = gg.goods_id  WHERE g.goods_id = '35'  [ RunTime:0.0011s ]
SQL: SELECT `id`,`linkname`,`url` FROM `flyin_friendlink` WHERE `isshow` = 1 ORDER BY linkorder  [ RunTime:0.0001s ]
SQL: SHOW COLUMNS FROM `flyin_category` [ RunTime:0.0011s ]
SQL: SELECT `cat_id` FROM `flyin_category`  [ RunTime:0.0002s ]
SQL: SHOW COLUMNS FROM `flyin_goods` [ RunTime:0.0013s ]
SQL: SELECT `goods_id`,`goods_name`,`img_center`,`goods_pdf`,`cat_id` FROM `flyin_goods` WHERE `goods_id` = 35 LIMIT 1   [ RunTime:0.0007s ]
NOTIC: [8] Undefined index: goods_keyword /home/flyindat/domains/flyindata.com.cn/public_html/Application/En/Controller/GoodsController.class.php 第 89 行.
INFO: [ view_parse ] --START--
INFO: [ template_filter ] --START--
INFO: Run Behavior\ContentReplaceBehavior [ RunTime:0.000221s ]
INFO: [ template_filter ] --END-- [ RunTime:0.000315s ]
INFO: Run Behavior\ParseTemplateBehavior [ RunTime:0.047017s ]
INFO: [ view_parse ] --END-- [ RunTime:0.047106s ]
INFO: [ view_filter ] --START--
INFO: Run Behavior\WriteHtmlCacheBehavior [ RunTime:0.000329s ]
INFO: Run Behavior\TokenBuildBehavior [ RunTime:0.000408s ]
INFO: [ view_filter ] --END-- [ RunTime:0.000833s ]
INFO: [ app_end ] --START--
INFO: Run Behavior\ShowPageTraceBehavior [ RunTime:0.000588s ]
INFO: [ app_end ] --END-- [ RunTime:0.000655s ]
NOTIC: [8] Constant URL_COMPAT already defined /home/flyindat/domains/flyindata.com.cn/public_html/index.php 第 33 行.

[ 2018-01-09T05:22:34+08:00 ] 106.120.173.138 /En/Goods/view/cat_id/1/goods_id/27.html
INFO: [ app_init ] --START--
INFO: Run Behavior\BuildLiteBehavior [ RunTime:0.000026s ]
INFO: [ app_init ] --END-- [ RunTime:0.000495s ]
INFO: [ app_begin ] --START--
INFO: Run Behavior\ReadHtmlCacheBehavior [ RunTime:0.000610s ]
INFO: Run Behavior\GetcodingBehavior [ RunTime:0.000349s ]
INFO: [ app_begin ] --END-- [ RunTime:0.001080s ]
SQL: SHOW COLUMNS FROM `flyin_category` [ RunTime:0.0025s ]
SQL: SELECT * FROM `flyin_category`  [ RunTime:0.0002s ]
NOTIC: [8] Undefined index: historyen /home/flyindat/domains/flyindata.com.cn/public_html/Application/En/Controller/CommonController.class.php 第 42 行.
SQL: SHOW COLUMNS FROM `flyin_friendlink` [ RunTime:0.0015s ]
SQL: SELECT `id`,`linkname`,`url` FROM `flyin_friendlink` WHERE `isshow` = 1 ORDER BY linkorder  [ RunTime:0.0001s ]
SQL: SHOW COLUMNS FROM `flyin_website` [ RunTime:0.0015s ]
SQL: SELECT `id`,`title`,`copy`,`logo`,`description`,`hotsearch`,`keywords`,`address`,`linkman`,`cellphone`,`cellphone`,`tel`,`fax`,`mail`,`qq` FROM `flyin_website` WHERE `status` = 1  [ RunTime:0.0001s ]
SQL: SHOW COLUMNS FROM `flyin_servicecategory` [ RunTime:0.0015s ]
SQL: SELECT `id`,`name`,`pid` FROM `flyin_servicecategory`  [ RunTime:0.0001s ]
SQL: SHOW COLUMNS FROM `flyin_services` [ RunTime:0.0012s ]
SQL: SELECT `id`,`servicecategory_id`,`sn`,`name`,`thumb`,`on_sale`,`recommend`,`add_time`,`custom_time`,`desc`,`recycle` FROM `flyin_services` WHERE `recommend` = 'yes' AND `on_sale` = 'yes' AND `recycle` = 'no' LIMIT 4   [ RunTime:0.0001s ]
SQL: SHOW COLUMNS FROM `flyin_services` [ RunTime:0.0013s ]
SQL: SELECT `id`,`name`,`thumb` FROM `flyin_services` WHERE `recycle` = 'no' AND `on_sale` = 'yes' AND `recommend` = 'yes' LIMIT 6   [ RunTime:0.0001s ]
SQL: SELECT COUNT(*) AS tp_count FROM `flyin_services` WHERE `recycle` = 'no' AND `on_sale` = 'yes' LIMIT 1   [ RunTime:0.0001s ]
SQL: SELECT `servicecategory_id`,`id`,`name`,`thumb`,`custom_time`,`date` FROM `flyin_services` WHERE `recycle` = 'no' AND `on_sale` = 'yes' ORDER BY id desc LIMIT 0,6   [ RunTime:0.0001s ]
NOTIC: [8] Undefined index: cat_id /home/flyindat/domains/flyindata.com.cn/public_html/Application/En/Controller/CommonController.class.php 第 86 行.
SQL: SHOW COLUMNS FROM `flyin_newcategory` [ RunTime:0.0011s ]
SQL: SELECT `id`,`name`,`pid` FROM `flyin_newcategory`  [ RunTime:0.0001s ]
SQL: SHOW COLUMNS FROM `flyin_news` [ RunTime:0.0012s ]
SQL: SELECT `id`,`newcategory_id`,`sn`,`name`,`thumb`,`on_sale`,`recommend`,`add_time`,`custom_time`,`desc`,`recycle` FROM `flyin_news` WHERE `recommend` = 'yes' AND `on_sale` = 'yes' AND `recycle` = 'no' LIMIT 4   [ RunTime:0.0001s ]
SQL: SHOW COLUMNS FROM `flyin_news` [ RunTime:0.0013s ]
SQL: SELECT COUNT(*) AS tp_count FROM `flyin_news` WHERE `recycle` = 'no' AND `on_sale` = 'yes' LIMIT 1   [ RunTime:0.0001s ]
SQL: SELECT `newcategory_id`,`id`,`name`,`thumb`,`custom_time`,`desc` FROM `flyin_news` WHERE `recycle` = 'no' AND `on_sale` = 'yes' ORDER BY id desc LIMIT 0,6   [ RunTime:0.0001s ]
NOTIC: [8] Undefined index: cat_id /home/flyindat/domains/flyindata.com.cn/public_html/Application/En/Controller/CommonController.class.php 第 117 行.
SQL: SHOW COLUMNS FROM `flyin_goods` [ RunTime:0.0013s ]
SQL: SELECT * FROM `flyin_goods` WHERE (  goods_id = '27'  ) LIMIT 1   [ RunTime:0.0012s ]
NOTIC: [8] Undefined index: historyen /home/flyindat/domains/flyindata.com.cn/public_html/Application/En/Controller/CommonController.class.php 第 129 行.
NOTIC: [8] Undefined index: historyen /home/flyindat/domains/flyindata.com.cn/public_html/Application/En/Controller/CommonController.class.php 第 137 行.
NOTIC: [8] Undefined index: history /home/flyindat/domains/flyindata.com.cn/public_html/Application/En/Controller/GoodsController.class.php 第 44 行.
SQL: SHOW COLUMNS FROM `flyin_goods` [ RunTime:0.0017s ]
SQL: SHOW COLUMNS FROM `flyin_goods` [ RunTime:0.0015s ]
SQL: SELECT g.*,gg.* FROM flyin_goods as g LEFT JOIN flyin_gallery as gg ON g.goods_id = gg.goods_id  WHERE g.goods_id = '27'  [ RunTime:0.0005s ]
NOTIC: [8] Undefined index: img_big /home/flyindat/domains/flyindata.com.cn/public_html/Application/En/Model/GoodsModel.class.php 第 166 行.
NOTIC: [8] Undefined index: img_small /home/flyindat/domains/flyindata.com.cn/public_html/Application/En/Model/GoodsModel.class.php 第 168 行.
SQL: SHOW COLUMNS FROM `flyin_goods` [ RunTime:0.0015s ]
SQL: SELECT g.*,gg.* FROM flyin_goods as g JOIN flyin_parameter as gg ON g.goods_id = gg.goods_id  WHERE g.goods_id = '27'  [ RunTime:0.0003s ]
SQL: SELECT `id`,`linkname`,`url` FROM `flyin_friendlink` WHERE `isshow` = 1 ORDER BY linkorder  [ RunTime:0.0001s ]
SQL: SHOW COLUMNS FROM `flyin_category` [ RunTime:0.0012s ]
SQL: SELECT `cat_id` FROM `flyin_category`  [ RunTime:0.0001s ]
SQL: SHOW COLUMNS FROM `flyin_goods` [ RunTime:0.0013s ]
SQL: SELECT `goods_id`,`goods_name`,`img_center`,`goods_pdf`,`cat_id` FROM `flyin_goods` WHERE `goods_id` = 27 LIMIT 1   [ RunTime:0.0003s ]
NOTIC: [8] Undefined index: goods_keyword /home/flyindat/domains/flyindata.com.cn/public_html/Application/En/Controller/GoodsController.class.php 第 89 行.
INFO: [ view_parse ] --START--
INFO: [ template_filter ] --START--
INFO: Run Behavior\ContentReplaceBehavior [ RunTime:0.000223s ]
INFO: [ template_filter ] --END-- [ RunTime:0.000331s ]
INFO: Run Behavior\ParseTemplateBehavior [ RunTime:0.048259s ]
INFO: [ view_parse ] --END-- [ RunTime:0.048376s ]
INFO: [ view_filter ] --START--
INFO: Run Behavior\WriteHtmlCacheBehavior [ RunTime:0.000412s ]
INFO: Run Behavior\TokenBuildBehavior [ RunTime:0.000431s ]
INFO: [ view_filter ] --END-- [ RunTime:0.000943s ]
INFO: [ app_end ] --START--
INFO: Run Behavior\ShowPageTraceBehavior [ RunTime:0.000570s ]
INFO: [ app_end ] --END-- [ RunTime:0.000634s ]
NOTIC: [8] Constant URL_COMPAT already defined /home/flyindat/domains/flyindata.com.cn/public_html/index.php 第 33 行.

[ 2018-01-09T13:07:08+08:00 ] 42.236.10.75 /En/Goods/index/p/3.html
INFO: [ app_init ] --START--
INFO: Run Behavior\BuildLiteBehavior [ RunTime:0.000035s ]
INFO: [ app_init ] --END-- [ RunTime:0.000793s ]
INFO: [ app_begin ] --START--
INFO: Run Behavior\ReadHtmlCacheBehavior [ RunTime:0.000890s ]
INFO: Run Behavior\GetcodingBehavior [ RunTime:0.000843s ]
INFO: [ app_begin ] --END-- [ RunTime:0.001897s ]
SQL: SHOW COLUMNS FROM `flyin_category` [ RunTime:0.0040s ]
SQL: SELECT * FROM `flyin_category`  [ RunTime:0.0021s ]
NOTIC: [8] Undefined index: historyen /home/flyindat/domains/flyindata.com.cn/public_html/Application/En/Controller/CommonController.class.php 第 42 行.
SQL: SHOW COLUMNS FROM `flyin_friendlink` [ RunTime:0.0030s ]
SQL: SELECT `id`,`linkname`,`url` FROM `flyin_friendlink` WHERE `isshow` = 1 ORDER BY linkorder  [ RunTime:0.0009s ]
SQL: SHOW COLUMNS FROM `flyin_website` [ RunTime:0.0030s ]
SQL: SELECT `id`,`title`,`copy`,`logo`,`description`,`hotsearch`,`keywords`,`address`,`linkman`,`cellphone`,`cellphone`,`tel`,`fax`,`mail`,`qq` FROM `flyin_website` WHERE `status` = 1  [ RunTime:0.0009s ]
SQL: SHOW COLUMNS FROM `flyin_servicecategory` [ RunTime:0.0040s ]
SQL: SELECT `id`,`name`,`pid` FROM `flyin_servicecategory`  [ RunTime:0.0009s ]
SQL: SHOW COLUMNS FROM `flyin_services` [ RunTime:0.0059s ]
SQL: SELECT `id`,`servicecategory_id`,`sn`,`name`,`thumb`,`on_sale`,`recommend`,`add_time`,`custom_time`,`desc`,`recycle` FROM `flyin_services` WHERE `recommend` = 'yes' AND `on_sale` = 'yes' AND `recycle` = 'no' LIMIT 4   [ RunTime:0.0007s ]
SQL: SHOW COLUMNS FROM `flyin_services` [ RunTime:0.0019s ]
SQL: SELECT `id`,`name`,`thumb` FROM `flyin_services` WHERE `recycle` = 'no' AND `on_sale` = 'yes' AND `recommend` = 'yes' LIMIT 6   [ RunTime:0.0004s ]
SQL: SELECT COUNT(*) AS tp_count FROM `flyin_services` WHERE `recycle` = 'no' AND `on_sale` = 'yes' LIMIT 1   [ RunTime:0.0003s ]
SQL: SELECT `servicecategory_id`,`id`,`name`,`thumb`,`custom_time`,`date` FROM `flyin_services` WHERE `recycle` = 'no' AND `on_sale` = 'yes' ORDER BY id desc LIMIT 12,6   [ RunTime:0.0003s ]
NOTIC: [8] Undefined index: cat_id /home/flyindat/domains/flyindata.com.cn/public_html/Application/En/Controller/CommonController.class.php 第 86 行.
SQL: SHOW COLUMNS FROM `flyin_newcategory` [ RunTime:0.0072s ]
SQL: SELECT `id`,`name`,`pid` FROM `flyin_newcategory`  [ RunTime:0.0007s ]
SQL: SHOW COLUMNS FROM `flyin_news` [ RunTime:0.0039s ]
SQL: SELECT `id`,`newcategory_id`,`sn`,`name`,`thumb`,`on_sale`,`recommend`,`add_time`,`custom_time`,`desc`,`recycle` FROM `flyin_news` WHERE `recommend` = 'yes' AND `on_sale` = 'yes' AND `recycle` = 'no' LIMIT 4   [ RunTime:0.0012s ]
SQL: SHOW COLUMNS FROM `flyin_news` [ RunTime:0.0342s ]
SQL: SELECT COUNT(*) AS tp_count FROM `flyin_news` WHERE `recycle` = 'no' AND `on_sale` = 'yes' LIMIT 1   [ RunTime:0.0004s ]
SQL: SELECT `newcategory_id`,`id`,`name`,`thumb`,`custom_time`,`desc` FROM `flyin_news` WHERE `recycle` = 'no' AND `on_sale` = 'yes' ORDER BY id desc LIMIT 12,6   [ RunTime:0.0003s ]
NOTIC: [8] Undefined index: cat_id /home/flyindat/domains/flyindata.com.cn/public_html/Application/En/Controller/CommonController.class.php 第 117 行.
SQL: SHOW COLUMNS FROM `flyin_goods` [ RunTime:0.0053s ]
SQL: SELECT COUNT(*) AS tp_count FROM `flyin_goods` LIMIT 1   [ RunTime:0.0065s ]
SQL: SHOW COLUMNS FROM `flyin_goods` [ RunTime:0.0032s ]
SQL: SELECT g.*,c.cat_name FROM flyin_goods as g LEFT JOIN flyin_category as c ON g.cat_id = c.cat_id  LIMIT 12,6   [ RunTime:0.0182s ]
INFO: [ view_parse ] --START--
INFO: [ template_filter ] --START--
INFO: Run Behavior\ContentReplaceBehavior [ RunTime:0.000187s ]
INFO: [ template_filter ] --END-- [ RunTime:0.000295s ]
NOTIC: [8] Undefined variable: keywords /home/flyindat/domains/flyindata.com.cn/public_html/Application/Runtime/Cache/En/8fffb0405f2c1ed54fbf236e4b181080.php 第 7 行.
NOTIC: [8] Undefined variable: description /home/flyindat/domains/flyindata.com.cn/public_html/Application/Runtime/Cache/En/8fffb0405f2c1ed54fbf236e4b181080.php 第 8 行.
NOTIC: [8] Undefined variable: history /home/flyindat/domains/flyindata.com.cn/public_html/Application/Runtime/Cache/En/8fffb0405f2c1ed54fbf236e4b181080.php 第 89 行.
INFO: Run Behavior\ParseTemplateBehavior [ RunTime:0.059076s ]
INFO: [ view_parse ] --END-- [ RunTime:0.059228s ]
INFO: [ view_filter ] --START--
INFO: Run Behavior\WriteHtmlCacheBehavior [ RunTime:0.000522s ]
INFO: Run Behavior\TokenBuildBehavior [ RunTime:0.000664s ]
INFO: [ view_filter ] --END-- [ RunTime:0.001328s ]
INFO: [ app_end ] --START--
INFO: Run Behavior\ShowPageTraceBehavior [ RunTime:0.000979s ]
INFO: [ app_end ] --END-- [ RunTime:0.001082s ]
NOTIC: [8] Constant URL_COMPAT already defined /home/flyindat/domains/flyindata.com.cn/public_html/index.php 第 33 行.

[ 2018-01-09T13:07:09+08:00 ] 42.236.50.48 /En/Category/view/cat_id/2.html
INFO: [ app_init ] --START--
INFO: Run Behavior\BuildLiteBehavior [ RunTime:0.000034s ]
INFO: [ app_init ] --END-- [ RunTime:0.000765s ]
INFO: [ app_begin ] --START--
INFO: Run Behavior\ReadHtmlCacheBehavior [ RunTime:0.000941s ]
INFO: Run Behavior\GetcodingBehavior [ RunTime:0.000553s ]
INFO: [ app_begin ] --END-- [ RunTime:0.001694s ]
SQL: SHOW COLUMNS FROM `flyin_category` [ RunTime:0.0024s ]
SQL: SELECT * FROM `flyin_category`  [ RunTime:0.0002s ]
NOTIC: [8] Undefined index: historyen /home/flyindat/domains/flyindata.com.cn/public_html/Application/En/Controller/CommonController.class.php 第 42 行.
SQL: SHOW COLUMNS FROM `flyin_friendlink` [ RunTime:0.0016s ]
SQL: SELECT `id`,`linkname`,`url` FROM `flyin_friendlink` WHERE `isshow` = 1 ORDER BY linkorder  [ RunTime:0.0001s ]
SQL: SHOW COLUMNS FROM `flyin_website` [ RunTime:0.0019s ]
SQL: SELECT `id`,`title`,`copy`,`logo`,`description`,`hotsearch`,`keywords`,`address`,`linkman`,`cellphone`,`cellphone`,`tel`,`fax`,`mail`,`qq` FROM `flyin_website` WHERE `status` = 1  [ RunTime:0.0002s ]
SQL: SHOW COLUMNS FROM `flyin_servicecategory` [ RunTime:0.0016s ]
SQL: SELECT `id`,`name`,`pid` FROM `flyin_servicecategory`  [ RunTime:0.0001s ]
SQL: SHOW COLUMNS FROM `flyin_services` [ RunTime:0.0017s ]
SQL: SELECT `id`,`servicecategory_id`,`sn`,`name`,`thumb`,`on_sale`,`recommend`,`add_time`,`custom_time`,`desc`,`recycle` FROM `flyin_services` WHERE `recommend` = 'yes' AND `on_sale` = 'yes' AND `recycle` = 'no' LIMIT 4   [ RunTime:0.0002s ]
SQL: SHOW COLUMNS FROM `flyin_services` [ RunTime:0.0018s ]
SQL: SELECT `id`,`name`,`thumb` FROM `flyin_services` WHERE `recycle` = 'no' AND `on_sale` = 'yes' AND `recommend` = 'yes' LIMIT 6   [ RunTime:0.0001s ]
SQL: SELECT COUNT(*) AS tp_count FROM `flyin_services` WHERE `recycle` = 'no' AND `on_sale` = 'yes' LIMIT 1   [ RunTime:0.0001s ]
SQL: SELECT `servicecategory_id`,`id`,`name`,`thumb`,`custom_time`,`date` FROM `flyin_services` WHERE `recycle` = 'no' AND `on_sale` = 'yes' ORDER BY id desc LIMIT 0,6   [ RunTime:0.0005s ]
NOTIC: [8] Undefined index: cat_id /home/flyindat/domains/flyindata.com.cn/public_html/Application/En/Controller/CommonController.class.php 第 86 行.
SQL: SHOW COLUMNS FROM `flyin_newcategory` [ RunTime:0.0019s ]
SQL: SELECT `id`,`name`,`pid` FROM `flyin_newcategory`  [ RunTime:0.0004s ]
SQL: SHOW COLUMNS FROM `flyin_news` [ RunTime:0.0017s ]
SQL: SELECT `id`,`newcategory_id`,`sn`,`name`,`thumb`,`on_sale`,`recommend`,`add_time`,`custom_time`,`desc`,`recycle` FROM `flyin_news` WHERE `recommend` = 'yes' AND `on_sale` = 'yes' AND `recycle` = 'no' LIMIT 4   [ RunTime:0.0002s ]
SQL: SHOW COLUMNS FROM `flyin_news` [ RunTime:0.0020s ]
SQL: SELECT COUNT(*) AS tp_count FROM `flyin_news` WHERE `recycle` = 'no' AND `on_sale` = 'yes' LIMIT 1   [ RunTime:0.0001s ]
SQL: SELECT `newcategory_id`,`id`,`name`,`thumb`,`custom_time`,`desc` FROM `flyin_news` WHERE `recycle` = 'no' AND `on_sale` = 'yes' ORDER BY id desc LIMIT 0,6   [ RunTime:0.0004s ]
NOTIC: [8] Undefined index: cat_id /home/flyindat/domains/flyindata.com.cn/public_html/Application/En/Controller/CommonController.class.php 第 117 行.
SQL: SHOW COLUMNS FROM `flyin_goods` [ RunTime:0.0023s ]
SQL: SELECT COUNT(*) AS tp_count FROM `flyin_goods` WHERE `cat_id` = 2 LIMIT 1   [ RunTime:0.0011s ]
SQL: SELECT * FROM `flyin_goods` WHERE `cat_id` = 2 LIMIT 0,6   [ RunTime:0.0082s ]
INFO: [ view_parse ] --START--
INFO: [ template_filter ] --START--
INFO: Run Behavior\ContentReplaceBehavior [ RunTime:0.000190s ]
INFO: [ template_filter ] --END-- [ RunTime:0.000286s ]
NOTIC: [8] Undefined variable: keywords /home/flyindat/domains/flyindata.com.cn/public_html/Application/Runtime/Cache/En/8fffb0405f2c1ed54fbf236e4b181080.php 第 7 行.
NOTIC: [8] Undefined variable: description /home/flyindat/domains/flyindata.com.cn/public_html/Application/Runtime/Cache/En/8fffb0405f2c1ed54fbf236e4b181080.php 第 8 行.
NOTIC: [8] Undefined variable: history /home/flyindat/domains/flyindata.com.cn/public_html/Application/Runtime/Cache/En/8fffb0405f2c1ed54fbf236e4b181080.php 第 89 行.
INFO: Run Behavior\ParseTemplateBehavior [ RunTime:0.055393s ]
INFO: [ view_parse ] --END-- [ RunTime:0.055487s ]
INFO: [ view_filter ] --START--
INFO: Run Behavior\WriteHtmlCacheBehavior [ RunTime:0.000370s ]
INFO: Run Behavior\TokenBuildBehavior [ RunTime:0.000422s ]
INFO: [ view_filter ] --END-- [ RunTime:0.000889s ]
INFO: [ app_end ] --START--
INFO: Run Behavior\ShowPageTraceBehavior [ RunTime:0.000659s ]
INFO: [ app_end ] --END-- [ RunTime:0.000739s ]
NOTIC: [8] Constant URL_COMPAT already defined /home/flyindat/domains/flyindata.com.cn/public_html/index.php 第 33 行.

