[ 2018-01-15T10:17:56+08:00 ] 207.46.13.134 /En/Goods/view/cat_id/1/goods_id/26.html
INFO: [ app_init ] --START--
INFO: Run Behavior\BuildLiteBehavior [ RunTime:0.000022s ]
INFO: [ app_init ] --END-- [ RunTime:0.000489s ]
INFO: [ app_begin ] --START--
INFO: Run Behavior\ReadHtmlCacheBehavior [ RunTime:0.000645s ]
INFO: Run Behavior\GetcodingBehavior [ RunTime:0.000349s ]
INFO: [ app_begin ] --END-- [ RunTime:0.001126s ]
SQL: SHOW COLUMNS FROM `flyin_category` [ RunTime:0.0038s ]
SQL: SELECT * FROM `flyin_category`  [ RunTime:0.0005s ]
NOTIC: [8] Undefined index: historyen /home/flyindat/domains/flyindata.com.cn/public_html/Application/En/Controller/CommonController.class.php 第 42 行.
SQL: SHOW COLUMNS FROM `flyin_friendlink` [ RunTime:0.0022s ]
SQL: SELECT `id`,`linkname`,`url` FROM `flyin_friendlink` WHERE `isshow` = 1 ORDER BY linkorder  [ RunTime:0.0006s ]
SQL: SHOW COLUMNS FROM `flyin_website` [ RunTime:0.0019s ]
SQL: SELECT `id`,`title`,`copy`,`logo`,`description`,`hotsearch`,`keywords`,`address`,`linkman`,`cellphone`,`cellphone`,`tel`,`fax`,`mail`,`qq` FROM `flyin_website` WHERE `status` = 1  [ RunTime:0.0009s ]
SQL: SHOW COLUMNS FROM `flyin_servicecategory` [ RunTime:0.0013s ]
SQL: SELECT `id`,`name`,`pid` FROM `flyin_servicecategory`  [ RunTime:0.0007s ]
SQL: SHOW COLUMNS FROM `flyin_services` [ RunTime:0.0015s ]
SQL: SELECT `id`,`servicecategory_id`,`sn`,`name`,`thumb`,`on_sale`,`recommend`,`add_time`,`custom_time`,`desc`,`recycle` FROM `flyin_services` WHERE `recommend` = 'yes' AND `on_sale` = 'yes' AND `recycle` = 'no' LIMIT 4   [ RunTime:0.0017s ]
SQL: SHOW COLUMNS FROM `flyin_services` [ RunTime:0.0014s ]
SQL: SELECT `id`,`name`,`thumb` FROM `flyin_services` WHERE `recycle` = 'no' AND `on_sale` = 'yes' AND `recommend` = 'yes' LIMIT 6   [ RunTime:0.0004s ]
SQL: SELECT COUNT(*) AS tp_count FROM `flyin_services` WHERE `recycle` = 'no' AND `on_sale` = 'yes' LIMIT 1   [ RunTime:0.0004s ]
SQL: SELECT `servicecategory_id`,`id`,`name`,`thumb`,`custom_time`,`date` FROM `flyin_services` WHERE `recycle` = 'no' AND `on_sale` = 'yes' ORDER BY id desc LIMIT 0,6   [ RunTime:0.0003s ]
NOTIC: [8] Undefined index: cat_id /home/flyindat/domains/flyindata.com.cn/public_html/Application/En/Controller/CommonController.class.php 第 86 行.
SQL: SHOW COLUMNS FROM `flyin_newcategory` [ RunTime:0.0014s ]
SQL: SELECT `id`,`name`,`pid` FROM `flyin_newcategory`  [ RunTime:0.0010s ]
SQL: SHOW COLUMNS FROM `flyin_news` [ RunTime:0.0014s ]
SQL: SELECT `id`,`newcategory_id`,`sn`,`name`,`thumb`,`on_sale`,`recommend`,`add_time`,`custom_time`,`desc`,`recycle` FROM `flyin_news` WHERE `recommend` = 'yes' AND `on_sale` = 'yes' AND `recycle` = 'no' LIMIT 4   [ RunTime:0.0007s ]
SQL: SHOW COLUMNS FROM `flyin_news` [ RunTime:0.0012s ]
SQL: SELECT COUNT(*) AS tp_count FROM `flyin_news` WHERE `recycle` = 'no' AND `on_sale` = 'yes' LIMIT 1   [ RunTime:0.0004s ]
SQL: SELECT `newcategory_id`,`id`,`name`,`thumb`,`custom_time`,`desc` FROM `flyin_news` WHERE `recycle` = 'no' AND `on_sale` = 'yes' ORDER BY id desc LIMIT 0,6   [ RunTime:0.0005s ]
NOTIC: [8] Undefined index: cat_id /home/flyindat/domains/flyindata.com.cn/public_html/Application/En/Controller/CommonController.class.php 第 117 行.
SQL: SHOW COLUMNS FROM `flyin_goods` [ RunTime:0.0018s ]
SQL: SELECT * FROM `flyin_goods` WHERE (  goods_id = '26'  ) LIMIT 1   [ RunTime:0.0016s ]
NOTIC: [8] Undefined index: historyen /home/flyindat/domains/flyindata.com.cn/public_html/Application/En/Controller/CommonController.class.php 第 129 行.
NOTIC: [8] Undefined index: historyen /home/flyindat/domains/flyindata.com.cn/public_html/Application/En/Controller/CommonController.class.php 第 137 行.
NOTIC: [8] Undefined index: history /home/flyindat/domains/flyindata.com.cn/public_html/Application/En/Controller/GoodsController.class.php 第 44 行.
SQL: SHOW COLUMNS FROM `flyin_goods` [ RunTime:0.0014s ]
SQL: SHOW COLUMNS FROM `flyin_goods` [ RunTime:0.0014s ]
SQL: SELECT g.*,gg.* FROM flyin_goods as g LEFT JOIN flyin_gallery as gg ON g.goods_id = gg.goods_id  WHERE g.goods_id = '26'  [ RunTime:0.0098s ]
NOTIC: [8] Undefined index: img_big /home/flyindat/domains/flyindata.com.cn/public_html/Application/En/Model/GoodsModel.class.php 第 166 行.
NOTIC: [8] Undefined index: img_small /home/flyindat/domains/flyindata.com.cn/public_html/Application/En/Model/GoodsModel.class.php 第 168 行.
SQL: SHOW COLUMNS FROM `flyin_goods` [ RunTime:0.0015s ]
SQL: SELECT g.*,gg.* FROM flyin_goods as g JOIN flyin_parameter as gg ON g.goods_id = gg.goods_id  WHERE g.goods_id = '26'  [ RunTime:0.0017s ]
SQL: SELECT `id`,`linkname`,`url` FROM `flyin_friendlink` WHERE `isshow` = 1 ORDER BY linkorder  [ RunTime:0.0002s ]
SQL: SHOW COLUMNS FROM `flyin_category` [ RunTime:0.0010s ]
SQL: SELECT `cat_id` FROM `flyin_category`  [ RunTime:0.0002s ]
SQL: SHOW COLUMNS FROM `flyin_goods` [ RunTime:0.0013s ]
SQL: SELECT `goods_id`,`goods_name`,`img_center`,`goods_pdf`,`cat_id` FROM `flyin_goods` WHERE `goods_id` = 26 LIMIT 1   [ RunTime:0.0006s ]
NOTIC: [8] Undefined index: goods_keyword /home/flyindat/domains/flyindata.com.cn/public_html/Application/En/Controller/GoodsController.class.php 第 89 行.
INFO: [ view_parse ] --START--
INFO: [ template_filter ] --START--
INFO: Run Behavior\ContentReplaceBehavior [ RunTime:0.000238s ]
INFO: [ template_filter ] --END-- [ RunTime:0.000313s ]
INFO: Run Behavior\ParseTemplateBehavior [ RunTime:0.046813s ]
INFO: [ view_parse ] --END-- [ RunTime:0.046892s ]
INFO: [ view_filter ] --START--
INFO: Run Behavior\WriteHtmlCacheBehavior [ RunTime:0.000325s ]
INFO: Run Behavior\TokenBuildBehavior [ RunTime:0.000469s ]
INFO: [ view_filter ] --END-- [ RunTime:0.000892s ]
INFO: [ app_end ] --START--
INFO: Run Behavior\ShowPageTraceBehavior [ RunTime:0.000606s ]
INFO: [ app_end ] --END-- [ RunTime:0.000670s ]
NOTIC: [8] Constant URL_COMPAT already defined /home/flyindat/domains/flyindata.com.cn/public_html/index.php 第 33 行.

[ 2018-01-15T12:50:36+08:00 ] 106.120.173.138 /En/Category/view/cat_id/3.html
INFO: [ app_init ] --START--
INFO: Run Behavior\BuildLiteBehavior [ RunTime:0.000030s ]
INFO: [ app_init ] --END-- [ RunTime:0.000687s ]
INFO: [ app_begin ] --START--
INFO: Run Behavior\ReadHtmlCacheBehavior [ RunTime:0.000603s ]
INFO: Run Behavior\GetcodingBehavior [ RunTime:0.000340s ]
INFO: [ app_begin ] --END-- [ RunTime:0.001059s ]
SQL: SHOW COLUMNS FROM `flyin_category` [ RunTime:0.0030s ]
SQL: SELECT * FROM `flyin_category`  [ RunTime:0.0007s ]
NOTIC: [8] Undefined index: historyen /home/flyindat/domains/flyindata.com.cn/public_html/Application/En/Controller/CommonController.class.php 第 42 行.
SQL: SHOW COLUMNS FROM `flyin_friendlink` [ RunTime:0.0017s ]
SQL: SELECT `id`,`linkname`,`url` FROM `flyin_friendlink` WHERE `isshow` = 1 ORDER BY linkorder  [ RunTime:0.0007s ]
SQL: SHOW COLUMNS FROM `flyin_website` [ RunTime:0.0019s ]
SQL: SELECT `id`,`title`,`copy`,`logo`,`description`,`hotsearch`,`keywords`,`address`,`linkman`,`cellphone`,`cellphone`,`tel`,`fax`,`mail`,`qq` FROM `flyin_website` WHERE `status` = 1  [ RunTime:0.0007s ]
SQL: SHOW COLUMNS FROM `flyin_servicecategory` [ RunTime:0.0018s ]
SQL: SELECT `id`,`name`,`pid` FROM `flyin_servicecategory`  [ RunTime:0.0007s ]
SQL: SHOW COLUMNS FROM `flyin_services` [ RunTime:0.0024s ]
SQL: SELECT `id`,`servicecategory_id`,`sn`,`name`,`thumb`,`on_sale`,`recommend`,`add_time`,`custom_time`,`desc`,`recycle` FROM `flyin_services` WHERE `recommend` = 'yes' AND `on_sale` = 'yes' AND `recycle` = 'no' LIMIT 4   [ RunTime:0.0008s ]
SQL: SHOW COLUMNS FROM `flyin_services` [ RunTime:0.0021s ]
SQL: SELECT `id`,`name`,`thumb` FROM `flyin_services` WHERE `recycle` = 'no' AND `on_sale` = 'yes' AND `recommend` = 'yes' LIMIT 6   [ RunTime:0.0004s ]
SQL: SELECT COUNT(*) AS tp_count FROM `flyin_services` WHERE `recycle` = 'no' AND `on_sale` = 'yes' LIMIT 1   [ RunTime:0.0003s ]
SQL: SELECT `servicecategory_id`,`id`,`name`,`thumb`,`custom_time`,`date` FROM `flyin_services` WHERE `recycle` = 'no' AND `on_sale` = 'yes' ORDER BY id desc LIMIT 0,6   [ RunTime:0.0003s ]
NOTIC: [8] Undefined index: cat_id /home/flyindat/domains/flyindata.com.cn/public_html/Application/En/Controller/CommonController.class.php 第 86 行.
SQL: SHOW COLUMNS FROM `flyin_newcategory` [ RunTime:0.0022s ]
SQL: SELECT `id`,`name`,`pid` FROM `flyin_newcategory`  [ RunTime:0.0004s ]
SQL: SHOW COLUMNS FROM `flyin_news` [ RunTime:0.0020s ]
SQL: SELECT `id`,`newcategory_id`,`sn`,`name`,`thumb`,`on_sale`,`recommend`,`add_time`,`custom_time`,`desc`,`recycle` FROM `flyin_news` WHERE `recommend` = 'yes' AND `on_sale` = 'yes' AND `recycle` = 'no' LIMIT 4   [ RunTime:0.0013s ]
SQL: SHOW COLUMNS FROM `flyin_news` [ RunTime:0.0018s ]
SQL: SELECT COUNT(*) AS tp_count FROM `flyin_news` WHERE `recycle` = 'no' AND `on_sale` = 'yes' LIMIT 1   [ RunTime:0.0003s ]
SQL: SELECT `newcategory_id`,`id`,`name`,`thumb`,`custom_time`,`desc` FROM `flyin_news` WHERE `recycle` = 'no' AND `on_sale` = 'yes' ORDER BY id desc LIMIT 0,6   [ RunTime:0.0003s ]
NOTIC: [8] Undefined index: cat_id /home/flyindat/domains/flyindata.com.cn/public_html/Application/En/Controller/CommonController.class.php 第 117 行.
SQL: SHOW COLUMNS FROM `flyin_goods` [ RunTime:0.0026s ]
SQL: SELECT COUNT(*) AS tp_count FROM `flyin_goods` WHERE `cat_id` = 3 LIMIT 1   [ RunTime:0.0044s ]
SQL: SELECT * FROM `flyin_goods` WHERE `cat_id` = 3 LIMIT 0,6   [ RunTime:0.0072s ]
INFO: [ view_parse ] --START--
INFO: [ template_filter ] --START--
INFO: Run Behavior\ContentReplaceBehavior [ RunTime:0.000270s ]
INFO: [ template_filter ] --END-- [ RunTime:0.000417s ]
NOTIC: [8] Undefined variable: keywords /home/flyindat/domains/flyindata.com.cn/public_html/Application/Runtime/Cache/En/8fffb0405f2c1ed54fbf236e4b181080.php 第 7 行.
NOTIC: [8] Undefined variable: description /home/flyindat/domains/flyindata.com.cn/public_html/Application/Runtime/Cache/En/8fffb0405f2c1ed54fbf236e4b181080.php 第 8 行.
NOTIC: [8] Undefined variable: history /home/flyindat/domains/flyindata.com.cn/public_html/Application/Runtime/Cache/En/8fffb0405f2c1ed54fbf236e4b181080.php 第 89 行.
INFO: Run Behavior\ParseTemplateBehavior [ RunTime:0.056075s ]
INFO: [ view_parse ] --END-- [ RunTime:0.056185s ]
INFO: [ view_filter ] --START--
INFO: Run Behavior\WriteHtmlCacheBehavior [ RunTime:0.000527s ]
INFO: Run Behavior\TokenBuildBehavior [ RunTime:0.000597s ]
INFO: [ view_filter ] --END-- [ RunTime:0.001277s ]
INFO: [ app_end ] --START--
INFO: Run Behavior\ShowPageTraceBehavior [ RunTime:0.000781s ]
INFO: [ app_end ] --END-- [ RunTime:0.000865s ]
NOTIC: [8] Constant URL_COMPAT already defined /home/flyindat/domains/flyindata.com.cn/public_html/index.php 第 33 行.

[ 2018-01-15T12:50:46+08:00 ] 106.120.173.138 /En/Common/view/cat_id/2.html
INFO: [ app_init ] --START--
INFO: Run Behavior\BuildLiteBehavior [ RunTime:0.000021s ]
INFO: [ app_init ] --END-- [ RunTime:0.000478s ]
INFO: [ app_begin ] --START--
INFO: Run Behavior\ReadHtmlCacheBehavior [ RunTime:0.000595s ]
INFO: Run Behavior\GetcodingBehavior [ RunTime:0.000352s ]
INFO: [ app_begin ] --END-- [ RunTime:0.001059s ]
SQL: SHOW COLUMNS FROM `flyin_category` [ RunTime:0.0020s ]
SQL: SELECT * FROM `flyin_category`  [ RunTime:0.0002s ]
NOTIC: [8] Undefined index: historyen /home/flyindat/domains/flyindata.com.cn/public_html/Application/En/Controller/CommonController.class.php 第 42 行.
SQL: SHOW COLUMNS FROM `flyin_friendlink` [ RunTime:0.0013s ]
SQL: SELECT `id`,`linkname`,`url` FROM `flyin_friendlink` WHERE `isshow` = 1 ORDER BY linkorder  [ RunTime:0.0002s ]
SQL: SHOW COLUMNS FROM `flyin_website` [ RunTime:0.0014s ]
SQL: SELECT `id`,`title`,`copy`,`logo`,`description`,`hotsearch`,`keywords`,`address`,`linkman`,`cellphone`,`cellphone`,`tel`,`fax`,`mail`,`qq` FROM `flyin_website` WHERE `status` = 1  [ RunTime:0.0002s ]
SQL: SHOW COLUMNS FROM `flyin_servicecategory` [ RunTime:0.0011s ]
SQL: SELECT `id`,`name`,`pid` FROM `flyin_servicecategory`  [ RunTime:0.0001s ]
SQL: SHOW COLUMNS FROM `flyin_services` [ RunTime:0.0013s ]
SQL: SELECT `id`,`servicecategory_id`,`sn`,`name`,`thumb`,`on_sale`,`recommend`,`add_time`,`custom_time`,`desc`,`recycle` FROM `flyin_services` WHERE `recommend` = 'yes' AND `on_sale` = 'yes' AND `recycle` = 'no' LIMIT 4   [ RunTime:0.0003s ]
SQL: SHOW COLUMNS FROM `flyin_services` [ RunTime:0.0013s ]
SQL: SELECT `id`,`name`,`thumb` FROM `flyin_services` WHERE `recycle` = 'no' AND `on_sale` = 'yes' AND `recommend` = 'yes' LIMIT 6   [ RunTime:0.0002s ]
SQL: SELECT COUNT(*) AS tp_count FROM `flyin_services` WHERE `recycle` = 'no' AND `on_sale` = 'yes' LIMIT 1   [ RunTime:0.0001s ]
SQL: SELECT `servicecategory_id`,`id`,`name`,`thumb`,`custom_time`,`date` FROM `flyin_services` WHERE `recycle` = 'no' AND `on_sale` = 'yes' ORDER BY id desc LIMIT 0,6   [ RunTime:0.0002s ]
NOTIC: [8] Undefined index: cat_id /home/flyindat/domains/flyindata.com.cn/public_html/Application/En/Controller/CommonController.class.php 第 86 行.
SQL: SHOW COLUMNS FROM `flyin_newcategory` [ RunTime:0.0011s ]
SQL: SELECT `id`,`name`,`pid` FROM `flyin_newcategory`  [ RunTime:0.0002s ]
SQL: SHOW COLUMNS FROM `flyin_news` [ RunTime:0.0013s ]
SQL: SELECT `id`,`newcategory_id`,`sn`,`name`,`thumb`,`on_sale`,`recommend`,`add_time`,`custom_time`,`desc`,`recycle` FROM `flyin_news` WHERE `recommend` = 'yes' AND `on_sale` = 'yes' AND `recycle` = 'no' LIMIT 4   [ RunTime:0.0002s ]
SQL: SHOW COLUMNS FROM `flyin_news` [ RunTime:0.0013s ]
SQL: SELECT COUNT(*) AS tp_count FROM `flyin_news` WHERE `recycle` = 'no' AND `on_sale` = 'yes' LIMIT 1   [ RunTime:0.0001s ]
SQL: SELECT `newcategory_id`,`id`,`name`,`thumb`,`custom_time`,`desc` FROM `flyin_news` WHERE `recycle` = 'no' AND `on_sale` = 'yes' ORDER BY id desc LIMIT 0,6   [ RunTime:0.0002s ]
NOTIC: [8] Undefined index: cat_id /home/flyindat/domains/flyindata.com.cn/public_html/Application/En/Controller/CommonController.class.php 第 117 行.
SQL: SHOW COLUMNS FROM `flyin_goods` [ RunTime:0.0015s ]
SQL: SELECT COUNT(*) AS tp_count FROM `flyin_goods` WHERE `cat_id` = 2 LIMIT 1   [ RunTime:0.0004s ]
SQL: SELECT * FROM `flyin_goods` WHERE `cat_id` = 2 LIMIT 0,6   [ RunTime:0.0008s ]
INFO: [ view_parse ] --START--
INFO: [ template_filter ] --START--
INFO: Run Behavior\ContentReplaceBehavior [ RunTime:0.000179s ]
INFO: [ template_filter ] --END-- [ RunTime:0.000262s ]
NOTIC: [8] Undefined variable: keywords /home/flyindat/domains/flyindata.com.cn/public_html/Application/Runtime/Cache/En/8fffb0405f2c1ed54fbf236e4b181080.php 第 7 行.
NOTIC: [8] Undefined variable: description /home/flyindat/domains/flyindata.com.cn/public_html/Application/Runtime/Cache/En/8fffb0405f2c1ed54fbf236e4b181080.php 第 8 行.
NOTIC: [8] Undefined variable: title /home/flyindat/domains/flyindata.com.cn/public_html/Application/Runtime/Cache/En/8fffb0405f2c1ed54fbf236e4b181080.php 第 9 行.
NOTIC: [8] Undefined variable: history /home/flyindat/domains/flyindata.com.cn/public_html/Application/Runtime/Cache/En/8fffb0405f2c1ed54fbf236e4b181080.php 第 89 行.
INFO: Run Behavior\ParseTemplateBehavior [ RunTime:0.042478s ]
INFO: [ view_parse ] --END-- [ RunTime:0.042549s ]
INFO: [ view_filter ] --START--
INFO: Run Behavior\WriteHtmlCacheBehavior [ RunTime:0.000332s ]
INFO: Run Behavior\TokenBuildBehavior [ RunTime:0.000469s ]
INFO: [ view_filter ] --END-- [ RunTime:0.000898s ]
INFO: [ app_end ] --START--
INFO: Run Behavior\ShowPageTraceBehavior [ RunTime:0.000578s ]
INFO: [ app_end ] --END-- [ RunTime:0.000642s ]
NOTIC: [8] Constant URL_COMPAT already defined /home/flyindat/domains/flyindata.com.cn/public_html/index.php 第 33 行.

[ 2018-01-15T17:32:14+08:00 ] 106.120.173.138 /En/Aboutus/index.html
INFO: [ app_init ] --START--
INFO: Run Behavior\BuildLiteBehavior [ RunTime:0.000021s ]
INFO: [ app_init ] --END-- [ RunTime:0.000476s ]
INFO: [ app_begin ] --START--
INFO: Run Behavior\ReadHtmlCacheBehavior [ RunTime:0.000614s ]
INFO: Run Behavior\GetcodingBehavior [ RunTime:0.000323s ]
INFO: [ app_begin ] --END-- [ RunTime:0.001053s ]
SQL: SHOW COLUMNS FROM `flyin_category` [ RunTime:0.0031s ]
SQL: SELECT * FROM `flyin_category`  [ RunTime:0.0007s ]
NOTIC: [8] Undefined index: historyen /home/flyindat/domains/flyindata.com.cn/public_html/Application/En/Controller/CommonController.class.php 第 42 行.
SQL: SHOW COLUMNS FROM `flyin_friendlink` [ RunTime:0.0016s ]
SQL: SELECT `id`,`linkname`,`url` FROM `flyin_friendlink` WHERE `isshow` = 1 ORDER BY linkorder  [ RunTime:0.0007s ]
SQL: SHOW COLUMNS FROM `flyin_website` [ RunTime:0.0019s ]
SQL: SELECT `id`,`title`,`copy`,`logo`,`description`,`hotsearch`,`keywords`,`address`,`linkman`,`cellphone`,`cellphone`,`tel`,`fax`,`mail`,`qq` FROM `flyin_website` WHERE `status` = 1  [ RunTime:0.0007s ]
SQL: SHOW COLUMNS FROM `flyin_servicecategory` [ RunTime:0.0015s ]
SQL: SELECT `id`,`name`,`pid` FROM `flyin_servicecategory`  [ RunTime:0.0007s ]
SQL: SHOW COLUMNS FROM `flyin_services` [ RunTime:0.0017s ]
SQL: SELECT `id`,`servicecategory_id`,`sn`,`name`,`thumb`,`on_sale`,`recommend`,`add_time`,`custom_time`,`desc`,`recycle` FROM `flyin_services` WHERE `recommend` = 'yes' AND `on_sale` = 'yes' AND `recycle` = 'no' LIMIT 4   [ RunTime:0.0008s ]
SQL: SHOW COLUMNS FROM `flyin_services` [ RunTime:0.0014s ]
SQL: SELECT `id`,`name`,`thumb` FROM `flyin_services` WHERE `recycle` = 'no' AND `on_sale` = 'yes' AND `recommend` = 'yes' LIMIT 6   [ RunTime:0.0003s ]
SQL: SELECT COUNT(*) AS tp_count FROM `flyin_services` WHERE `recycle` = 'no' AND `on_sale` = 'yes' LIMIT 1   [ RunTime:0.0003s ]
SQL: SELECT `servicecategory_id`,`id`,`name`,`thumb`,`custom_time`,`date` FROM `flyin_services` WHERE `recycle` = 'no' AND `on_sale` = 'yes' ORDER BY id desc LIMIT 0,6   [ RunTime:0.0003s ]
NOTIC: [8] Undefined index: cat_id /home/flyindat/domains/flyindata.com.cn/public_html/Application/En/Controller/CommonController.class.php 第 86 行.
SQL: SHOW COLUMNS FROM `flyin_newcategory` [ RunTime:0.0016s ]
SQL: SELECT `id`,`name`,`pid` FROM `flyin_newcategory`  [ RunTime:0.0006s ]
SQL: SHOW COLUMNS FROM `flyin_news` [ RunTime:0.0015s ]
SQL: SELECT `id`,`newcategory_id`,`sn`,`name`,`thumb`,`on_sale`,`recommend`,`add_time`,`custom_time`,`desc`,`recycle` FROM `flyin_news` WHERE `recommend` = 'yes' AND `on_sale` = 'yes' AND `recycle` = 'no' LIMIT 4   [ RunTime:0.0005s ]
SQL: SHOW COLUMNS FROM `flyin_news` [ RunTime:0.0013s ]
SQL: SELECT COUNT(*) AS tp_count FROM `flyin_news` WHERE `recycle` = 'no' AND `on_sale` = 'yes' LIMIT 1   [ RunTime:0.0002s ]
SQL: SELECT `newcategory_id`,`id`,`name`,`thumb`,`custom_time`,`desc` FROM `flyin_news` WHERE `recycle` = 'no' AND `on_sale` = 'yes' ORDER BY id desc LIMIT 0,6   [ RunTime:0.0003s ]
NOTIC: [8] Undefined index: cat_id /home/flyindat/domains/flyindata.com.cn/public_html/Application/En/Controller/CommonController.class.php 第 117 行.
SQL: SHOW COLUMNS FROM `flyin_aboutus` [ RunTime:0.0014s ]
SQL: SELECT * FROM `flyin_aboutus` WHERE `status` = 1  [ RunTime:0.0003s ]
INFO: [ view_parse ] --START--
INFO: [ template_filter ] --START--
INFO: Run Behavior\ContentReplaceBehavior [ RunTime:0.000172s ]
INFO: [ template_filter ] --END-- [ RunTime:0.000262s ]
NOTIC: [8] Undefined variable: keywords /home/flyindat/domains/flyindata.com.cn/public_html/Application/Runtime/Cache/En/0cc258c1fb90e769520bb08a03e5328a.php 第 7 行.
NOTIC: [8] Undefined variable: description /home/flyindat/domains/flyindata.com.cn/public_html/Application/Runtime/Cache/En/0cc258c1fb90e769520bb08a03e5328a.php 第 8 行.
NOTIC: [8] Undefined variable: history /home/flyindat/domains/flyindata.com.cn/public_html/Application/Runtime/Cache/En/0cc258c1fb90e769520bb08a03e5328a.php 第 89 行.
NOTIC: [8] Undefined variable: goods /home/flyindat/domains/flyindata.com.cn/public_html/Application/Runtime/Cache/En/0cc258c1fb90e769520bb08a03e5328a.php 第 198 行.
INFO: Run Behavior\ParseTemplateBehavior [ RunTime:0.038816s ]
INFO: [ view_parse ] --END-- [ RunTime:0.038898s ]
INFO: [ view_filter ] --START--
INFO: Run Behavior\WriteHtmlCacheBehavior [ RunTime:0.000325s ]
INFO: Run Behavior\TokenBuildBehavior [ RunTime:0.000453s ]
INFO: [ view_filter ] --END-- [ RunTime:0.000877s ]
INFO: [ app_end ] --START--
INFO: Run Behavior\ShowPageTraceBehavior [ RunTime:0.000577s ]
INFO: [ app_end ] --END-- [ RunTime:0.000641s ]
NOTIC: [8] Constant URL_COMPAT already defined /home/flyindat/domains/flyindata.com.cn/public_html/index.php 第 33 行.

[ 2018-01-15T22:18:00+08:00 ] 123.125.71.116 /En
INFO: [ app_init ] --START--
INFO: Run Behavior\BuildLiteBehavior [ RunTime:0.000023s ]
INFO: [ app_init ] --END-- [ RunTime:0.000504s ]
INFO: [ app_begin ] --START--
INFO: Run Behavior\ReadHtmlCacheBehavior [ RunTime:0.000603s ]
INFO: Run Behavior\GetcodingBehavior [ RunTime:0.000324s ]
INFO: [ app_begin ] --END-- [ RunTime:0.001043s ]
SQL: SHOW COLUMNS FROM `flyin_category` [ RunTime:0.0028s ]
SQL: SELECT * FROM `flyin_category`  [ RunTime:0.0007s ]
NOTIC: [8] Undefined index: historyen /home/flyindat/domains/flyindata.com.cn/public_html/Application/En/Controller/CommonController.class.php 第 42 行.
SQL: SHOW COLUMNS FROM `flyin_friendlink` [ RunTime:0.0020s ]
SQL: SELECT `id`,`linkname`,`url` FROM `flyin_friendlink` WHERE `isshow` = 1 ORDER BY linkorder  [ RunTime:0.0005s ]
SQL: SHOW COLUMNS FROM `flyin_website` [ RunTime:0.0020s ]
SQL: SELECT `id`,`title`,`copy`,`logo`,`description`,`hotsearch`,`keywords`,`address`,`linkman`,`cellphone`,`cellphone`,`tel`,`fax`,`mail`,`qq` FROM `flyin_website` WHERE `status` = 1  [ RunTime:0.0005s ]
SQL: SHOW COLUMNS FROM `flyin_servicecategory` [ RunTime:0.0016s ]
SQL: SELECT `id`,`name`,`pid` FROM `flyin_servicecategory`  [ RunTime:0.0006s ]
SQL: SHOW COLUMNS FROM `flyin_services` [ RunTime:0.0016s ]
SQL: SELECT `id`,`servicecategory_id`,`sn`,`name`,`thumb`,`on_sale`,`recommend`,`add_time`,`custom_time`,`desc`,`recycle` FROM `flyin_services` WHERE `recommend` = 'yes' AND `on_sale` = 'yes' AND `recycle` = 'no' LIMIT 4   [ RunTime:0.0008s ]
SQL: SHOW COLUMNS FROM `flyin_services` [ RunTime:0.0013s ]
SQL: SELECT `id`,`name`,`thumb` FROM `flyin_services` WHERE `recycle` = 'no' AND `on_sale` = 'yes' AND `recommend` = 'yes' LIMIT 6   [ RunTime:0.0003s ]
SQL: SELECT COUNT(*) AS tp_count FROM `flyin_services` WHERE `recycle` = 'no' AND `on_sale` = 'yes' LIMIT 1   [ RunTime:0.0003s ]
SQL: SELECT `servicecategory_id`,`id`,`name`,`thumb`,`custom_time`,`date` FROM `flyin_services` WHERE `recycle` = 'no' AND `on_sale` = 'yes' ORDER BY id desc LIMIT 0,6   [ RunTime:0.0003s ]
NOTIC: [8] Undefined index: cat_id /home/flyindat/domains/flyindata.com.cn/public_html/Application/En/Controller/CommonController.class.php 第 86 行.
SQL: SHOW COLUMNS FROM `flyin_newcategory` [ RunTime:0.0041s ]
SQL: SELECT `id`,`name`,`pid` FROM `flyin_newcategory`  [ RunTime:0.0007s ]
SQL: SHOW COLUMNS FROM `flyin_news` [ RunTime:0.0017s ]
SQL: SELECT `id`,`newcategory_id`,`sn`,`name`,`thumb`,`on_sale`,`recommend`,`add_time`,`custom_time`,`desc`,`recycle` FROM `flyin_news` WHERE `recommend` = 'yes' AND `on_sale` = 'yes' AND `recycle` = 'no' LIMIT 4   [ RunTime:0.0009s ]
SQL: SHOW COLUMNS FROM `flyin_news` [ RunTime:0.0012s ]
SQL: SELECT COUNT(*) AS tp_count FROM `flyin_news` WHERE `recycle` = 'no' AND `on_sale` = 'yes' LIMIT 1   [ RunTime:0.0003s ]
SQL: SELECT `newcategory_id`,`id`,`name`,`thumb`,`custom_time`,`desc` FROM `flyin_news` WHERE `recycle` = 'no' AND `on_sale` = 'yes' ORDER BY id desc LIMIT 0,6   [ RunTime:0.0003s ]
NOTIC: [8] Undefined index: cat_id /home/flyindat/domains/flyindata.com.cn/public_html/Application/En/Controller/CommonController.class.php 第 117 行.
SQL: SHOW COLUMNS FROM `flyin_banners` [ RunTime:0.0021s ]
SQL: SHOW COLUMNS FROM `flyin_banners` [ RunTime:0.0013s ]
SQL: SELECT * FROM `flyin_banners` INNER JOIN flyin_bannercategory ON flyin_bannercategory.id = flyin_banners.Bannercategory_id  WHERE flyin_banners.recommend = 'yes' AND flyin_banners.recycle = 'no' AND flyin_bannercategory.name = '首页大广告图'  [ RunTime:0.0013s ]
SQL: SELECT * FROM `flyin_banners` LEFT JOIN flyin_bannercategory ON flyin_bannercategory.id = flyin_banners.Bannercategory_id  WHERE flyin_bannercategory.name = '基础方案'  [ RunTime:0.0004s ]
SQL: SELECT * FROM `flyin_banners` INNER JOIN flyin_bannercategory ON flyin_bannercategory.id = flyin_banners.Bannercategory_id  WHERE flyin_bannercategory.name = '合作伙伴'  [ RunTime:0.0004s ]
SQL: SHOW COLUMNS FROM `flyin_goods` [ RunTime:0.0020s ]
SQL: SHOW COLUMNS FROM `flyin_goods` [ RunTime:0.0014s ]
SQL: SELECT g.*,c.cat_name FROM flyin_goods as g LEFT JOIN flyin_category as c ON g.cat_id = c.cat_id  WHERE ( g.hot='yes' )  [ RunTime:0.0084s ]
SQL: SHOW COLUMNS FROM `flyin_goods` [ RunTime:0.0019s ]
SQL: SELECT g.*,c.cat_name FROM flyin_goods as g LEFT JOIN flyin_category as c ON g.cat_id = c.cat_id  WHERE ( g.hot='yes' )  [ RunTime:0.0003s ]
SQL: SELECT * FROM `flyin_category`  [ RunTime:0.0001s ]
SQL: SHOW COLUMNS FROM `flyin_ipdb` [ RunTime:0.0049s ]
SQL: SELECT `ip` FROM `flyin_ipdb` WHERE ( ip like "%123.125.71.116%" and ipdate="2018-01-15" )  [ RunTime:0.0007s ]
SQL: INSERT INTO `flyin_ipdb` (`ip`,`country`,`district`,`ipdate`,`isp`,`current_date`,`time`) VALUES ('123.125.71.116','中国','北京市北京市','2018-01-15','联通','2018-01-15 22:18:00','1516025880') [ RunTime:0.0003s ]
INFO: [ view_parse ] --START--
INFO: [ template_filter ] --START--
INFO: Run Behavior\ContentReplaceBehavior [ RunTime:0.000229s ]
INFO: [ template_filter ] --END-- [ RunTime:0.000321s ]
NOTIC: [8] Undefined variable: keywords /home/flyindat/domains/flyindata.com.cn/public_html/Application/Runtime/Cache/En/d13b22c87757054c230e870798873219.php 第 7 行.
NOTIC: [8] Undefined variable: description /home/flyindat/domains/flyindata.com.cn/public_html/Application/Runtime/Cache/En/d13b22c87757054c230e870798873219.php 第 8 行.
NOTIC: [8] Undefined variable: history /home/flyindat/domains/flyindata.com.cn/public_html/Application/Runtime/Cache/En/d13b22c87757054c230e870798873219.php 第 89 行.
NOTIC: [8] Undefined index: price /home/flyindat/domains/flyindata.com.cn/public_html/Application/Runtime/Cache/En/d13b22c87757054c230e870798873219.php 第 254 行.
NOTIC: [8] Undefined index: price /home/flyindat/domains/flyindata.com.cn/public_html/Application/Runtime/Cache/En/d13b22c87757054c230e870798873219.php 第 254 行.
NOTIC: [8] Undefined index: price /home/flyindat/domains/flyindata.com.cn/public_html/Application/Runtime/Cache/En/d13b22c87757054c230e870798873219.php 第 254 行.
NOTIC: [8] Undefined index: price /home/flyindat/domains/flyindata.com.cn/public_html/Application/Runtime/Cache/En/d13b22c87757054c230e870798873219.php 第 254 行.
NOTIC: [8] Undefined index: price /home/flyindat/domains/flyindata.com.cn/public_html/Application/Runtime/Cache/En/d13b22c87757054c230e870798873219.php 第 254 行.
NOTIC: [8] Undefined index: price /home/flyindat/domains/flyindata.com.cn/public_html/Application/Runtime/Cache/En/d13b22c87757054c230e870798873219.php 第 254 行.
NOTIC: [8] Undefined index: price /home/flyindat/domains/flyindata.com.cn/public_html/Application/Runtime/Cache/En/d13b22c87757054c230e870798873219.php 第 254 行.
NOTIC: [8] Undefined index: price /home/flyindat/domains/flyindata.com.cn/public_html/Application/Runtime/Cache/En/d13b22c87757054c230e870798873219.php 第 254 行.
NOTIC: [8] Undefined index: price /home/flyindat/domains/flyindata.com.cn/public_html/Application/Runtime/Cache/En/d13b22c87757054c230e870798873219.php 第 254 行.
NOTIC: [8] Undefined index: price /home/flyindat/domains/flyindata.com.cn/public_html/Application/Runtime/Cache/En/d13b22c87757054c230e870798873219.php 第 254 行.
INFO: Run Behavior\ParseTemplateBehavior [ RunTime:0.070052s ]
INFO: [ view_parse ] --END-- [ RunTime:0.070185s ]
INFO: [ view_filter ] --START--
INFO: Run Behavior\WriteHtmlCacheBehavior [ RunTime:0.000511s ]
INFO: Run Behavior\TokenBuildBehavior [ RunTime:0.000623s ]
INFO: [ view_filter ] --END-- [ RunTime:0.001282s ]
INFO: [ app_end ] --START--
INFO: Run Behavior\ShowPageTraceBehavior [ RunTime:0.000740s ]
INFO: [ app_end ] --END-- [ RunTime:0.000827s ]
NOTIC: [8] Constant URL_COMPAT already defined /home/flyindat/domains/flyindata.com.cn/public_html/index.php 第 33 行.

[ 2018-01-15T23:49:20+08:00 ] 157.55.39.244 /En/Goods/view/cat_id/1/goods_id/22.html
INFO: [ app_init ] --START--
INFO: Run Behavior\BuildLiteBehavior [ RunTime:0.000021s ]
INFO: [ app_init ] --END-- [ RunTime:0.000518s ]
INFO: [ app_begin ] --START--
INFO: Run Behavior\ReadHtmlCacheBehavior [ RunTime:0.000600s ]
INFO: Run Behavior\GetcodingBehavior [ RunTime:0.000346s ]
INFO: [ app_begin ] --END-- [ RunTime:0.001064s ]
SQL: SHOW COLUMNS FROM `flyin_category` [ RunTime:0.0024s ]
SQL: SELECT * FROM `flyin_category`  [ RunTime:0.0007s ]
NOTIC: [8] Undefined index: historyen /home/flyindat/domains/flyindata.com.cn/public_html/Application/En/Controller/CommonController.class.php 第 42 行.
SQL: SHOW COLUMNS FROM `flyin_friendlink` [ RunTime:0.0025s ]
SQL: SELECT `id`,`linkname`,`url` FROM `flyin_friendlink` WHERE `isshow` = 1 ORDER BY linkorder  [ RunTime:0.0009s ]
SQL: SHOW COLUMNS FROM `flyin_website` [ RunTime:0.0021s ]
SQL: SELECT `id`,`title`,`copy`,`logo`,`description`,`hotsearch`,`keywords`,`address`,`linkman`,`cellphone`,`cellphone`,`tel`,`fax`,`mail`,`qq` FROM `flyin_website` WHERE `status` = 1  [ RunTime:0.0007s ]
SQL: SHOW COLUMNS FROM `flyin_servicecategory` [ RunTime:0.0019s ]
SQL: SELECT `id`,`name`,`pid` FROM `flyin_servicecategory`  [ RunTime:0.0009s ]
SQL: SHOW COLUMNS FROM `flyin_services` [ RunTime:0.0019s ]
SQL: SELECT `id`,`servicecategory_id`,`sn`,`name`,`thumb`,`on_sale`,`recommend`,`add_time`,`custom_time`,`desc`,`recycle` FROM `flyin_services` WHERE `recommend` = 'yes' AND `on_sale` = 'yes' AND `recycle` = 'no' LIMIT 4   [ RunTime:0.0006s ]
SQL: SHOW COLUMNS FROM `flyin_services` [ RunTime:0.0019s ]
SQL: SELECT `id`,`name`,`thumb` FROM `flyin_services` WHERE `recycle` = 'no' AND `on_sale` = 'yes' AND `recommend` = 'yes' LIMIT 6   [ RunTime:0.0003s ]
SQL: SELECT COUNT(*) AS tp_count FROM `flyin_services` WHERE `recycle` = 'no' AND `on_sale` = 'yes' LIMIT 1   [ RunTime:0.0003s ]
SQL: SELECT `servicecategory_id`,`id`,`name`,`thumb`,`custom_time`,`date` FROM `flyin_services` WHERE `recycle` = 'no' AND `on_sale` = 'yes' ORDER BY id desc LIMIT 0,6   [ RunTime:0.0003s ]
NOTIC: [8] Undefined index: cat_id /home/flyindat/domains/flyindata.com.cn/public_html/Application/En/Controller/CommonController.class.php 第 86 行.
SQL: SHOW COLUMNS FROM `flyin_newcategory` [ RunTime:0.0019s ]
SQL: SELECT `id`,`name`,`pid` FROM `flyin_newcategory`  [ RunTime:0.0007s ]
SQL: SHOW COLUMNS FROM `flyin_news` [ RunTime:0.0015s ]
SQL: SELECT `id`,`newcategory_id`,`sn`,`name`,`thumb`,`on_sale`,`recommend`,`add_time`,`custom_time`,`desc`,`recycle` FROM `flyin_news` WHERE `recommend` = 'yes' AND `on_sale` = 'yes' AND `recycle` = 'no' LIMIT 4   [ RunTime:0.0008s ]
SQL: SHOW COLUMNS FROM `flyin_news` [ RunTime:0.0015s ]
SQL: SELECT COUNT(*) AS tp_count FROM `flyin_news` WHERE `recycle` = 'no' AND `on_sale` = 'yes' LIMIT 1   [ RunTime:0.0003s ]
SQL: SELECT `newcategory_id`,`id`,`name`,`thumb`,`custom_time`,`desc` FROM `flyin_news` WHERE `recycle` = 'no' AND `on_sale` = 'yes' ORDER BY id desc LIMIT 0,6   [ RunTime:0.0004s ]
NOTIC: [8] Undefined index: cat_id /home/flyindat/domains/flyindata.com.cn/public_html/Application/En/Controller/CommonController.class.php 第 117 行.
SQL: SHOW COLUMNS FROM `flyin_goods` [ RunTime:0.0019s ]
SQL: SELECT * FROM `flyin_goods` WHERE (  goods_id = '22'  ) LIMIT 1   [ RunTime:0.0018s ]
NOTIC: [8] Undefined index: historyen /home/flyindat/domains/flyindata.com.cn/public_html/Application/En/Controller/CommonController.class.php 第 129 行.
NOTIC: [8] Undefined index: historyen /home/flyindat/domains/flyindata.com.cn/public_html/Application/En/Controller/CommonController.class.php 第 137 行.
NOTIC: [8] Undefined index: history /home/flyindat/domains/flyindata.com.cn/public_html/Application/En/Controller/GoodsController.class.php 第 44 行.
SQL: SHOW COLUMNS FROM `flyin_goods` [ RunTime:0.0016s ]
SQL: SHOW COLUMNS FROM `flyin_goods` [ RunTime:0.0014s ]
SQL: SELECT g.*,gg.* FROM flyin_goods as g LEFT JOIN flyin_gallery as gg ON g.goods_id = gg.goods_id  WHERE g.goods_id = '22'  [ RunTime:0.0022s ]
NOTIC: [8] Undefined index: img_big /home/flyindat/domains/flyindata.com.cn/public_html/Application/En/Model/GoodsModel.class.php 第 166 行.
NOTIC: [8] Undefined index: img_small /home/flyindat/domains/flyindata.com.cn/public_html/Application/En/Model/GoodsModel.class.php 第 168 行.
SQL: SHOW COLUMNS FROM `flyin_goods` [ RunTime:0.0018s ]
SQL: SELECT g.*,gg.* FROM flyin_goods as g JOIN flyin_parameter as gg ON g.goods_id = gg.goods_id  WHERE g.goods_id = '22'  [ RunTime:0.0008s ]
SQL: SELECT `id`,`linkname`,`url` FROM `flyin_friendlink` WHERE `isshow` = 1 ORDER BY linkorder  [ RunTime:0.0001s ]
SQL: SHOW COLUMNS FROM `flyin_category` [ RunTime:0.0012s ]
SQL: SELECT `cat_id` FROM `flyin_category`  [ RunTime:0.0003s ]
SQL: SHOW COLUMNS FROM `flyin_goods` [ RunTime:0.0019s ]
SQL: SELECT `goods_id`,`goods_name`,`img_center`,`goods_pdf`,`cat_id` FROM `flyin_goods` WHERE `goods_id` = 22 LIMIT 1   [ RunTime:0.0005s ]
NOTIC: [8] Undefined index: goods_keyword /home/flyindat/domains/flyindata.com.cn/public_html/Application/En/Controller/GoodsController.class.php 第 89 行.
INFO: [ view_parse ] --START--
INFO: [ template_filter ] --START--
INFO: Run Behavior\ContentReplaceBehavior [ RunTime:0.000229s ]
INFO: [ template_filter ] --END-- [ RunTime:0.000322s ]
INFO: Run Behavior\ParseTemplateBehavior [ RunTime:0.051432s ]
INFO: [ view_parse ] --END-- [ RunTime:0.051564s ]
INFO: [ view_filter ] --START--
INFO: Run Behavior\WriteHtmlCacheBehavior [ RunTime:0.000525s ]
INFO: Run Behavior\TokenBuildBehavior [ RunTime:0.000649s ]
INFO: [ view_filter ] --END-- [ RunTime:0.001312s ]
INFO: [ app_end ] --START--
INFO: Run Behavior\ShowPageTraceBehavior [ RunTime:0.000788s ]
INFO: [ app_end ] --END-- [ RunTime:0.000880s ]
NOTIC: [8] Constant URL_COMPAT already defined /home/flyindat/domains/flyindata.com.cn/public_html/index.php 第 33 行.

