[ 2017-11-18T18:40:10+08:00 ] 51.15.42.114 /ca.php?m=4F5441744D6B49744D7A51744D7A55744D7A59744F44553D&h=437
INFO: [ app_init ] --START--
INFO: Run Behavior\BuildLiteBehavior [ RunTime:0.000029s ]
INFO: [ app_init ] --END-- [ RunTime:0.000532s ]
ERR: 无法加载模块:4F5441744D6B49744D7A51744D7A55744D7A59744F44553D
NOTIC: [2] include(__PUBLIC__/404.html): failed to open stream: No such file or directory /home/flyindat/domains/flyindata.com.cn/public_html/ThinkPHP/Library/Think/Think.class.php 第 314 行.
NOTIC: [2] include(__PUBLIC__/404.html): failed to open stream: No such file or directory /home/flyindat/domains/flyindata.com.cn/public_html/ThinkPHP/Library/Think/Think.class.php 第 314 行.
NOTIC: [2] include(__PUBLIC__/404.html): failed to open stream: No such file or directory /home/flyindat/domains/flyindata.com.cn/public_html/ThinkPHP/Library/Think/Think.class.php 第 314 行.
NOTIC: [2] include(): Failed opening '__PUBLIC__/404.html' for inclusion (include_path='.:/usr/local/php53/lib/php') /home/flyindat/domains/flyindata.com.cn/public_html/ThinkPHP/Library/Think/Think.class.php 第 314 行.

[ 2017-11-18T19:20:43+08:00 ] 51.15.53.163 /ca.php?m=4F5441744D6B49744D7A51744D7A55744D7A59744F44553D&h=437
INFO: [ app_init ] --START--
INFO: Run Behavior\BuildLiteBehavior [ RunTime:0.000022s ]
INFO: [ app_init ] --END-- [ RunTime:0.000479s ]
ERR: 无法加载模块:4F5441744D6B49744D7A51744D7A55744D7A59744F44553D
NOTIC: [2] include(__PUBLIC__/404.html): failed to open stream: No such file or directory /home/flyindat/domains/flyindata.com.cn/public_html/ThinkPHP/Library/Think/Think.class.php 第 314 行.
NOTIC: [2] include(__PUBLIC__/404.html): failed to open stream: No such file or directory /home/flyindat/domains/flyindata.com.cn/public_html/ThinkPHP/Library/Think/Think.class.php 第 314 行.
NOTIC: [2] include(__PUBLIC__/404.html): failed to open stream: No such file or directory /home/flyindat/domains/flyindata.com.cn/public_html/ThinkPHP/Library/Think/Think.class.php 第 314 行.
NOTIC: [2] include(): Failed opening '__PUBLIC__/404.html' for inclusion (include_path='.:/usr/local/php53/lib/php') /home/flyindat/domains/flyindata.com.cn/public_html/ThinkPHP/Library/Think/Think.class.php 第 314 行.

[ 2017-11-18T19:29:38+08:00 ] 51.15.42.114 /index.php/cp.php?m=login
INFO: [ app_init ] --START--
INFO: Run Behavior\BuildLiteBehavior [ RunTime:0.000030s ]
INFO: [ app_init ] --END-- [ RunTime:0.000591s ]
ERR: 无法加载模块:Login
NOTIC: [2] include(__PUBLIC__/404.html): failed to open stream: No such file or directory /home/flyindat/domains/flyindata.com.cn/public_html/ThinkPHP/Library/Think/Think.class.php 第 314 行.
NOTIC: [2] include(__PUBLIC__/404.html): failed to open stream: No such file or directory /home/flyindat/domains/flyindata.com.cn/public_html/ThinkPHP/Library/Think/Think.class.php 第 314 行.
NOTIC: [2] include(__PUBLIC__/404.html): failed to open stream: No such file or directory /home/flyindat/domains/flyindata.com.cn/public_html/ThinkPHP/Library/Think/Think.class.php 第 314 行.
NOTIC: [2] include(): Failed opening '__PUBLIC__/404.html' for inclusion (include_path='.:/usr/local/php53/lib/php') /home/flyindat/domains/flyindata.com.cn/public_html/ThinkPHP/Library/Think/Think.class.php 第 314 行.

[ 2017-11-18T20:09:22+08:00 ] 51.15.53.163 /index.php/cp.php?m=login
INFO: [ app_init ] --START--
INFO: Run Behavior\BuildLiteBehavior [ RunTime:0.000026s ]
INFO: [ app_init ] --END-- [ RunTime:0.000510s ]
ERR: 无法加载模块:Login
NOTIC: [2] include(__PUBLIC__/404.html): failed to open stream: No such file or directory /home/flyindat/domains/flyindata.com.cn/public_html/ThinkPHP/Library/Think/Think.class.php 第 314 行.
NOTIC: [2] include(__PUBLIC__/404.html): failed to open stream: No such file or directory /home/flyindat/domains/flyindata.com.cn/public_html/ThinkPHP/Library/Think/Think.class.php 第 314 行.
NOTIC: [2] include(__PUBLIC__/404.html): failed to open stream: No such file or directory /home/flyindat/domains/flyindata.com.cn/public_html/ThinkPHP/Library/Think/Think.class.php 第 314 行.
NOTIC: [2] include(): Failed opening '__PUBLIC__/404.html' for inclusion (include_path='.:/usr/local/php53/lib/php') /home/flyindat/domains/flyindata.com.cn/public_html/ThinkPHP/Library/Think/Think.class.php 第 314 行.

[ 2017-11-18T20:14:35+08:00 ] 51.15.212.200 /index.php/cp.php?m=login
INFO: [ app_init ] --START--
INFO: Run Behavior\BuildLiteBehavior [ RunTime:0.000021s ]
INFO: [ app_init ] --END-- [ RunTime:0.000483s ]
ERR: 无法加载模块:Login
NOTIC: [2] include(__PUBLIC__/404.html): failed to open stream: No such file or directory /home/flyindat/domains/flyindata.com.cn/public_html/ThinkPHP/Library/Think/Think.class.php 第 314 行.
NOTIC: [2] include(__PUBLIC__/404.html): failed to open stream: No such file or directory /home/flyindat/domains/flyindata.com.cn/public_html/ThinkPHP/Library/Think/Think.class.php 第 314 行.
NOTIC: [2] include(__PUBLIC__/404.html): failed to open stream: No such file or directory /home/flyindat/domains/flyindata.com.cn/public_html/ThinkPHP/Library/Think/Think.class.php 第 314 行.
NOTIC: [2] include(): Failed opening '__PUBLIC__/404.html' for inclusion (include_path='.:/usr/local/php53/lib/php') /home/flyindat/domains/flyindata.com.cn/public_html/ThinkPHP/Library/Think/Think.class.php 第 314 行.

[ 2017-11-18T20:15:14+08:00 ] 51.15.212.200 /ca.php?m=4F5441744D6B49744D7A51744D7A55744D7A59744F44553D&h=437
INFO: [ app_init ] --START--
INFO: Run Behavior\BuildLiteBehavior [ RunTime:0.000025s ]
INFO: [ app_init ] --END-- [ RunTime:0.000517s ]
ERR: 无法加载模块:4F5441744D6B49744D7A51744D7A55744D7A59744F44553D
NOTIC: [2] include(__PUBLIC__/404.html): failed to open stream: No such file or directory /home/flyindat/domains/flyindata.com.cn/public_html/ThinkPHP/Library/Think/Think.class.php 第 314 行.
NOTIC: [2] include(__PUBLIC__/404.html): failed to open stream: No such file or directory /home/flyindat/domains/flyindata.com.cn/public_html/ThinkPHP/Library/Think/Think.class.php 第 314 行.
NOTIC: [2] include(__PUBLIC__/404.html): failed to open stream: No such file or directory /home/flyindat/domains/flyindata.com.cn/public_html/ThinkPHP/Library/Think/Think.class.php 第 314 行.
NOTIC: [2] include(): Failed opening '__PUBLIC__/404.html' for inclusion (include_path='.:/usr/local/php53/lib/php') /home/flyindat/domains/flyindata.com.cn/public_html/ThinkPHP/Library/Think/Think.class.php 第 314 行.

[ 2017-11-18T20:55:14+08:00 ] 182.118.33.6 /Public/Home/index.php?m=search&a=public_get_suggest_keyword&url=http://www.baidu.com/&q=/../robots.txt
INFO: [ app_init ] --START--
INFO: Run Behavior\BuildLiteBehavior [ RunTime:0.000023s ]
INFO: [ app_init ] --END-- [ RunTime:0.000578s ]
ERR: 无法加载模块:Search
NOTIC: [2] include(__PUBLIC__/404.html): failed to open stream: No such file or directory /home/flyindat/domains/flyindata.com.cn/public_html/ThinkPHP/Library/Think/Think.class.php 第 314 行.
NOTIC: [2] include(__PUBLIC__/404.html): failed to open stream: No such file or directory /home/flyindat/domains/flyindata.com.cn/public_html/ThinkPHP/Library/Think/Think.class.php 第 314 行.
NOTIC: [2] include(__PUBLIC__/404.html): failed to open stream: No such file or directory /home/flyindat/domains/flyindata.com.cn/public_html/ThinkPHP/Library/Think/Think.class.php 第 314 行.
NOTIC: [2] include(): Failed opening '__PUBLIC__/404.html' for inclusion (include_path='.:/usr/local/php53/lib/php') /home/flyindat/domains/flyindata.com.cn/public_html/ThinkPHP/Library/Think/Think.class.php 第 314 行.

[ 2017-11-18T20:55:24+08:00 ] 182.118.33.6 /Goods/index.php?m=search&a=public_get_suggest_keyword&url=http://www.baidu.com/&q=/../robots.txt
INFO: [ app_init ] --START--
INFO: Run Behavior\BuildLiteBehavior [ RunTime:0.000021s ]
INFO: [ app_init ] --END-- [ RunTime:0.000507s ]
ERR: 无法加载模块:Search
NOTIC: [2] include(__PUBLIC__/404.html): failed to open stream: No such file or directory /home/flyindat/domains/flyindata.com.cn/public_html/ThinkPHP/Library/Think/Think.class.php 第 314 行.
NOTIC: [2] include(__PUBLIC__/404.html): failed to open stream: No such file or directory /home/flyindat/domains/flyindata.com.cn/public_html/ThinkPHP/Library/Think/Think.class.php 第 314 行.
NOTIC: [2] include(__PUBLIC__/404.html): failed to open stream: No such file or directory /home/flyindat/domains/flyindata.com.cn/public_html/ThinkPHP/Library/Think/Think.class.php 第 314 行.
NOTIC: [2] include(): Failed opening '__PUBLIC__/404.html' for inclusion (include_path='.:/usr/local/php53/lib/php') /home/flyindat/domains/flyindata.com.cn/public_html/ThinkPHP/Library/Think/Think.class.php 第 314 行.

[ 2017-11-18T20:55:38+08:00 ] 182.118.33.6 /Public/bs/index.php?m=search&a=public_get_suggest_keyword&url=http://www.baidu.com/&q=/../robots.txt
INFO: [ app_init ] --START--
INFO: Run Behavior\BuildLiteBehavior [ RunTime:0.000020s ]
INFO: [ app_init ] --END-- [ RunTime:0.000489s ]
ERR: 无法加载模块:Search
NOTIC: [2] include(__PUBLIC__/404.html): failed to open stream: No such file or directory /home/flyindat/domains/flyindata.com.cn/public_html/ThinkPHP/Library/Think/Think.class.php 第 314 行.
NOTIC: [2] include(__PUBLIC__/404.html): failed to open stream: No such file or directory /home/flyindat/domains/flyindata.com.cn/public_html/ThinkPHP/Library/Think/Think.class.php 第 314 行.
NOTIC: [2] include(__PUBLIC__/404.html): failed to open stream: No such file or directory /home/flyindat/domains/flyindata.com.cn/public_html/ThinkPHP/Library/Think/Think.class.php 第 314 行.
NOTIC: [2] include(): Failed opening '__PUBLIC__/404.html' for inclusion (include_path='.:/usr/local/php53/lib/php') /home/flyindat/domains/flyindata.com.cn/public_html/ThinkPHP/Library/Think/Think.class.php 第 314 行.

[ 2017-11-18T20:55:49+08:00 ] 182.118.33.6 /Public/index.php?m=search&a=public_get_suggest_keyword&url=http://www.baidu.com/&q=/../robots.txt
INFO: [ app_init ] --START--
INFO: Run Behavior\BuildLiteBehavior [ RunTime:0.000025s ]
INFO: [ app_init ] --END-- [ RunTime:0.000527s ]
ERR: 无法加载模块:Search
NOTIC: [2] include(__PUBLIC__/404.html): failed to open stream: No such file or directory /home/flyindat/domains/flyindata.com.cn/public_html/ThinkPHP/Library/Think/Think.class.php 第 314 行.
NOTIC: [2] include(__PUBLIC__/404.html): failed to open stream: No such file or directory /home/flyindat/domains/flyindata.com.cn/public_html/ThinkPHP/Library/Think/Think.class.php 第 314 行.
NOTIC: [2] include(__PUBLIC__/404.html): failed to open stream: No such file or directory /home/flyindat/domains/flyindata.com.cn/public_html/ThinkPHP/Library/Think/Think.class.php 第 314 行.
NOTIC: [2] include(): Failed opening '__PUBLIC__/404.html' for inclusion (include_path='.:/usr/local/php53/lib/php') /home/flyindat/domains/flyindata.com.cn/public_html/ThinkPHP/Library/Think/Think.class.php 第 314 行.

[ 2017-11-18T20:55:55+08:00 ] 182.118.33.6 /Public/Home/index.php?a=list_type&c=index&m=link&siteid=1'%20and%20(select%201%20from%20(select%20count(*),concat(md5(1122),floor(rand(0)*2))x%20from%20information_schema.tables%20group%20by%20x)a);%23
INFO: [ app_init ] --START--
INFO: Run Behavior\BuildLiteBehavior [ RunTime:0.000023s ]
INFO: [ app_init ] --END-- [ RunTime:0.000516s ]
ERR: 无法加载模块:Link
NOTIC: [2] include(__PUBLIC__/404.html): failed to open stream: No such file or directory /home/flyindat/domains/flyindata.com.cn/public_html/ThinkPHP/Library/Think/Think.class.php 第 314 行.
NOTIC: [2] include(__PUBLIC__/404.html): failed to open stream: No such file or directory /home/flyindat/domains/flyindata.com.cn/public_html/ThinkPHP/Library/Think/Think.class.php 第 314 行.
NOTIC: [2] include(__PUBLIC__/404.html): failed to open stream: No such file or directory /home/flyindat/domains/flyindata.com.cn/public_html/ThinkPHP/Library/Think/Think.class.php 第 314 行.
NOTIC: [2] include(): Failed opening '__PUBLIC__/404.html' for inclusion (include_path='.:/usr/local/php53/lib/php') /home/flyindat/domains/flyindata.com.cn/public_html/ThinkPHP/Library/Think/Think.class.php 第 314 行.

[ 2017-11-18T20:56:05+08:00 ] 182.118.33.6 /Goods/index.php?a=list_type&c=index&m=link&siteid=1'%20and%20(select%201%20from%20(select%20count(*),concat(md5(1122),floor(rand(0)*2))x%20from%20information_schema.tables%20group%20by%20x)a);%23
INFO: [ app_init ] --START--
INFO: Run Behavior\BuildLiteBehavior [ RunTime:0.000022s ]
INFO: [ app_init ] --END-- [ RunTime:0.000503s ]
ERR: 无法加载模块:Link
NOTIC: [2] include(__PUBLIC__/404.html): failed to open stream: No such file or directory /home/flyindat/domains/flyindata.com.cn/public_html/ThinkPHP/Library/Think/Think.class.php 第 314 行.
NOTIC: [2] include(__PUBLIC__/404.html): failed to open stream: No such file or directory /home/flyindat/domains/flyindata.com.cn/public_html/ThinkPHP/Library/Think/Think.class.php 第 314 行.
NOTIC: [2] include(__PUBLIC__/404.html): failed to open stream: No such file or directory /home/flyindat/domains/flyindata.com.cn/public_html/ThinkPHP/Library/Think/Think.class.php 第 314 行.
NOTIC: [2] include(): Failed opening '__PUBLIC__/404.html' for inclusion (include_path='.:/usr/local/php53/lib/php') /home/flyindat/domains/flyindata.com.cn/public_html/ThinkPHP/Library/Think/Think.class.php 第 314 行.

[ 2017-11-18T20:56:21+08:00 ] 182.118.33.6 /Public/bs/index.php?a=list_type&c=index&m=link&siteid=1'%20and%20(select%201%20from%20(select%20count(*),concat(md5(1122),floor(rand(0)*2))x%20from%20information_schema.tables%20group%20by%20x)a);%23
INFO: [ app_init ] --START--
INFO: Run Behavior\BuildLiteBehavior [ RunTime:0.000020s ]
INFO: [ app_init ] --END-- [ RunTime:0.000480s ]
ERR: 无法加载模块:Link
NOTIC: [2] include(__PUBLIC__/404.html): failed to open stream: No such file or directory /home/flyindat/domains/flyindata.com.cn/public_html/ThinkPHP/Library/Think/Think.class.php 第 314 行.
NOTIC: [2] include(__PUBLIC__/404.html): failed to open stream: No such file or directory /home/flyindat/domains/flyindata.com.cn/public_html/ThinkPHP/Library/Think/Think.class.php 第 314 行.
NOTIC: [2] include(__PUBLIC__/404.html): failed to open stream: No such file or directory /home/flyindat/domains/flyindata.com.cn/public_html/ThinkPHP/Library/Think/Think.class.php 第 314 行.
NOTIC: [2] include(): Failed opening '__PUBLIC__/404.html' for inclusion (include_path='.:/usr/local/php53/lib/php') /home/flyindat/domains/flyindata.com.cn/public_html/ThinkPHP/Library/Think/Think.class.php 第 314 行.

[ 2017-11-18T20:56:31+08:00 ] 182.118.33.6 /Public/index.php?a=list_type&c=index&m=link&siteid=1'%20and%20(select%201%20from%20(select%20count(*),concat(md5(1122),floor(rand(0)*2))x%20from%20information_schema.tables%20group%20by%20x)a);%23
INFO: [ app_init ] --START--
INFO: Run Behavior\BuildLiteBehavior [ RunTime:0.000021s ]
INFO: [ app_init ] --END-- [ RunTime:0.000495s ]
ERR: 无法加载模块:Link
NOTIC: [2] include(__PUBLIC__/404.html): failed to open stream: No such file or directory /home/flyindat/domains/flyindata.com.cn/public_html/ThinkPHP/Library/Think/Think.class.php 第 314 行.
NOTIC: [2] include(__PUBLIC__/404.html): failed to open stream: No such file or directory /home/flyindat/domains/flyindata.com.cn/public_html/ThinkPHP/Library/Think/Think.class.php 第 314 行.
NOTIC: [2] include(__PUBLIC__/404.html): failed to open stream: No such file or directory /home/flyindat/domains/flyindata.com.cn/public_html/ThinkPHP/Library/Think/Think.class.php 第 314 行.
NOTIC: [2] include(): Failed opening '__PUBLIC__/404.html' for inclusion (include_path='.:/usr/local/php53/lib/php') /home/flyindat/domains/flyindata.com.cn/public_html/ThinkPHP/Library/Think/Think.class.php 第 314 行.

[ 2017-11-18T20:57:04+08:00 ] 182.118.33.6 /index.php?m=search&a=public_get_suggest_keyword&url=http://www.baidu.com/&q=/../robots.txt
INFO: [ app_init ] --START--
INFO: Run Behavior\BuildLiteBehavior [ RunTime:0.000021s ]
INFO: [ app_init ] --END-- [ RunTime:0.000535s ]
ERR: 无法加载模块:Search
NOTIC: [2] include(__PUBLIC__/404.html): failed to open stream: No such file or directory /home/flyindat/domains/flyindata.com.cn/public_html/ThinkPHP/Library/Think/Think.class.php 第 314 行.
NOTIC: [2] include(__PUBLIC__/404.html): failed to open stream: No such file or directory /home/flyindat/domains/flyindata.com.cn/public_html/ThinkPHP/Library/Think/Think.class.php 第 314 行.
NOTIC: [2] include(__PUBLIC__/404.html): failed to open stream: No such file or directory /home/flyindat/domains/flyindata.com.cn/public_html/ThinkPHP/Library/Think/Think.class.php 第 314 行.
NOTIC: [2] include(): Failed opening '__PUBLIC__/404.html' for inclusion (include_path='.:/usr/local/php53/lib/php') /home/flyindat/domains/flyindata.com.cn/public_html/ThinkPHP/Library/Think/Think.class.php 第 314 行.

[ 2017-11-18T20:57:43+08:00 ] 182.118.33.6 /index.php?a=list_type&c=index&m=link&siteid=1'%20and%20(select%201%20from%20(select%20count(*),concat(md5(1122),floor(rand(0)*2))x%20from%20information_schema.tables%20group%20by%20x)a);%23
INFO: [ app_init ] --START--
INFO: Run Behavior\BuildLiteBehavior [ RunTime:0.000025s ]
INFO: [ app_init ] --END-- [ RunTime:0.000499s ]
ERR: 无法加载模块:Link
NOTIC: [2] include(__PUBLIC__/404.html): failed to open stream: No such file or directory /home/flyindat/domains/flyindata.com.cn/public_html/ThinkPHP/Library/Think/Think.class.php 第 314 行.
NOTIC: [2] include(__PUBLIC__/404.html): failed to open stream: No such file or directory /home/flyindat/domains/flyindata.com.cn/public_html/ThinkPHP/Library/Think/Think.class.php 第 314 行.
NOTIC: [2] include(__PUBLIC__/404.html): failed to open stream: No such file or directory /home/flyindat/domains/flyindata.com.cn/public_html/ThinkPHP/Library/Think/Think.class.php 第 314 行.
NOTIC: [2] include(): Failed opening '__PUBLIC__/404.html' for inclusion (include_path='.:/usr/local/php53/lib/php') /home/flyindat/domains/flyindata.com.cn/public_html/ThinkPHP/Library/Think/Think.class.php 第 314 行.

[ 2017-11-18T20:59:07+08:00 ] 182.118.33.6 /Public/Home/index.php?m=poster&c=index&a=poster_click&id=1
INFO: [ app_init ] --START--
INFO: Run Behavior\BuildLiteBehavior [ RunTime:0.000023s ]
INFO: [ app_init ] --END-- [ RunTime:0.000502s ]
ERR: 无法加载模块:Poster
NOTIC: [2] include(__PUBLIC__/404.html): failed to open stream: No such file or directory /home/flyindat/domains/flyindata.com.cn/public_html/ThinkPHP/Library/Think/Think.class.php 第 314 行.
NOTIC: [2] include(__PUBLIC__/404.html): failed to open stream: No such file or directory /home/flyindat/domains/flyindata.com.cn/public_html/ThinkPHP/Library/Think/Think.class.php 第 314 行.
NOTIC: [2] include(__PUBLIC__/404.html): failed to open stream: No such file or directory /home/flyindat/domains/flyindata.com.cn/public_html/ThinkPHP/Library/Think/Think.class.php 第 314 行.
NOTIC: [2] include(): Failed opening '__PUBLIC__/404.html' for inclusion (include_path='.:/usr/local/php53/lib/php') /home/flyindat/domains/flyindata.com.cn/public_html/ThinkPHP/Library/Think/Think.class.php 第 314 行.

[ 2017-11-18T20:59:14+08:00 ] 182.118.33.6 /Goods/index.php?m=poster&c=index&a=poster_click&id=1
INFO: [ app_init ] --START--
INFO: Run Behavior\BuildLiteBehavior [ RunTime:0.000020s ]
INFO: [ app_init ] --END-- [ RunTime:0.000504s ]
ERR: 无法加载模块:Poster
NOTIC: [2] include(__PUBLIC__/404.html): failed to open stream: No such file or directory /home/flyindat/domains/flyindata.com.cn/public_html/ThinkPHP/Library/Think/Think.class.php 第 314 行.
NOTIC: [2] include(__PUBLIC__/404.html): failed to open stream: No such file or directory /home/flyindat/domains/flyindata.com.cn/public_html/ThinkPHP/Library/Think/Think.class.php 第 314 行.
NOTIC: [2] include(__PUBLIC__/404.html): failed to open stream: No such file or directory /home/flyindat/domains/flyindata.com.cn/public_html/ThinkPHP/Library/Think/Think.class.php 第 314 行.
NOTIC: [2] include(): Failed opening '__PUBLIC__/404.html' for inclusion (include_path='.:/usr/local/php53/lib/php') /home/flyindat/domains/flyindata.com.cn/public_html/ThinkPHP/Library/Think/Think.class.php 第 314 行.

[ 2017-11-18T20:59:14+08:00 ] 182.118.33.6 /Public/index.php?m=poster&c=index&a=poster_click&id=1
INFO: [ app_init ] --START--
INFO: Run Behavior\BuildLiteBehavior [ RunTime:0.000019s ]
INFO: [ app_init ] --END-- [ RunTime:0.000478s ]
ERR: 无法加载模块:Poster
NOTIC: [2] include(__PUBLIC__/404.html): failed to open stream: No such file or directory /home/flyindat/domains/flyindata.com.cn/public_html/ThinkPHP/Library/Think/Think.class.php 第 314 行.
NOTIC: [2] include(__PUBLIC__/404.html): failed to open stream: No such file or directory /home/flyindat/domains/flyindata.com.cn/public_html/ThinkPHP/Library/Think/Think.class.php 第 314 行.
NOTIC: [2] include(__PUBLIC__/404.html): failed to open stream: No such file or directory /home/flyindat/domains/flyindata.com.cn/public_html/ThinkPHP/Library/Think/Think.class.php 第 314 行.
NOTIC: [2] include(): Failed opening '__PUBLIC__/404.html' for inclusion (include_path='.:/usr/local/php53/lib/php') /home/flyindat/domains/flyindata.com.cn/public_html/ThinkPHP/Library/Think/Think.class.php 第 314 行.

[ 2017-11-18T20:59:36+08:00 ] 182.118.33.6 /Public/bs/index.php?m=poster&c=index&a=poster_click&id=1
INFO: [ app_init ] --START--
INFO: Run Behavior\BuildLiteBehavior [ RunTime:0.000021s ]
INFO: [ app_init ] --END-- [ RunTime:0.000495s ]
ERR: 无法加载模块:Poster
NOTIC: [2] include(__PUBLIC__/404.html): failed to open stream: No such file or directory /home/flyindat/domains/flyindata.com.cn/public_html/ThinkPHP/Library/Think/Think.class.php 第 314 行.
NOTIC: [2] include(__PUBLIC__/404.html): failed to open stream: No such file or directory /home/flyindat/domains/flyindata.com.cn/public_html/ThinkPHP/Library/Think/Think.class.php 第 314 行.
NOTIC: [2] include(__PUBLIC__/404.html): failed to open stream: No such file or directory /home/flyindat/domains/flyindata.com.cn/public_html/ThinkPHP/Library/Think/Think.class.php 第 314 行.
NOTIC: [2] include(): Failed opening '__PUBLIC__/404.html' for inclusion (include_path='.:/usr/local/php53/lib/php') /home/flyindat/domains/flyindata.com.cn/public_html/ThinkPHP/Library/Think/Think.class.php 第 314 行.

[ 2017-11-18T21:00:58+08:00 ] 182.118.33.6 /index.php?m=poster&c=index&a=poster_click&id=1
INFO: [ app_init ] --START--
INFO: Run Behavior\BuildLiteBehavior [ RunTime:0.000021s ]
INFO: [ app_init ] --END-- [ RunTime:0.000489s ]
ERR: 无法加载模块:Poster
NOTIC: [2] include(__PUBLIC__/404.html): failed to open stream: No such file or directory /home/flyindat/domains/flyindata.com.cn/public_html/ThinkPHP/Library/Think/Think.class.php 第 314 行.
NOTIC: [2] include(__PUBLIC__/404.html): failed to open stream: No such file or directory /home/flyindat/domains/flyindata.com.cn/public_html/ThinkPHP/Library/Think/Think.class.php 第 314 行.
NOTIC: [2] include(__PUBLIC__/404.html): failed to open stream: No such file or directory /home/flyindat/domains/flyindata.com.cn/public_html/ThinkPHP/Library/Think/Think.class.php 第 314 行.
NOTIC: [2] include(): Failed opening '__PUBLIC__/404.html' for inclusion (include_path='.:/usr/local/php53/lib/php') /home/flyindat/domains/flyindata.com.cn/public_html/ThinkPHP/Library/Think/Think.class.php 第 314 行.

[ 2017-11-18T21:04:59+08:00 ] 182.118.33.6 /Public/Home/m.php?m=User&a=doLogin
INFO: [ app_init ] --START--
INFO: Run Behavior\BuildLiteBehavior [ RunTime:0.000024s ]
INFO: [ app_init ] --END-- [ RunTime:0.000497s ]
ERR: 无法加载模块:User
NOTIC: [2] include(__PUBLIC__/404.html): failed to open stream: No such file or directory /home/flyindat/domains/flyindata.com.cn/public_html/ThinkPHP/Library/Think/Think.class.php 第 314 行.
NOTIC: [2] include(__PUBLIC__/404.html): failed to open stream: No such file or directory /home/flyindat/domains/flyindata.com.cn/public_html/ThinkPHP/Library/Think/Think.class.php 第 314 行.
NOTIC: [2] include(__PUBLIC__/404.html): failed to open stream: No such file or directory /home/flyindat/domains/flyindata.com.cn/public_html/ThinkPHP/Library/Think/Think.class.php 第 314 行.
NOTIC: [2] include(): Failed opening '__PUBLIC__/404.html' for inclusion (include_path='.:/usr/local/php53/lib/php') /home/flyindat/domains/flyindata.com.cn/public_html/ThinkPHP/Library/Think/Think.class.php 第 314 行.

[ 2017-11-18T21:05:08+08:00 ] 182.118.33.6 /Public/m.php?m=User&a=doLogin
INFO: [ app_init ] --START--
INFO: Run Behavior\BuildLiteBehavior [ RunTime:0.000029s ]
INFO: [ app_init ] --END-- [ RunTime:0.000647s ]
ERR: 无法加载模块:User
NOTIC: [2] include(__PUBLIC__/404.html): failed to open stream: No such file or directory /home/flyindat/domains/flyindata.com.cn/public_html/ThinkPHP/Library/Think/Think.class.php 第 314 行.
NOTIC: [2] include(__PUBLIC__/404.html): failed to open stream: No such file or directory /home/flyindat/domains/flyindata.com.cn/public_html/ThinkPHP/Library/Think/Think.class.php 第 314 行.
NOTIC: [2] include(__PUBLIC__/404.html): failed to open stream: No such file or directory /home/flyindat/domains/flyindata.com.cn/public_html/ThinkPHP/Library/Think/Think.class.php 第 314 行.
NOTIC: [2] include(): Failed opening '__PUBLIC__/404.html' for inclusion (include_path='.:/usr/local/php53/lib/php') /home/flyindat/domains/flyindata.com.cn/public_html/ThinkPHP/Library/Think/Think.class.php 第 314 行.

[ 2017-11-18T21:05:19+08:00 ] 182.118.33.6 /Goods/m.php?m=User&a=doLogin
INFO: [ app_init ] --START--
INFO: Run Behavior\BuildLiteBehavior [ RunTime:0.000026s ]
INFO: [ app_init ] --END-- [ RunTime:0.000660s ]
ERR: 无法加载模块:User
NOTIC: [2] include(__PUBLIC__/404.html): failed to open stream: No such file or directory /home/flyindat/domains/flyindata.com.cn/public_html/ThinkPHP/Library/Think/Think.class.php 第 314 行.
NOTIC: [2] include(__PUBLIC__/404.html): failed to open stream: No such file or directory /home/flyindat/domains/flyindata.com.cn/public_html/ThinkPHP/Library/Think/Think.class.php 第 314 行.
NOTIC: [2] include(__PUBLIC__/404.html): failed to open stream: No such file or directory /home/flyindat/domains/flyindata.com.cn/public_html/ThinkPHP/Library/Think/Think.class.php 第 314 行.
NOTIC: [2] include(): Failed opening '__PUBLIC__/404.html' for inclusion (include_path='.:/usr/local/php53/lib/php') /home/flyindat/domains/flyindata.com.cn/public_html/ThinkPHP/Library/Think/Think.class.php 第 314 行.

[ 2017-11-18T21:05:34+08:00 ] 182.118.33.6 /Public/bs/m.php?m=User&a=doLogin
INFO: [ app_init ] --START--
INFO: Run Behavior\BuildLiteBehavior [ RunTime:0.000021s ]
INFO: [ app_init ] --END-- [ RunTime:0.000475s ]
ERR: 无法加载模块:User
NOTIC: [2] include(__PUBLIC__/404.html): failed to open stream: No such file or directory /home/flyindat/domains/flyindata.com.cn/public_html/ThinkPHP/Library/Think/Think.class.php 第 314 行.
NOTIC: [2] include(__PUBLIC__/404.html): failed to open stream: No such file or directory /home/flyindat/domains/flyindata.com.cn/public_html/ThinkPHP/Library/Think/Think.class.php 第 314 行.
NOTIC: [2] include(__PUBLIC__/404.html): failed to open stream: No such file or directory /home/flyindat/domains/flyindata.com.cn/public_html/ThinkPHP/Library/Think/Think.class.php 第 314 行.
NOTIC: [2] include(): Failed opening '__PUBLIC__/404.html' for inclusion (include_path='.:/usr/local/php53/lib/php') /home/flyindat/domains/flyindata.com.cn/public_html/ThinkPHP/Library/Think/Think.class.php 第 314 行.

[ 2017-11-18T21:07:57+08:00 ] 182.118.33.6 /m.php?m=User&a=doLogin
INFO: [ app_init ] --START--
INFO: Run Behavior\BuildLiteBehavior [ RunTime:0.000032s ]
INFO: [ app_init ] --END-- [ RunTime:0.000740s ]
ERR: 无法加载模块:User
NOTIC: [2] include(__PUBLIC__/404.html): failed to open stream: No such file or directory /home/flyindat/domains/flyindata.com.cn/public_html/ThinkPHP/Library/Think/Think.class.php 第 314 行.
NOTIC: [2] include(__PUBLIC__/404.html): failed to open stream: No such file or directory /home/flyindat/domains/flyindata.com.cn/public_html/ThinkPHP/Library/Think/Think.class.php 第 314 行.
NOTIC: [2] include(__PUBLIC__/404.html): failed to open stream: No such file or directory /home/flyindat/domains/flyindata.com.cn/public_html/ThinkPHP/Library/Think/Think.class.php 第 314 行.
NOTIC: [2] include(): Failed opening '__PUBLIC__/404.html' for inclusion (include_path='.:/usr/local/php53/lib/php') /home/flyindat/domains/flyindata.com.cn/public_html/ThinkPHP/Library/Think/Think.class.php 第 314 行.

[ 2017-11-18T21:10:55+08:00 ] 182.118.33.6 /Public/Home/index.php?act=ajax&do=datacall&in_ajax=1&m=index&op=get_datacall
INFO: [ app_init ] --START--
INFO: Run Behavior\BuildLiteBehavior [ RunTime:0.000021s ]
INFO: [ app_init ] --END-- [ RunTime:0.000496s ]
ERR: 无法加载模块:Index
NOTIC: [2] include(__PUBLIC__/404.html): failed to open stream: No such file or directory /home/flyindat/domains/flyindata.com.cn/public_html/ThinkPHP/Library/Think/Think.class.php 第 314 行.
NOTIC: [2] include(__PUBLIC__/404.html): failed to open stream: No such file or directory /home/flyindat/domains/flyindata.com.cn/public_html/ThinkPHP/Library/Think/Think.class.php 第 314 行.
NOTIC: [2] include(__PUBLIC__/404.html): failed to open stream: No such file or directory /home/flyindat/domains/flyindata.com.cn/public_html/ThinkPHP/Library/Think/Think.class.php 第 314 行.
NOTIC: [2] include(): Failed opening '__PUBLIC__/404.html' for inclusion (include_path='.:/usr/local/php53/lib/php') /home/flyindat/domains/flyindata.com.cn/public_html/ThinkPHP/Library/Think/Think.class.php 第 314 行.

[ 2017-11-18T21:11:11+08:00 ] 182.118.33.6 /Public/index.php?act=ajax&do=datacall&in_ajax=1&m=index&op=get_datacall
INFO: [ app_init ] --START--
INFO: Run Behavior\BuildLiteBehavior [ RunTime:0.000020s ]
INFO: [ app_init ] --END-- [ RunTime:0.000480s ]
ERR: 无法加载模块:Index
NOTIC: [2] include(__PUBLIC__/404.html): failed to open stream: No such file or directory /home/flyindat/domains/flyindata.com.cn/public_html/ThinkPHP/Library/Think/Think.class.php 第 314 行.
NOTIC: [2] include(__PUBLIC__/404.html): failed to open stream: No such file or directory /home/flyindat/domains/flyindata.com.cn/public_html/ThinkPHP/Library/Think/Think.class.php 第 314 行.
NOTIC: [2] include(__PUBLIC__/404.html): failed to open stream: No such file or directory /home/flyindat/domains/flyindata.com.cn/public_html/ThinkPHP/Library/Think/Think.class.php 第 314 行.
NOTIC: [2] include(): Failed opening '__PUBLIC__/404.html' for inclusion (include_path='.:/usr/local/php53/lib/php') /home/flyindat/domains/flyindata.com.cn/public_html/ThinkPHP/Library/Think/Think.class.php 第 314 行.

[ 2017-11-18T21:11:28+08:00 ] 182.118.33.6 /Goods/index.php?act=ajax&do=datacall&in_ajax=1&m=index&op=get_datacall
INFO: [ app_init ] --START--
INFO: Run Behavior\BuildLiteBehavior [ RunTime:0.000026s ]
INFO: [ app_init ] --END-- [ RunTime:0.000525s ]
ERR: 无法加载模块:Index
NOTIC: [2] include(__PUBLIC__/404.html): failed to open stream: No such file or directory /home/flyindat/domains/flyindata.com.cn/public_html/ThinkPHP/Library/Think/Think.class.php 第 314 行.
NOTIC: [2] include(__PUBLIC__/404.html): failed to open stream: No such file or directory /home/flyindat/domains/flyindata.com.cn/public_html/ThinkPHP/Library/Think/Think.class.php 第 314 行.
NOTIC: [2] include(__PUBLIC__/404.html): failed to open stream: No such file or directory /home/flyindat/domains/flyindata.com.cn/public_html/ThinkPHP/Library/Think/Think.class.php 第 314 行.
NOTIC: [2] include(): Failed opening '__PUBLIC__/404.html' for inclusion (include_path='.:/usr/local/php53/lib/php') /home/flyindat/domains/flyindata.com.cn/public_html/ThinkPHP/Library/Think/Think.class.php 第 314 行.

[ 2017-11-18T21:11:33+08:00 ] 182.118.33.6 /Public/bs/index.php?act=ajax&do=datacall&in_ajax=1&m=index&op=get_datacall
INFO: [ app_init ] --START--
INFO: Run Behavior\BuildLiteBehavior [ RunTime:0.000023s ]
INFO: [ app_init ] --END-- [ RunTime:0.000508s ]
ERR: 无法加载模块:Index
NOTIC: [2] include(__PUBLIC__/404.html): failed to open stream: No such file or directory /home/flyindat/domains/flyindata.com.cn/public_html/ThinkPHP/Library/Think/Think.class.php 第 314 行.
NOTIC: [2] include(__PUBLIC__/404.html): failed to open stream: No such file or directory /home/flyindat/domains/flyindata.com.cn/public_html/ThinkPHP/Library/Think/Think.class.php 第 314 行.
NOTIC: [2] include(__PUBLIC__/404.html): failed to open stream: No such file or directory /home/flyindat/domains/flyindata.com.cn/public_html/ThinkPHP/Library/Think/Think.class.php 第 314 行.
NOTIC: [2] include(): Failed opening '__PUBLIC__/404.html' for inclusion (include_path='.:/usr/local/php53/lib/php') /home/flyindat/domains/flyindata.com.cn/public_html/ThinkPHP/Library/Think/Think.class.php 第 314 行.

[ 2017-11-18T21:14:00+08:00 ] 182.118.33.6 /index.php?act=ajax&do=datacall&in_ajax=1&m=index&op=get_datacall
INFO: [ app_init ] --START--
INFO: Run Behavior\BuildLiteBehavior [ RunTime:0.000035s ]
INFO: [ app_init ] --END-- [ RunTime:0.000788s ]
ERR: 无法加载模块:Index
NOTIC: [2] include(__PUBLIC__/404.html): failed to open stream: No such file or directory /home/flyindat/domains/flyindata.com.cn/public_html/ThinkPHP/Library/Think/Think.class.php 第 314 行.
NOTIC: [2] include(__PUBLIC__/404.html): failed to open stream: No such file or directory /home/flyindat/domains/flyindata.com.cn/public_html/ThinkPHP/Library/Think/Think.class.php 第 314 行.
NOTIC: [2] include(__PUBLIC__/404.html): failed to open stream: No such file or directory /home/flyindat/domains/flyindata.com.cn/public_html/ThinkPHP/Library/Think/Think.class.php 第 314 行.
NOTIC: [2] include(): Failed opening '__PUBLIC__/404.html' for inclusion (include_path='.:/usr/local/php53/lib/php') /home/flyindat/domains/flyindata.com.cn/public_html/ThinkPHP/Library/Think/Think.class.php 第 314 行.

[ 2017-11-18T21:16:32+08:00 ] 182.118.33.6 /Common/index.php?m=search&a=public_get_suggest_keyword&url=http://www.baidu.com/&q=/../robots.txt
INFO: [ app_init ] --START--
INFO: Run Behavior\BuildLiteBehavior [ RunTime:0.000024s ]
INFO: [ app_init ] --END-- [ RunTime:0.000497s ]
ERR: 无法加载模块:Search
NOTIC: [2] include(__PUBLIC__/404.html): failed to open stream: No such file or directory /home/flyindat/domains/flyindata.com.cn/public_html/ThinkPHP/Library/Think/Think.class.php 第 314 行.
NOTIC: [2] include(__PUBLIC__/404.html): failed to open stream: No such file or directory /home/flyindat/domains/flyindata.com.cn/public_html/ThinkPHP/Library/Think/Think.class.php 第 314 行.
NOTIC: [2] include(__PUBLIC__/404.html): failed to open stream: No such file or directory /home/flyindat/domains/flyindata.com.cn/public_html/ThinkPHP/Library/Think/Think.class.php 第 314 行.
NOTIC: [2] include(): Failed opening '__PUBLIC__/404.html' for inclusion (include_path='.:/usr/local/php53/lib/php') /home/flyindat/domains/flyindata.com.cn/public_html/ThinkPHP/Library/Think/Think.class.php 第 314 行.

[ 2017-11-18T21:17:13+08:00 ] 182.118.33.6 /Common/index.php?a=list_type&c=index&m=link&siteid=1'%20and%20(select%201%20from%20(select%20count(*),concat(md5(1122),floor(rand(0)*2))x%20from%20information_schema.tables%20group%20by%20x)a);%23
INFO: [ app_init ] --START--
INFO: Run Behavior\BuildLiteBehavior [ RunTime:0.000021s ]
INFO: [ app_init ] --END-- [ RunTime:0.000492s ]
ERR: 无法加载模块:Link
NOTIC: [2] include(__PUBLIC__/404.html): failed to open stream: No such file or directory /home/flyindat/domains/flyindata.com.cn/public_html/ThinkPHP/Library/Think/Think.class.php 第 314 行.
NOTIC: [2] include(__PUBLIC__/404.html): failed to open stream: No such file or directory /home/flyindat/domains/flyindata.com.cn/public_html/ThinkPHP/Library/Think/Think.class.php 第 314 行.
NOTIC: [2] include(__PUBLIC__/404.html): failed to open stream: No such file or directory /home/flyindat/domains/flyindata.com.cn/public_html/ThinkPHP/Library/Think/Think.class.php 第 314 行.
NOTIC: [2] include(): Failed opening '__PUBLIC__/404.html' for inclusion (include_path='.:/usr/local/php53/lib/php') /home/flyindat/domains/flyindata.com.cn/public_html/ThinkPHP/Library/Think/Think.class.php 第 314 行.

