[ 2017-10-18T00:43:50+08:00 ] 182.118.33.7 /Public/index.php?m=search&a=public_get_suggest_keyword&url=http://www.baidu.com/&q=/../robots.txt
INFO: [ app_init ] --START--
INFO: Run Behavior\BuildLiteBehavior [ RunTime:0.000034s ]
INFO: [ app_init ] --END-- [ RunTime:0.000717s ]
ERR: 无法加载模块:Search
NOTIC: [2] include(__PUBLIC__/404.html): failed to open stream: No such file or directory /home/flyindat/domains/flyindata.com.cn/public_html/ThinkPHP/Library/Think/Think.class.php 第 314 行.
NOTIC: [2] include(__PUBLIC__/404.html): failed to open stream: No such file or directory /home/flyindat/domains/flyindata.com.cn/public_html/ThinkPHP/Library/Think/Think.class.php 第 314 行.
NOTIC: [2] include(__PUBLIC__/404.html): failed to open stream: No such file or directory /home/flyindat/domains/flyindata.com.cn/public_html/ThinkPHP/Library/Think/Think.class.php 第 314 行.
NOTIC: [2] include(): Failed opening '__PUBLIC__/404.html' for inclusion (include_path='.:/usr/local/php53/lib/php') /home/flyindat/domains/flyindata.com.cn/public_html/ThinkPHP/Library/Think/Think.class.php 第 314 行.

[ 2017-10-18T00:43:54+08:00 ] 182.118.33.7 /Public/Home/index.php?m=search&a=public_get_suggest_keyword&url=http://www.baidu.com/&q=/../robots.txt
INFO: [ app_init ] --START--
INFO: Run Behavior\BuildLiteBehavior [ RunTime:0.000021s ]
INFO: [ app_init ] --END-- [ RunTime:0.000521s ]
ERR: 无法加载模块:Search
NOTIC: [2] include(__PUBLIC__/404.html): failed to open stream: No such file or directory /home/flyindat/domains/flyindata.com.cn/public_html/ThinkPHP/Library/Think/Think.class.php 第 314 行.
NOTIC: [2] include(__PUBLIC__/404.html): failed to open stream: No such file or directory /home/flyindat/domains/flyindata.com.cn/public_html/ThinkPHP/Library/Think/Think.class.php 第 314 行.
NOTIC: [2] include(__PUBLIC__/404.html): failed to open stream: No such file or directory /home/flyindat/domains/flyindata.com.cn/public_html/ThinkPHP/Library/Think/Think.class.php 第 314 行.
NOTIC: [2] include(): Failed opening '__PUBLIC__/404.html' for inclusion (include_path='.:/usr/local/php53/lib/php') /home/flyindat/domains/flyindata.com.cn/public_html/ThinkPHP/Library/Think/Think.class.php 第 314 行.

[ 2017-10-18T00:44:03+08:00 ] 182.118.33.7 /Public/bs/index.php?m=search&a=public_get_suggest_keyword&url=http://www.baidu.com/&q=/../robots.txt
INFO: [ app_init ] --START--
INFO: Run Behavior\BuildLiteBehavior [ RunTime:0.000031s ]
INFO: [ app_init ] --END-- [ RunTime:0.000582s ]
ERR: 无法加载模块:Search
NOTIC: [2] include(__PUBLIC__/404.html): failed to open stream: No such file or directory /home/flyindat/domains/flyindata.com.cn/public_html/ThinkPHP/Library/Think/Think.class.php 第 314 行.
NOTIC: [2] include(__PUBLIC__/404.html): failed to open stream: No such file or directory /home/flyindat/domains/flyindata.com.cn/public_html/ThinkPHP/Library/Think/Think.class.php 第 314 行.
NOTIC: [2] include(__PUBLIC__/404.html): failed to open stream: No such file or directory /home/flyindat/domains/flyindata.com.cn/public_html/ThinkPHP/Library/Think/Think.class.php 第 314 行.
NOTIC: [2] include(): Failed opening '__PUBLIC__/404.html' for inclusion (include_path='.:/usr/local/php53/lib/php') /home/flyindat/domains/flyindata.com.cn/public_html/ThinkPHP/Library/Think/Think.class.php 第 314 行.

[ 2017-10-18T00:44:10+08:00 ] 182.118.33.7 /Goods/index.php?m=search&a=public_get_suggest_keyword&url=http://www.baidu.com/&q=/../robots.txt
INFO: [ app_init ] --START--
INFO: Run Behavior\BuildLiteBehavior [ RunTime:0.000021s ]
INFO: [ app_init ] --END-- [ RunTime:0.000480s ]
ERR: 无法加载模块:Search
NOTIC: [2] include(__PUBLIC__/404.html): failed to open stream: No such file or directory /home/flyindat/domains/flyindata.com.cn/public_html/ThinkPHP/Library/Think/Think.class.php 第 314 行.
NOTIC: [2] include(__PUBLIC__/404.html): failed to open stream: No such file or directory /home/flyindat/domains/flyindata.com.cn/public_html/ThinkPHP/Library/Think/Think.class.php 第 314 行.
NOTIC: [2] include(__PUBLIC__/404.html): failed to open stream: No such file or directory /home/flyindat/domains/flyindata.com.cn/public_html/ThinkPHP/Library/Think/Think.class.php 第 314 行.
NOTIC: [2] include(): Failed opening '__PUBLIC__/404.html' for inclusion (include_path='.:/usr/local/php53/lib/php') /home/flyindat/domains/flyindata.com.cn/public_html/ThinkPHP/Library/Think/Think.class.php 第 314 行.

[ 2017-10-18T00:44:18+08:00 ] 182.118.33.7 /index.php?m=search&a=public_get_suggest_keyword&url=http://www.baidu.com/&q=/../robots.txt
INFO: [ app_init ] --START--
INFO: Run Behavior\BuildLiteBehavior [ RunTime:0.000032s ]
INFO: [ app_init ] --END-- [ RunTime:0.000694s ]
ERR: 无法加载模块:Search
NOTIC: [2] include(__PUBLIC__/404.html): failed to open stream: No such file or directory /home/flyindat/domains/flyindata.com.cn/public_html/ThinkPHP/Library/Think/Think.class.php 第 314 行.
NOTIC: [2] include(__PUBLIC__/404.html): failed to open stream: No such file or directory /home/flyindat/domains/flyindata.com.cn/public_html/ThinkPHP/Library/Think/Think.class.php 第 314 行.
NOTIC: [2] include(__PUBLIC__/404.html): failed to open stream: No such file or directory /home/flyindat/domains/flyindata.com.cn/public_html/ThinkPHP/Library/Think/Think.class.php 第 314 行.
NOTIC: [2] include(): Failed opening '__PUBLIC__/404.html' for inclusion (include_path='.:/usr/local/php53/lib/php') /home/flyindat/domains/flyindata.com.cn/public_html/ThinkPHP/Library/Think/Think.class.php 第 314 行.

[ 2017-10-18T00:44:19+08:00 ] 182.118.33.7 /Common/index.php?m=search&a=public_get_suggest_keyword&url=http://www.baidu.com/&q=/../robots.txt
INFO: [ app_init ] --START--
INFO: Run Behavior\BuildLiteBehavior [ RunTime:0.000025s ]
INFO: [ app_init ] --END-- [ RunTime:0.000495s ]
ERR: 无法加载模块:Search
NOTIC: [2] include(__PUBLIC__/404.html): failed to open stream: No such file or directory /home/flyindat/domains/flyindata.com.cn/public_html/ThinkPHP/Library/Think/Think.class.php 第 314 行.
NOTIC: [2] include(__PUBLIC__/404.html): failed to open stream: No such file or directory /home/flyindat/domains/flyindata.com.cn/public_html/ThinkPHP/Library/Think/Think.class.php 第 314 行.
NOTIC: [2] include(__PUBLIC__/404.html): failed to open stream: No such file or directory /home/flyindat/domains/flyindata.com.cn/public_html/ThinkPHP/Library/Think/Think.class.php 第 314 行.
NOTIC: [2] include(): Failed opening '__PUBLIC__/404.html' for inclusion (include_path='.:/usr/local/php53/lib/php') /home/flyindat/domains/flyindata.com.cn/public_html/ThinkPHP/Library/Think/Think.class.php 第 314 行.

[ 2017-10-18T00:44:30+08:00 ] 182.118.33.7 /Public/index.php?a=list_type&c=index&m=link&siteid=1'%20and%20(select%201%20from%20(select%20count(*),concat(md5(1122),floor(rand(0)*2))x%20from%20information_schema.tables%20group%20by%20x)a);%23
INFO: [ app_init ] --START--
INFO: Run Behavior\BuildLiteBehavior [ RunTime:0.000022s ]
INFO: [ app_init ] --END-- [ RunTime:0.000551s ]
ERR: 无法加载模块:Link
NOTIC: [2] include(__PUBLIC__/404.html): failed to open stream: No such file or directory /home/flyindat/domains/flyindata.com.cn/public_html/ThinkPHP/Library/Think/Think.class.php 第 314 行.
NOTIC: [2] include(__PUBLIC__/404.html): failed to open stream: No such file or directory /home/flyindat/domains/flyindata.com.cn/public_html/ThinkPHP/Library/Think/Think.class.php 第 314 行.
NOTIC: [2] include(__PUBLIC__/404.html): failed to open stream: No such file or directory /home/flyindat/domains/flyindata.com.cn/public_html/ThinkPHP/Library/Think/Think.class.php 第 314 行.
NOTIC: [2] include(): Failed opening '__PUBLIC__/404.html' for inclusion (include_path='.:/usr/local/php53/lib/php') /home/flyindat/domains/flyindata.com.cn/public_html/ThinkPHP/Library/Think/Think.class.php 第 314 行.

[ 2017-10-18T00:44:34+08:00 ] 182.118.33.7 /Public/Home/index.php?a=list_type&c=index&m=link&siteid=1'%20and%20(select%201%20from%20(select%20count(*),concat(md5(1122),floor(rand(0)*2))x%20from%20information_schema.tables%20group%20by%20x)a);%23
INFO: [ app_init ] --START--
INFO: Run Behavior\BuildLiteBehavior [ RunTime:0.000021s ]
INFO: [ app_init ] --END-- [ RunTime:0.000473s ]
ERR: 无法加载模块:Link
NOTIC: [2] include(__PUBLIC__/404.html): failed to open stream: No such file or directory /home/flyindat/domains/flyindata.com.cn/public_html/ThinkPHP/Library/Think/Think.class.php 第 314 行.
NOTIC: [2] include(__PUBLIC__/404.html): failed to open stream: No such file or directory /home/flyindat/domains/flyindata.com.cn/public_html/ThinkPHP/Library/Think/Think.class.php 第 314 行.
NOTIC: [2] include(__PUBLIC__/404.html): failed to open stream: No such file or directory /home/flyindat/domains/flyindata.com.cn/public_html/ThinkPHP/Library/Think/Think.class.php 第 314 行.
NOTIC: [2] include(): Failed opening '__PUBLIC__/404.html' for inclusion (include_path='.:/usr/local/php53/lib/php') /home/flyindat/domains/flyindata.com.cn/public_html/ThinkPHP/Library/Think/Think.class.php 第 314 行.

[ 2017-10-18T00:44:43+08:00 ] 182.118.33.7 /Public/bs/index.php?a=list_type&c=index&m=link&siteid=1'%20and%20(select%201%20from%20(select%20count(*),concat(md5(1122),floor(rand(0)*2))x%20from%20information_schema.tables%20group%20by%20x)a);%23
INFO: [ app_init ] --START--
INFO: Run Behavior\BuildLiteBehavior [ RunTime:0.000022s ]
INFO: [ app_init ] --END-- [ RunTime:0.000476s ]
ERR: 无法加载模块:Link
NOTIC: [2] include(__PUBLIC__/404.html): failed to open stream: No such file or directory /home/flyindat/domains/flyindata.com.cn/public_html/ThinkPHP/Library/Think/Think.class.php 第 314 行.
NOTIC: [2] include(__PUBLIC__/404.html): failed to open stream: No such file or directory /home/flyindat/domains/flyindata.com.cn/public_html/ThinkPHP/Library/Think/Think.class.php 第 314 行.
NOTIC: [2] include(__PUBLIC__/404.html): failed to open stream: No such file or directory /home/flyindat/domains/flyindata.com.cn/public_html/ThinkPHP/Library/Think/Think.class.php 第 314 行.
NOTIC: [2] include(): Failed opening '__PUBLIC__/404.html' for inclusion (include_path='.:/usr/local/php53/lib/php') /home/flyindat/domains/flyindata.com.cn/public_html/ThinkPHP/Library/Think/Think.class.php 第 314 行.

[ 2017-10-18T00:44:50+08:00 ] 182.118.33.7 /Goods/index.php?a=list_type&c=index&m=link&siteid=1'%20and%20(select%201%20from%20(select%20count(*),concat(md5(1122),floor(rand(0)*2))x%20from%20information_schema.tables%20group%20by%20x)a);%23
INFO: [ app_init ] --START--
INFO: Run Behavior\BuildLiteBehavior [ RunTime:0.000029s ]
INFO: [ app_init ] --END-- [ RunTime:0.000535s ]
ERR: 无法加载模块:Link
NOTIC: [2] include(__PUBLIC__/404.html): failed to open stream: No such file or directory /home/flyindat/domains/flyindata.com.cn/public_html/ThinkPHP/Library/Think/Think.class.php 第 314 行.
NOTIC: [2] include(__PUBLIC__/404.html): failed to open stream: No such file or directory /home/flyindat/domains/flyindata.com.cn/public_html/ThinkPHP/Library/Think/Think.class.php 第 314 行.
NOTIC: [2] include(__PUBLIC__/404.html): failed to open stream: No such file or directory /home/flyindat/domains/flyindata.com.cn/public_html/ThinkPHP/Library/Think/Think.class.php 第 314 行.
NOTIC: [2] include(): Failed opening '__PUBLIC__/404.html' for inclusion (include_path='.:/usr/local/php53/lib/php') /home/flyindat/domains/flyindata.com.cn/public_html/ThinkPHP/Library/Think/Think.class.php 第 314 行.

[ 2017-10-18T00:45:00+08:00 ] 182.118.33.7 /index.php?a=list_type&c=index&m=link&siteid=1'%20and%20(select%201%20from%20(select%20count(*),concat(md5(1122),floor(rand(0)*2))x%20from%20information_schema.tables%20group%20by%20x)a);%23
INFO: [ app_init ] --START--
INFO: Run Behavior\BuildLiteBehavior [ RunTime:0.000032s ]
INFO: [ app_init ] --END-- [ RunTime:0.000739s ]
ERR: 无法加载模块:Link
NOTIC: [2] include(__PUBLIC__/404.html): failed to open stream: No such file or directory /home/flyindat/domains/flyindata.com.cn/public_html/ThinkPHP/Library/Think/Think.class.php 第 314 行.
NOTIC: [2] include(__PUBLIC__/404.html): failed to open stream: No such file or directory /home/flyindat/domains/flyindata.com.cn/public_html/ThinkPHP/Library/Think/Think.class.php 第 314 行.
NOTIC: [2] include(__PUBLIC__/404.html): failed to open stream: No such file or directory /home/flyindat/domains/flyindata.com.cn/public_html/ThinkPHP/Library/Think/Think.class.php 第 314 行.
NOTIC: [2] include(): Failed opening '__PUBLIC__/404.html' for inclusion (include_path='.:/usr/local/php53/lib/php') /home/flyindat/domains/flyindata.com.cn/public_html/ThinkPHP/Library/Think/Think.class.php 第 314 行.

[ 2017-10-18T00:45:00+08:00 ] 182.118.33.7 /Common/index.php?a=list_type&c=index&m=link&siteid=1'%20and%20(select%201%20from%20(select%20count(*),concat(md5(1122),floor(rand(0)*2))x%20from%20information_schema.tables%20group%20by%20x)a);%23
INFO: [ app_init ] --START--
INFO: Run Behavior\BuildLiteBehavior [ RunTime:0.000035s ]
INFO: [ app_init ] --END-- [ RunTime:0.000809s ]
ERR: 无法加载模块:Link
NOTIC: [2] include(__PUBLIC__/404.html): failed to open stream: No such file or directory /home/flyindat/domains/flyindata.com.cn/public_html/ThinkPHP/Library/Think/Think.class.php 第 314 行.
NOTIC: [2] include(__PUBLIC__/404.html): failed to open stream: No such file or directory /home/flyindat/domains/flyindata.com.cn/public_html/ThinkPHP/Library/Think/Think.class.php 第 314 行.
NOTIC: [2] include(__PUBLIC__/404.html): failed to open stream: No such file or directory /home/flyindat/domains/flyindata.com.cn/public_html/ThinkPHP/Library/Think/Think.class.php 第 314 行.
NOTIC: [2] include(): Failed opening '__PUBLIC__/404.html' for inclusion (include_path='.:/usr/local/php53/lib/php') /home/flyindat/domains/flyindata.com.cn/public_html/ThinkPHP/Library/Think/Think.class.php 第 314 行.

[ 2017-10-18T00:47:27+08:00 ] 182.118.33.7 /Public/index.php?m=poster&c=index&a=poster_click&id=1
INFO: [ app_init ] --START--
INFO: Run Behavior\BuildLiteBehavior [ RunTime:0.000025s ]
INFO: [ app_init ] --END-- [ RunTime:0.000483s ]
ERR: 无法加载模块:Poster
NOTIC: [2] include(__PUBLIC__/404.html): failed to open stream: No such file or directory /home/flyindat/domains/flyindata.com.cn/public_html/ThinkPHP/Library/Think/Think.class.php 第 314 行.
NOTIC: [2] include(__PUBLIC__/404.html): failed to open stream: No such file or directory /home/flyindat/domains/flyindata.com.cn/public_html/ThinkPHP/Library/Think/Think.class.php 第 314 行.
NOTIC: [2] include(__PUBLIC__/404.html): failed to open stream: No such file or directory /home/flyindat/domains/flyindata.com.cn/public_html/ThinkPHP/Library/Think/Think.class.php 第 314 行.
NOTIC: [2] include(): Failed opening '__PUBLIC__/404.html' for inclusion (include_path='.:/usr/local/php53/lib/php') /home/flyindat/domains/flyindata.com.cn/public_html/ThinkPHP/Library/Think/Think.class.php 第 314 行.

[ 2017-10-18T00:47:52+08:00 ] 182.118.33.7 /Common/index.php?m=poster&c=index&a=poster_click&id=1
INFO: [ app_init ] --START--
INFO: Run Behavior\BuildLiteBehavior [ RunTime:0.000022s ]
INFO: [ app_init ] --END-- [ RunTime:0.000470s ]
ERR: 无法加载模块:Poster
NOTIC: [2] include(__PUBLIC__/404.html): failed to open stream: No such file or directory /home/flyindat/domains/flyindata.com.cn/public_html/ThinkPHP/Library/Think/Think.class.php 第 314 行.
NOTIC: [2] include(__PUBLIC__/404.html): failed to open stream: No such file or directory /home/flyindat/domains/flyindata.com.cn/public_html/ThinkPHP/Library/Think/Think.class.php 第 314 行.
NOTIC: [2] include(__PUBLIC__/404.html): failed to open stream: No such file or directory /home/flyindat/domains/flyindata.com.cn/public_html/ThinkPHP/Library/Think/Think.class.php 第 314 行.
NOTIC: [2] include(): Failed opening '__PUBLIC__/404.html' for inclusion (include_path='.:/usr/local/php53/lib/php') /home/flyindat/domains/flyindata.com.cn/public_html/ThinkPHP/Library/Think/Think.class.php 第 314 行.

[ 2017-10-18T00:47:56+08:00 ] 182.118.33.7 /Goods/index.php?m=poster&c=index&a=poster_click&id=1
INFO: [ app_init ] --START--
INFO: Run Behavior\BuildLiteBehavior [ RunTime:0.000024s ]
INFO: [ app_init ] --END-- [ RunTime:0.000491s ]
ERR: 无法加载模块:Poster
NOTIC: [2] include(__PUBLIC__/404.html): failed to open stream: No such file or directory /home/flyindat/domains/flyindata.com.cn/public_html/ThinkPHP/Library/Think/Think.class.php 第 314 行.
NOTIC: [2] include(__PUBLIC__/404.html): failed to open stream: No such file or directory /home/flyindat/domains/flyindata.com.cn/public_html/ThinkPHP/Library/Think/Think.class.php 第 314 行.
NOTIC: [2] include(__PUBLIC__/404.html): failed to open stream: No such file or directory /home/flyindat/domains/flyindata.com.cn/public_html/ThinkPHP/Library/Think/Think.class.php 第 314 行.
NOTIC: [2] include(): Failed opening '__PUBLIC__/404.html' for inclusion (include_path='.:/usr/local/php53/lib/php') /home/flyindat/domains/flyindata.com.cn/public_html/ThinkPHP/Library/Think/Think.class.php 第 314 行.

[ 2017-10-18T00:48:00+08:00 ] 182.118.33.7 /Public/Home/index.php?m=poster&c=index&a=poster_click&id=1
INFO: [ app_init ] --START--
INFO: Run Behavior\BuildLiteBehavior [ RunTime:0.000023s ]
INFO: [ app_init ] --END-- [ RunTime:0.000481s ]
ERR: 无法加载模块:Poster
NOTIC: [2] include(__PUBLIC__/404.html): failed to open stream: No such file or directory /home/flyindat/domains/flyindata.com.cn/public_html/ThinkPHP/Library/Think/Think.class.php 第 314 行.
NOTIC: [2] include(__PUBLIC__/404.html): failed to open stream: No such file or directory /home/flyindat/domains/flyindata.com.cn/public_html/ThinkPHP/Library/Think/Think.class.php 第 314 行.
NOTIC: [2] include(__PUBLIC__/404.html): failed to open stream: No such file or directory /home/flyindat/domains/flyindata.com.cn/public_html/ThinkPHP/Library/Think/Think.class.php 第 314 行.
NOTIC: [2] include(): Failed opening '__PUBLIC__/404.html' for inclusion (include_path='.:/usr/local/php53/lib/php') /home/flyindat/domains/flyindata.com.cn/public_html/ThinkPHP/Library/Think/Think.class.php 第 314 行.

[ 2017-10-18T00:48:07+08:00 ] 182.118.33.7 /Public/bs/index.php?m=poster&c=index&a=poster_click&id=1
INFO: [ app_init ] --START--
INFO: Run Behavior\BuildLiteBehavior [ RunTime:0.000023s ]
INFO: [ app_init ] --END-- [ RunTime:0.000512s ]
ERR: 无法加载模块:Poster
NOTIC: [2] include(__PUBLIC__/404.html): failed to open stream: No such file or directory /home/flyindat/domains/flyindata.com.cn/public_html/ThinkPHP/Library/Think/Think.class.php 第 314 行.
NOTIC: [2] include(__PUBLIC__/404.html): failed to open stream: No such file or directory /home/flyindat/domains/flyindata.com.cn/public_html/ThinkPHP/Library/Think/Think.class.php 第 314 行.
NOTIC: [2] include(__PUBLIC__/404.html): failed to open stream: No such file or directory /home/flyindat/domains/flyindata.com.cn/public_html/ThinkPHP/Library/Think/Think.class.php 第 314 行.
NOTIC: [2] include(): Failed opening '__PUBLIC__/404.html' for inclusion (include_path='.:/usr/local/php53/lib/php') /home/flyindat/domains/flyindata.com.cn/public_html/ThinkPHP/Library/Think/Think.class.php 第 314 行.

[ 2017-10-18T00:48:32+08:00 ] 182.118.33.7 /index.php?m=poster&c=index&a=poster_click&id=1
INFO: [ app_init ] --START--
INFO: Run Behavior\BuildLiteBehavior [ RunTime:0.000022s ]
INFO: [ app_init ] --END-- [ RunTime:0.000495s ]
ERR: 无法加载模块:Poster
NOTIC: [2] include(__PUBLIC__/404.html): failed to open stream: No such file or directory /home/flyindat/domains/flyindata.com.cn/public_html/ThinkPHP/Library/Think/Think.class.php 第 314 行.
NOTIC: [2] include(__PUBLIC__/404.html): failed to open stream: No such file or directory /home/flyindat/domains/flyindata.com.cn/public_html/ThinkPHP/Library/Think/Think.class.php 第 314 行.
NOTIC: [2] include(__PUBLIC__/404.html): failed to open stream: No such file or directory /home/flyindat/domains/flyindata.com.cn/public_html/ThinkPHP/Library/Think/Think.class.php 第 314 行.
NOTIC: [2] include(): Failed opening '__PUBLIC__/404.html' for inclusion (include_path='.:/usr/local/php53/lib/php') /home/flyindat/domains/flyindata.com.cn/public_html/ThinkPHP/Library/Think/Think.class.php 第 314 行.

[ 2017-10-18T00:53:13+08:00 ] 182.118.33.7 /Common/m.php?m=User&a=doLogin
INFO: [ app_init ] --START--
INFO: Run Behavior\BuildLiteBehavior [ RunTime:0.000020s ]
INFO: [ app_init ] --END-- [ RunTime:0.000455s ]
ERR: 无法加载模块:User
NOTIC: [2] include(__PUBLIC__/404.html): failed to open stream: No such file or directory /home/flyindat/domains/flyindata.com.cn/public_html/ThinkPHP/Library/Think/Think.class.php 第 314 行.
NOTIC: [2] include(__PUBLIC__/404.html): failed to open stream: No such file or directory /home/flyindat/domains/flyindata.com.cn/public_html/ThinkPHP/Library/Think/Think.class.php 第 314 行.
NOTIC: [2] include(__PUBLIC__/404.html): failed to open stream: No such file or directory /home/flyindat/domains/flyindata.com.cn/public_html/ThinkPHP/Library/Think/Think.class.php 第 314 行.
NOTIC: [2] include(): Failed opening '__PUBLIC__/404.html' for inclusion (include_path='.:/usr/local/php53/lib/php') /home/flyindat/domains/flyindata.com.cn/public_html/ThinkPHP/Library/Think/Think.class.php 第 314 行.

[ 2017-10-18T00:53:31+08:00 ] 182.118.33.7 /Public/Home/m.php?m=User&a=doLogin
INFO: [ app_init ] --START--
INFO: Run Behavior\BuildLiteBehavior [ RunTime:0.000021s ]
INFO: [ app_init ] --END-- [ RunTime:0.000484s ]
ERR: 无法加载模块:User
NOTIC: [2] include(__PUBLIC__/404.html): failed to open stream: No such file or directory /home/flyindat/domains/flyindata.com.cn/public_html/ThinkPHP/Library/Think/Think.class.php 第 314 行.
NOTIC: [2] include(__PUBLIC__/404.html): failed to open stream: No such file or directory /home/flyindat/domains/flyindata.com.cn/public_html/ThinkPHP/Library/Think/Think.class.php 第 314 行.
NOTIC: [2] include(__PUBLIC__/404.html): failed to open stream: No such file or directory /home/flyindat/domains/flyindata.com.cn/public_html/ThinkPHP/Library/Think/Think.class.php 第 314 行.
NOTIC: [2] include(): Failed opening '__PUBLIC__/404.html' for inclusion (include_path='.:/usr/local/php53/lib/php') /home/flyindat/domains/flyindata.com.cn/public_html/ThinkPHP/Library/Think/Think.class.php 第 314 行.

[ 2017-10-18T00:53:35+08:00 ] 182.118.33.7 /Public/bs/m.php?m=User&a=doLogin
INFO: [ app_init ] --START--
INFO: Run Behavior\BuildLiteBehavior [ RunTime:0.000025s ]
INFO: [ app_init ] --END-- [ RunTime:0.000495s ]
ERR: 无法加载模块:User
NOTIC: [2] include(__PUBLIC__/404.html): failed to open stream: No such file or directory /home/flyindat/domains/flyindata.com.cn/public_html/ThinkPHP/Library/Think/Think.class.php 第 314 行.
NOTIC: [2] include(__PUBLIC__/404.html): failed to open stream: No such file or directory /home/flyindat/domains/flyindata.com.cn/public_html/ThinkPHP/Library/Think/Think.class.php 第 314 行.
NOTIC: [2] include(__PUBLIC__/404.html): failed to open stream: No such file or directory /home/flyindat/domains/flyindata.com.cn/public_html/ThinkPHP/Library/Think/Think.class.php 第 314 行.
NOTIC: [2] include(): Failed opening '__PUBLIC__/404.html' for inclusion (include_path='.:/usr/local/php53/lib/php') /home/flyindat/domains/flyindata.com.cn/public_html/ThinkPHP/Library/Think/Think.class.php 第 314 行.

[ 2017-10-18T00:53:41+08:00 ] 182.118.33.7 /Goods/m.php?m=User&a=doLogin
INFO: [ app_init ] --START--
INFO: Run Behavior\BuildLiteBehavior [ RunTime:0.000022s ]
INFO: [ app_init ] --END-- [ RunTime:0.000476s ]
ERR: 无法加载模块:User
NOTIC: [2] include(__PUBLIC__/404.html): failed to open stream: No such file or directory /home/flyindat/domains/flyindata.com.cn/public_html/ThinkPHP/Library/Think/Think.class.php 第 314 行.
NOTIC: [2] include(__PUBLIC__/404.html): failed to open stream: No such file or directory /home/flyindat/domains/flyindata.com.cn/public_html/ThinkPHP/Library/Think/Think.class.php 第 314 行.
NOTIC: [2] include(__PUBLIC__/404.html): failed to open stream: No such file or directory /home/flyindat/domains/flyindata.com.cn/public_html/ThinkPHP/Library/Think/Think.class.php 第 314 行.
NOTIC: [2] include(): Failed opening '__PUBLIC__/404.html' for inclusion (include_path='.:/usr/local/php53/lib/php') /home/flyindat/domains/flyindata.com.cn/public_html/ThinkPHP/Library/Think/Think.class.php 第 314 行.

[ 2017-10-18T00:53:48+08:00 ] 182.118.33.7 /Public/m.php?m=User&a=doLogin
INFO: [ app_init ] --START--
INFO: Run Behavior\BuildLiteBehavior [ RunTime:0.000020s ]
INFO: [ app_init ] --END-- [ RunTime:0.000470s ]
ERR: 无法加载模块:User
NOTIC: [2] include(__PUBLIC__/404.html): failed to open stream: No such file or directory /home/flyindat/domains/flyindata.com.cn/public_html/ThinkPHP/Library/Think/Think.class.php 第 314 行.
NOTIC: [2] include(__PUBLIC__/404.html): failed to open stream: No such file or directory /home/flyindat/domains/flyindata.com.cn/public_html/ThinkPHP/Library/Think/Think.class.php 第 314 行.
NOTIC: [2] include(__PUBLIC__/404.html): failed to open stream: No such file or directory /home/flyindat/domains/flyindata.com.cn/public_html/ThinkPHP/Library/Think/Think.class.php 第 314 行.
NOTIC: [2] include(): Failed opening '__PUBLIC__/404.html' for inclusion (include_path='.:/usr/local/php53/lib/php') /home/flyindat/domains/flyindata.com.cn/public_html/ThinkPHP/Library/Think/Think.class.php 第 314 行.

[ 2017-10-18T00:54:21+08:00 ] 182.118.33.7 /m.php?m=User&a=doLogin
INFO: [ app_init ] --START--
INFO: Run Behavior\BuildLiteBehavior [ RunTime:0.000028s ]
INFO: [ app_init ] --END-- [ RunTime:0.000565s ]
ERR: 无法加载模块:User
NOTIC: [2] include(__PUBLIC__/404.html): failed to open stream: No such file or directory /home/flyindat/domains/flyindata.com.cn/public_html/ThinkPHP/Library/Think/Think.class.php 第 314 行.
NOTIC: [2] include(__PUBLIC__/404.html): failed to open stream: No such file or directory /home/flyindat/domains/flyindata.com.cn/public_html/ThinkPHP/Library/Think/Think.class.php 第 314 行.
NOTIC: [2] include(__PUBLIC__/404.html): failed to open stream: No such file or directory /home/flyindat/domains/flyindata.com.cn/public_html/ThinkPHP/Library/Think/Think.class.php 第 314 行.
NOTIC: [2] include(): Failed opening '__PUBLIC__/404.html' for inclusion (include_path='.:/usr/local/php53/lib/php') /home/flyindat/domains/flyindata.com.cn/public_html/ThinkPHP/Library/Think/Think.class.php 第 314 行.

[ 2017-10-18T00:59:23+08:00 ] 182.118.33.7 /Common/index.php?act=ajax&do=datacall&in_ajax=1&m=index&op=get_datacall
INFO: [ app_init ] --START--
INFO: Run Behavior\BuildLiteBehavior [ RunTime:0.000022s ]
INFO: [ app_init ] --END-- [ RunTime:0.000533s ]
ERR: 无法加载模块:Index
NOTIC: [2] include(__PUBLIC__/404.html): failed to open stream: No such file or directory /home/flyindat/domains/flyindata.com.cn/public_html/ThinkPHP/Library/Think/Think.class.php 第 314 行.
NOTIC: [2] include(__PUBLIC__/404.html): failed to open stream: No such file or directory /home/flyindat/domains/flyindata.com.cn/public_html/ThinkPHP/Library/Think/Think.class.php 第 314 行.
NOTIC: [2] include(__PUBLIC__/404.html): failed to open stream: No such file or directory /home/flyindat/domains/flyindata.com.cn/public_html/ThinkPHP/Library/Think/Think.class.php 第 314 行.
NOTIC: [2] include(): Failed opening '__PUBLIC__/404.html' for inclusion (include_path='.:/usr/local/php53/lib/php') /home/flyindat/domains/flyindata.com.cn/public_html/ThinkPHP/Library/Think/Think.class.php 第 314 行.

[ 2017-10-18T00:59:35+08:00 ] 182.118.33.7 /Public/Home/index.php?act=ajax&do=datacall&in_ajax=1&m=index&op=get_datacall
INFO: [ app_init ] --START--
INFO: Run Behavior\BuildLiteBehavior [ RunTime:0.000022s ]
INFO: [ app_init ] --END-- [ RunTime:0.000535s ]
ERR: 无法加载模块:Index
NOTIC: [2] include(__PUBLIC__/404.html): failed to open stream: No such file or directory /home/flyindat/domains/flyindata.com.cn/public_html/ThinkPHP/Library/Think/Think.class.php 第 314 行.
NOTIC: [2] include(__PUBLIC__/404.html): failed to open stream: No such file or directory /home/flyindat/domains/flyindata.com.cn/public_html/ThinkPHP/Library/Think/Think.class.php 第 314 行.
NOTIC: [2] include(__PUBLIC__/404.html): failed to open stream: No such file or directory /home/flyindat/domains/flyindata.com.cn/public_html/ThinkPHP/Library/Think/Think.class.php 第 314 行.
NOTIC: [2] include(): Failed opening '__PUBLIC__/404.html' for inclusion (include_path='.:/usr/local/php53/lib/php') /home/flyindat/domains/flyindata.com.cn/public_html/ThinkPHP/Library/Think/Think.class.php 第 314 行.

[ 2017-10-18T00:59:36+08:00 ] 182.118.33.7 /Public/bs/index.php?act=ajax&do=datacall&in_ajax=1&m=index&op=get_datacall
INFO: [ app_init ] --START--
INFO: Run Behavior\BuildLiteBehavior [ RunTime:0.000031s ]
INFO: [ app_init ] --END-- [ RunTime:0.000572s ]
ERR: 无法加载模块:Index
NOTIC: [2] include(__PUBLIC__/404.html): failed to open stream: No such file or directory /home/flyindat/domains/flyindata.com.cn/public_html/ThinkPHP/Library/Think/Think.class.php 第 314 行.
NOTIC: [2] include(__PUBLIC__/404.html): failed to open stream: No such file or directory /home/flyindat/domains/flyindata.com.cn/public_html/ThinkPHP/Library/Think/Think.class.php 第 314 行.
NOTIC: [2] include(__PUBLIC__/404.html): failed to open stream: No such file or directory /home/flyindat/domains/flyindata.com.cn/public_html/ThinkPHP/Library/Think/Think.class.php 第 314 行.
NOTIC: [2] include(): Failed opening '__PUBLIC__/404.html' for inclusion (include_path='.:/usr/local/php53/lib/php') /home/flyindat/domains/flyindata.com.cn/public_html/ThinkPHP/Library/Think/Think.class.php 第 314 行.

[ 2017-10-18T00:59:48+08:00 ] 182.118.33.7 /Public/index.php?act=ajax&do=datacall&in_ajax=1&m=index&op=get_datacall
INFO: [ app_init ] --START--
INFO: Run Behavior\BuildLiteBehavior [ RunTime:0.000030s ]
INFO: [ app_init ] --END-- [ RunTime:0.000598s ]
ERR: 无法加载模块:Index
NOTIC: [2] include(__PUBLIC__/404.html): failed to open stream: No such file or directory /home/flyindat/domains/flyindata.com.cn/public_html/ThinkPHP/Library/Think/Think.class.php 第 314 行.
NOTIC: [2] include(__PUBLIC__/404.html): failed to open stream: No such file or directory /home/flyindat/domains/flyindata.com.cn/public_html/ThinkPHP/Library/Think/Think.class.php 第 314 行.
NOTIC: [2] include(__PUBLIC__/404.html): failed to open stream: No such file or directory /home/flyindat/domains/flyindata.com.cn/public_html/ThinkPHP/Library/Think/Think.class.php 第 314 行.
NOTIC: [2] include(): Failed opening '__PUBLIC__/404.html' for inclusion (include_path='.:/usr/local/php53/lib/php') /home/flyindat/domains/flyindata.com.cn/public_html/ThinkPHP/Library/Think/Think.class.php 第 314 行.

[ 2017-10-18T00:59:49+08:00 ] 182.118.33.7 /Goods/index.php?act=ajax&do=datacall&in_ajax=1&m=index&op=get_datacall
INFO: [ app_init ] --START--
INFO: Run Behavior\BuildLiteBehavior [ RunTime:0.000027s ]
INFO: [ app_init ] --END-- [ RunTime:0.000502s ]
ERR: 无法加载模块:Index
NOTIC: [2] include(__PUBLIC__/404.html): failed to open stream: No such file or directory /home/flyindat/domains/flyindata.com.cn/public_html/ThinkPHP/Library/Think/Think.class.php 第 314 行.
NOTIC: [2] include(__PUBLIC__/404.html): failed to open stream: No such file or directory /home/flyindat/domains/flyindata.com.cn/public_html/ThinkPHP/Library/Think/Think.class.php 第 314 行.
NOTIC: [2] include(__PUBLIC__/404.html): failed to open stream: No such file or directory /home/flyindat/domains/flyindata.com.cn/public_html/ThinkPHP/Library/Think/Think.class.php 第 314 行.
NOTIC: [2] include(): Failed opening '__PUBLIC__/404.html' for inclusion (include_path='.:/usr/local/php53/lib/php') /home/flyindat/domains/flyindata.com.cn/public_html/ThinkPHP/Library/Think/Think.class.php 第 314 行.

[ 2017-10-18T01:00:20+08:00 ] 182.118.33.7 /index.php?act=ajax&do=datacall&in_ajax=1&m=index&op=get_datacall
INFO: [ app_init ] --START--
INFO: Run Behavior\BuildLiteBehavior [ RunTime:0.000022s ]
INFO: [ app_init ] --END-- [ RunTime:0.000484s ]
ERR: 无法加载模块:Index
NOTIC: [2] include(__PUBLIC__/404.html): failed to open stream: No such file or directory /home/flyindat/domains/flyindata.com.cn/public_html/ThinkPHP/Library/Think/Think.class.php 第 314 行.
NOTIC: [2] include(__PUBLIC__/404.html): failed to open stream: No such file or directory /home/flyindat/domains/flyindata.com.cn/public_html/ThinkPHP/Library/Think/Think.class.php 第 314 行.
NOTIC: [2] include(__PUBLIC__/404.html): failed to open stream: No such file or directory /home/flyindat/domains/flyindata.com.cn/public_html/ThinkPHP/Library/Think/Think.class.php 第 314 行.
NOTIC: [2] include(): Failed opening '__PUBLIC__/404.html' for inclusion (include_path='.:/usr/local/php53/lib/php') /home/flyindat/domains/flyindata.com.cn/public_html/ThinkPHP/Library/Think/Think.class.php 第 314 行.

[ 2017-10-18T11:25:07+08:00 ] 47.95.3.254 /index.php?m=member&c=index&a=register&siteid=1
INFO: [ app_init ] --START--
INFO: Run Behavior\BuildLiteBehavior [ RunTime:0.000020s ]
INFO: [ app_init ] --END-- [ RunTime:0.000482s ]
ERR: 无法加载模块:Member
NOTIC: [2] include(__PUBLIC__/404.html): failed to open stream: No such file or directory /home/flyindat/domains/flyindata.com.cn/public_html/ThinkPHP/Library/Think/Think.class.php 第 314 行.
NOTIC: [2] include(__PUBLIC__/404.html): failed to open stream: No such file or directory /home/flyindat/domains/flyindata.com.cn/public_html/ThinkPHP/Library/Think/Think.class.php 第 314 行.
NOTIC: [2] include(__PUBLIC__/404.html): failed to open stream: No such file or directory /home/flyindat/domains/flyindata.com.cn/public_html/ThinkPHP/Library/Think/Think.class.php 第 314 行.
NOTIC: [2] include(): Failed opening '__PUBLIC__/404.html' for inclusion (include_path='.:/usr/local/php53/lib/php') /home/flyindat/domains/flyindata.com.cn/public_html/ThinkPHP/Library/Think/Think.class.php 第 314 行.

