[ 2017-11-30T18:30:27+08:00 ] 27.38.29.4 /admin/
INFO: [ app_init ] --START--
INFO: Run Behavior\BuildLiteBehavior [ RunTime:0.000023s ]
INFO: [ app_init ] --END-- [ RunTime:0.000492s ]
INFO: [ app_begin ] --START--
INFO: Run Behavior\ReadHtmlCacheBehavior [ RunTime:0.000600s ]
INFO: Run Behavior\GetcodingBehavior [ RunTime:0.000319s ]
INFO: [ app_begin ] --END-- [ RunTime:0.001035s ]
INFO: [ view_parse ] --START--
INFO: [ template_filter ] --START--
INFO: Run Behavior\ContentReplaceBehavior [ RunTime:0.000041s ]
INFO: [ template_filter ] --END-- [ RunTime:0.000111s ]
INFO: Run Behavior\ParseTemplateBehavior [ RunTime:0.007825s ]
INFO: [ view_parse ] --END-- [ RunTime:0.007906s ]
INFO: [ view_filter ] --START--
INFO: Run Behavior\WriteHtmlCacheBehavior [ RunTime:0.000327s ]
INFO: Run Behavior\TokenBuildBehavior [ RunTime:0.000414s ]
INFO: [ view_filter ] --END-- [ RunTime:0.000838s ]

[ 2017-11-30T18:30:31+08:00 ] 27.38.29.4 /Admin/Login/index.html
INFO: [ app_init ] --START--
INFO: Run Behavior\BuildLiteBehavior [ RunTime:0.000029s ]
INFO: [ app_init ] --END-- [ RunTime:0.000528s ]
INFO: [ app_begin ] --START--
INFO: Run Behavior\ReadHtmlCacheBehavior [ RunTime:0.000635s ]
INFO: Run Behavior\GetcodingBehavior [ RunTime:0.000348s ]
INFO: [ app_begin ] --END-- [ RunTime:0.001100s ]
NOTIC: [8] Use of undefined constant regex - assumed 'regex' /home/flyindat/domains/flyindata.com.cn/public_html/ThinkPHP/Common/functions.php 第 588 行.
SQL: SHOW COLUMNS FROM `flyin_admin` [ RunTime:0.0043s ]
INFO: [ view_parse ] --START--
INFO: [ template_filter ] --START--
INFO: Run Behavior\ContentReplaceBehavior [ RunTime:0.000061s ]
INFO: [ template_filter ] --END-- [ RunTime:0.000166s ]
INFO: Run Behavior\ParseTemplateBehavior [ RunTime:0.009034s ]
INFO: [ view_parse ] --END-- [ RunTime:0.009139s ]
INFO: [ view_filter ] --START--
INFO: Run Behavior\WriteHtmlCacheBehavior [ RunTime:0.000327s ]
INFO: Run Behavior\TokenBuildBehavior [ RunTime:0.000415s ]
INFO: [ view_filter ] --END-- [ RunTime:0.000844s ]
INFO: [ app_end ] --START--
INFO: Run Behavior\ShowPageTraceBehavior [ RunTime:0.000580s ]
INFO: [ app_end ] --END-- [ RunTime:0.000647s ]
NOTIC: [8] Constant URL_COMPAT already defined /home/flyindat/domains/flyindata.com.cn/public_html/index.php 第 33 行.

[ 2017-11-30T18:30:31+08:00 ] 27.38.29.4 /Admin/Login/Verify.html
INFO: [ app_init ] --START--
INFO: Run Behavior\BuildLiteBehavior [ RunTime:0.000021s ]
INFO: [ app_init ] --END-- [ RunTime:0.000488s ]
INFO: [ app_begin ] --START--
INFO: Run Behavior\ReadHtmlCacheBehavior [ RunTime:0.000616s ]
INFO: Run Behavior\GetcodingBehavior [ RunTime:0.000322s ]
INFO: [ app_begin ] --END-- [ RunTime:0.001052s ]
INFO: [ app_end ] --START--
INFO: Run Behavior\ShowPageTraceBehavior [ RunTime:0.000621s ]
INFO: [ app_end ] --END-- [ RunTime:0.000698s ]
NOTIC: [8] Constant URL_COMPAT already defined /home/flyindat/domains/flyindata.com.cn/public_html/index.php 第 33 行.

[ 2017-11-30T18:30:39+08:00 ] 27.38.29.4 /Admin/Login/index.html
INFO: [ app_init ] --START--
INFO: Run Behavior\BuildLiteBehavior [ RunTime:0.000023s ]
INFO: [ app_init ] --END-- [ RunTime:0.000481s ]
INFO: [ app_begin ] --START--
INFO: Run Behavior\ReadHtmlCacheBehavior [ RunTime:0.000617s ]
INFO: Run Behavior\GetcodingBehavior [ RunTime:0.000419s ]
INFO: [ app_begin ] --END-- [ RunTime:0.001154s ]
NOTIC: [8] Use of undefined constant regex - assumed 'regex' /home/flyindat/domains/flyindata.com.cn/public_html/ThinkPHP/Common/functions.php 第 588 行.
SQL: SHOW COLUMNS FROM `flyin_admin` [ RunTime:0.0024s ]
SQL: SELECT * FROM `flyin_admin` WHERE ( username='admin' ) LIMIT 1   [ RunTime:0.0025s ]
SQL: SHOW COLUMNS FROM `flyin_adminlog` [ RunTime:0.0030s ]
SQL: SHOW COLUMNS FROM `flyin_adminlog` [ RunTime:0.0015s ]
SQL: INSERT INTO `flyin_adminlog` (`admin_id`,`op_log`,`op_time`) VALUES ('1','登录系统','1512037839') [ RunTime:0.0112s ]
INFO: [ view_parse ] --START--
INFO: [ template_filter ] --START--
INFO: Run Behavior\ContentReplaceBehavior [ RunTime:0.000047s ]
INFO: [ template_filter ] --END-- [ RunTime:0.000121s ]
INFO: Run Behavior\ParseTemplateBehavior [ RunTime:0.008609s ]
INFO: [ view_parse ] --END-- [ RunTime:0.008701s ]
INFO: [ view_filter ] --START--
INFO: Run Behavior\WriteHtmlCacheBehavior [ RunTime:0.000378s ]
INFO: Run Behavior\TokenBuildBehavior [ RunTime:0.000429s ]
INFO: [ view_filter ] --END-- [ RunTime:0.000904s ]
INFO: [ app_end ] --START--
INFO: Run Behavior\ShowPageTraceBehavior [ RunTime:0.000729s ]
INFO: [ app_end ] --END-- [ RunTime:0.000811s ]
NOTIC: [8] Constant URL_COMPAT already defined /home/flyindat/domains/flyindata.com.cn/public_html/index.php 第 33 行.

[ 2017-11-30T18:30:41+08:00 ] 27.38.29.4 /Admin/Index/index.html
INFO: [ app_init ] --START--
INFO: Run Behavior\BuildLiteBehavior [ RunTime:0.000030s ]
INFO: [ app_init ] --END-- [ RunTime:0.000712s ]
INFO: [ app_begin ] --START--
INFO: Run Behavior\ReadHtmlCacheBehavior [ RunTime:0.000611s ]
INFO: Run Behavior\GetcodingBehavior [ RunTime:0.000324s ]
INFO: [ app_begin ] --END-- [ RunTime:0.001059s ]
SQL: SHOW COLUMNS FROM `flyin_goods` [ RunTime:0.0028s ]
SQL: SELECT COUNT(*) AS tp_count FROM `flyin_goods` LIMIT 1   [ RunTime:0.0255s ]
NOTIC: [8] Use of undefined constant yes - assumed 'yes' /home/flyindat/domains/flyindata.com.cn/public_html/Application/Admin/Controller/CommonController.class.php 第 24 行.
SQL: SELECT COUNT(*) AS tp_count FROM `flyin_goods` WHERE `hot` = 'yes' LIMIT 1   [ RunTime:0.0004s ]
SQL: select version() as ver [ RunTime:0.0002s ]
SQL: SHOW COLUMNS FROM `flyin_goods` [ RunTime:0.0023s ]
SQL: SELECT SUM(hits) AS tp_sum FROM `flyin_goods` ORDER BY hits LIMIT 1   [ RunTime:0.0003s ]
SQL: SELECT SUM(pdfhits) AS tp_sum FROM `flyin_goods` ORDER BY pdfhits LIMIT 1   [ RunTime:0.0003s ]
SQL: SELECT MAX(hits) AS tp_max FROM `flyin_goods` LIMIT 1   [ RunTime:0.0003s ]
SQL: SELECT MIN(hits) AS tp_min FROM `flyin_goods` LIMIT 1   [ RunTime:0.0002s ]
SQL: SELECT * FROM `flyin_goods` ORDER BY hits LIMIT 3   [ RunTime:0.0032s ]
SQL: SELECT * FROM `flyin_goods` ORDER BY hits desc LIMIT 3   [ RunTime:0.0083s ]
SQL: SHOW COLUMNS FROM `flyin_ipcount` [ RunTime:0.0033s ]
SQL: SELECT `nowdatec` FROM `flyin_ipcount` WHERE ( nowdate="2017-11-29" )  [ RunTime:0.0008s ]
SQL: SELECT `ip` FROM `flyin_ipcount` WHERE ( nowdate="2017-11-30" )  [ RunTime:0.0003s ]
NOTIC: [8] Undefined offset: 0 /home/flyindat/domains/flyindata.com.cn/public_html/ThinkPHP/Library/Think/Db/Driver.class.php 第 794 行.
SQL: INSERT INTO `flyin_ipcount` (`nowdatec`,`nowdate`,`ip`) VALUES ('1','2017-11-30','27.38.29.4') [ RunTime:0.0074s ]
SQL: SELECT `ip` FROM `flyin_ipcount` WHERE ( ip like "%27.38.29.4%" and nowdate="2017-11-30" )  [ RunTime:0.0005s ]
NOTIC: [8] Undefined offset: 0 /home/flyindat/domains/flyindata.com.cn/public_html/Application/Admin/Controller/IndexController.class.php 第 65 行.
SQL: SELECT `nowdatec` FROM `flyin_ipcount` WHERE ( nowdate="2017-11-30" )  [ RunTime:0.0003s ]
SQL: SELECT SUM(hits) AS tp_sum FROM `flyin_goods` ORDER BY hits LIMIT 1   [ RunTime:0.0002s ]
SQL: SELECT SUM(pdfhits) AS tp_sum FROM `flyin_goods` ORDER BY pdfhits LIMIT 1   [ RunTime:0.0002s ]
SQL: SELECT MAX(hits) AS tp_max FROM `flyin_goods` LIMIT 1   [ RunTime:0.0002s ]
SQL: SELECT MIN(hits) AS tp_min FROM `flyin_goods` LIMIT 1   [ RunTime:0.0002s ]
SQL: SELECT * FROM `flyin_goods` ORDER BY hits LIMIT 3   [ RunTime:0.0002s ]
SQL: SELECT * FROM `flyin_goods` ORDER BY hits desc LIMIT 3   [ RunTime:0.0007s ]
NOTIC: [8] Use of undefined constant news - assumed 'news' /home/flyindat/domains/flyindata.com.cn/public_html/Application/Admin/Controller/IndexController.class.php 第 100 行.
SQL: SHOW COLUMNS FROM `flyin_news` [ RunTime:0.0021s ]
SQL: select count(a.newcategory_id) as num,c.name,c.id from flyin_news a,flyin_newcategory c where a.newcategory_id=c.id group by c.name order by c.id desc [ RunTime:0.0024s ]
NOTIC: [8] Use of undefined constant services - assumed 'services' /home/flyindat/domains/flyindata.com.cn/public_html/Application/Admin/Controller/IndexController.class.php 第 105 行.
SQL: SHOW COLUMNS FROM `flyin_services` [ RunTime:0.0022s ]
SQL: select count(a.servicecategory_id) as num,c.name,c.id from flyin_services a,flyin_servicecategory c where a.servicecategory_id=c.id group by c.name order by c.id desc [ RunTime:0.0011s ]
NOTIC: [8] Use of undefined constant goods - assumed 'goods' /home/flyindat/domains/flyindata.com.cn/public_html/Application/Admin/Controller/IndexController.class.php 第 110 行.
SQL: select count(a.cat_id) as num,c.cat_name,c.cat_id from flyin_goods a,flyin_category c where a.cat_id=c.cat_id group by c.cat_name order by c.cat_id desc [ RunTime:0.0010s ]
NOTIC: [8] Use of undefined constant banners - assumed 'banners' /home/flyindat/domains/flyindata.com.cn/public_html/Application/Admin/Controller/IndexController.class.php 第 114 行.
SQL: SHOW COLUMNS FROM `flyin_banners` [ RunTime:0.0020s ]
SQL: select count(a.bannercategory_id) as num,c.name,c.id from flyin_banners a,flyin_bannercategory c where a.bannercategory_id=c.id group by c.name order by c.id desc [ RunTime:0.0014s ]
INFO: [ view_parse ] --START--
INFO: [ template_filter ] --START--
INFO: Run Behavior\ContentReplaceBehavior [ RunTime:0.000109s ]
INFO: [ template_filter ] --END-- [ RunTime:0.000206s ]
NOTIC: [8] Undefined variable: admin_name /home/flyindat/domains/flyindata.com.cn/public_html/Application/Runtime/Cache/Admin/b595b808c2ebeeeb0478ffc30bb4e87a.php 第 32 行.
NOTIC: [8] Use of undefined constant goods_name - assumed 'goods_name' /home/flyindat/domains/flyindata.com.cn/public_html/Application/Runtime/Cache/Admin/b595b808c2ebeeeb0478ffc30bb4e87a.php 第 258 行.
NOTIC: [8] Use of undefined constant hits - assumed 'hits' /home/flyindat/domains/flyindata.com.cn/public_html/Application/Runtime/Cache/Admin/b595b808c2ebeeeb0478ffc30bb4e87a.php 第 259 行.
NOTIC: [8] Use of undefined constant goods_name - assumed 'goods_name' /home/flyindat/domains/flyindata.com.cn/public_html/Application/Runtime/Cache/Admin/b595b808c2ebeeeb0478ffc30bb4e87a.php 第 263 行.
NOTIC: [8] Use of undefined constant hits - assumed 'hits' /home/flyindat/domains/flyindata.com.cn/public_html/Application/Runtime/Cache/Admin/b595b808c2ebeeeb0478ffc30bb4e87a.php 第 264 行.
NOTIC: [8] Use of undefined constant goods_name - assumed 'goods_name' /home/flyindat/domains/flyindata.com.cn/public_html/Application/Runtime/Cache/Admin/b595b808c2ebeeeb0478ffc30bb4e87a.php 第 268 行.
NOTIC: [8] Use of undefined constant hits - assumed 'hits' /home/flyindat/domains/flyindata.com.cn/public_html/Application/Runtime/Cache/Admin/b595b808c2ebeeeb0478ffc30bb4e87a.php 第 269 行.
NOTIC: [8] Use of undefined constant goods_name - assumed 'goods_name' /home/flyindat/domains/flyindata.com.cn/public_html/Application/Runtime/Cache/Admin/b595b808c2ebeeeb0478ffc30bb4e87a.php 第 273 行.
INFO: Run Behavior\ParseTemplateBehavior [ RunTime:0.031305s ]
INFO: [ view_parse ] --END-- [ RunTime:0.031386s ]
INFO: [ view_filter ] --START--
INFO: Run Behavior\WriteHtmlCacheBehavior [ RunTime:0.000346s ]
INFO: Run Behavior\TokenBuildBehavior [ RunTime:0.000406s ]
INFO: [ view_filter ] --END-- [ RunTime:0.000866s ]
INFO: [ app_end ] --START--
INFO: Run Behavior\ShowPageTraceBehavior [ RunTime:0.000562s ]
INFO: [ app_end ] --END-- [ RunTime:0.000626s ]
NOTIC: [8] Constant URL_COMPAT already defined /home/flyindat/domains/flyindata.com.cn/public_html/index.php 第 33 行.

[ 2017-11-30T18:30:45+08:00 ] 59.40.74.57 /Admin/Ipdb/index.html
INFO: [ app_init ] --START--
INFO: Run Behavior\BuildLiteBehavior [ RunTime:0.000022s ]
INFO: [ app_init ] --END-- [ RunTime:0.000477s ]
INFO: [ app_begin ] --START--
INFO: Run Behavior\ReadHtmlCacheBehavior [ RunTime:0.000596s ]
INFO: Run Behavior\GetcodingBehavior [ RunTime:0.000318s ]
INFO: [ app_begin ] --END-- [ RunTime:0.001028s ]
SQL: SHOW COLUMNS FROM `flyin_goods` [ RunTime:0.0022s ]
SQL: SELECT COUNT(*) AS tp_count FROM `flyin_goods` LIMIT 1   [ RunTime:0.0001s ]
NOTIC: [8] Use of undefined constant yes - assumed 'yes' /home/flyindat/domains/flyindata.com.cn/public_html/Application/Admin/Controller/CommonController.class.php 第 24 行.
SQL: SELECT COUNT(*) AS tp_count FROM `flyin_goods` WHERE `hot` = 'yes' LIMIT 1   [ RunTime:0.0001s ]
SQL: SHOW COLUMNS FROM `flyin_ipdb` [ RunTime:0.0011s ]
NOTIC: [8] Undefined index: p /home/flyindat/domains/flyindata.com.cn/public_html/Application/Admin/Controller/IpdbController.class.php 第 7 行.
NOTIC: [8] Undefined index: limit /home/flyindat/domains/flyindata.com.cn/public_html/ThinkPHP/Library/Think/Db/Driver.class.php 第 952 行.
SQL: SELECT * FROM `flyin_ipdb` ORDER BY time desc LIMIT 0,20   [ RunTime:0.0024s ]
SQL: SELECT COUNT(*) AS tp_count FROM `flyin_ipdb` LIMIT 1   [ RunTime:0.0002s ]
INFO: [ view_parse ] --START--
INFO: [ template_filter ] --START--
INFO: Run Behavior\ContentReplaceBehavior [ RunTime:0.000103s ]
INFO: [ template_filter ] --END-- [ RunTime:0.000177s ]
NOTIC: [8] Undefined variable: admin_name /home/flyindat/domains/flyindata.com.cn/public_html/Application/Runtime/Cache/Admin/70f968c65de1df1fd51fda44c05f7a97.php 第 32 行.
INFO: Run Behavior\ParseTemplateBehavior [ RunTime:0.022470s ]
INFO: [ view_parse ] --END-- [ RunTime:0.022551s ]
INFO: [ view_filter ] --START--
INFO: Run Behavior\WriteHtmlCacheBehavior [ RunTime:0.000328s ]
INFO: Run Behavior\TokenBuildBehavior [ RunTime:0.000416s ]
INFO: [ view_filter ] --END-- [ RunTime:0.000839s ]
INFO: [ app_end ] --START--
INFO: Run Behavior\ShowPageTraceBehavior [ RunTime:0.000587s ]
INFO: [ app_end ] --END-- [ RunTime:0.000677s ]
NOTIC: [8] Constant URL_COMPAT already defined /home/flyindat/domains/flyindata.com.cn/public_html/index.php 第 33 行.

[ 2017-11-30T18:35:45+08:00 ] 59.40.74.57 /Admin/Admin/lst.html
INFO: [ app_init ] --START--
INFO: Run Behavior\BuildLiteBehavior [ RunTime:0.000021s ]
INFO: [ app_init ] --END-- [ RunTime:0.000476s ]
INFO: [ app_begin ] --START--
INFO: Run Behavior\ReadHtmlCacheBehavior [ RunTime:0.000573s ]
INFO: Run Behavior\GetcodingBehavior [ RunTime:0.000317s ]
INFO: [ app_begin ] --END-- [ RunTime:0.001003s ]
SQL: SHOW COLUMNS FROM `flyin_goods` [ RunTime:0.0020s ]
SQL: SELECT COUNT(*) AS tp_count FROM `flyin_goods` LIMIT 1   [ RunTime:0.0001s ]
NOTIC: [8] Use of undefined constant yes - assumed 'yes' /home/flyindat/domains/flyindata.com.cn/public_html/Application/Admin/Controller/CommonController.class.php 第 24 行.
SQL: SELECT COUNT(*) AS tp_count FROM `flyin_goods` WHERE `hot` = 'yes' LIMIT 1   [ RunTime:0.0001s ]
NOTIC: [8] Use of undefined constant regex - assumed 'regex' /home/flyindat/domains/flyindata.com.cn/public_html/ThinkPHP/Common/functions.php 第 588 行.
SQL: SHOW COLUMNS FROM `flyin_admin` [ RunTime:0.0010s ]
SQL: SELECT COUNT(*) AS tp_count FROM `flyin_admin` LIMIT 1   [ RunTime:0.0002s ]
SQL: SELECT * FROM `flyin_admin` ORDER BY id desc LIMIT 0,3   [ RunTime:0.0002s ]
INFO: [ view_parse ] --START--
INFO: [ template_filter ] --START--
INFO: Run Behavior\ContentReplaceBehavior [ RunTime:0.000096s ]
INFO: [ template_filter ] --END-- [ RunTime:0.000178s ]
NOTIC: [8] Undefined variable: admin_name /home/flyindat/domains/flyindata.com.cn/public_html/Application/Runtime/Cache/Admin/2e0a6b0b98cf96bc15633704312e45ee.php 第 32 行.
INFO: Run Behavior\ParseTemplateBehavior [ RunTime:0.027001s ]
INFO: [ view_parse ] --END-- [ RunTime:0.027100s ]
INFO: [ view_filter ] --START--
INFO: Run Behavior\WriteHtmlCacheBehavior [ RunTime:0.000344s ]
INFO: Run Behavior\TokenBuildBehavior [ RunTime:0.000419s ]
INFO: [ view_filter ] --END-- [ RunTime:0.000858s ]
INFO: [ app_end ] --START--
INFO: Run Behavior\ShowPageTraceBehavior [ RunTime:0.000572s ]
INFO: [ app_end ] --END-- [ RunTime:0.000636s ]
NOTIC: [8] Constant URL_COMPAT already defined /home/flyindat/domains/flyindata.com.cn/public_html/index.php 第 33 行.

[ 2017-11-30T18:35:47+08:00 ] 59.40.74.57 /Admin/WebSet/index.html
INFO: [ app_init ] --START--
INFO: Run Behavior\BuildLiteBehavior [ RunTime:0.000020s ]
INFO: [ app_init ] --END-- [ RunTime:0.000479s ]
INFO: [ app_begin ] --START--
INFO: Run Behavior\ReadHtmlCacheBehavior [ RunTime:0.000582s ]
INFO: Run Behavior\GetcodingBehavior [ RunTime:0.000334s ]
INFO: [ app_begin ] --END-- [ RunTime:0.001032s ]
SQL: SHOW COLUMNS FROM `flyin_website` [ RunTime:0.0020s ]
SQL: SELECT * FROM `flyin_website` ORDER BY id  [ RunTime:0.0010s ]
INFO: [ view_parse ] --START--
INFO: [ template_filter ] --START--
INFO: Run Behavior\ContentReplaceBehavior [ RunTime:0.000090s ]
INFO: [ template_filter ] --END-- [ RunTime:0.000163s ]
NOTIC: [8] Undefined variable: admin_name /home/flyindat/domains/flyindata.com.cn/public_html/Application/Runtime/Cache/Admin/7614ccfe3330790cbc9f2ec2eba07e49.php 第 32 行.
INFO: Run Behavior\ParseTemplateBehavior [ RunTime:0.024479s ]
INFO: [ view_parse ] --END-- [ RunTime:0.024549s ]
INFO: [ view_filter ] --START--
INFO: Run Behavior\WriteHtmlCacheBehavior [ RunTime:0.000311s ]
INFO: Run Behavior\TokenBuildBehavior [ RunTime:0.000405s ]
INFO: [ view_filter ] --END-- [ RunTime:0.000811s ]
INFO: [ app_end ] --START--
INFO: Run Behavior\ShowPageTraceBehavior [ RunTime:0.000574s ]
INFO: [ app_end ] --END-- [ RunTime:0.000639s ]
NOTIC: [8] Constant URL_COMPAT already defined /home/flyindat/domains/flyindata.com.cn/public_html/index.php 第 33 行.

[ 2017-11-30T18:35:50+08:00 ] 59.40.74.57 /Admin/WebSet/index.html
INFO: [ app_init ] --START--
INFO: Run Behavior\BuildLiteBehavior [ RunTime:0.000021s ]
INFO: [ app_init ] --END-- [ RunTime:0.000475s ]
INFO: [ app_begin ] --START--
INFO: Run Behavior\ReadHtmlCacheBehavior [ RunTime:0.000594s ]
INFO: Run Behavior\GetcodingBehavior [ RunTime:0.000322s ]
INFO: [ app_begin ] --END-- [ RunTime:0.001032s ]
SQL: SHOW COLUMNS FROM `flyin_website` [ RunTime:0.0020s ]
SQL: SELECT * FROM `flyin_website` ORDER BY id  [ RunTime:0.0002s ]
INFO: [ view_parse ] --START--
INFO: [ template_filter ] --START--
INFO: Run Behavior\ContentReplaceBehavior [ RunTime:0.000104s ]
INFO: [ template_filter ] --END-- [ RunTime:0.000210s ]
NOTIC: [8] Undefined variable: admin_name /home/flyindat/domains/flyindata.com.cn/public_html/Application/Runtime/Cache/Admin/7614ccfe3330790cbc9f2ec2eba07e49.php 第 32 行.
INFO: Run Behavior\ParseTemplateBehavior [ RunTime:0.023967s ]
INFO: [ view_parse ] --END-- [ RunTime:0.024042s ]
INFO: [ view_filter ] --START--
INFO: Run Behavior\WriteHtmlCacheBehavior [ RunTime:0.000351s ]
INFO: Run Behavior\TokenBuildBehavior [ RunTime:0.000431s ]
INFO: [ view_filter ] --END-- [ RunTime:0.000878s ]
INFO: [ app_end ] --START--
INFO: Run Behavior\ShowPageTraceBehavior [ RunTime:0.000575s ]
INFO: [ app_end ] --END-- [ RunTime:0.000642s ]
NOTIC: [8] Constant URL_COMPAT already defined /home/flyindat/domains/flyindata.com.cn/public_html/index.php 第 33 行.

[ 2017-11-30T18:35:51+08:00 ] 59.40.74.57 /Admin/Message/index.html
INFO: [ app_init ] --START--
INFO: Run Behavior\BuildLiteBehavior [ RunTime:0.000022s ]
INFO: [ app_init ] --END-- [ RunTime:0.000484s ]
INFO: [ app_begin ] --START--
INFO: Run Behavior\ReadHtmlCacheBehavior [ RunTime:0.000660s ]
INFO: Run Behavior\GetcodingBehavior [ RunTime:0.000367s ]
INFO: [ app_begin ] --END-- [ RunTime:0.001166s ]
SQL: SHOW COLUMNS FROM `flyin_goods` [ RunTime:0.0023s ]
SQL: SELECT COUNT(*) AS tp_count FROM `flyin_goods` LIMIT 1   [ RunTime:0.0002s ]
NOTIC: [8] Use of undefined constant yes - assumed 'yes' /home/flyindat/domains/flyindata.com.cn/public_html/Application/Admin/Controller/CommonController.class.php 第 24 行.
SQL: SELECT COUNT(*) AS tp_count FROM `flyin_goods` WHERE `hot` = 'yes' LIMIT 1   [ RunTime:0.0002s ]
SQL: SHOW COLUMNS FROM `flyin_message` [ RunTime:0.0062s ]
NOTIC: [8] Undefined index: p /home/flyindat/domains/flyindata.com.cn/public_html/Application/Admin/Controller/MessageController.class.php 第 7 行.
NOTIC: [8] Undefined index: limit /home/flyindat/domains/flyindata.com.cn/public_html/ThinkPHP/Library/Think/Db/Driver.class.php 第 952 行.
SQL: SELECT * FROM `flyin_message` ORDER BY time desc LIMIT 0,20   [ RunTime:0.0008s ]
SQL: SELECT COUNT(*) AS tp_count FROM `flyin_message` LIMIT 1   [ RunTime:0.0002s ]
INFO: [ view_parse ] --START--
INFO: [ template_filter ] --START--
INFO: Run Behavior\ContentReplaceBehavior [ RunTime:0.000095s ]
INFO: [ template_filter ] --END-- [ RunTime:0.000173s ]
NOTIC: [8] Undefined variable: admin_name /home/flyindat/domains/flyindata.com.cn/public_html/Application/Runtime/Cache/Admin/e1ad611a04673ac9fc78d17e28cd370b.php 第 32 行.
INFO: Run Behavior\ParseTemplateBehavior [ RunTime:0.027680s ]
INFO: [ view_parse ] --END-- [ RunTime:0.027811s ]
INFO: [ view_filter ] --START--
INFO: Run Behavior\WriteHtmlCacheBehavior [ RunTime:0.000461s ]
INFO: Run Behavior\TokenBuildBehavior [ RunTime:0.000485s ]
INFO: [ view_filter ] --END-- [ RunTime:0.001054s ]
INFO: [ app_end ] --START--
INFO: Run Behavior\ShowPageTraceBehavior [ RunTime:0.000632s ]
INFO: [ app_end ] --END-- [ RunTime:0.000702s ]
NOTIC: [8] Constant URL_COMPAT already defined /home/flyindat/domains/flyindata.com.cn/public_html/index.php 第 33 行.

[ 2017-11-30T18:36:02+08:00 ] 27.38.29.4 /Admin/Message/index.html
INFO: [ app_init ] --START--
INFO: Run Behavior\BuildLiteBehavior [ RunTime:0.000020s ]
INFO: [ app_init ] --END-- [ RunTime:0.000465s ]
INFO: [ app_begin ] --START--
INFO: Run Behavior\ReadHtmlCacheBehavior [ RunTime:0.000579s ]
INFO: Run Behavior\GetcodingBehavior [ RunTime:0.000390s ]
INFO: [ app_begin ] --END-- [ RunTime:0.001087s ]
SQL: SHOW COLUMNS FROM `flyin_goods` [ RunTime:0.0025s ]
SQL: SELECT COUNT(*) AS tp_count FROM `flyin_goods` LIMIT 1   [ RunTime:0.0001s ]
NOTIC: [8] Use of undefined constant yes - assumed 'yes' /home/flyindat/domains/flyindata.com.cn/public_html/Application/Admin/Controller/CommonController.class.php 第 24 行.
SQL: SELECT COUNT(*) AS tp_count FROM `flyin_goods` WHERE `hot` = 'yes' LIMIT 1   [ RunTime:0.0001s ]
SQL: SHOW COLUMNS FROM `flyin_message` [ RunTime:0.0013s ]
NOTIC: [8] Undefined index: p /home/flyindat/domains/flyindata.com.cn/public_html/Application/Admin/Controller/MessageController.class.php 第 7 行.
NOTIC: [8] Undefined index: limit /home/flyindat/domains/flyindata.com.cn/public_html/ThinkPHP/Library/Think/Db/Driver.class.php 第 952 行.
SQL: SELECT * FROM `flyin_message` ORDER BY time desc LIMIT 0,20   [ RunTime:0.0001s ]
SQL: SELECT COUNT(*) AS tp_count FROM `flyin_message` LIMIT 1   [ RunTime:0.0001s ]
INFO: [ view_parse ] --START--
INFO: [ template_filter ] --START--
INFO: Run Behavior\ContentReplaceBehavior [ RunTime:0.000103s ]
INFO: [ template_filter ] --END-- [ RunTime:0.000197s ]
NOTIC: [8] Undefined variable: admin_name /home/flyindat/domains/flyindata.com.cn/public_html/Application/Runtime/Cache/Admin/e1ad611a04673ac9fc78d17e28cd370b.php 第 32 行.
INFO: Run Behavior\ParseTemplateBehavior [ RunTime:0.021174s ]
INFO: [ view_parse ] --END-- [ RunTime:0.021271s ]
INFO: [ view_filter ] --START--
INFO: Run Behavior\WriteHtmlCacheBehavior [ RunTime:0.000344s ]
INFO: Run Behavior\TokenBuildBehavior [ RunTime:0.000433s ]
INFO: [ view_filter ] --END-- [ RunTime:0.000874s ]
INFO: [ app_end ] --START--
INFO: Run Behavior\ShowPageTraceBehavior [ RunTime:0.000599s ]
INFO: [ app_end ] --END-- [ RunTime:0.000664s ]
NOTIC: [8] Constant URL_COMPAT already defined /home/flyindat/domains/flyindata.com.cn/public_html/index.php 第 33 行.

[ 2017-11-30T18:36:03+08:00 ] 27.38.29.4 /Admin/FriendLink/index.html
INFO: [ app_init ] --START--
INFO: Run Behavior\BuildLiteBehavior [ RunTime:0.000023s ]
INFO: [ app_init ] --END-- [ RunTime:0.000491s ]
INFO: [ app_begin ] --START--
INFO: Run Behavior\ReadHtmlCacheBehavior [ RunTime:0.000590s ]
INFO: Run Behavior\GetcodingBehavior [ RunTime:0.000320s ]
INFO: [ app_begin ] --END-- [ RunTime:0.001025s ]
SQL: SHOW COLUMNS FROM `flyin_friendlink` [ RunTime:0.0018s ]
SQL: SELECT COUNT(*) AS tp_count FROM `flyin_friendlink` LIMIT 1   [ RunTime:0.0004s ]
SQL: SELECT * FROM `flyin_friendlink` ORDER BY id LIMIT 0,10   [ RunTime:0.0003s ]
NOTIC: [8] Undefined index: passed /home/flyindat/domains/flyindata.com.cn/public_html/Application/Admin/Controller/FriendLinkController.class.php 第 29 行.
NOTIC: [8] Undefined index: passed /home/flyindat/domains/flyindata.com.cn/public_html/Application/Admin/Controller/FriendLinkController.class.php 第 29 行.
NOTIC: [8] Undefined index: passed /home/flyindat/domains/flyindata.com.cn/public_html/Application/Admin/Controller/FriendLinkController.class.php 第 29 行.
INFO: [ view_parse ] --START--
INFO: [ template_filter ] --START--
INFO: Run Behavior\ContentReplaceBehavior [ RunTime:0.000102s ]
INFO: [ template_filter ] --END-- [ RunTime:0.000184s ]
NOTIC: [8] Undefined variable: admin_name /home/flyindat/domains/flyindata.com.cn/public_html/Application/Runtime/Cache/Admin/93761e628a74c3a0d2b2abe84b4c2afc.php 第 32 行.
INFO: Run Behavior\ParseTemplateBehavior [ RunTime:0.022246s ]
INFO: [ view_parse ] --END-- [ RunTime:0.022315s ]
INFO: [ view_filter ] --START--
INFO: Run Behavior\WriteHtmlCacheBehavior [ RunTime:0.000410s ]
INFO: Run Behavior\TokenBuildBehavior [ RunTime:0.000421s ]
INFO: [ view_filter ] --END-- [ RunTime:0.000928s ]
INFO: [ app_end ] --START--
INFO: Run Behavior\ShowPageTraceBehavior [ RunTime:0.000581s ]
INFO: [ app_end ] --END-- [ RunTime:0.000643s ]
NOTIC: [8] Constant URL_COMPAT already defined /home/flyindat/domains/flyindata.com.cn/public_html/index.php 第 33 行.

