[ 2017-10-16T15:38:07+08:00 ] 185.172.110.38 //admin/phpmyadmin/scripts/setup.php
INFO: [ app_init ] --START--
INFO: Run Behavior\BuildLiteBehavior [ RunTime:0.000034s ]
INFO: [ app_init ] --END-- [ RunTime:0.000745s ]
INFO: [ app_begin ] --START--
INFO: Run Behavior\ReadHtmlCacheBehavior [ RunTime:0.000926s ]
INFO: Run Behavior\GetcodingBehavior [ RunTime:0.000545s ]
INFO: [ app_begin ] --END-- [ RunTime:0.001665s ]
ERR: 无法加载控制器:Phpmyadmin
NOTIC: [2] include(): Filename cannot be empty /home/flyindat/domains/flyindata.com.cn/public_html/ThinkPHP/Library/Think/Think.class.php 第 314 行.
NOTIC: [2] include(): Filename cannot be empty /home/flyindat/domains/flyindata.com.cn/public_html/ThinkPHP/Library/Think/Think.class.php 第 314 行.
NOTIC: [2] include(): Failed opening '' for inclusion (include_path='.:/usr/local/php53/lib/php') /home/flyindat/domains/flyindata.com.cn/public_html/ThinkPHP/Library/Think/Think.class.php 第 314 行.

[ 2017-10-16T15:38:10+08:00 ] 185.172.110.38 //admin/pma/scripts/setup.php
INFO: [ app_init ] --START--
INFO: Run Behavior\BuildLiteBehavior [ RunTime:0.000033s ]
INFO: [ app_init ] --END-- [ RunTime:0.000749s ]
INFO: [ app_begin ] --START--
INFO: Run Behavior\ReadHtmlCacheBehavior [ RunTime:0.000947s ]
INFO: Run Behavior\GetcodingBehavior [ RunTime:0.001762s ]
INFO: [ app_begin ] --END-- [ RunTime:0.002882s ]
ERR: 无法加载控制器:Pma
NOTIC: [2] include(): Filename cannot be empty /home/flyindat/domains/flyindata.com.cn/public_html/ThinkPHP/Library/Think/Think.class.php 第 314 行.
NOTIC: [2] include(): Filename cannot be empty /home/flyindat/domains/flyindata.com.cn/public_html/ThinkPHP/Library/Think/Think.class.php 第 314 行.
NOTIC: [2] include(): Failed opening '' for inclusion (include_path='.:/usr/local/php53/lib/php') /home/flyindat/domains/flyindata.com.cn/public_html/ThinkPHP/Library/Think/Think.class.php 第 314 行.

[ 2017-10-16T15:38:17+08:00 ] 185.172.110.38 //admin/scripts/setup.php
INFO: [ app_init ] --START--
INFO: Run Behavior\BuildLiteBehavior [ RunTime:0.000040s ]
INFO: [ app_init ] --END-- [ RunTime:0.000908s ]
INFO: [ app_begin ] --START--
INFO: Run Behavior\ReadHtmlCacheBehavior [ RunTime:0.000944s ]
INFO: Run Behavior\GetcodingBehavior [ RunTime:0.000522s ]
INFO: [ app_begin ] --END-- [ RunTime:0.001643s ]
ERR: 无法加载控制器:Scripts
NOTIC: [2] include(): Filename cannot be empty /home/flyindat/domains/flyindata.com.cn/public_html/ThinkPHP/Library/Think/Think.class.php 第 314 行.
NOTIC: [2] include(): Filename cannot be empty /home/flyindat/domains/flyindata.com.cn/public_html/ThinkPHP/Library/Think/Think.class.php 第 314 行.
NOTIC: [2] include(): Failed opening '' for inclusion (include_path='.:/usr/local/php53/lib/php') /home/flyindat/domains/flyindata.com.cn/public_html/ThinkPHP/Library/Think/Think.class.php 第 314 行.

[ 2017-10-16T18:24:21+08:00 ] 27.38.28.218 /admin/
INFO: [ app_init ] --START--
INFO: Run Behavior\BuildLiteBehavior [ RunTime:0.000021s ]
INFO: [ app_init ] --END-- [ RunTime:0.000480s ]
INFO: [ app_begin ] --START--
INFO: Run Behavior\ReadHtmlCacheBehavior [ RunTime:0.000583s ]
INFO: Run Behavior\GetcodingBehavior [ RunTime:0.000335s ]
INFO: [ app_begin ] --END-- [ RunTime:0.001035s ]
INFO: [ view_parse ] --START--
INFO: [ template_filter ] --START--
INFO: Run Behavior\ContentReplaceBehavior [ RunTime:0.000036s ]
INFO: [ template_filter ] --END-- [ RunTime:0.000107s ]
INFO: Run Behavior\ParseTemplateBehavior [ RunTime:0.008436s ]
INFO: [ view_parse ] --END-- [ RunTime:0.008516s ]
INFO: [ view_filter ] --START--
INFO: Run Behavior\WriteHtmlCacheBehavior [ RunTime:0.000308s ]
INFO: Run Behavior\TokenBuildBehavior [ RunTime:0.000406s ]
INFO: [ view_filter ] --END-- [ RunTime:0.000811s ]

[ 2017-10-16T18:24:25+08:00 ] 59.40.65.109 /Admin/Login/index.html
INFO: [ app_init ] --START--
INFO: Run Behavior\BuildLiteBehavior [ RunTime:0.000027s ]
INFO: [ app_init ] --END-- [ RunTime:0.000518s ]
INFO: [ app_begin ] --START--
INFO: Run Behavior\ReadHtmlCacheBehavior [ RunTime:0.000599s ]
INFO: Run Behavior\GetcodingBehavior [ RunTime:0.000335s ]
INFO: [ app_begin ] --END-- [ RunTime:0.001062s ]
NOTIC: [8] Use of undefined constant regex - assumed 'regex' /home/flyindat/domains/flyindata.com.cn/public_html/ThinkPHP/Common/functions.php 第 588 行.
SQL: SHOW COLUMNS FROM `flyin_admin` [ RunTime:0.0024s ]
INFO: [ view_parse ] --START--
INFO: [ template_filter ] --START--
INFO: Run Behavior\ContentReplaceBehavior [ RunTime:0.000051s ]
INFO: [ template_filter ] --END-- [ RunTime:0.000128s ]
INFO: Run Behavior\ParseTemplateBehavior [ RunTime:0.007508s ]
INFO: [ view_parse ] --END-- [ RunTime:0.007590s ]
INFO: [ view_filter ] --START--
INFO: Run Behavior\WriteHtmlCacheBehavior [ RunTime:0.000309s ]
INFO: Run Behavior\TokenBuildBehavior [ RunTime:0.000423s ]
INFO: [ view_filter ] --END-- [ RunTime:0.000829s ]
INFO: [ app_end ] --START--
INFO: Run Behavior\ShowPageTraceBehavior [ RunTime:0.000568s ]
INFO: [ app_end ] --END-- [ RunTime:0.000639s ]
NOTIC: [8] Constant URL_COMPAT already defined /home/flyindat/domains/flyindata.com.cn/public_html/index.php 第 33 行.

[ 2017-10-16T18:24:25+08:00 ] 59.40.65.109 /Admin/Login/Verify.html
INFO: [ app_init ] --START--
INFO: Run Behavior\BuildLiteBehavior [ RunTime:0.000028s ]
INFO: [ app_init ] --END-- [ RunTime:0.000602s ]
INFO: [ app_begin ] --START--
INFO: Run Behavior\ReadHtmlCacheBehavior [ RunTime:0.000593s ]
INFO: Run Behavior\GetcodingBehavior [ RunTime:0.000406s ]
INFO: [ app_begin ] --END-- [ RunTime:0.001123s ]
INFO: [ app_end ] --START--
INFO: Run Behavior\ShowPageTraceBehavior [ RunTime:0.000711s ]
INFO: [ app_end ] --END-- [ RunTime:0.000808s ]
NOTIC: [8] Constant URL_COMPAT already defined /home/flyindat/domains/flyindata.com.cn/public_html/index.php 第 33 行.

[ 2017-10-16T18:24:32+08:00 ] 59.40.65.109 /Admin/Login/Verify.html?0.05904448917135596
INFO: [ app_init ] --START--
INFO: Run Behavior\BuildLiteBehavior [ RunTime:0.000034s ]
INFO: [ app_init ] --END-- [ RunTime:0.000540s ]
INFO: [ app_begin ] --START--
INFO: Run Behavior\ReadHtmlCacheBehavior [ RunTime:0.000699s ]
INFO: Run Behavior\GetcodingBehavior [ RunTime:0.000339s ]
INFO: [ app_begin ] --END-- [ RunTime:0.001155s ]
INFO: [ app_end ] --START--
INFO: Run Behavior\ShowPageTraceBehavior [ RunTime:0.000936s ]
INFO: [ app_end ] --END-- [ RunTime:0.001044s ]
NOTIC: [8] Constant URL_COMPAT already defined /home/flyindat/domains/flyindata.com.cn/public_html/index.php 第 33 行.

[ 2017-10-16T18:24:37+08:00 ] 59.40.65.109 /Admin/Login/index.html
INFO: [ app_init ] --START--
INFO: Run Behavior\BuildLiteBehavior [ RunTime:0.000022s ]
INFO: [ app_init ] --END-- [ RunTime:0.000542s ]
INFO: [ app_begin ] --START--
INFO: Run Behavior\ReadHtmlCacheBehavior [ RunTime:0.000643s ]
INFO: Run Behavior\GetcodingBehavior [ RunTime:0.000355s ]
INFO: [ app_begin ] --END-- [ RunTime:0.001146s ]
NOTIC: [8] Use of undefined constant regex - assumed 'regex' /home/flyindat/domains/flyindata.com.cn/public_html/ThinkPHP/Common/functions.php 第 588 行.
SQL: SHOW COLUMNS FROM `flyin_admin` [ RunTime:0.0025s ]
SQL: SELECT * FROM `flyin_admin` WHERE ( username='admin' ) LIMIT 1   [ RunTime:0.0006s ]
SQL: SHOW COLUMNS FROM `flyin_adminlog` [ RunTime:0.0026s ]
SQL: SHOW COLUMNS FROM `flyin_adminlog` [ RunTime:0.0011s ]
SQL: INSERT INTO `flyin_adminlog` (`admin_id`,`op_log`,`op_time`) VALUES ('1','登录系统','1508149477') [ RunTime:0.0144s ]
INFO: [ view_parse ] --START--
INFO: [ template_filter ] --START--
INFO: Run Behavior\ContentReplaceBehavior [ RunTime:0.000048s ]
INFO: [ template_filter ] --END-- [ RunTime:0.000131s ]
INFO: Run Behavior\ParseTemplateBehavior [ RunTime:0.009655s ]
INFO: [ view_parse ] --END-- [ RunTime:0.009748s ]
INFO: [ view_filter ] --START--
INFO: Run Behavior\WriteHtmlCacheBehavior [ RunTime:0.000323s ]
INFO: Run Behavior\TokenBuildBehavior [ RunTime:0.000419s ]
INFO: [ view_filter ] --END-- [ RunTime:0.000836s ]
INFO: [ app_end ] --START--
INFO: Run Behavior\ShowPageTraceBehavior [ RunTime:0.000579s ]
INFO: [ app_end ] --END-- [ RunTime:0.000644s ]
NOTIC: [8] Constant URL_COMPAT already defined /home/flyindat/domains/flyindata.com.cn/public_html/index.php 第 33 行.

[ 2017-10-16T18:24:38+08:00 ] 59.40.65.109 /Admin/Index/index.html
INFO: [ app_init ] --START--
INFO: Run Behavior\BuildLiteBehavior [ RunTime:0.000021s ]
INFO: [ app_init ] --END-- [ RunTime:0.000478s ]
INFO: [ app_begin ] --START--
INFO: Run Behavior\ReadHtmlCacheBehavior [ RunTime:0.000586s ]
INFO: Run Behavior\GetcodingBehavior [ RunTime:0.000323s ]
INFO: [ app_begin ] --END-- [ RunTime:0.001026s ]
SQL: SHOW COLUMNS FROM `flyin_goods` [ RunTime:0.0030s ]
SQL: SELECT COUNT(*) AS tp_count FROM `flyin_goods` LIMIT 1   [ RunTime:0.0004s ]
NOTIC: [8] Use of undefined constant yes - assumed 'yes' /home/flyindat/domains/flyindata.com.cn/public_html/Application/Admin/Controller/CommonController.class.php 第 24 行.
SQL: SELECT COUNT(*) AS tp_count FROM `flyin_goods` WHERE `hot` = 'yes' LIMIT 1   [ RunTime:0.0003s ]
SQL: select version() as ver [ RunTime:0.0002s ]
SQL: SHOW COLUMNS FROM `flyin_goods` [ RunTime:0.0018s ]
SQL: SELECT SUM(hits) AS tp_sum FROM `flyin_goods` ORDER BY hits LIMIT 1   [ RunTime:0.0003s ]
SQL: SELECT SUM(pdfhits) AS tp_sum FROM `flyin_goods` ORDER BY pdfhits LIMIT 1   [ RunTime:0.0002s ]
SQL: SELECT MAX(hits) AS tp_max FROM `flyin_goods` LIMIT 1   [ RunTime:0.0002s ]
SQL: SELECT MIN(hits) AS tp_min FROM `flyin_goods` LIMIT 1   [ RunTime:0.0002s ]
SQL: SELECT * FROM `flyin_goods` ORDER BY hits LIMIT 3   [ RunTime:0.0007s ]
SQL: SELECT * FROM `flyin_goods` ORDER BY hits desc LIMIT 3   [ RunTime:0.0007s ]
SQL: SHOW COLUMNS FROM `flyin_ipcount` [ RunTime:0.0034s ]
SQL: SELECT `nowdatec` FROM `flyin_ipcount` WHERE ( nowdate="2017-10-15" )  [ RunTime:0.0006s ]
SQL: SELECT `ip` FROM `flyin_ipcount` WHERE ( nowdate="2017-10-16" )  [ RunTime:0.0003s ]
NOTIC: [8] Undefined offset: 0 /home/flyindat/domains/flyindata.com.cn/public_html/ThinkPHP/Library/Think/Db/Driver.class.php 第 794 行.
SQL: INSERT INTO `flyin_ipcount` (`nowdatec`,`nowdate`,`ip`) VALUES ('1','2017-10-16','59.40.65.109') [ RunTime:0.0087s ]
SQL: SELECT `ip` FROM `flyin_ipcount` WHERE ( ip like "%59.40.65.109%" and nowdate="2017-10-16" )  [ RunTime:0.0005s ]
NOTIC: [8] Undefined offset: 0 /home/flyindat/domains/flyindata.com.cn/public_html/Application/Admin/Controller/IndexController.class.php 第 65 行.
SQL: SELECT `nowdatec` FROM `flyin_ipcount` WHERE ( nowdate="2017-10-16" )  [ RunTime:0.0003s ]
SQL: SELECT SUM(hits) AS tp_sum FROM `flyin_goods` ORDER BY hits LIMIT 1   [ RunTime:0.0001s ]
SQL: SELECT SUM(pdfhits) AS tp_sum FROM `flyin_goods` ORDER BY pdfhits LIMIT 1   [ RunTime:0.0001s ]
SQL: SELECT MAX(hits) AS tp_max FROM `flyin_goods` LIMIT 1   [ RunTime:0.0001s ]
SQL: SELECT MIN(hits) AS tp_min FROM `flyin_goods` LIMIT 1   [ RunTime:0.0001s ]
SQL: SELECT * FROM `flyin_goods` ORDER BY hits LIMIT 3   [ RunTime:0.0004s ]
SQL: SELECT * FROM `flyin_goods` ORDER BY hits desc LIMIT 3   [ RunTime:0.0006s ]
NOTIC: [8] Use of undefined constant news - assumed 'news' /home/flyindat/domains/flyindata.com.cn/public_html/Application/Admin/Controller/IndexController.class.php 第 100 行.
SQL: SHOW COLUMNS FROM `flyin_news` [ RunTime:0.0022s ]
SQL: select count(a.newcategory_id) as num,c.name,c.id from flyin_news a,flyin_newcategory c where a.newcategory_id=c.id group by c.name order by c.id desc [ RunTime:0.0031s ]
NOTIC: [8] Use of undefined constant services - assumed 'services' /home/flyindat/domains/flyindata.com.cn/public_html/Application/Admin/Controller/IndexController.class.php 第 105 行.
SQL: SHOW COLUMNS FROM `flyin_services` [ RunTime:0.0023s ]
SQL: select count(a.servicecategory_id) as num,c.name,c.id from flyin_services a,flyin_servicecategory c where a.servicecategory_id=c.id group by c.name order by c.id desc [ RunTime:0.0009s ]
NOTIC: [8] Use of undefined constant goods - assumed 'goods' /home/flyindat/domains/flyindata.com.cn/public_html/Application/Admin/Controller/IndexController.class.php 第 110 行.
SQL: select count(a.cat_id) as num,c.cat_name,c.cat_id from flyin_goods a,flyin_category c where a.cat_id=c.cat_id group by c.cat_name order by c.cat_id desc [ RunTime:0.0006s ]
NOTIC: [8] Use of undefined constant banners - assumed 'banners' /home/flyindat/domains/flyindata.com.cn/public_html/Application/Admin/Controller/IndexController.class.php 第 114 行.
SQL: SHOW COLUMNS FROM `flyin_banners` [ RunTime:0.0022s ]
SQL: select count(a.bannercategory_id) as num,c.name,c.id from flyin_banners a,flyin_bannercategory c where a.bannercategory_id=c.id group by c.name order by c.id desc [ RunTime:0.0006s ]
INFO: [ view_parse ] --START--
INFO: [ template_filter ] --START--
INFO: Run Behavior\ContentReplaceBehavior [ RunTime:0.000116s ]
INFO: [ template_filter ] --END-- [ RunTime:0.000214s ]
NOTIC: [8] Undefined variable: admin_name /home/flyindat/domains/flyindata.com.cn/public_html/Application/Runtime/Cache/Admin/b595b808c2ebeeeb0478ffc30bb4e87a.php 第 32 行.
NOTIC: [8] Use of undefined constant goods_name - assumed 'goods_name' /home/flyindat/domains/flyindata.com.cn/public_html/Application/Runtime/Cache/Admin/b595b808c2ebeeeb0478ffc30bb4e87a.php 第 258 行.
NOTIC: [8] Use of undefined constant hits - assumed 'hits' /home/flyindat/domains/flyindata.com.cn/public_html/Application/Runtime/Cache/Admin/b595b808c2ebeeeb0478ffc30bb4e87a.php 第 259 行.
NOTIC: [8] Use of undefined constant goods_name - assumed 'goods_name' /home/flyindat/domains/flyindata.com.cn/public_html/Application/Runtime/Cache/Admin/b595b808c2ebeeeb0478ffc30bb4e87a.php 第 263 行.
NOTIC: [8] Use of undefined constant hits - assumed 'hits' /home/flyindat/domains/flyindata.com.cn/public_html/Application/Runtime/Cache/Admin/b595b808c2ebeeeb0478ffc30bb4e87a.php 第 264 行.
NOTIC: [8] Use of undefined constant goods_name - assumed 'goods_name' /home/flyindat/domains/flyindata.com.cn/public_html/Application/Runtime/Cache/Admin/b595b808c2ebeeeb0478ffc30bb4e87a.php 第 268 行.
NOTIC: [8] Use of undefined constant hits - assumed 'hits' /home/flyindat/domains/flyindata.com.cn/public_html/Application/Runtime/Cache/Admin/b595b808c2ebeeeb0478ffc30bb4e87a.php 第 269 行.
NOTIC: [8] Use of undefined constant goods_name - assumed 'goods_name' /home/flyindat/domains/flyindata.com.cn/public_html/Application/Runtime/Cache/Admin/b595b808c2ebeeeb0478ffc30bb4e87a.php 第 273 行.
INFO: Run Behavior\ParseTemplateBehavior [ RunTime:0.033751s ]
INFO: [ view_parse ] --END-- [ RunTime:0.033843s ]
INFO: [ view_filter ] --START--
INFO: Run Behavior\WriteHtmlCacheBehavior [ RunTime:0.000403s ]
INFO: Run Behavior\TokenBuildBehavior [ RunTime:0.000414s ]
INFO: [ view_filter ] --END-- [ RunTime:0.000918s ]
INFO: [ app_end ] --START--
INFO: Run Behavior\ShowPageTraceBehavior [ RunTime:0.000625s ]
INFO: [ app_end ] --END-- [ RunTime:0.000689s ]
NOTIC: [8] Constant URL_COMPAT already defined /home/flyindat/domains/flyindata.com.cn/public_html/index.php 第 33 行.

[ 2017-10-16T18:24:48+08:00 ] 27.38.28.218 /Admin/News/index.html
INFO: [ app_init ] --START--
INFO: Run Behavior\BuildLiteBehavior [ RunTime:0.000025s ]
INFO: [ app_init ] --END-- [ RunTime:0.000514s ]
INFO: [ app_begin ] --START--
INFO: Run Behavior\ReadHtmlCacheBehavior [ RunTime:0.000592s ]
INFO: Run Behavior\GetcodingBehavior [ RunTime:0.000327s ]
INFO: [ app_begin ] --END-- [ RunTime:0.001037s ]
SQL: SHOW COLUMNS FROM `flyin_goods` [ RunTime:0.0023s ]
SQL: SELECT COUNT(*) AS tp_count FROM `flyin_goods` LIMIT 1   [ RunTime:0.0002s ]
NOTIC: [8] Use of undefined constant yes - assumed 'yes' /home/flyindat/domains/flyindata.com.cn/public_html/Application/Admin/Controller/CommonController.class.php 第 24 行.
SQL: SELECT COUNT(*) AS tp_count FROM `flyin_goods` WHERE `hot` = 'yes' LIMIT 1   [ RunTime:0.0001s ]
SQL: SHOW COLUMNS FROM `flyin_news` [ RunTime:0.0019s ]
SQL: SHOW COLUMNS FROM `flyin_newcategory` [ RunTime:0.0026s ]
SQL: SELECT COUNT(*) AS tp_count FROM flyin_news n WHERE n.recycle = 'no' LIMIT 1   [ RunTime:0.0004s ]
SQL: SELECT c.name as newcategory_name,n.newcategory_id,n.custom_time,n.id,n.thumb,n.name,n.on_sale,n.recommend FROM flyin_news n LEFT JOIN flyin_newcategory AS c ON c.id=n.newcategory_id  WHERE n.recycle = 'no' ORDER BY n.id desc LIMIT 0,10   [ RunTime:0.0004s ]
DEBUG: Array
(
    [news] => Array
        (
            [data] => Array
                (
                    [0] => Array
                        (
                            [newcategory_name] => 公司新闻
                            [newcategory_id] => 15
                            [custom_time] => 2016-09-01
                            [id] => 4
                            [thumb] => 2017-09/19/59c0fd540f5bb.png
                            [name] => 飞宇集团张家界一周游
                            [on_sale] => yes
                            [recommend] => yes
                        )

                )

            [pagelist] => <div>     <span class="rows">共<b>1</b>条记录 第<b>1</b>页/共<b>1</b>页</span></div>
        )

)

SQL: SELECT `id`,`name`,`pid` FROM `flyin_newcategory`  [ RunTime:0.0001s ]
INFO: [ view_parse ] --START--
INFO: [ template_filter ] --START--
INFO: Run Behavior\ContentReplaceBehavior [ RunTime:0.000093s ]
INFO: [ template_filter ] --END-- [ RunTime:0.000171s ]
NOTIC: [8] Undefined variable: admin_name /home/flyindat/domains/flyindata.com.cn/public_html/Application/Runtime/Cache/Admin/36087655c6ab8580337cdc45b35a926d.php 第 32 行.
INFO: Run Behavior\ParseTemplateBehavior [ RunTime:0.025327s ]
INFO: [ view_parse ] --END-- [ RunTime:0.025398s ]
INFO: [ view_filter ] --START--
INFO: Run Behavior\WriteHtmlCacheBehavior [ RunTime:0.000321s ]
INFO: Run Behavior\TokenBuildBehavior [ RunTime:0.000403s ]
INFO: [ view_filter ] --END-- [ RunTime:0.000818s ]
INFO: [ app_end ] --START--
INFO: Run Behavior\ShowPageTraceBehavior [ RunTime:0.000543s ]
INFO: [ app_end ] --END-- [ RunTime:0.000606s ]
NOTIC: [8] Constant URL_COMPAT already defined /home/flyindat/domains/flyindata.com.cn/public_html/index.php 第 33 行.

[ 2017-10-16T18:24:51+08:00 ] 27.38.28.218 /Admin/Goods/view.html
INFO: [ app_init ] --START--
INFO: Run Behavior\BuildLiteBehavior [ RunTime:0.000022s ]
INFO: [ app_init ] --END-- [ RunTime:0.000487s ]
INFO: [ app_begin ] --START--
INFO: Run Behavior\ReadHtmlCacheBehavior [ RunTime:0.000687s ]
INFO: Run Behavior\GetcodingBehavior [ RunTime:0.000468s ]
INFO: [ app_begin ] --END-- [ RunTime:0.001304s ]
SQL: SHOW COLUMNS FROM `flyin_goods` [ RunTime:0.0223s ]
SQL: SELECT COUNT(*) AS tp_count FROM `flyin_goods` LIMIT 1   [ RunTime:0.0001s ]
NOTIC: [8] Use of undefined constant yes - assumed 'yes' /home/flyindat/domains/flyindata.com.cn/public_html/Application/Admin/Controller/CommonController.class.php 第 24 行.
SQL: SELECT COUNT(*) AS tp_count FROM `flyin_goods` WHERE `hot` = 'yes' LIMIT 1   [ RunTime:0.0001s ]
SQL: SHOW COLUMNS FROM `flyin_goods` [ RunTime:0.0201s ]
SQL: SHOW COLUMNS FROM `flyin_goods` [ RunTime:0.0030s ]
SQL: SELECT COUNT(*) AS tp_count FROM flyin_goods as g LIMIT 1   [ RunTime:0.0004s ]
SQL: SHOW COLUMNS FROM `flyin_goods` [ RunTime:0.0024s ]
SQL: SELECT g.*,c.cat_name FROM flyin_goods as g LEFT JOIN flyin_category as c ON g.cat_id = c.cat_id  ORDER BY g.hot asc LIMIT 0,10   [ RunTime:0.0018s ]
INFO: [ view_parse ] --START--
INFO: [ template_filter ] --START--
INFO: Run Behavior\ContentReplaceBehavior [ RunTime:0.000140s ]
INFO: [ template_filter ] --END-- [ RunTime:0.000261s ]
NOTIC: [8] Undefined variable: admin_name /home/flyindat/domains/flyindata.com.cn/public_html/Application/Runtime/Cache/Admin/84f1686bb48cfda6a91f8554266eb444.php 第 32 行.
INFO: Run Behavior\ParseTemplateBehavior [ RunTime:0.033713s ]
INFO: [ view_parse ] --END-- [ RunTime:0.033852s ]
INFO: [ view_filter ] --START--
INFO: Run Behavior\WriteHtmlCacheBehavior [ RunTime:0.000478s ]
INFO: Run Behavior\TokenBuildBehavior [ RunTime:0.000442s ]
INFO: [ view_filter ] --END-- [ RunTime:0.001030s ]
INFO: [ app_end ] --START--
INFO: Run Behavior\ShowPageTraceBehavior [ RunTime:0.000601s ]
INFO: [ app_end ] --END-- [ RunTime:0.000664s ]
NOTIC: [8] Constant URL_COMPAT already defined /home/flyindat/domains/flyindata.com.cn/public_html/index.php 第 33 行.

[ 2017-10-16T18:24:52+08:00 ] 27.38.28.218 /Admin/Goods/qrcode2/goods_id/9.html
INFO: [ app_init ] --START--
INFO: Run Behavior\BuildLiteBehavior [ RunTime:0.000028s ]
INFO: [ app_init ] --END-- [ RunTime:0.000527s ]
INFO: [ app_begin ] --START--
INFO: Run Behavior\ReadHtmlCacheBehavior [ RunTime:0.000623s ]
INFO: Run Behavior\GetcodingBehavior [ RunTime:0.000341s ]
INFO: [ app_begin ] --END-- [ RunTime:0.001085s ]
SQL: SHOW COLUMNS FROM `flyin_goods` [ RunTime:0.0028s ]
SQL: SELECT COUNT(*) AS tp_count FROM `flyin_goods` LIMIT 1   [ RunTime:0.0002s ]
NOTIC: [8] Use of undefined constant yes - assumed 'yes' /home/flyindat/domains/flyindata.com.cn/public_html/Application/Admin/Controller/CommonController.class.php 第 24 行.
SQL: SELECT COUNT(*) AS tp_count FROM `flyin_goods` WHERE `hot` = 'yes' LIMIT 1   [ RunTime:0.0001s ]
INFO: [ app_end ] --START--
INFO: Run Behavior\ShowPageTraceBehavior [ RunTime:0.000944s ]
INFO: [ app_end ] --END-- [ RunTime:0.001094s ]
NOTIC: [8] Constant URL_COMPAT already defined /home/flyindat/domains/flyindata.com.cn/public_html/index.php 第 33 行.

[ 2017-10-16T18:24:52+08:00 ] 59.40.65.109 /Admin/Goods/qrcode2/goods_id/13.html
INFO: [ app_init ] --START--
INFO: Run Behavior\BuildLiteBehavior [ RunTime:0.000032s ]
INFO: [ app_init ] --END-- [ RunTime:0.000766s ]
INFO: [ app_begin ] --START--
INFO: Run Behavior\ReadHtmlCacheBehavior [ RunTime:0.000635s ]
INFO: Run Behavior\GetcodingBehavior [ RunTime:0.000356s ]
INFO: [ app_begin ] --END-- [ RunTime:0.001118s ]
SQL: SHOW COLUMNS FROM `flyin_goods` [ RunTime:0.0022s ]
SQL: SELECT COUNT(*) AS tp_count FROM `flyin_goods` LIMIT 1   [ RunTime:0.0002s ]
NOTIC: [8] Use of undefined constant yes - assumed 'yes' /home/flyindat/domains/flyindata.com.cn/public_html/Application/Admin/Controller/CommonController.class.php 第 24 行.
SQL: SELECT COUNT(*) AS tp_count FROM `flyin_goods` WHERE `hot` = 'yes' LIMIT 1   [ RunTime:0.0001s ]
INFO: [ app_end ] --START--
INFO: Run Behavior\ShowPageTraceBehavior [ RunTime:0.000754s ]
INFO: [ app_end ] --END-- [ RunTime:0.000880s ]
NOTIC: [8] Constant URL_COMPAT already defined /home/flyindat/domains/flyindata.com.cn/public_html/index.php 第 33 行.

[ 2017-10-16T18:24:52+08:00 ] 59.40.65.109 /Admin/Goods/qrcode2/goods_id/15.html
INFO: [ app_init ] --START--
INFO: Run Behavior\BuildLiteBehavior [ RunTime:0.000026s ]
INFO: [ app_init ] --END-- [ RunTime:0.000587s ]
INFO: [ app_begin ] --START--
INFO: Run Behavior\ReadHtmlCacheBehavior [ RunTime:0.000624s ]
INFO: Run Behavior\GetcodingBehavior [ RunTime:0.000365s ]
INFO: [ app_begin ] --END-- [ RunTime:0.001108s ]
SQL: SHOW COLUMNS FROM `flyin_goods` [ RunTime:0.0029s ]
SQL: SELECT COUNT(*) AS tp_count FROM `flyin_goods` LIMIT 1   [ RunTime:0.0001s ]
NOTIC: [8] Use of undefined constant yes - assumed 'yes' /home/flyindat/domains/flyindata.com.cn/public_html/Application/Admin/Controller/CommonController.class.php 第 24 行.
SQL: SELECT COUNT(*) AS tp_count FROM `flyin_goods` WHERE `hot` = 'yes' LIMIT 1   [ RunTime:0.0001s ]
INFO: [ app_end ] --START--
INFO: Run Behavior\ShowPageTraceBehavior [ RunTime:0.000719s ]
INFO: [ app_end ] --END-- [ RunTime:0.000835s ]
NOTIC: [8] Constant URL_COMPAT already defined /home/flyindat/domains/flyindata.com.cn/public_html/index.php 第 33 行.

[ 2017-10-16T18:24:52+08:00 ] 27.38.28.218 /Admin/Goods/qrcode2/goods_id/18.html
INFO: [ app_init ] --START--
INFO: Run Behavior\BuildLiteBehavior [ RunTime:0.000029s ]
INFO: [ app_init ] --END-- [ RunTime:0.000541s ]
INFO: [ app_begin ] --START--
INFO: Run Behavior\ReadHtmlCacheBehavior [ RunTime:0.000623s ]
INFO: Run Behavior\GetcodingBehavior [ RunTime:0.000393s ]
INFO: [ app_begin ] --END-- [ RunTime:0.001141s ]
SQL: SHOW COLUMNS FROM `flyin_goods` [ RunTime:0.0022s ]
SQL: SELECT COUNT(*) AS tp_count FROM `flyin_goods` LIMIT 1   [ RunTime:0.0002s ]
NOTIC: [8] Use of undefined constant yes - assumed 'yes' /home/flyindat/domains/flyindata.com.cn/public_html/Application/Admin/Controller/CommonController.class.php 第 24 行.
SQL: SELECT COUNT(*) AS tp_count FROM `flyin_goods` WHERE `hot` = 'yes' LIMIT 1   [ RunTime:0.0002s ]
INFO: [ app_end ] --START--
INFO: Run Behavior\ShowPageTraceBehavior [ RunTime:0.000689s ]
INFO: [ app_end ] --END-- [ RunTime:0.000824s ]
NOTIC: [8] Constant URL_COMPAT already defined /home/flyindat/domains/flyindata.com.cn/public_html/index.php 第 33 行.

[ 2017-10-16T18:24:52+08:00 ] 27.38.28.218 /Admin/Goods/qrcode2/goods_id/20.html
INFO: [ app_init ] --START--
INFO: Run Behavior\BuildLiteBehavior [ RunTime:0.000032s ]
INFO: [ app_init ] --END-- [ RunTime:0.000573s ]
INFO: [ app_begin ] --START--
INFO: Run Behavior\ReadHtmlCacheBehavior [ RunTime:0.000636s ]
INFO: Run Behavior\GetcodingBehavior [ RunTime:0.000427s ]
INFO: [ app_begin ] --END-- [ RunTime:0.001241s ]
SQL: SHOW COLUMNS FROM `flyin_goods` [ RunTime:0.0025s ]
SQL: SELECT COUNT(*) AS tp_count FROM `flyin_goods` LIMIT 1   [ RunTime:0.0002s ]
NOTIC: [8] Use of undefined constant yes - assumed 'yes' /home/flyindat/domains/flyindata.com.cn/public_html/Application/Admin/Controller/CommonController.class.php 第 24 行.
SQL: SELECT COUNT(*) AS tp_count FROM `flyin_goods` WHERE `hot` = 'yes' LIMIT 1   [ RunTime:0.0002s ]
INFO: [ app_end ] --START--
INFO: Run Behavior\ShowPageTraceBehavior [ RunTime:0.000747s ]
INFO: [ app_end ] --END-- [ RunTime:0.000867s ]
NOTIC: [8] Constant URL_COMPAT already defined /home/flyindat/domains/flyindata.com.cn/public_html/index.php 第 33 行.

[ 2017-10-16T18:24:52+08:00 ] 59.40.65.109 /Admin/Goods/qrcode2/goods_id/17.html
INFO: [ app_init ] --START--
INFO: Run Behavior\BuildLiteBehavior [ RunTime:0.000021s ]
INFO: [ app_init ] --END-- [ RunTime:0.000505s ]
INFO: [ app_begin ] --START--
INFO: Run Behavior\ReadHtmlCacheBehavior [ RunTime:0.000725s ]
INFO: Run Behavior\GetcodingBehavior [ RunTime:0.000335s ]
INFO: [ app_begin ] --END-- [ RunTime:0.001178s ]
SQL: SHOW COLUMNS FROM `flyin_goods` [ RunTime:0.0023s ]
SQL: SELECT COUNT(*) AS tp_count FROM `flyin_goods` LIMIT 1   [ RunTime:0.0001s ]
NOTIC: [8] Use of undefined constant yes - assumed 'yes' /home/flyindat/domains/flyindata.com.cn/public_html/Application/Admin/Controller/CommonController.class.php 第 24 行.
SQL: SELECT COUNT(*) AS tp_count FROM `flyin_goods` WHERE `hot` = 'yes' LIMIT 1   [ RunTime:0.0001s ]
INFO: [ app_end ] --START--
INFO: Run Behavior\ShowPageTraceBehavior [ RunTime:0.000688s ]
INFO: [ app_end ] --END-- [ RunTime:0.000802s ]
NOTIC: [8] Constant URL_COMPAT already defined /home/flyindat/domains/flyindata.com.cn/public_html/index.php 第 33 行.

[ 2017-10-16T18:24:52+08:00 ] 59.40.65.109 /Admin/Goods/qrcode2/goods_id/19.html
INFO: [ app_init ] --START--
INFO: Run Behavior\BuildLiteBehavior [ RunTime:0.000022s ]
INFO: [ app_init ] --END-- [ RunTime:0.000500s ]
INFO: [ app_begin ] --START--
INFO: Run Behavior\ReadHtmlCacheBehavior [ RunTime:0.000604s ]
INFO: Run Behavior\GetcodingBehavior [ RunTime:0.000342s ]
INFO: [ app_begin ] --END-- [ RunTime:0.001063s ]
SQL: SHOW COLUMNS FROM `flyin_goods` [ RunTime:0.0023s ]
SQL: SELECT COUNT(*) AS tp_count FROM `flyin_goods` LIMIT 1   [ RunTime:0.0001s ]
NOTIC: [8] Use of undefined constant yes - assumed 'yes' /home/flyindat/domains/flyindata.com.cn/public_html/Application/Admin/Controller/CommonController.class.php 第 24 行.
SQL: SELECT COUNT(*) AS tp_count FROM `flyin_goods` WHERE `hot` = 'yes' LIMIT 1   [ RunTime:0.0001s ]
INFO: [ app_end ] --START--
INFO: Run Behavior\ShowPageTraceBehavior [ RunTime:0.000676s ]
INFO: [ app_end ] --END-- [ RunTime:0.000782s ]
NOTIC: [8] Constant URL_COMPAT already defined /home/flyindat/domains/flyindata.com.cn/public_html/index.php 第 33 行.

[ 2017-10-16T18:24:52+08:00 ] 59.40.65.109 /Admin/Goods/qrcode2/goods_id/21.html
INFO: [ app_init ] --START--
INFO: Run Behavior\BuildLiteBehavior [ RunTime:0.000022s ]
INFO: [ app_init ] --END-- [ RunTime:0.000482s ]
INFO: [ app_begin ] --START--
INFO: Run Behavior\ReadHtmlCacheBehavior [ RunTime:0.000634s ]
INFO: Run Behavior\GetcodingBehavior [ RunTime:0.000422s ]
INFO: [ app_begin ] --END-- [ RunTime:0.001172s ]
SQL: SHOW COLUMNS FROM `flyin_goods` [ RunTime:0.0024s ]
SQL: SELECT COUNT(*) AS tp_count FROM `flyin_goods` LIMIT 1   [ RunTime:0.0002s ]
NOTIC: [8] Use of undefined constant yes - assumed 'yes' /home/flyindat/domains/flyindata.com.cn/public_html/Application/Admin/Controller/CommonController.class.php 第 24 行.
SQL: SELECT COUNT(*) AS tp_count FROM `flyin_goods` WHERE `hot` = 'yes' LIMIT 1   [ RunTime:0.0001s ]
INFO: [ app_end ] --START--
INFO: Run Behavior\ShowPageTraceBehavior [ RunTime:0.000760s ]
INFO: [ app_end ] --END-- [ RunTime:0.000872s ]
NOTIC: [8] Constant URL_COMPAT already defined /home/flyindat/domains/flyindata.com.cn/public_html/index.php 第 33 行.

[ 2017-10-16T18:24:52+08:00 ] 59.40.65.109 /Admin/Goods/qrcode2/goods_id/23.html
INFO: [ app_init ] --START--
INFO: Run Behavior\BuildLiteBehavior [ RunTime:0.000035s ]
INFO: [ app_init ] --END-- [ RunTime:0.000746s ]
INFO: [ app_begin ] --START--
INFO: Run Behavior\ReadHtmlCacheBehavior [ RunTime:0.000890s ]
INFO: Run Behavior\GetcodingBehavior [ RunTime:0.000481s ]
INFO: [ app_begin ] --END-- [ RunTime:0.001549s ]
SQL: SHOW COLUMNS FROM `flyin_goods` [ RunTime:0.0024s ]
SQL: SELECT COUNT(*) AS tp_count FROM `flyin_goods` LIMIT 1   [ RunTime:0.0002s ]
NOTIC: [8] Use of undefined constant yes - assumed 'yes' /home/flyindat/domains/flyindata.com.cn/public_html/Application/Admin/Controller/CommonController.class.php 第 24 行.
SQL: SELECT COUNT(*) AS tp_count FROM `flyin_goods` WHERE `hot` = 'yes' LIMIT 1   [ RunTime:0.0002s ]
INFO: [ app_end ] --START--
INFO: Run Behavior\ShowPageTraceBehavior [ RunTime:0.000646s ]
INFO: [ app_end ] --END-- [ RunTime:0.000759s ]
NOTIC: [8] Constant URL_COMPAT already defined /home/flyindat/domains/flyindata.com.cn/public_html/index.php 第 33 行.

[ 2017-10-16T18:24:52+08:00 ] 27.38.28.218 /Admin/Goods/qrcode2/goods_id/39.html
INFO: [ app_init ] --START--
INFO: Run Behavior\BuildLiteBehavior [ RunTime:0.000024s ]
INFO: [ app_init ] --END-- [ RunTime:0.000493s ]
INFO: [ app_begin ] --START--
INFO: Run Behavior\ReadHtmlCacheBehavior [ RunTime:0.000599s ]
INFO: Run Behavior\GetcodingBehavior [ RunTime:0.000331s ]
INFO: [ app_begin ] --END-- [ RunTime:0.001046s ]
SQL: SHOW COLUMNS FROM `flyin_goods` [ RunTime:0.0021s ]
SQL: SELECT COUNT(*) AS tp_count FROM `flyin_goods` LIMIT 1   [ RunTime:0.0001s ]
NOTIC: [8] Use of undefined constant yes - assumed 'yes' /home/flyindat/domains/flyindata.com.cn/public_html/Application/Admin/Controller/CommonController.class.php 第 24 行.
SQL: SELECT COUNT(*) AS tp_count FROM `flyin_goods` WHERE `hot` = 'yes' LIMIT 1   [ RunTime:0.0001s ]
INFO: [ app_end ] --START--
INFO: Run Behavior\ShowPageTraceBehavior [ RunTime:0.000668s ]
INFO: [ app_end ] --END-- [ RunTime:0.000789s ]
NOTIC: [8] Constant URL_COMPAT already defined /home/flyindat/domains/flyindata.com.cn/public_html/index.php 第 33 行.

[ 2017-10-16T18:24:56+08:00 ] 27.38.28.218 /Admin/Admin/lst.html
INFO: [ app_init ] --START--
INFO: Run Behavior\BuildLiteBehavior [ RunTime:0.000020s ]
INFO: [ app_init ] --END-- [ RunTime:0.000525s ]
INFO: [ app_begin ] --START--
INFO: Run Behavior\ReadHtmlCacheBehavior [ RunTime:0.000599s ]
INFO: Run Behavior\GetcodingBehavior [ RunTime:0.000368s ]
INFO: [ app_begin ] --END-- [ RunTime:0.001084s ]
SQL: SHOW COLUMNS FROM `flyin_goods` [ RunTime:0.0033s ]
SQL: SELECT COUNT(*) AS tp_count FROM `flyin_goods` LIMIT 1   [ RunTime:0.0002s ]
NOTIC: [8] Use of undefined constant yes - assumed 'yes' /home/flyindat/domains/flyindata.com.cn/public_html/Application/Admin/Controller/CommonController.class.php 第 24 行.
SQL: SELECT COUNT(*) AS tp_count FROM `flyin_goods` WHERE `hot` = 'yes' LIMIT 1   [ RunTime:0.0001s ]
NOTIC: [8] Use of undefined constant regex - assumed 'regex' /home/flyindat/domains/flyindata.com.cn/public_html/ThinkPHP/Common/functions.php 第 588 行.
SQL: SHOW COLUMNS FROM `flyin_admin` [ RunTime:0.0028s ]
SQL: SELECT COUNT(*) AS tp_count FROM `flyin_admin` LIMIT 1   [ RunTime:0.0004s ]
SQL: SELECT * FROM `flyin_admin` ORDER BY id desc LIMIT 0,3   [ RunTime:0.0005s ]
INFO: [ view_parse ] --START--
INFO: [ template_filter ] --START--
INFO: Run Behavior\ContentReplaceBehavior [ RunTime:0.000111s ]
INFO: [ template_filter ] --END-- [ RunTime:0.000217s ]
NOTIC: [8] Undefined variable: admin_name /home/flyindat/domains/flyindata.com.cn/public_html/Application/Runtime/Cache/Admin/2e0a6b0b98cf96bc15633704312e45ee.php 第 32 行.
INFO: Run Behavior\ParseTemplateBehavior [ RunTime:0.030095s ]
INFO: [ view_parse ] --END-- [ RunTime:0.030206s ]
INFO: [ view_filter ] --START--
INFO: Run Behavior\WriteHtmlCacheBehavior [ RunTime:0.000373s ]
INFO: Run Behavior\TokenBuildBehavior [ RunTime:0.000428s ]
INFO: [ view_filter ] --END-- [ RunTime:0.000909s ]
INFO: [ app_end ] --START--
INFO: Run Behavior\ShowPageTraceBehavior [ RunTime:0.000606s ]
INFO: [ app_end ] --END-- [ RunTime:0.000670s ]
NOTIC: [8] Constant URL_COMPAT already defined /home/flyindat/domains/flyindata.com.cn/public_html/index.php 第 33 行.

[ 2017-10-16T18:24:58+08:00 ] 27.38.28.218 /Admin/Admin/lst.html
INFO: [ app_init ] --START--
INFO: Run Behavior\BuildLiteBehavior [ RunTime:0.000025s ]
INFO: [ app_init ] --END-- [ RunTime:0.000509s ]
INFO: [ app_begin ] --START--
INFO: Run Behavior\ReadHtmlCacheBehavior [ RunTime:0.000636s ]
INFO: Run Behavior\GetcodingBehavior [ RunTime:0.000344s ]
INFO: [ app_begin ] --END-- [ RunTime:0.001120s ]
SQL: SHOW COLUMNS FROM `flyin_goods` [ RunTime:0.0033s ]
SQL: SELECT COUNT(*) AS tp_count FROM `flyin_goods` LIMIT 1   [ RunTime:0.0003s ]
NOTIC: [8] Use of undefined constant yes - assumed 'yes' /home/flyindat/domains/flyindata.com.cn/public_html/Application/Admin/Controller/CommonController.class.php 第 24 行.
SQL: SELECT COUNT(*) AS tp_count FROM `flyin_goods` WHERE `hot` = 'yes' LIMIT 1   [ RunTime:0.0001s ]
NOTIC: [8] Use of undefined constant regex - assumed 'regex' /home/flyindat/domains/flyindata.com.cn/public_html/ThinkPHP/Common/functions.php 第 588 行.
SQL: SHOW COLUMNS FROM `flyin_admin` [ RunTime:0.0024s ]
SQL: SELECT COUNT(*) AS tp_count FROM `flyin_admin` LIMIT 1   [ RunTime:0.0001s ]
SQL: SELECT * FROM `flyin_admin` ORDER BY id desc LIMIT 0,3   [ RunTime:0.0001s ]
INFO: [ view_parse ] --START--
INFO: [ template_filter ] --START--
INFO: Run Behavior\ContentReplaceBehavior [ RunTime:0.000102s ]
INFO: [ template_filter ] --END-- [ RunTime:0.000184s ]
NOTIC: [8] Undefined variable: admin_name /home/flyindat/domains/flyindata.com.cn/public_html/Application/Runtime/Cache/Admin/2e0a6b0b98cf96bc15633704312e45ee.php 第 32 行.
INFO: Run Behavior\ParseTemplateBehavior [ RunTime:0.021240s ]
INFO: [ view_parse ] --END-- [ RunTime:0.021312s ]
INFO: [ view_filter ] --START--
INFO: Run Behavior\WriteHtmlCacheBehavior [ RunTime:0.000320s ]
INFO: Run Behavior\TokenBuildBehavior [ RunTime:0.000434s ]
INFO: [ view_filter ] --END-- [ RunTime:0.000850s ]
INFO: [ app_end ] --START--
INFO: Run Behavior\ShowPageTraceBehavior [ RunTime:0.000576s ]
INFO: [ app_end ] --END-- [ RunTime:0.000638s ]
NOTIC: [8] Constant URL_COMPAT already defined /home/flyindat/domains/flyindata.com.cn/public_html/index.php 第 33 行.

[ 2017-10-16T18:25:01+08:00 ] 59.40.65.109 /Admin/WebSet/index.html
INFO: [ app_init ] --START--
INFO: Run Behavior\BuildLiteBehavior [ RunTime:0.000034s ]
INFO: [ app_init ] --END-- [ RunTime:0.000725s ]
INFO: [ app_begin ] --START--
INFO: Run Behavior\ReadHtmlCacheBehavior [ RunTime:0.000908s ]
INFO: Run Behavior\GetcodingBehavior [ RunTime:0.000499s ]
INFO: [ app_begin ] --END-- [ RunTime:0.001580s ]
SQL: SHOW COLUMNS FROM `flyin_website` [ RunTime:0.0037s ]
SQL: SELECT * FROM `flyin_website` ORDER BY id  [ RunTime:0.0011s ]
INFO: [ view_parse ] --START--
INFO: [ template_filter ] --START--
INFO: Run Behavior\ContentReplaceBehavior [ RunTime:0.000106s ]
INFO: [ template_filter ] --END-- [ RunTime:0.000207s ]
NOTIC: [8] Undefined variable: admin_name /home/flyindat/domains/flyindata.com.cn/public_html/Application/Runtime/Cache/Admin/7614ccfe3330790cbc9f2ec2eba07e49.php 第 32 行.
INFO: Run Behavior\ParseTemplateBehavior [ RunTime:0.034237s ]
INFO: [ view_parse ] --END-- [ RunTime:0.034348s ]
INFO: [ view_filter ] --START--
INFO: Run Behavior\WriteHtmlCacheBehavior [ RunTime:0.000363s ]
INFO: Run Behavior\TokenBuildBehavior [ RunTime:0.000457s ]
INFO: [ view_filter ] --END-- [ RunTime:0.000919s ]
INFO: [ app_end ] --START--
INFO: Run Behavior\ShowPageTraceBehavior [ RunTime:0.000630s ]
INFO: [ app_end ] --END-- [ RunTime:0.000694s ]
NOTIC: [8] Constant URL_COMPAT already defined /home/flyindat/domains/flyindata.com.cn/public_html/index.php 第 33 行.

[ 2017-10-16T18:25:06+08:00 ] 27.38.28.218 /Admin/Message/index.html
INFO: [ app_init ] --START--
INFO: Run Behavior\BuildLiteBehavior [ RunTime:0.000031s ]
INFO: [ app_init ] --END-- [ RunTime:0.000631s ]
INFO: [ app_begin ] --START--
INFO: Run Behavior\ReadHtmlCacheBehavior [ RunTime:0.000595s ]
INFO: Run Behavior\GetcodingBehavior [ RunTime:0.000320s ]
INFO: [ app_begin ] --END-- [ RunTime:0.001031s ]
SQL: SHOW COLUMNS FROM `flyin_goods` [ RunTime:0.0031s ]
SQL: SELECT COUNT(*) AS tp_count FROM `flyin_goods` LIMIT 1   [ RunTime:0.0002s ]
NOTIC: [8] Use of undefined constant yes - assumed 'yes' /home/flyindat/domains/flyindata.com.cn/public_html/Application/Admin/Controller/CommonController.class.php 第 24 行.
SQL: SELECT COUNT(*) AS tp_count FROM `flyin_goods` WHERE `hot` = 'yes' LIMIT 1   [ RunTime:0.0001s ]
SQL: SHOW COLUMNS FROM `flyin_message` [ RunTime:0.0028s ]
NOTIC: [8] Undefined index: p /home/flyindat/domains/flyindata.com.cn/public_html/Application/Admin/Controller/MessageController.class.php 第 7 行.
NOTIC: [8] Undefined index: limit /home/flyindat/domains/flyindata.com.cn/public_html/ThinkPHP/Library/Think/Db/Driver.class.php 第 952 行.
SQL: SELECT * FROM `flyin_message` ORDER BY time desc LIMIT 0,20   [ RunTime:0.0010s ]
SQL: SELECT COUNT(*) AS tp_count FROM `flyin_message` LIMIT 1   [ RunTime:0.0003s ]
INFO: [ view_parse ] --START--
INFO: [ template_filter ] --START--
INFO: Run Behavior\ContentReplaceBehavior [ RunTime:0.000094s ]
INFO: [ template_filter ] --END-- [ RunTime:0.000188s ]
NOTIC: [8] Undefined variable: admin_name /home/flyindat/domains/flyindata.com.cn/public_html/Application/Runtime/Cache/Admin/e1ad611a04673ac9fc78d17e28cd370b.php 第 32 行.
INFO: Run Behavior\ParseTemplateBehavior [ RunTime:0.021679s ]
INFO: [ view_parse ] --END-- [ RunTime:0.021768s ]
INFO: [ view_filter ] --START--
INFO: Run Behavior\WriteHtmlCacheBehavior [ RunTime:0.000319s ]
INFO: Run Behavior\TokenBuildBehavior [ RunTime:0.000435s ]
INFO: [ view_filter ] --END-- [ RunTime:0.000848s ]
INFO: [ app_end ] --START--
INFO: Run Behavior\ShowPageTraceBehavior [ RunTime:0.000590s ]
INFO: [ app_end ] --END-- [ RunTime:0.000652s ]
NOTIC: [8] Constant URL_COMPAT already defined /home/flyindat/domains/flyindata.com.cn/public_html/index.php 第 33 行.

[ 2017-10-16T18:25:14+08:00 ] 59.40.65.109 /Admin/Ipdb/index.html
INFO: [ app_init ] --START--
INFO: Run Behavior\BuildLiteBehavior [ RunTime:0.000030s ]
INFO: [ app_init ] --END-- [ RunTime:0.000599s ]
INFO: [ app_begin ] --START--
INFO: Run Behavior\ReadHtmlCacheBehavior [ RunTime:0.000648s ]
INFO: Run Behavior\GetcodingBehavior [ RunTime:0.000314s ]
INFO: [ app_begin ] --END-- [ RunTime:0.001080s ]
SQL: SHOW COLUMNS FROM `flyin_goods` [ RunTime:0.0032s ]
SQL: SELECT COUNT(*) AS tp_count FROM `flyin_goods` LIMIT 1   [ RunTime:0.0002s ]
NOTIC: [8] Use of undefined constant yes - assumed 'yes' /home/flyindat/domains/flyindata.com.cn/public_html/Application/Admin/Controller/CommonController.class.php 第 24 行.
SQL: SELECT COUNT(*) AS tp_count FROM `flyin_goods` WHERE `hot` = 'yes' LIMIT 1   [ RunTime:0.0001s ]
SQL: SHOW COLUMNS FROM `flyin_ipdb` [ RunTime:0.0030s ]
NOTIC: [8] Undefined index: p /home/flyindat/domains/flyindata.com.cn/public_html/Application/Admin/Controller/IpdbController.class.php 第 7 行.
NOTIC: [8] Undefined index: limit /home/flyindat/domains/flyindata.com.cn/public_html/ThinkPHP/Library/Think/Db/Driver.class.php 第 952 行.
SQL: SELECT * FROM `flyin_ipdb` ORDER BY time desc LIMIT 0,20   [ RunTime:0.0013s ]
SQL: SELECT COUNT(*) AS tp_count FROM `flyin_ipdb` LIMIT 1   [ RunTime:0.0005s ]
INFO: [ view_parse ] --START--
INFO: [ template_filter ] --START--
INFO: Run Behavior\ContentReplaceBehavior [ RunTime:0.000108s ]
INFO: [ template_filter ] --END-- [ RunTime:0.000217s ]
NOTIC: [8] Undefined variable: admin_name /home/flyindat/domains/flyindata.com.cn/public_html/Application/Runtime/Cache/Admin/70f968c65de1df1fd51fda44c05f7a97.php 第 32 行.
INFO: Run Behavior\ParseTemplateBehavior [ RunTime:0.022710s ]
INFO: [ view_parse ] --END-- [ RunTime:0.022843s ]
INFO: [ view_filter ] --START--
INFO: Run Behavior\WriteHtmlCacheBehavior [ RunTime:0.000494s ]
INFO: Run Behavior\TokenBuildBehavior [ RunTime:0.000491s ]
INFO: [ view_filter ] --END-- [ RunTime:0.001093s ]
INFO: [ app_end ] --START--
INFO: Run Behavior\ShowPageTraceBehavior [ RunTime:0.000702s ]
INFO: [ app_end ] --END-- [ RunTime:0.000774s ]
NOTIC: [8] Constant URL_COMPAT already defined /home/flyindat/domains/flyindata.com.cn/public_html/index.php 第 33 行.

[ 2017-10-16T18:25:35+08:00 ] 59.40.65.109 /Admin/Ipdb/index/p/2.html
INFO: [ app_init ] --START--
INFO: Run Behavior\BuildLiteBehavior [ RunTime:0.000033s ]
INFO: [ app_init ] --END-- [ RunTime:0.000665s ]
INFO: [ app_begin ] --START--
INFO: Run Behavior\ReadHtmlCacheBehavior [ RunTime:0.000700s ]
INFO: Run Behavior\GetcodingBehavior [ RunTime:0.000391s ]
INFO: [ app_begin ] --END-- [ RunTime:0.001265s ]
SQL: SHOW COLUMNS FROM `flyin_goods` [ RunTime:0.0079s ]
SQL: SELECT COUNT(*) AS tp_count FROM `flyin_goods` LIMIT 1   [ RunTime:0.0003s ]
NOTIC: [8] Use of undefined constant yes - assumed 'yes' /home/flyindat/domains/flyindata.com.cn/public_html/Application/Admin/Controller/CommonController.class.php 第 24 行.
SQL: SELECT COUNT(*) AS tp_count FROM `flyin_goods` WHERE `hot` = 'yes' LIMIT 1   [ RunTime:0.0001s ]
SQL: SHOW COLUMNS FROM `flyin_ipdb` [ RunTime:0.0023s ]
SQL: SELECT * FROM `flyin_ipdb` ORDER BY time desc LIMIT 10,10   [ RunTime:0.0012s ]
SQL: SELECT COUNT(*) AS tp_count FROM `flyin_ipdb` LIMIT 1   [ RunTime:0.0001s ]
INFO: [ view_parse ] --START--
INFO: [ template_filter ] --START--
INFO: Run Behavior\ContentReplaceBehavior [ RunTime:0.000112s ]
INFO: [ template_filter ] --END-- [ RunTime:0.000225s ]
NOTIC: [8] Undefined variable: admin_name /home/flyindat/domains/flyindata.com.cn/public_html/Application/Runtime/Cache/Admin/70f968c65de1df1fd51fda44c05f7a97.php 第 32 行.
INFO: Run Behavior\ParseTemplateBehavior [ RunTime:0.023291s ]
INFO: [ view_parse ] --END-- [ RunTime:0.023431s ]
INFO: [ view_filter ] --START--
INFO: Run Behavior\WriteHtmlCacheBehavior [ RunTime:0.000532s ]
INFO: Run Behavior\TokenBuildBehavior [ RunTime:0.000454s ]
INFO: [ view_filter ] --END-- [ RunTime:0.001095s ]
INFO: [ app_end ] --START--
INFO: Run Behavior\ShowPageTraceBehavior [ RunTime:0.000666s ]
INFO: [ app_end ] --END-- [ RunTime:0.000739s ]
NOTIC: [8] Constant URL_COMPAT already defined /home/flyindat/domains/flyindata.com.cn/public_html/index.php 第 33 行.

[ 2017-10-16T18:25:41+08:00 ] 59.40.65.109 /Admin/Ipdb/index/p/3.html
INFO: [ app_init ] --START--
INFO: Run Behavior\BuildLiteBehavior [ RunTime:0.000020s ]
INFO: [ app_init ] --END-- [ RunTime:0.000477s ]
INFO: [ app_begin ] --START--
INFO: Run Behavior\ReadHtmlCacheBehavior [ RunTime:0.000599s ]
INFO: Run Behavior\GetcodingBehavior [ RunTime:0.000337s ]
INFO: [ app_begin ] --END-- [ RunTime:0.001052s ]
SQL: SHOW COLUMNS FROM `flyin_goods` [ RunTime:0.0021s ]
SQL: SELECT COUNT(*) AS tp_count FROM `flyin_goods` LIMIT 1   [ RunTime:0.0002s ]
NOTIC: [8] Use of undefined constant yes - assumed 'yes' /home/flyindat/domains/flyindata.com.cn/public_html/Application/Admin/Controller/CommonController.class.php 第 24 行.
SQL: SELECT COUNT(*) AS tp_count FROM `flyin_goods` WHERE `hot` = 'yes' LIMIT 1   [ RunTime:0.0001s ]
SQL: SHOW COLUMNS FROM `flyin_ipdb` [ RunTime:0.0011s ]
SQL: SELECT * FROM `flyin_ipdb` ORDER BY time desc LIMIT 20,10   [ RunTime:0.0009s ]
SQL: SELECT COUNT(*) AS tp_count FROM `flyin_ipdb` LIMIT 1   [ RunTime:0.0001s ]
INFO: [ view_parse ] --START--
INFO: [ template_filter ] --START--
INFO: Run Behavior\ContentReplaceBehavior [ RunTime:0.000113s ]
INFO: [ template_filter ] --END-- [ RunTime:0.000205s ]
NOTIC: [8] Undefined variable: admin_name /home/flyindat/domains/flyindata.com.cn/public_html/Application/Runtime/Cache/Admin/70f968c65de1df1fd51fda44c05f7a97.php 第 32 行.
INFO: Run Behavior\ParseTemplateBehavior [ RunTime:0.024328s ]
INFO: [ view_parse ] --END-- [ RunTime:0.024432s ]
INFO: [ view_filter ] --START--
INFO: Run Behavior\WriteHtmlCacheBehavior [ RunTime:0.000422s ]
INFO: Run Behavior\TokenBuildBehavior [ RunTime:0.000524s ]
INFO: [ view_filter ] --END-- [ RunTime:0.001057s ]
INFO: [ app_end ] --START--
INFO: Run Behavior\ShowPageTraceBehavior [ RunTime:0.000743s ]
INFO: [ app_end ] --END-- [ RunTime:0.000819s ]
NOTIC: [8] Constant URL_COMPAT already defined /home/flyindat/domains/flyindata.com.cn/public_html/index.php 第 33 行.

[ 2017-10-16T18:25:47+08:00 ] 59.40.65.109 /Admin/Ipdb/index.html
INFO: [ app_init ] --START--
INFO: Run Behavior\BuildLiteBehavior [ RunTime:0.000021s ]
INFO: [ app_init ] --END-- [ RunTime:0.000473s ]
INFO: [ app_begin ] --START--
INFO: Run Behavior\ReadHtmlCacheBehavior [ RunTime:0.000576s ]
INFO: Run Behavior\GetcodingBehavior [ RunTime:0.000318s ]
INFO: [ app_begin ] --END-- [ RunTime:0.001009s ]
SQL: SHOW COLUMNS FROM `flyin_goods` [ RunTime:0.0029s ]
SQL: SELECT COUNT(*) AS tp_count FROM `flyin_goods` LIMIT 1   [ RunTime:0.0001s ]
NOTIC: [8] Use of undefined constant yes - assumed 'yes' /home/flyindat/domains/flyindata.com.cn/public_html/Application/Admin/Controller/CommonController.class.php 第 24 行.
SQL: SELECT COUNT(*) AS tp_count FROM `flyin_goods` WHERE `hot` = 'yes' LIMIT 1   [ RunTime:0.0001s ]
SQL: SHOW COLUMNS FROM `flyin_ipdb` [ RunTime:0.0016s ]
NOTIC: [8] Undefined index: p /home/flyindat/domains/flyindata.com.cn/public_html/Application/Admin/Controller/IpdbController.class.php 第 7 行.
NOTIC: [8] Undefined index: limit /home/flyindat/domains/flyindata.com.cn/public_html/ThinkPHP/Library/Think/Db/Driver.class.php 第 952 行.
SQL: SELECT * FROM `flyin_ipdb` ORDER BY time desc LIMIT 0,20   [ RunTime:0.0003s ]
SQL: SELECT COUNT(*) AS tp_count FROM `flyin_ipdb` LIMIT 1   [ RunTime:0.0002s ]
INFO: [ view_parse ] --START--
INFO: [ template_filter ] --START--
INFO: Run Behavior\ContentReplaceBehavior [ RunTime:0.000093s ]
INFO: [ template_filter ] --END-- [ RunTime:0.000183s ]
NOTIC: [8] Undefined variable: admin_name /home/flyindat/domains/flyindata.com.cn/public_html/Application/Runtime/Cache/Admin/70f968c65de1df1fd51fda44c05f7a97.php 第 32 行.
INFO: Run Behavior\ParseTemplateBehavior [ RunTime:0.021213s ]
INFO: [ view_parse ] --END-- [ RunTime:0.021295s ]
INFO: [ view_filter ] --START--
INFO: Run Behavior\WriteHtmlCacheBehavior [ RunTime:0.000322s ]
INFO: Run Behavior\TokenBuildBehavior [ RunTime:0.000417s ]
INFO: [ view_filter ] --END-- [ RunTime:0.000835s ]
INFO: [ app_end ] --START--
INFO: Run Behavior\ShowPageTraceBehavior [ RunTime:0.000592s ]
INFO: [ app_end ] --END-- [ RunTime:0.000654s ]
NOTIC: [8] Constant URL_COMPAT already defined /home/flyindat/domains/flyindata.com.cn/public_html/index.php 第 33 行.

[ 2017-10-16T18:25:51+08:00 ] 59.40.65.109 /Admin/Message/index.html
INFO: [ app_init ] --START--
INFO: Run Behavior\BuildLiteBehavior [ RunTime:0.000028s ]
INFO: [ app_init ] --END-- [ RunTime:0.000681s ]
INFO: [ app_begin ] --START--
INFO: Run Behavior\ReadHtmlCacheBehavior [ RunTime:0.000612s ]
INFO: Run Behavior\GetcodingBehavior [ RunTime:0.000332s ]
INFO: [ app_begin ] --END-- [ RunTime:0.001078s ]
SQL: SHOW COLUMNS FROM `flyin_goods` [ RunTime:0.0022s ]
SQL: SELECT COUNT(*) AS tp_count FROM `flyin_goods` LIMIT 1   [ RunTime:0.0001s ]
NOTIC: [8] Use of undefined constant yes - assumed 'yes' /home/flyindat/domains/flyindata.com.cn/public_html/Application/Admin/Controller/CommonController.class.php 第 24 行.
SQL: SELECT COUNT(*) AS tp_count FROM `flyin_goods` WHERE `hot` = 'yes' LIMIT 1   [ RunTime:0.0001s ]
SQL: SHOW COLUMNS FROM `flyin_message` [ RunTime:0.0022s ]
NOTIC: [8] Undefined index: p /home/flyindat/domains/flyindata.com.cn/public_html/Application/Admin/Controller/MessageController.class.php 第 7 行.
NOTIC: [8] Undefined index: limit /home/flyindat/domains/flyindata.com.cn/public_html/ThinkPHP/Library/Think/Db/Driver.class.php 第 952 行.
SQL: SELECT * FROM `flyin_message` ORDER BY time desc LIMIT 0,20   [ RunTime:0.0001s ]
SQL: SELECT COUNT(*) AS tp_count FROM `flyin_message` LIMIT 1   [ RunTime:0.0001s ]
INFO: [ view_parse ] --START--
INFO: [ template_filter ] --START--
INFO: Run Behavior\ContentReplaceBehavior [ RunTime:0.000106s ]
INFO: [ template_filter ] --END-- [ RunTime:0.000215s ]
NOTIC: [8] Undefined variable: admin_name /home/flyindat/domains/flyindata.com.cn/public_html/Application/Runtime/Cache/Admin/e1ad611a04673ac9fc78d17e28cd370b.php 第 32 行.
INFO: Run Behavior\ParseTemplateBehavior [ RunTime:0.021261s ]
INFO: [ view_parse ] --END-- [ RunTime:0.021359s ]
INFO: [ view_filter ] --START--
INFO: Run Behavior\WriteHtmlCacheBehavior [ RunTime:0.000360s ]
INFO: Run Behavior\TokenBuildBehavior [ RunTime:0.000437s ]
INFO: [ view_filter ] --END-- [ RunTime:0.000893s ]
INFO: [ app_end ] --START--
INFO: Run Behavior\ShowPageTraceBehavior [ RunTime:0.000622s ]
INFO: [ app_end ] --END-- [ RunTime:0.000686s ]
NOTIC: [8] Constant URL_COMPAT already defined /home/flyindat/domains/flyindata.com.cn/public_html/index.php 第 33 行.

[ 2017-10-16T18:25:59+08:00 ] 59.40.65.109 /Admin/Admin/lst.html
INFO: [ app_init ] --START--
INFO: Run Behavior\BuildLiteBehavior [ RunTime:0.000033s ]
INFO: [ app_init ] --END-- [ RunTime:0.000616s ]
INFO: [ app_begin ] --START--
INFO: Run Behavior\ReadHtmlCacheBehavior [ RunTime:0.000705s ]
INFO: Run Behavior\GetcodingBehavior [ RunTime:0.000344s ]
INFO: [ app_begin ] --END-- [ RunTime:0.001209s ]
SQL: SHOW COLUMNS FROM `flyin_goods` [ RunTime:0.0023s ]
SQL: SELECT COUNT(*) AS tp_count FROM `flyin_goods` LIMIT 1   [ RunTime:0.0002s ]
NOTIC: [8] Use of undefined constant yes - assumed 'yes' /home/flyindat/domains/flyindata.com.cn/public_html/Application/Admin/Controller/CommonController.class.php 第 24 行.
SQL: SELECT COUNT(*) AS tp_count FROM `flyin_goods` WHERE `hot` = 'yes' LIMIT 1   [ RunTime:0.0002s ]
NOTIC: [8] Use of undefined constant regex - assumed 'regex' /home/flyindat/domains/flyindata.com.cn/public_html/ThinkPHP/Common/functions.php 第 588 行.
SQL: SHOW COLUMNS FROM `flyin_admin` [ RunTime:0.0015s ]
SQL: SELECT COUNT(*) AS tp_count FROM `flyin_admin` LIMIT 1   [ RunTime:0.0002s ]
SQL: SELECT * FROM `flyin_admin` ORDER BY id desc LIMIT 0,3   [ RunTime:0.0001s ]
INFO: [ view_parse ] --START--
INFO: [ template_filter ] --START--
INFO: Run Behavior\ContentReplaceBehavior [ RunTime:0.000109s ]
INFO: [ template_filter ] --END-- [ RunTime:0.000213s ]
NOTIC: [8] Undefined variable: admin_name /home/flyindat/domains/flyindata.com.cn/public_html/Application/Runtime/Cache/Admin/2e0a6b0b98cf96bc15633704312e45ee.php 第 32 行.
INFO: Run Behavior\ParseTemplateBehavior [ RunTime:0.021310s ]
INFO: [ view_parse ] --END-- [ RunTime:0.021382s ]
INFO: [ view_filter ] --START--
INFO: Run Behavior\WriteHtmlCacheBehavior [ RunTime:0.000341s ]
INFO: Run Behavior\TokenBuildBehavior [ RunTime:0.000421s ]
INFO: [ view_filter ] --END-- [ RunTime:0.000857s ]
INFO: [ app_end ] --START--
INFO: Run Behavior\ShowPageTraceBehavior [ RunTime:0.000640s ]
INFO: [ app_end ] --END-- [ RunTime:0.000703s ]
NOTIC: [8] Constant URL_COMPAT already defined /home/flyindat/domains/flyindata.com.cn/public_html/index.php 第 33 行.

[ 2017-10-16T18:26:02+08:00 ] 59.40.65.109 /Admin/Index/index.html
INFO: [ app_init ] --START--
INFO: Run Behavior\BuildLiteBehavior [ RunTime:0.000032s ]
INFO: [ app_init ] --END-- [ RunTime:0.000592s ]
INFO: [ app_begin ] --START--
INFO: Run Behavior\ReadHtmlCacheBehavior [ RunTime:0.000671s ]
INFO: Run Behavior\GetcodingBehavior [ RunTime:0.000356s ]
INFO: [ app_begin ] --END-- [ RunTime:0.001190s ]
SQL: SHOW COLUMNS FROM `flyin_goods` [ RunTime:0.0024s ]
SQL: SELECT COUNT(*) AS tp_count FROM `flyin_goods` LIMIT 1   [ RunTime:0.0001s ]
NOTIC: [8] Use of undefined constant yes - assumed 'yes' /home/flyindat/domains/flyindata.com.cn/public_html/Application/Admin/Controller/CommonController.class.php 第 24 行.
SQL: SELECT COUNT(*) AS tp_count FROM `flyin_goods` WHERE `hot` = 'yes' LIMIT 1   [ RunTime:0.0001s ]
SQL: select version() as ver [ RunTime:0.0001s ]
SQL: SHOW COLUMNS FROM `flyin_goods` [ RunTime:0.0014s ]
SQL: SELECT SUM(hits) AS tp_sum FROM `flyin_goods` ORDER BY hits LIMIT 1   [ RunTime:0.0001s ]
SQL: SELECT SUM(pdfhits) AS tp_sum FROM `flyin_goods` ORDER BY pdfhits LIMIT 1   [ RunTime:0.0001s ]
SQL: SELECT MAX(hits) AS tp_max FROM `flyin_goods` LIMIT 1   [ RunTime:0.0001s ]
SQL: SELECT MIN(hits) AS tp_min FROM `flyin_goods` LIMIT 1   [ RunTime:0.0001s ]
SQL: SELECT * FROM `flyin_goods` ORDER BY hits LIMIT 3   [ RunTime:0.0004s ]
SQL: SELECT * FROM `flyin_goods` ORDER BY hits desc LIMIT 3   [ RunTime:0.0005s ]
SQL: SHOW COLUMNS FROM `flyin_ipcount` [ RunTime:0.0014s ]
SQL: SELECT `nowdatec` FROM `flyin_ipcount` WHERE ( nowdate="2017-10-15" )  [ RunTime:0.0003s ]
SQL: SELECT `ip` FROM `flyin_ipcount` WHERE ( nowdate="2017-10-16" )  [ RunTime:0.0002s ]
SQL: SELECT `ip` FROM `flyin_ipcount` WHERE ( ip like "%59.40.65.109%" and nowdate="2017-10-16" )  [ RunTime:0.0001s ]
SQL: SELECT `nowdatec` FROM `flyin_ipcount` WHERE ( nowdate="2017-10-16" )  [ RunTime:0.0001s ]
SQL: SELECT SUM(hits) AS tp_sum FROM `flyin_goods` ORDER BY hits LIMIT 1   [ RunTime:0.0001s ]
SQL: SELECT SUM(pdfhits) AS tp_sum FROM `flyin_goods` ORDER BY pdfhits LIMIT 1   [ RunTime:0.0001s ]
SQL: SELECT MAX(hits) AS tp_max FROM `flyin_goods` LIMIT 1   [ RunTime:0.0001s ]
SQL: SELECT MIN(hits) AS tp_min FROM `flyin_goods` LIMIT 1   [ RunTime:0.0001s ]
SQL: SELECT * FROM `flyin_goods` ORDER BY hits LIMIT 3   [ RunTime:0.0003s ]
SQL: SELECT * FROM `flyin_goods` ORDER BY hits desc LIMIT 3   [ RunTime:0.0005s ]
NOTIC: [8] Use of undefined constant news - assumed 'news' /home/flyindat/domains/flyindata.com.cn/public_html/Application/Admin/Controller/IndexController.class.php 第 100 行.
SQL: SHOW COLUMNS FROM `flyin_news` [ RunTime:0.0012s ]
SQL: select count(a.newcategory_id) as num,c.name,c.id from flyin_news a,flyin_newcategory c where a.newcategory_id=c.id group by c.name order by c.id desc [ RunTime:0.0001s ]
NOTIC: [8] Use of undefined constant services - assumed 'services' /home/flyindat/domains/flyindata.com.cn/public_html/Application/Admin/Controller/IndexController.class.php 第 105 行.
SQL: SHOW COLUMNS FROM `flyin_services` [ RunTime:0.0011s ]
SQL: select count(a.servicecategory_id) as num,c.name,c.id from flyin_services a,flyin_servicecategory c where a.servicecategory_id=c.id group by c.name order by c.id desc [ RunTime:0.0001s ]
NOTIC: [8] Use of undefined constant goods - assumed 'goods' /home/flyindat/domains/flyindata.com.cn/public_html/Application/Admin/Controller/IndexController.class.php 第 110 行.
SQL: select count(a.cat_id) as num,c.cat_name,c.cat_id from flyin_goods a,flyin_category c where a.cat_id=c.cat_id group by c.cat_name order by c.cat_id desc [ RunTime:0.0001s ]
NOTIC: [8] Use of undefined constant banners - assumed 'banners' /home/flyindat/domains/flyindata.com.cn/public_html/Application/Admin/Controller/IndexController.class.php 第 114 行.
SQL: SHOW COLUMNS FROM `flyin_banners` [ RunTime:0.0011s ]
SQL: select count(a.bannercategory_id) as num,c.name,c.id from flyin_banners a,flyin_bannercategory c where a.bannercategory_id=c.id group by c.name order by c.id desc [ RunTime:0.0001s ]
INFO: [ view_parse ] --START--
INFO: [ template_filter ] --START--
INFO: Run Behavior\ContentReplaceBehavior [ RunTime:0.000123s ]
INFO: [ template_filter ] --END-- [ RunTime:0.000242s ]
NOTIC: [8] Undefined variable: admin_name /home/flyindat/domains/flyindata.com.cn/public_html/Application/Runtime/Cache/Admin/b595b808c2ebeeeb0478ffc30bb4e87a.php 第 32 行.
NOTIC: [8] Use of undefined constant goods_name - assumed 'goods_name' /home/flyindat/domains/flyindata.com.cn/public_html/Application/Runtime/Cache/Admin/b595b808c2ebeeeb0478ffc30bb4e87a.php 第 258 行.
NOTIC: [8] Use of undefined constant hits - assumed 'hits' /home/flyindat/domains/flyindata.com.cn/public_html/Application/Runtime/Cache/Admin/b595b808c2ebeeeb0478ffc30bb4e87a.php 第 259 行.
NOTIC: [8] Use of undefined constant goods_name - assumed 'goods_name' /home/flyindat/domains/flyindata.com.cn/public_html/Application/Runtime/Cache/Admin/b595b808c2ebeeeb0478ffc30bb4e87a.php 第 263 行.
NOTIC: [8] Use of undefined constant hits - assumed 'hits' /home/flyindat/domains/flyindata.com.cn/public_html/Application/Runtime/Cache/Admin/b595b808c2ebeeeb0478ffc30bb4e87a.php 第 264 行.
NOTIC: [8] Use of undefined constant goods_name - assumed 'goods_name' /home/flyindat/domains/flyindata.com.cn/public_html/Application/Runtime/Cache/Admin/b595b808c2ebeeeb0478ffc30bb4e87a.php 第 268 行.
NOTIC: [8] Use of undefined constant hits - assumed 'hits' /home/flyindat/domains/flyindata.com.cn/public_html/Application/Runtime/Cache/Admin/b595b808c2ebeeeb0478ffc30bb4e87a.php 第 269 行.
NOTIC: [8] Use of undefined constant goods_name - assumed 'goods_name' /home/flyindat/domains/flyindata.com.cn/public_html/Application/Runtime/Cache/Admin/b595b808c2ebeeeb0478ffc30bb4e87a.php 第 273 行.
INFO: Run Behavior\ParseTemplateBehavior [ RunTime:0.029345s ]
INFO: [ view_parse ] --END-- [ RunTime:0.029429s ]
INFO: [ view_filter ] --START--
INFO: Run Behavior\WriteHtmlCacheBehavior [ RunTime:0.000438s ]
INFO: Run Behavior\TokenBuildBehavior [ RunTime:0.000428s ]
INFO: [ view_filter ] --END-- [ RunTime:0.001019s ]
INFO: [ app_end ] --START--
INFO: Run Behavior\ShowPageTraceBehavior [ RunTime:0.000591s ]
INFO: [ app_end ] --END-- [ RunTime:0.000659s ]
NOTIC: [8] Constant URL_COMPAT already defined /home/flyindat/domains/flyindata.com.cn/public_html/index.php 第 33 行.

[ 2017-10-16T18:26:07+08:00 ] 59.40.65.109 /Admin/Pdf/index.html
INFO: [ app_init ] --START--
INFO: Run Behavior\BuildLiteBehavior [ RunTime:0.000025s ]
INFO: [ app_init ] --END-- [ RunTime:0.000510s ]
INFO: [ app_begin ] --START--
INFO: Run Behavior\ReadHtmlCacheBehavior [ RunTime:0.000600s ]
INFO: Run Behavior\GetcodingBehavior [ RunTime:0.000318s ]
INFO: [ app_begin ] --END-- [ RunTime:0.001035s ]
SQL: SHOW COLUMNS FROM `flyin_goods` [ RunTime:0.0027s ]
SQL: SELECT COUNT(*) AS tp_count FROM `flyin_goods` LIMIT 1   [ RunTime:0.0001s ]
NOTIC: [8] Use of undefined constant yes - assumed 'yes' /home/flyindat/domains/flyindata.com.cn/public_html/Application/Admin/Controller/CommonController.class.php 第 24 行.
SQL: SELECT COUNT(*) AS tp_count FROM `flyin_goods` WHERE `hot` = 'yes' LIMIT 1   [ RunTime:0.0001s ]
NOTIC: [8] Undefined index: keywords /home/flyindat/domains/flyindata.com.cn/public_html/Application/Admin/Controller/PdfController.class.php 第 8 行.
SQL: SHOW COLUMNS FROM `flyin_goods` [ RunTime:0.0019s ]
SQL: SELECT * FROM `flyin_goods` WHERE ( goods_pdf like '%%' &&  goods_pdf!= ''   ) ORDER BY goods_id  [ RunTime:0.0008s ]
INFO: [ view_parse ] --START--
INFO: [ template_filter ] --START--
INFO: Run Behavior\ContentReplaceBehavior [ RunTime:0.000094s ]
INFO: [ template_filter ] --END-- [ RunTime:0.000186s ]
NOTIC: [8] Undefined variable: admin_name /home/flyindat/domains/flyindata.com.cn/public_html/Application/Runtime/Cache/Admin/321e58a49ba886f62cd30ed606b505fe.php 第 32 行.
INFO: Run Behavior\ParseTemplateBehavior [ RunTime:0.024926s ]
INFO: [ view_parse ] --END-- [ RunTime:0.025024s ]
INFO: [ view_filter ] --START--
INFO: Run Behavior\WriteHtmlCacheBehavior [ RunTime:0.000317s ]
INFO: Run Behavior\TokenBuildBehavior [ RunTime:0.000421s ]
INFO: [ view_filter ] --END-- [ RunTime:0.000834s ]
INFO: [ app_end ] --START--
INFO: Run Behavior\ShowPageTraceBehavior [ RunTime:0.000582s ]
INFO: [ app_end ] --END-- [ RunTime:0.000646s ]
NOTIC: [8] Constant URL_COMPAT already defined /home/flyindat/domains/flyindata.com.cn/public_html/index.php 第 33 行.

[ 2017-10-16T18:26:29+08:00 ] 59.40.65.109 /Admin/Goods/view.html
INFO: [ app_init ] --START--
INFO: Run Behavior\BuildLiteBehavior [ RunTime:0.000024s ]
INFO: [ app_init ] --END-- [ RunTime:0.000493s ]
INFO: [ app_begin ] --START--
INFO: Run Behavior\ReadHtmlCacheBehavior [ RunTime:0.000625s ]
INFO: Run Behavior\GetcodingBehavior [ RunTime:0.000312s ]
INFO: [ app_begin ] --END-- [ RunTime:0.001053s ]
SQL: SHOW COLUMNS FROM `flyin_goods` [ RunTime:0.0029s ]
SQL: SELECT COUNT(*) AS tp_count FROM `flyin_goods` LIMIT 1   [ RunTime:0.0001s ]
NOTIC: [8] Use of undefined constant yes - assumed 'yes' /home/flyindat/domains/flyindata.com.cn/public_html/Application/Admin/Controller/CommonController.class.php 第 24 行.
SQL: SELECT COUNT(*) AS tp_count FROM `flyin_goods` WHERE `hot` = 'yes' LIMIT 1   [ RunTime:0.0001s ]
SQL: SHOW COLUMNS FROM `flyin_goods` [ RunTime:0.0017s ]
SQL: SHOW COLUMNS FROM `flyin_goods` [ RunTime:0.0017s ]
SQL: SELECT COUNT(*) AS tp_count FROM flyin_goods as g LIMIT 1   [ RunTime:0.0001s ]
SQL: SHOW COLUMNS FROM `flyin_goods` [ RunTime:0.0017s ]
SQL: SELECT g.*,c.cat_name FROM flyin_goods as g LEFT JOIN flyin_category as c ON g.cat_id = c.cat_id  ORDER BY g.hot asc LIMIT 0,10   [ RunTime:0.0007s ]
INFO: [ view_parse ] --START--
INFO: [ template_filter ] --START--
INFO: Run Behavior\ContentReplaceBehavior [ RunTime:0.000120s ]
INFO: [ template_filter ] --END-- [ RunTime:0.000211s ]
NOTIC: [8] Undefined variable: admin_name /home/flyindat/domains/flyindata.com.cn/public_html/Application/Runtime/Cache/Admin/84f1686bb48cfda6a91f8554266eb444.php 第 32 行.
INFO: Run Behavior\ParseTemplateBehavior [ RunTime:0.029026s ]
INFO: [ view_parse ] --END-- [ RunTime:0.029100s ]
INFO: [ view_filter ] --START--
INFO: Run Behavior\WriteHtmlCacheBehavior [ RunTime:0.000337s ]
INFO: Run Behavior\TokenBuildBehavior [ RunTime:0.000416s ]
INFO: [ view_filter ] --END-- [ RunTime:0.000850s ]
INFO: [ app_end ] --START--
INFO: Run Behavior\ShowPageTraceBehavior [ RunTime:0.000576s ]
INFO: [ app_end ] --END-- [ RunTime:0.000638s ]
NOTIC: [8] Constant URL_COMPAT already defined /home/flyindat/domains/flyindata.com.cn/public_html/index.php 第 33 行.

[ 2017-10-16T18:26:29+08:00 ] 27.38.28.218 /Admin/Goods/qrcode2/goods_id/9.html
INFO: [ app_init ] --START--
INFO: Run Behavior\BuildLiteBehavior [ RunTime:0.000025s ]
INFO: [ app_init ] --END-- [ RunTime:0.000516s ]
INFO: [ app_begin ] --START--
INFO: Run Behavior\ReadHtmlCacheBehavior [ RunTime:0.000966s ]
INFO: Run Behavior\GetcodingBehavior [ RunTime:0.000526s ]
INFO: [ app_begin ] --END-- [ RunTime:0.001693s ]
SQL: SHOW COLUMNS FROM `flyin_goods` [ RunTime:0.0031s ]
SQL: SELECT COUNT(*) AS tp_count FROM `flyin_goods` LIMIT 1   [ RunTime:0.0001s ]
NOTIC: [8] Use of undefined constant yes - assumed 'yes' /home/flyindat/domains/flyindata.com.cn/public_html/Application/Admin/Controller/CommonController.class.php 第 24 行.
SQL: SELECT COUNT(*) AS tp_count FROM `flyin_goods` WHERE `hot` = 'yes' LIMIT 1   [ RunTime:0.0001s ]
INFO: [ app_end ] --START--
INFO: Run Behavior\ShowPageTraceBehavior [ RunTime:0.000649s ]
INFO: [ app_end ] --END-- [ RunTime:0.000813s ]
NOTIC: [8] Constant URL_COMPAT already defined /home/flyindat/domains/flyindata.com.cn/public_html/index.php 第 33 行.

[ 2017-10-16T18:26:30+08:00 ] 59.40.65.109 /Admin/Goods/qrcode2/goods_id/13.html
INFO: [ app_init ] --START--
INFO: Run Behavior\BuildLiteBehavior [ RunTime:0.000022s ]
INFO: [ app_init ] --END-- [ RunTime:0.000498s ]
INFO: [ app_begin ] --START--
INFO: Run Behavior\ReadHtmlCacheBehavior [ RunTime:0.000580s ]
INFO: Run Behavior\GetcodingBehavior [ RunTime:0.000334s ]
INFO: [ app_begin ] --END-- [ RunTime:0.001033s ]
SQL: SHOW COLUMNS FROM `flyin_goods` [ RunTime:0.0029s ]
SQL: SELECT COUNT(*) AS tp_count FROM `flyin_goods` LIMIT 1   [ RunTime:0.0002s ]
NOTIC: [8] Use of undefined constant yes - assumed 'yes' /home/flyindat/domains/flyindata.com.cn/public_html/Application/Admin/Controller/CommonController.class.php 第 24 行.
SQL: SELECT COUNT(*) AS tp_count FROM `flyin_goods` WHERE `hot` = 'yes' LIMIT 1   [ RunTime:0.0001s ]
INFO: [ app_end ] --START--
INFO: Run Behavior\ShowPageTraceBehavior [ RunTime:0.000778s ]
INFO: [ app_end ] --END-- [ RunTime:0.000887s ]
NOTIC: [8] Constant URL_COMPAT already defined /home/flyindat/domains/flyindata.com.cn/public_html/index.php 第 33 行.

[ 2017-10-16T18:26:30+08:00 ] 59.40.65.109 /Admin/Goods/qrcode2/goods_id/15.html
INFO: [ app_init ] --START--
INFO: Run Behavior\BuildLiteBehavior [ RunTime:0.000021s ]
INFO: [ app_init ] --END-- [ RunTime:0.000578s ]
INFO: [ app_begin ] --START--
INFO: Run Behavior\ReadHtmlCacheBehavior [ RunTime:0.000659s ]
INFO: Run Behavior\GetcodingBehavior [ RunTime:0.000330s ]
INFO: [ app_begin ] --END-- [ RunTime:0.001111s ]
SQL: SHOW COLUMNS FROM `flyin_goods` [ RunTime:0.0021s ]
SQL: SELECT COUNT(*) AS tp_count FROM `flyin_goods` LIMIT 1   [ RunTime:0.0002s ]
NOTIC: [8] Use of undefined constant yes - assumed 'yes' /home/flyindat/domains/flyindata.com.cn/public_html/Application/Admin/Controller/CommonController.class.php 第 24 行.
SQL: SELECT COUNT(*) AS tp_count FROM `flyin_goods` WHERE `hot` = 'yes' LIMIT 1   [ RunTime:0.0002s ]
INFO: [ app_end ] --START--
INFO: Run Behavior\ShowPageTraceBehavior [ RunTime:0.000739s ]
INFO: [ app_end ] --END-- [ RunTime:0.000978s ]
NOTIC: [8] Constant URL_COMPAT already defined /home/flyindat/domains/flyindata.com.cn/public_html/index.php 第 33 行.

[ 2017-10-16T18:26:30+08:00 ] 27.38.28.218 /Admin/Goods/qrcode2/goods_id/18.html
INFO: [ app_init ] --START--
INFO: Run Behavior\BuildLiteBehavior [ RunTime:0.000019s ]
INFO: [ app_init ] --END-- [ RunTime:0.000502s ]
INFO: [ app_begin ] --START--
INFO: Run Behavior\ReadHtmlCacheBehavior [ RunTime:0.000585s ]
INFO: Run Behavior\GetcodingBehavior [ RunTime:0.000333s ]
INFO: [ app_begin ] --END-- [ RunTime:0.001034s ]
SQL: SHOW COLUMNS FROM `flyin_goods` [ RunTime:0.0022s ]
SQL: SELECT COUNT(*) AS tp_count FROM `flyin_goods` LIMIT 1   [ RunTime:0.0002s ]
NOTIC: [8] Use of undefined constant yes - assumed 'yes' /home/flyindat/domains/flyindata.com.cn/public_html/Application/Admin/Controller/CommonController.class.php 第 24 行.
SQL: SELECT COUNT(*) AS tp_count FROM `flyin_goods` WHERE `hot` = 'yes' LIMIT 1   [ RunTime:0.0001s ]
INFO: [ app_end ] --START--
INFO: Run Behavior\ShowPageTraceBehavior [ RunTime:0.000853s ]
INFO: [ app_end ] --END-- [ RunTime:0.000990s ]
NOTIC: [8] Constant URL_COMPAT already defined /home/flyindat/domains/flyindata.com.cn/public_html/index.php 第 33 行.

[ 2017-10-16T18:26:30+08:00 ] 59.40.65.109 /Admin/Goods/qrcode2/goods_id/17.html
INFO: [ app_init ] --START--
INFO: Run Behavior\BuildLiteBehavior [ RunTime:0.000022s ]
INFO: [ app_init ] --END-- [ RunTime:0.000529s ]
INFO: [ app_begin ] --START--
INFO: Run Behavior\ReadHtmlCacheBehavior [ RunTime:0.000647s ]
INFO: Run Behavior\GetcodingBehavior [ RunTime:0.000417s ]
INFO: [ app_begin ] --END-- [ RunTime:0.001180s ]
SQL: SHOW COLUMNS FROM `flyin_goods` [ RunTime:0.0028s ]
SQL: SELECT COUNT(*) AS tp_count FROM `flyin_goods` LIMIT 1   [ RunTime:0.0002s ]
NOTIC: [8] Use of undefined constant yes - assumed 'yes' /home/flyindat/domains/flyindata.com.cn/public_html/Application/Admin/Controller/CommonController.class.php 第 24 行.
SQL: SELECT COUNT(*) AS tp_count FROM `flyin_goods` WHERE `hot` = 'yes' LIMIT 1   [ RunTime:0.0002s ]
INFO: [ app_end ] --START--
INFO: Run Behavior\ShowPageTraceBehavior [ RunTime:0.001066s ]
INFO: [ app_end ] --END-- [ RunTime:0.001260s ]
NOTIC: [8] Constant URL_COMPAT already defined /home/flyindat/domains/flyindata.com.cn/public_html/index.php 第 33 行.

[ 2017-10-16T18:26:30+08:00 ] 27.38.28.218 /Admin/Goods/qrcode2/goods_id/20.html
INFO: [ app_init ] --START--
INFO: Run Behavior\BuildLiteBehavior [ RunTime:0.000021s ]
INFO: [ app_init ] --END-- [ RunTime:0.000469s ]
INFO: [ app_begin ] --START--
INFO: Run Behavior\ReadHtmlCacheBehavior [ RunTime:0.000575s ]
INFO: Run Behavior\GetcodingBehavior [ RunTime:0.000342s ]
INFO: [ app_begin ] --END-- [ RunTime:0.001031s ]
SQL: SHOW COLUMNS FROM `flyin_goods` [ RunTime:0.0035s ]
SQL: SELECT COUNT(*) AS tp_count FROM `flyin_goods` LIMIT 1   [ RunTime:0.0002s ]
NOTIC: [8] Use of undefined constant yes - assumed 'yes' /home/flyindat/domains/flyindata.com.cn/public_html/Application/Admin/Controller/CommonController.class.php 第 24 行.
SQL: SELECT COUNT(*) AS tp_count FROM `flyin_goods` WHERE `hot` = 'yes' LIMIT 1   [ RunTime:0.0001s ]
INFO: [ app_end ] --START--
INFO: Run Behavior\ShowPageTraceBehavior [ RunTime:0.000731s ]
INFO: [ app_end ] --END-- [ RunTime:0.000847s ]
NOTIC: [8] Constant URL_COMPAT already defined /home/flyindat/domains/flyindata.com.cn/public_html/index.php 第 33 行.

[ 2017-10-16T18:26:30+08:00 ] 59.40.65.109 /Admin/Goods/qrcode2/goods_id/21.html
INFO: [ app_init ] --START--
INFO: Run Behavior\BuildLiteBehavior [ RunTime:0.000027s ]
INFO: [ app_init ] --END-- [ RunTime:0.000499s ]
INFO: [ app_begin ] --START--
INFO: Run Behavior\ReadHtmlCacheBehavior [ RunTime:0.000615s ]
INFO: Run Behavior\GetcodingBehavior [ RunTime:0.000341s ]
INFO: [ app_begin ] --END-- [ RunTime:0.001074s ]
SQL: SHOW COLUMNS FROM `flyin_goods` [ RunTime:0.0031s ]
SQL: SELECT COUNT(*) AS tp_count FROM `flyin_goods` LIMIT 1   [ RunTime:0.0001s ]
NOTIC: [8] Use of undefined constant yes - assumed 'yes' /home/flyindat/domains/flyindata.com.cn/public_html/Application/Admin/Controller/CommonController.class.php 第 24 行.
SQL: SELECT COUNT(*) AS tp_count FROM `flyin_goods` WHERE `hot` = 'yes' LIMIT 1   [ RunTime:0.0001s ]
INFO: [ app_end ] --START--
INFO: Run Behavior\ShowPageTraceBehavior [ RunTime:0.000700s ]
INFO: [ app_end ] --END-- [ RunTime:0.000805s ]
NOTIC: [8] Constant URL_COMPAT already defined /home/flyindat/domains/flyindata.com.cn/public_html/index.php 第 33 行.

[ 2017-10-16T18:26:30+08:00 ] 59.40.65.109 /Admin/Goods/qrcode2/goods_id/19.html
INFO: [ app_init ] --START--
INFO: Run Behavior\BuildLiteBehavior [ RunTime:0.000026s ]
INFO: [ app_init ] --END-- [ RunTime:0.000498s ]
INFO: [ app_begin ] --START--
INFO: Run Behavior\ReadHtmlCacheBehavior [ RunTime:0.000655s ]
INFO: Run Behavior\GetcodingBehavior [ RunTime:0.000345s ]
INFO: [ app_begin ] --END-- [ RunTime:0.001117s ]
SQL: SHOW COLUMNS FROM `flyin_goods` [ RunTime:0.0022s ]
SQL: SELECT COUNT(*) AS tp_count FROM `flyin_goods` LIMIT 1   [ RunTime:0.0001s ]
NOTIC: [8] Use of undefined constant yes - assumed 'yes' /home/flyindat/domains/flyindata.com.cn/public_html/Application/Admin/Controller/CommonController.class.php 第 24 行.
SQL: SELECT COUNT(*) AS tp_count FROM `flyin_goods` WHERE `hot` = 'yes' LIMIT 1   [ RunTime:0.0001s ]
INFO: [ app_end ] --START--
INFO: Run Behavior\ShowPageTraceBehavior [ RunTime:0.000631s ]
INFO: [ app_end ] --END-- [ RunTime:0.000731s ]
NOTIC: [8] Constant URL_COMPAT already defined /home/flyindat/domains/flyindata.com.cn/public_html/index.php 第 33 行.

[ 2017-10-16T18:26:30+08:00 ] 59.40.65.109 /Admin/Goods/qrcode2/goods_id/23.html
INFO: [ app_init ] --START--
INFO: Run Behavior\BuildLiteBehavior [ RunTime:0.000023s ]
INFO: [ app_init ] --END-- [ RunTime:0.000519s ]
INFO: [ app_begin ] --START--
INFO: Run Behavior\ReadHtmlCacheBehavior [ RunTime:0.000607s ]
INFO: Run Behavior\GetcodingBehavior [ RunTime:0.000359s ]
INFO: [ app_begin ] --END-- [ RunTime:0.001085s ]
SQL: SHOW COLUMNS FROM `flyin_goods` [ RunTime:0.0023s ]
SQL: SELECT COUNT(*) AS tp_count FROM `flyin_goods` LIMIT 1   [ RunTime:0.0002s ]
NOTIC: [8] Use of undefined constant yes - assumed 'yes' /home/flyindat/domains/flyindata.com.cn/public_html/Application/Admin/Controller/CommonController.class.php 第 24 行.
SQL: SELECT COUNT(*) AS tp_count FROM `flyin_goods` WHERE `hot` = 'yes' LIMIT 1   [ RunTime:0.0002s ]
INFO: [ app_end ] --START--
INFO: Run Behavior\ShowPageTraceBehavior [ RunTime:0.000770s ]
INFO: [ app_end ] --END-- [ RunTime:0.000880s ]
NOTIC: [8] Constant URL_COMPAT already defined /home/flyindat/domains/flyindata.com.cn/public_html/index.php 第 33 行.

[ 2017-10-16T18:26:30+08:00 ] 27.38.28.218 /Admin/Goods/qrcode2/goods_id/39.html
INFO: [ app_init ] --START--
INFO: Run Behavior\BuildLiteBehavior [ RunTime:0.000020s ]
INFO: [ app_init ] --END-- [ RunTime:0.000486s ]
INFO: [ app_begin ] --START--
INFO: Run Behavior\ReadHtmlCacheBehavior [ RunTime:0.000602s ]
INFO: Run Behavior\GetcodingBehavior [ RunTime:0.000331s ]
INFO: [ app_begin ] --END-- [ RunTime:0.001049s ]
SQL: SHOW COLUMNS FROM `flyin_goods` [ RunTime:0.0022s ]
SQL: SELECT COUNT(*) AS tp_count FROM `flyin_goods` LIMIT 1   [ RunTime:0.0001s ]
NOTIC: [8] Use of undefined constant yes - assumed 'yes' /home/flyindat/domains/flyindata.com.cn/public_html/Application/Admin/Controller/CommonController.class.php 第 24 行.
SQL: SELECT COUNT(*) AS tp_count FROM `flyin_goods` WHERE `hot` = 'yes' LIMIT 1   [ RunTime:0.0001s ]
INFO: [ app_end ] --START--
INFO: Run Behavior\ShowPageTraceBehavior [ RunTime:0.000731s ]
INFO: [ app_end ] --END-- [ RunTime:0.000860s ]
NOTIC: [8] Constant URL_COMPAT already defined /home/flyindat/domains/flyindata.com.cn/public_html/index.php 第 33 行.

