[ 2017-11-03T10:13:22+08:00 ] 163.172.177.67 /admin/phpmyadmin/scripts/setup.php
INFO: [ app_init ] --START--
INFO: Run Behavior\BuildLiteBehavior [ RunTime:0.000020s ]
INFO: [ app_init ] --END-- [ RunTime:0.000472s ]
INFO: [ app_begin ] --START--
INFO: Run Behavior\ReadHtmlCacheBehavior [ RunTime:0.000615s ]
INFO: Run Behavior\GetcodingBehavior [ RunTime:0.000363s ]
INFO: [ app_begin ] --END-- [ RunTime:0.001093s ]
ERR: 无法加载控制器:Phpmyadmin
NOTIC: [2] include(): Filename cannot be empty /home/flyindat/domains/flyindata.com.cn/public_html/ThinkPHP/Library/Think/Think.class.php 第 314 行.
NOTIC: [2] include(): Filename cannot be empty /home/flyindat/domains/flyindata.com.cn/public_html/ThinkPHP/Library/Think/Think.class.php 第 314 行.
NOTIC: [2] include(): Failed opening '' for inclusion (include_path='.:/usr/local/php53/lib/php') /home/flyindat/domains/flyindata.com.cn/public_html/ThinkPHP/Library/Think/Think.class.php 第 314 行.

[ 2017-11-03T10:13:23+08:00 ] 163.172.177.67 /admin/phpMyAdmin/scripts/setup.php
INFO: [ app_init ] --START--
INFO: Run Behavior\BuildLiteBehavior [ RunTime:0.000022s ]
INFO: [ app_init ] --END-- [ RunTime:0.000476s ]
INFO: [ app_begin ] --START--
INFO: Run Behavior\ReadHtmlCacheBehavior [ RunTime:0.000585s ]
INFO: Run Behavior\GetcodingBehavior [ RunTime:0.000328s ]
INFO: [ app_begin ] --END-- [ RunTime:0.001028s ]
ERR: 无法加载控制器:PhpMyAdmin
NOTIC: [2] include(): Filename cannot be empty /home/flyindat/domains/flyindata.com.cn/public_html/ThinkPHP/Library/Think/Think.class.php 第 314 行.
NOTIC: [2] include(): Filename cannot be empty /home/flyindat/domains/flyindata.com.cn/public_html/ThinkPHP/Library/Think/Think.class.php 第 314 行.
NOTIC: [2] include(): Failed opening '' for inclusion (include_path='.:/usr/local/php53/lib/php') /home/flyindat/domains/flyindata.com.cn/public_html/ThinkPHP/Library/Think/Think.class.php 第 314 行.

[ 2017-11-03T10:13:23+08:00 ] 163.172.177.67 /admin/scripts/setup.php
INFO: [ app_init ] --START--
INFO: Run Behavior\BuildLiteBehavior [ RunTime:0.000025s ]
INFO: [ app_init ] --END-- [ RunTime:0.000545s ]
INFO: [ app_begin ] --START--
INFO: Run Behavior\ReadHtmlCacheBehavior [ RunTime:0.000623s ]
INFO: Run Behavior\GetcodingBehavior [ RunTime:0.000375s ]
INFO: [ app_begin ] --END-- [ RunTime:0.001118s ]
ERR: 无法加载控制器:Scripts
NOTIC: [2] include(): Filename cannot be empty /home/flyindat/domains/flyindata.com.cn/public_html/ThinkPHP/Library/Think/Think.class.php 第 314 行.
NOTIC: [2] include(): Filename cannot be empty /home/flyindat/domains/flyindata.com.cn/public_html/ThinkPHP/Library/Think/Think.class.php 第 314 行.
NOTIC: [2] include(): Failed opening '' for inclusion (include_path='.:/usr/local/php53/lib/php') /home/flyindat/domains/flyindata.com.cn/public_html/ThinkPHP/Library/Think/Think.class.php 第 314 行.

[ 2017-11-03T12:14:09+08:00 ] 85.125.81.189 /admin/phpmyadmin/scripts/setup.php
INFO: [ app_init ] --START--
INFO: Run Behavior\BuildLiteBehavior [ RunTime:0.000024s ]
INFO: [ app_init ] --END-- [ RunTime:0.000507s ]
INFO: [ app_begin ] --START--
INFO: Run Behavior\ReadHtmlCacheBehavior [ RunTime:0.000884s ]
INFO: Run Behavior\GetcodingBehavior [ RunTime:0.000503s ]
INFO: [ app_begin ] --END-- [ RunTime:0.001557s ]
ERR: 无法加载控制器:Phpmyadmin
NOTIC: [2] include(): Filename cannot be empty /home/flyindat/domains/flyindata.com.cn/public_html/ThinkPHP/Library/Think/Think.class.php 第 314 行.
NOTIC: [2] include(): Filename cannot be empty /home/flyindat/domains/flyindata.com.cn/public_html/ThinkPHP/Library/Think/Think.class.php 第 314 行.
NOTIC: [2] include(): Failed opening '' for inclusion (include_path='.:/usr/local/php53/lib/php') /home/flyindat/domains/flyindata.com.cn/public_html/ThinkPHP/Library/Think/Think.class.php 第 314 行.

[ 2017-11-03T12:14:10+08:00 ] 85.125.81.189 /admin/phpMyAdmin/scripts/setup.php
INFO: [ app_init ] --START--
INFO: Run Behavior\BuildLiteBehavior [ RunTime:0.000028s ]
INFO: [ app_init ] --END-- [ RunTime:0.000542s ]
INFO: [ app_begin ] --START--
INFO: Run Behavior\ReadHtmlCacheBehavior [ RunTime:0.000575s ]
INFO: Run Behavior\GetcodingBehavior [ RunTime:0.000407s ]
INFO: [ app_begin ] --END-- [ RunTime:0.001111s ]
ERR: 无法加载控制器:PhpMyAdmin
NOTIC: [2] include(): Filename cannot be empty /home/flyindat/domains/flyindata.com.cn/public_html/ThinkPHP/Library/Think/Think.class.php 第 314 行.
NOTIC: [2] include(): Filename cannot be empty /home/flyindat/domains/flyindata.com.cn/public_html/ThinkPHP/Library/Think/Think.class.php 第 314 行.
NOTIC: [2] include(): Failed opening '' for inclusion (include_path='.:/usr/local/php53/lib/php') /home/flyindat/domains/flyindata.com.cn/public_html/ThinkPHP/Library/Think/Think.class.php 第 314 行.

[ 2017-11-03T12:14:10+08:00 ] 85.125.81.189 /admin/scripts/setup.php
INFO: [ app_init ] --START--
INFO: Run Behavior\BuildLiteBehavior [ RunTime:0.000021s ]
INFO: [ app_init ] --END-- [ RunTime:0.000498s ]
INFO: [ app_begin ] --START--
INFO: Run Behavior\ReadHtmlCacheBehavior [ RunTime:0.000598s ]
INFO: Run Behavior\GetcodingBehavior [ RunTime:0.000324s ]
INFO: [ app_begin ] --END-- [ RunTime:0.001041s ]
ERR: 无法加载控制器:Scripts
NOTIC: [2] include(): Filename cannot be empty /home/flyindat/domains/flyindata.com.cn/public_html/ThinkPHP/Library/Think/Think.class.php 第 314 行.
NOTIC: [2] include(): Filename cannot be empty /home/flyindat/domains/flyindata.com.cn/public_html/ThinkPHP/Library/Think/Think.class.php 第 314 行.
NOTIC: [2] include(): Failed opening '' for inclusion (include_path='.:/usr/local/php53/lib/php') /home/flyindat/domains/flyindata.com.cn/public_html/ThinkPHP/Library/Think/Think.class.php 第 314 行.

[ 2017-11-03T12:52:42+08:00 ] 163.172.177.67 /admin/phpmyadmin/scripts/setup.php
INFO: [ app_init ] --START--
INFO: Run Behavior\BuildLiteBehavior [ RunTime:0.000021s ]
INFO: [ app_init ] --END-- [ RunTime:0.000533s ]
INFO: [ app_begin ] --START--
INFO: Run Behavior\ReadHtmlCacheBehavior [ RunTime:0.000680s ]
INFO: Run Behavior\GetcodingBehavior [ RunTime:0.000328s ]
INFO: [ app_begin ] --END-- [ RunTime:0.001137s ]
ERR: 无法加载控制器:Phpmyadmin
NOTIC: [2] include(): Filename cannot be empty /home/flyindat/domains/flyindata.com.cn/public_html/ThinkPHP/Library/Think/Think.class.php 第 314 行.
NOTIC: [2] include(): Filename cannot be empty /home/flyindat/domains/flyindata.com.cn/public_html/ThinkPHP/Library/Think/Think.class.php 第 314 行.
NOTIC: [2] include(): Failed opening '' for inclusion (include_path='.:/usr/local/php53/lib/php') /home/flyindat/domains/flyindata.com.cn/public_html/ThinkPHP/Library/Think/Think.class.php 第 314 行.

[ 2017-11-03T12:52:42+08:00 ] 163.172.177.67 /admin/phpmyadmin/scripts/setup.php
INFO: [ app_init ] --START--
INFO: Run Behavior\BuildLiteBehavior [ RunTime:0.000028s ]
INFO: [ app_init ] --END-- [ RunTime:0.000564s ]
INFO: [ app_begin ] --START--
INFO: Run Behavior\ReadHtmlCacheBehavior [ RunTime:0.000610s ]
INFO: Run Behavior\GetcodingBehavior [ RunTime:0.000330s ]
INFO: [ app_begin ] --END-- [ RunTime:0.001063s ]
ERR: 无法加载控制器:Phpmyadmin
NOTIC: [2] include(): Filename cannot be empty /home/flyindat/domains/flyindata.com.cn/public_html/ThinkPHP/Library/Think/Think.class.php 第 314 行.
NOTIC: [2] include(): Filename cannot be empty /home/flyindat/domains/flyindata.com.cn/public_html/ThinkPHP/Library/Think/Think.class.php 第 314 行.
NOTIC: [2] include(): Failed opening '' for inclusion (include_path='.:/usr/local/php53/lib/php') /home/flyindat/domains/flyindata.com.cn/public_html/ThinkPHP/Library/Think/Think.class.php 第 314 行.

[ 2017-11-03T12:52:42+08:00 ] 163.172.177.67 /admin/phpMyAdmin/scripts/setup.php
INFO: [ app_init ] --START--
INFO: Run Behavior\BuildLiteBehavior [ RunTime:0.000022s ]
INFO: [ app_init ] --END-- [ RunTime:0.000537s ]
INFO: [ app_begin ] --START--
INFO: Run Behavior\ReadHtmlCacheBehavior [ RunTime:0.000617s ]
INFO: Run Behavior\GetcodingBehavior [ RunTime:0.000334s ]
INFO: [ app_begin ] --END-- [ RunTime:0.001068s ]
ERR: 无法加载控制器:PhpMyAdmin
NOTIC: [2] include(): Filename cannot be empty /home/flyindat/domains/flyindata.com.cn/public_html/ThinkPHP/Library/Think/Think.class.php 第 314 行.
NOTIC: [2] include(): Filename cannot be empty /home/flyindat/domains/flyindata.com.cn/public_html/ThinkPHP/Library/Think/Think.class.php 第 314 行.
NOTIC: [2] include(): Failed opening '' for inclusion (include_path='.:/usr/local/php53/lib/php') /home/flyindat/domains/flyindata.com.cn/public_html/ThinkPHP/Library/Think/Think.class.php 第 314 行.

[ 2017-11-03T12:52:42+08:00 ] 163.172.177.67 /admin/phpMyAdmin/scripts/setup.php
INFO: [ app_init ] --START--
INFO: Run Behavior\BuildLiteBehavior [ RunTime:0.000030s ]
INFO: [ app_init ] --END-- [ RunTime:0.000796s ]
INFO: [ app_begin ] --START--
INFO: Run Behavior\ReadHtmlCacheBehavior [ RunTime:0.000964s ]
INFO: Run Behavior\GetcodingBehavior [ RunTime:0.000554s ]
INFO: [ app_begin ] --END-- [ RunTime:0.001690s ]
ERR: 无法加载控制器:PhpMyAdmin
NOTIC: [2] include(): Filename cannot be empty /home/flyindat/domains/flyindata.com.cn/public_html/ThinkPHP/Library/Think/Think.class.php 第 314 行.
NOTIC: [2] include(): Filename cannot be empty /home/flyindat/domains/flyindata.com.cn/public_html/ThinkPHP/Library/Think/Think.class.php 第 314 行.
NOTIC: [2] include(): Failed opening '' for inclusion (include_path='.:/usr/local/php53/lib/php') /home/flyindat/domains/flyindata.com.cn/public_html/ThinkPHP/Library/Think/Think.class.php 第 314 行.

[ 2017-11-03T12:52:43+08:00 ] 163.172.177.67 /admin/scripts/setup.php
INFO: [ app_init ] --START--
INFO: Run Behavior\BuildLiteBehavior [ RunTime:0.000021s ]
INFO: [ app_init ] --END-- [ RunTime:0.000475s ]
INFO: [ app_begin ] --START--
INFO: Run Behavior\ReadHtmlCacheBehavior [ RunTime:0.000579s ]
INFO: Run Behavior\GetcodingBehavior [ RunTime:0.000359s ]
INFO: [ app_begin ] --END-- [ RunTime:0.001055s ]
ERR: 无法加载控制器:Scripts
NOTIC: [2] include(): Filename cannot be empty /home/flyindat/domains/flyindata.com.cn/public_html/ThinkPHP/Library/Think/Think.class.php 第 314 行.
NOTIC: [2] include(): Filename cannot be empty /home/flyindat/domains/flyindata.com.cn/public_html/ThinkPHP/Library/Think/Think.class.php 第 314 行.
NOTIC: [2] include(): Failed opening '' for inclusion (include_path='.:/usr/local/php53/lib/php') /home/flyindat/domains/flyindata.com.cn/public_html/ThinkPHP/Library/Think/Think.class.php 第 314 行.

[ 2017-11-03T12:52:43+08:00 ] 163.172.177.67 /admin/scripts/setup.php
INFO: [ app_init ] --START--
INFO: Run Behavior\BuildLiteBehavior [ RunTime:0.000026s ]
INFO: [ app_init ] --END-- [ RunTime:0.000624s ]
INFO: [ app_begin ] --START--
INFO: Run Behavior\ReadHtmlCacheBehavior [ RunTime:0.000677s ]
INFO: Run Behavior\GetcodingBehavior [ RunTime:0.000351s ]
INFO: [ app_begin ] --END-- [ RunTime:0.001155s ]
ERR: 无法加载控制器:Scripts
NOTIC: [2] include(): Filename cannot be empty /home/flyindat/domains/flyindata.com.cn/public_html/ThinkPHP/Library/Think/Think.class.php 第 314 行.
NOTIC: [2] include(): Filename cannot be empty /home/flyindat/domains/flyindata.com.cn/public_html/ThinkPHP/Library/Think/Think.class.php 第 314 行.
NOTIC: [2] include(): Failed opening '' for inclusion (include_path='.:/usr/local/php53/lib/php') /home/flyindat/domains/flyindata.com.cn/public_html/ThinkPHP/Library/Think/Think.class.php 第 314 行.

[ 2017-11-03T13:56:33+08:00 ] 85.125.81.189 /admin/phpmyadmin/scripts/setup.php
INFO: [ app_init ] --START--
INFO: Run Behavior\BuildLiteBehavior [ RunTime:0.000029s ]
INFO: [ app_init ] --END-- [ RunTime:0.000654s ]
INFO: [ app_begin ] --START--
INFO: Run Behavior\ReadHtmlCacheBehavior [ RunTime:0.000895s ]
INFO: Run Behavior\GetcodingBehavior [ RunTime:0.000524s ]
INFO: [ app_begin ] --END-- [ RunTime:0.001574s ]
ERR: 无法加载控制器:Phpmyadmin
NOTIC: [2] include(): Filename cannot be empty /home/flyindat/domains/flyindata.com.cn/public_html/ThinkPHP/Library/Think/Think.class.php 第 314 行.
NOTIC: [2] include(): Filename cannot be empty /home/flyindat/domains/flyindata.com.cn/public_html/ThinkPHP/Library/Think/Think.class.php 第 314 行.
NOTIC: [2] include(): Failed opening '' for inclusion (include_path='.:/usr/local/php53/lib/php') /home/flyindat/domains/flyindata.com.cn/public_html/ThinkPHP/Library/Think/Think.class.php 第 314 行.

[ 2017-11-03T13:56:33+08:00 ] 85.125.81.189 /admin/phpmyadmin/scripts/setup.php
INFO: [ app_init ] --START--
INFO: Run Behavior\BuildLiteBehavior [ RunTime:0.000036s ]
INFO: [ app_init ] --END-- [ RunTime:0.000793s ]
INFO: [ app_begin ] --START--
INFO: Run Behavior\ReadHtmlCacheBehavior [ RunTime:0.000939s ]
INFO: Run Behavior\GetcodingBehavior [ RunTime:0.000488s ]
INFO: [ app_begin ] --END-- [ RunTime:0.001608s ]
ERR: 无法加载控制器:Phpmyadmin
NOTIC: [2] include(): Filename cannot be empty /home/flyindat/domains/flyindata.com.cn/public_html/ThinkPHP/Library/Think/Think.class.php 第 314 行.
NOTIC: [2] include(): Filename cannot be empty /home/flyindat/domains/flyindata.com.cn/public_html/ThinkPHP/Library/Think/Think.class.php 第 314 行.
NOTIC: [2] include(): Failed opening '' for inclusion (include_path='.:/usr/local/php53/lib/php') /home/flyindat/domains/flyindata.com.cn/public_html/ThinkPHP/Library/Think/Think.class.php 第 314 行.

[ 2017-11-03T13:56:34+08:00 ] 85.125.81.189 /admin/phpMyAdmin/scripts/setup.php
INFO: [ app_init ] --START--
INFO: Run Behavior\BuildLiteBehavior [ RunTime:0.000025s ]
INFO: [ app_init ] --END-- [ RunTime:0.000514s ]
INFO: [ app_begin ] --START--
INFO: Run Behavior\ReadHtmlCacheBehavior [ RunTime:0.000609s ]
INFO: Run Behavior\GetcodingBehavior [ RunTime:0.000351s ]
INFO: [ app_begin ] --END-- [ RunTime:0.001091s ]
ERR: 无法加载控制器:PhpMyAdmin
NOTIC: [2] include(): Filename cannot be empty /home/flyindat/domains/flyindata.com.cn/public_html/ThinkPHP/Library/Think/Think.class.php 第 314 行.
NOTIC: [2] include(): Filename cannot be empty /home/flyindat/domains/flyindata.com.cn/public_html/ThinkPHP/Library/Think/Think.class.php 第 314 行.
NOTIC: [2] include(): Failed opening '' for inclusion (include_path='.:/usr/local/php53/lib/php') /home/flyindat/domains/flyindata.com.cn/public_html/ThinkPHP/Library/Think/Think.class.php 第 314 行.

[ 2017-11-03T13:56:34+08:00 ] 85.125.81.189 /admin/phpMyAdmin/scripts/setup.php
INFO: [ app_init ] --START--
INFO: Run Behavior\BuildLiteBehavior [ RunTime:0.000024s ]
INFO: [ app_init ] --END-- [ RunTime:0.000505s ]
INFO: [ app_begin ] --START--
INFO: Run Behavior\ReadHtmlCacheBehavior [ RunTime:0.000639s ]
INFO: Run Behavior\GetcodingBehavior [ RunTime:0.000346s ]
INFO: [ app_begin ] --END-- [ RunTime:0.001102s ]
ERR: 无法加载控制器:PhpMyAdmin
NOTIC: [2] include(): Filename cannot be empty /home/flyindat/domains/flyindata.com.cn/public_html/ThinkPHP/Library/Think/Think.class.php 第 314 行.
NOTIC: [2] include(): Filename cannot be empty /home/flyindat/domains/flyindata.com.cn/public_html/ThinkPHP/Library/Think/Think.class.php 第 314 行.
NOTIC: [2] include(): Failed opening '' for inclusion (include_path='.:/usr/local/php53/lib/php') /home/flyindat/domains/flyindata.com.cn/public_html/ThinkPHP/Library/Think/Think.class.php 第 314 行.

[ 2017-11-03T13:56:35+08:00 ] 85.125.81.189 /admin/scripts/setup.php
INFO: [ app_init ] --START--
INFO: Run Behavior\BuildLiteBehavior [ RunTime:0.000025s ]
INFO: [ app_init ] --END-- [ RunTime:0.000507s ]
INFO: [ app_begin ] --START--
INFO: Run Behavior\ReadHtmlCacheBehavior [ RunTime:0.000618s ]
INFO: Run Behavior\GetcodingBehavior [ RunTime:0.000340s ]
INFO: [ app_begin ] --END-- [ RunTime:0.001078s ]
ERR: 无法加载控制器:Scripts
NOTIC: [2] include(): Filename cannot be empty /home/flyindat/domains/flyindata.com.cn/public_html/ThinkPHP/Library/Think/Think.class.php 第 314 行.
NOTIC: [2] include(): Filename cannot be empty /home/flyindat/domains/flyindata.com.cn/public_html/ThinkPHP/Library/Think/Think.class.php 第 314 行.
NOTIC: [2] include(): Failed opening '' for inclusion (include_path='.:/usr/local/php53/lib/php') /home/flyindat/domains/flyindata.com.cn/public_html/ThinkPHP/Library/Think/Think.class.php 第 314 行.

[ 2017-11-03T13:56:36+08:00 ] 85.125.81.189 /admin/scripts/setup.php
INFO: [ app_init ] --START--
INFO: Run Behavior\BuildLiteBehavior [ RunTime:0.000032s ]
INFO: [ app_init ] --END-- [ RunTime:0.000549s ]
INFO: [ app_begin ] --START--
INFO: Run Behavior\ReadHtmlCacheBehavior [ RunTime:0.000625s ]
INFO: Run Behavior\GetcodingBehavior [ RunTime:0.000397s ]
INFO: [ app_begin ] --END-- [ RunTime:0.001139s ]
ERR: 无法加载控制器:Scripts
NOTIC: [2] include(): Filename cannot be empty /home/flyindat/domains/flyindata.com.cn/public_html/ThinkPHP/Library/Think/Think.class.php 第 314 行.
NOTIC: [2] include(): Filename cannot be empty /home/flyindat/domains/flyindata.com.cn/public_html/ThinkPHP/Library/Think/Think.class.php 第 314 行.
NOTIC: [2] include(): Failed opening '' for inclusion (include_path='.:/usr/local/php53/lib/php') /home/flyindat/domains/flyindata.com.cn/public_html/ThinkPHP/Library/Think/Think.class.php 第 314 行.

