[ 2018-01-15T13:54:47+08:00 ] 116.255.214.67 /admin/inc/grouplist.txt
INFO: [ app_init ] --START--
INFO: Run Behavior\BuildLiteBehavior [ RunTime:0.000020s ]
INFO: [ app_init ] --END-- [ RunTime:0.000483s ]
INFO: [ app_begin ] --START--
INFO: Run Behavior\ReadHtmlCacheBehavior [ RunTime:0.000941s ]
INFO: Run Behavior\GetcodingBehavior [ RunTime:0.000512s ]
INFO: [ app_begin ] --END-- [ RunTime:0.001640s ]
ERR: 无法加载控制器:Inc
NOTIC: [2] include(): Filename cannot be empty /home/flyindat/domains/flyindata.com.cn/public_html/ThinkPHP/Library/Think/Think.class.php 第 314 行.
NOTIC: [2] include(): Filename cannot be empty /home/flyindat/domains/flyindata.com.cn/public_html/ThinkPHP/Library/Think/Think.class.php 第 314 行.
NOTIC: [2] include(): Failed opening '' for inclusion (include_path='.:/usr/local/php53/lib/php') /home/flyindat/domains/flyindata.com.cn/public_html/ThinkPHP/Library/Think/Think.class.php 第 314 行.

[ 2018-01-15T13:54:47+08:00 ] 116.255.214.67 /admin/inc/grouplist.txt
INFO: [ app_init ] --START--
INFO: Run Behavior\BuildLiteBehavior [ RunTime:0.000026s ]
INFO: [ app_init ] --END-- [ RunTime:0.000553s ]
INFO: [ app_begin ] --START--
INFO: Run Behavior\ReadHtmlCacheBehavior [ RunTime:0.000740s ]
INFO: Run Behavior\GetcodingBehavior [ RunTime:0.000397s ]
INFO: [ app_begin ] --END-- [ RunTime:0.001295s ]
ERR: 无法加载控制器:Inc
NOTIC: [2] include(): Filename cannot be empty /home/flyindat/domains/flyindata.com.cn/public_html/ThinkPHP/Library/Think/Think.class.php 第 314 行.
NOTIC: [2] include(): Filename cannot be empty /home/flyindat/domains/flyindata.com.cn/public_html/ThinkPHP/Library/Think/Think.class.php 第 314 行.
NOTIC: [2] include(): Failed opening '' for inclusion (include_path='.:/usr/local/php53/lib/php') /home/flyindat/domains/flyindata.com.cn/public_html/ThinkPHP/Library/Think/Think.class.php 第 314 行.

[ 2018-01-15T17:24:05+08:00 ] 101.200.185.182 /admin/inc/grouplist.txt
INFO: [ app_init ] --START--
INFO: Run Behavior\BuildLiteBehavior [ RunTime:0.000022s ]
INFO: [ app_init ] --END-- [ RunTime:0.000483s ]
INFO: [ app_begin ] --START--
INFO: Run Behavior\ReadHtmlCacheBehavior [ RunTime:0.000567s ]
INFO: Run Behavior\GetcodingBehavior [ RunTime:0.000328s ]
INFO: [ app_begin ] --END-- [ RunTime:0.001020s ]
ERR: 无法加载控制器:Inc
NOTIC: [2] include(): Filename cannot be empty /home/flyindat/domains/flyindata.com.cn/public_html/ThinkPHP/Library/Think/Think.class.php 第 314 行.
NOTIC: [2] include(): Filename cannot be empty /home/flyindat/domains/flyindata.com.cn/public_html/ThinkPHP/Library/Think/Think.class.php 第 314 行.
NOTIC: [2] include(): Failed opening '' for inclusion (include_path='.:/usr/local/php53/lib/php') /home/flyindat/domains/flyindata.com.cn/public_html/ThinkPHP/Library/Think/Think.class.php 第 314 行.

[ 2018-01-15T17:24:05+08:00 ] 101.200.185.182 /admin/inc/grouplist.txt
INFO: [ app_init ] --START--
INFO: Run Behavior\BuildLiteBehavior [ RunTime:0.000037s ]
INFO: [ app_init ] --END-- [ RunTime:0.000720s ]
INFO: [ app_begin ] --START--
INFO: Run Behavior\ReadHtmlCacheBehavior [ RunTime:0.000918s ]
INFO: Run Behavior\GetcodingBehavior [ RunTime:0.000547s ]
INFO: [ app_begin ] --END-- [ RunTime:0.001636s ]
ERR: 无法加载控制器:Inc
NOTIC: [2] include(): Filename cannot be empty /home/flyindat/domains/flyindata.com.cn/public_html/ThinkPHP/Library/Think/Think.class.php 第 314 行.
NOTIC: [2] include(): Filename cannot be empty /home/flyindat/domains/flyindata.com.cn/public_html/ThinkPHP/Library/Think/Think.class.php 第 314 行.
NOTIC: [2] include(): Failed opening '' for inclusion (include_path='.:/usr/local/php53/lib/php') /home/flyindat/domains/flyindata.com.cn/public_html/ThinkPHP/Library/Think/Think.class.php 第 314 行.

