[ 2018-01-08T03:37:01+08:00 ] 117.34.105.36 /admin/inc/grouplist.txt
INFO: [ app_init ] --START--
INFO: Run Behavior\BuildLiteBehavior [ RunTime:0.000038s ]
INFO: [ app_init ] --END-- [ RunTime:0.000702s ]
INFO: [ app_begin ] --START--
INFO: Run Behavior\ReadHtmlCacheBehavior [ RunTime:0.000640s ]
INFO: Run Behavior\GetcodingBehavior [ RunTime:0.000340s ]
INFO: [ app_begin ] --END-- [ RunTime:0.001108s ]
ERR: 无法加载控制器:Inc
NOTIC: [2] include(): Filename cannot be empty /home/flyindat/domains/flyindata.com.cn/public_html/ThinkPHP/Library/Think/Think.class.php 第 314 行.
NOTIC: [2] include(): Filename cannot be empty /home/flyindat/domains/flyindata.com.cn/public_html/ThinkPHP/Library/Think/Think.class.php 第 314 行.
NOTIC: [2] include(): Failed opening '' for inclusion (include_path='.:/usr/local/php53/lib/php') /home/flyindat/domains/flyindata.com.cn/public_html/ThinkPHP/Library/Think/Think.class.php 第 314 行.

[ 2018-01-08T03:37:02+08:00 ] 117.34.105.36 /admin/inc/grouplist.txt
INFO: [ app_init ] --START--
INFO: Run Behavior\BuildLiteBehavior [ RunTime:0.000023s ]
INFO: [ app_init ] --END-- [ RunTime:0.000505s ]
INFO: [ app_begin ] --START--
INFO: Run Behavior\ReadHtmlCacheBehavior [ RunTime:0.000593s ]
INFO: Run Behavior\GetcodingBehavior [ RunTime:0.000322s ]
INFO: [ app_begin ] --END-- [ RunTime:0.001032s ]
ERR: 无法加载控制器:Inc
NOTIC: [2] include(): Filename cannot be empty /home/flyindat/domains/flyindata.com.cn/public_html/ThinkPHP/Library/Think/Think.class.php 第 314 行.
NOTIC: [2] include(): Filename cannot be empty /home/flyindat/domains/flyindata.com.cn/public_html/ThinkPHP/Library/Think/Think.class.php 第 314 行.
NOTIC: [2] include(): Failed opening '' for inclusion (include_path='.:/usr/local/php53/lib/php') /home/flyindat/domains/flyindata.com.cn/public_html/ThinkPHP/Library/Think/Think.class.php 第 314 行.

[ 2018-01-08T08:59:51+08:00 ] 27.38.28.228 /admin/
INFO: [ app_init ] --START--
INFO: Run Behavior\BuildLiteBehavior [ RunTime:0.000021s ]
INFO: [ app_init ] --END-- [ RunTime:0.000504s ]
INFO: [ app_begin ] --START--
INFO: Run Behavior\ReadHtmlCacheBehavior [ RunTime:0.000582s ]
INFO: Run Behavior\GetcodingBehavior [ RunTime:0.000401s ]
INFO: [ app_begin ] --END-- [ RunTime:0.001101s ]
INFO: [ view_parse ] --START--
INFO: [ template_filter ] --START--
INFO: Run Behavior\ContentReplaceBehavior [ RunTime:0.000038s ]
INFO: [ template_filter ] --END-- [ RunTime:0.000108s ]
INFO: Run Behavior\ParseTemplateBehavior [ RunTime:0.009061s ]
INFO: [ view_parse ] --END-- [ RunTime:0.009142s ]
INFO: [ view_filter ] --START--
INFO: Run Behavior\WriteHtmlCacheBehavior [ RunTime:0.000360s ]
INFO: Run Behavior\TokenBuildBehavior [ RunTime:0.000457s ]
INFO: [ view_filter ] --END-- [ RunTime:0.000912s ]

[ 2018-01-08T08:59:55+08:00 ] 27.38.28.228 /Admin/Login/index.html
INFO: [ app_init ] --START--
INFO: Run Behavior\BuildLiteBehavior [ RunTime:0.000022s ]
INFO: [ app_init ] --END-- [ RunTime:0.000496s ]
INFO: [ app_begin ] --START--
INFO: Run Behavior\ReadHtmlCacheBehavior [ RunTime:0.000585s ]
INFO: Run Behavior\GetcodingBehavior [ RunTime:0.000318s ]
INFO: [ app_begin ] --END-- [ RunTime:0.001020s ]
NOTIC: [8] Use of undefined constant regex - assumed 'regex' /home/flyindat/domains/flyindata.com.cn/public_html/ThinkPHP/Common/functions.php 第 588 行.
SQL: SHOW COLUMNS FROM `flyin_admin` [ RunTime:0.0026s ]
INFO: [ view_parse ] --START--
INFO: [ template_filter ] --START--
INFO: Run Behavior\ContentReplaceBehavior [ RunTime:0.000045s ]
INFO: [ template_filter ] --END-- [ RunTime:0.000119s ]
INFO: Run Behavior\ParseTemplateBehavior [ RunTime:0.008291s ]
INFO: [ view_parse ] --END-- [ RunTime:0.008367s ]
INFO: [ view_filter ] --START--
INFO: Run Behavior\WriteHtmlCacheBehavior [ RunTime:0.000323s ]
INFO: Run Behavior\TokenBuildBehavior [ RunTime:0.000483s ]
INFO: [ view_filter ] --END-- [ RunTime:0.000914s ]
INFO: [ app_end ] --START--
INFO: Run Behavior\ShowPageTraceBehavior [ RunTime:0.000631s ]
INFO: [ app_end ] --END-- [ RunTime:0.000699s ]
NOTIC: [8] Constant URL_COMPAT already defined /home/flyindat/domains/flyindata.com.cn/public_html/index.php 第 33 行.

[ 2018-01-08T08:59:55+08:00 ] 27.38.28.228 /Admin/Login/Verify.html
INFO: [ app_init ] --START--
INFO: Run Behavior\BuildLiteBehavior [ RunTime:0.000022s ]
INFO: [ app_init ] --END-- [ RunTime:0.000487s ]
INFO: [ app_begin ] --START--
INFO: Run Behavior\ReadHtmlCacheBehavior [ RunTime:0.000586s ]
INFO: Run Behavior\GetcodingBehavior [ RunTime:0.000346s ]
INFO: [ app_begin ] --END-- [ RunTime:0.001065s ]
INFO: [ app_end ] --START--
INFO: Run Behavior\ShowPageTraceBehavior [ RunTime:0.000604s ]
INFO: [ app_end ] --END-- [ RunTime:0.000688s ]
NOTIC: [8] Constant URL_COMPAT already defined /home/flyindat/domains/flyindata.com.cn/public_html/index.php 第 33 行.

[ 2018-01-08T09:00:02+08:00 ] 59.40.64.184 /Admin/Login/Verify.html?0.7937559744823837
INFO: [ app_init ] --START--
INFO: Run Behavior\BuildLiteBehavior [ RunTime:0.000092s ]
INFO: [ app_init ] --END-- [ RunTime:0.000845s ]
INFO: [ app_begin ] --START--
INFO: Run Behavior\ReadHtmlCacheBehavior [ RunTime:0.000965s ]
INFO: Run Behavior\GetcodingBehavior [ RunTime:0.000517s ]
INFO: [ app_begin ] --END-- [ RunTime:0.001629s ]
INFO: [ app_end ] --START--
INFO: Run Behavior\ShowPageTraceBehavior [ RunTime:0.000979s ]
INFO: [ app_end ] --END-- [ RunTime:0.001113s ]
NOTIC: [8] Constant URL_COMPAT already defined /home/flyindat/domains/flyindata.com.cn/public_html/index.php 第 33 行.

[ 2018-01-08T09:00:04+08:00 ] 59.40.64.184 /Admin/Login/Verify.html?0.8786460632594832
INFO: [ app_init ] --START--
INFO: Run Behavior\BuildLiteBehavior [ RunTime:0.000022s ]
INFO: [ app_init ] --END-- [ RunTime:0.000478s ]
INFO: [ app_begin ] --START--
INFO: Run Behavior\ReadHtmlCacheBehavior [ RunTime:0.000585s ]
INFO: Run Behavior\GetcodingBehavior [ RunTime:0.000334s ]
INFO: [ app_begin ] --END-- [ RunTime:0.001033s ]
INFO: [ app_end ] --START--
INFO: Run Behavior\ShowPageTraceBehavior [ RunTime:0.000617s ]
INFO: [ app_end ] --END-- [ RunTime:0.000694s ]
NOTIC: [8] Constant URL_COMPAT already defined /home/flyindat/domains/flyindata.com.cn/public_html/index.php 第 33 行.

[ 2018-01-08T09:00:06+08:00 ] 59.40.64.184 /Admin/Login/index.html
INFO: [ app_init ] --START--
INFO: Run Behavior\BuildLiteBehavior [ RunTime:0.000023s ]
INFO: [ app_init ] --END-- [ RunTime:0.000489s ]
INFO: [ app_begin ] --START--
INFO: Run Behavior\ReadHtmlCacheBehavior [ RunTime:0.000617s ]
INFO: Run Behavior\GetcodingBehavior [ RunTime:0.000344s ]
INFO: [ app_begin ] --END-- [ RunTime:0.001079s ]
NOTIC: [8] Use of undefined constant regex - assumed 'regex' /home/flyindat/domains/flyindata.com.cn/public_html/ThinkPHP/Common/functions.php 第 588 行.
SQL: SHOW COLUMNS FROM `flyin_admin` [ RunTime:0.0018s ]
SQL: SELECT * FROM `flyin_admin` WHERE ( username='admin' ) LIMIT 1   [ RunTime:0.0052s ]
SQL: SHOW COLUMNS FROM `flyin_adminlog` [ RunTime:0.0023s ]
SQL: SHOW COLUMNS FROM `flyin_adminlog` [ RunTime:0.0012s ]
SQL: INSERT INTO `flyin_adminlog` (`admin_id`,`op_log`,`op_time`) VALUES ('1','登录系统','1515373206') [ RunTime:0.0130s ]
INFO: [ view_parse ] --START--
INFO: [ template_filter ] --START--
INFO: Run Behavior\ContentReplaceBehavior [ RunTime:0.000045s ]
INFO: [ template_filter ] --END-- [ RunTime:0.000112s ]
INFO: Run Behavior\ParseTemplateBehavior [ RunTime:0.007350s ]
INFO: [ view_parse ] --END-- [ RunTime:0.007425s ]
INFO: [ view_filter ] --START--
INFO: Run Behavior\WriteHtmlCacheBehavior [ RunTime:0.000366s ]
INFO: Run Behavior\TokenBuildBehavior [ RunTime:0.000426s ]
INFO: [ view_filter ] --END-- [ RunTime:0.000888s ]
INFO: [ app_end ] --START--
INFO: Run Behavior\ShowPageTraceBehavior [ RunTime:0.000579s ]
INFO: [ app_end ] --END-- [ RunTime:0.000645s ]
NOTIC: [8] Constant URL_COMPAT already defined /home/flyindat/domains/flyindata.com.cn/public_html/index.php 第 33 行.

[ 2018-01-08T09:00:08+08:00 ] 59.40.64.184 /Admin/Index/index.html
INFO: [ app_init ] --START--
INFO: Run Behavior\BuildLiteBehavior [ RunTime:0.000023s ]
INFO: [ app_init ] --END-- [ RunTime:0.000492s ]
INFO: [ app_begin ] --START--
INFO: Run Behavior\ReadHtmlCacheBehavior [ RunTime:0.000601s ]
INFO: Run Behavior\GetcodingBehavior [ RunTime:0.000379s ]
INFO: [ app_begin ] --END-- [ RunTime:0.001098s ]
SQL: SHOW COLUMNS FROM `flyin_goods` [ RunTime:0.0028s ]
SQL: SELECT COUNT(*) AS tp_count FROM `flyin_goods` LIMIT 1   [ RunTime:0.0004s ]
NOTIC: [8] Use of undefined constant yes - assumed 'yes' /home/flyindat/domains/flyindata.com.cn/public_html/Application/Admin/Controller/CommonController.class.php 第 24 行.
SQL: SELECT COUNT(*) AS tp_count FROM `flyin_goods` WHERE `hot` = 'yes' LIMIT 1   [ RunTime:0.0003s ]
SQL: select version() as ver [ RunTime:0.0002s ]
SQL: SHOW COLUMNS FROM `flyin_goods` [ RunTime:0.0021s ]
SQL: SELECT SUM(hits) AS tp_sum FROM `flyin_goods` ORDER BY hits LIMIT 1   [ RunTime:0.0004s ]
SQL: SELECT SUM(pdfhits) AS tp_sum FROM `flyin_goods` ORDER BY pdfhits LIMIT 1   [ RunTime:0.0002s ]
SQL: SELECT MAX(hits) AS tp_max FROM `flyin_goods` LIMIT 1   [ RunTime:0.0003s ]
SQL: SELECT MIN(hits) AS tp_min FROM `flyin_goods` LIMIT 1   [ RunTime:0.0003s ]
SQL: SELECT * FROM `flyin_goods` ORDER BY hits LIMIT 3   [ RunTime:0.0007s ]
SQL: SELECT * FROM `flyin_goods` ORDER BY hits desc LIMIT 3   [ RunTime:0.0010s ]
SQL: SHOW COLUMNS FROM `flyin_ipcount` [ RunTime:0.0033s ]
SQL: SELECT `nowdatec` FROM `flyin_ipcount` WHERE ( nowdate="2018-01-07" )  [ RunTime:0.0008s ]
SQL: SELECT `ip` FROM `flyin_ipcount` WHERE ( nowdate="2018-01-08" )  [ RunTime:0.0003s ]
NOTIC: [8] Undefined offset: 0 /home/flyindat/domains/flyindata.com.cn/public_html/ThinkPHP/Library/Think/Db/Driver.class.php 第 794 行.
SQL: INSERT INTO `flyin_ipcount` (`nowdatec`,`nowdate`,`ip`) VALUES ('1','2018-01-08','59.40.64.184') [ RunTime:0.0125s ]
SQL: SELECT `ip` FROM `flyin_ipcount` WHERE ( ip like "%59.40.64.184%" and nowdate="2018-01-08" )  [ RunTime:0.0005s ]
NOTIC: [8] Undefined offset: 0 /home/flyindat/domains/flyindata.com.cn/public_html/Application/Admin/Controller/IndexController.class.php 第 65 行.
SQL: SELECT `nowdatec` FROM `flyin_ipcount` WHERE ( nowdate="2018-01-08" )  [ RunTime:0.0003s ]
SQL: SELECT SUM(hits) AS tp_sum FROM `flyin_goods` ORDER BY hits LIMIT 1   [ RunTime:0.0002s ]
SQL: SELECT SUM(pdfhits) AS tp_sum FROM `flyin_goods` ORDER BY pdfhits LIMIT 1   [ RunTime:0.0002s ]
SQL: SELECT MAX(hits) AS tp_max FROM `flyin_goods` LIMIT 1   [ RunTime:0.0002s ]
SQL: SELECT MIN(hits) AS tp_min FROM `flyin_goods` LIMIT 1   [ RunTime:0.0002s ]
SQL: SELECT * FROM `flyin_goods` ORDER BY hits LIMIT 3   [ RunTime:0.0003s ]
SQL: SELECT * FROM `flyin_goods` ORDER BY hits desc LIMIT 3   [ RunTime:0.0004s ]
NOTIC: [8] Use of undefined constant news - assumed 'news' /home/flyindat/domains/flyindata.com.cn/public_html/Application/Admin/Controller/IndexController.class.php 第 100 行.
SQL: SHOW COLUMNS FROM `flyin_news` [ RunTime:0.0022s ]
SQL: select count(a.newcategory_id) as num,c.name,c.id from flyin_news a,flyin_newcategory c where a.newcategory_id=c.id group by c.name order by c.id desc [ RunTime:0.1923s ]
NOTIC: [8] Use of undefined constant services - assumed 'services' /home/flyindat/domains/flyindata.com.cn/public_html/Application/Admin/Controller/IndexController.class.php 第 105 行.
SQL: SHOW COLUMNS FROM `flyin_services` [ RunTime:0.0020s ]
SQL: select count(a.servicecategory_id) as num,c.name,c.id from flyin_services a,flyin_servicecategory c where a.servicecategory_id=c.id group by c.name order by c.id desc [ RunTime:0.0005s ]
NOTIC: [8] Use of undefined constant goods - assumed 'goods' /home/flyindat/domains/flyindata.com.cn/public_html/Application/Admin/Controller/IndexController.class.php 第 110 行.
SQL: select count(a.cat_id) as num,c.cat_name,c.cat_id from flyin_goods a,flyin_category c where a.cat_id=c.cat_id group by c.cat_name order by c.cat_id desc [ RunTime:0.0005s ]
NOTIC: [8] Use of undefined constant banners - assumed 'banners' /home/flyindat/domains/flyindata.com.cn/public_html/Application/Admin/Controller/IndexController.class.php 第 114 行.
SQL: SHOW COLUMNS FROM `flyin_banners` [ RunTime:0.0012s ]
SQL: select count(a.bannercategory_id) as num,c.name,c.id from flyin_banners a,flyin_bannercategory c where a.bannercategory_id=c.id group by c.name order by c.id desc [ RunTime:0.0005s ]
INFO: [ view_parse ] --START--
INFO: [ template_filter ] --START--
INFO: Run Behavior\ContentReplaceBehavior [ RunTime:0.000119s ]
INFO: [ template_filter ] --END-- [ RunTime:0.000216s ]
NOTIC: [8] Undefined variable: admin_name /home/flyindat/domains/flyindata.com.cn/public_html/Application/Runtime/Cache/Admin/b595b808c2ebeeeb0478ffc30bb4e87a.php 第 32 行.
NOTIC: [8] Use of undefined constant goods_name - assumed 'goods_name' /home/flyindat/domains/flyindata.com.cn/public_html/Application/Runtime/Cache/Admin/b595b808c2ebeeeb0478ffc30bb4e87a.php 第 258 行.
NOTIC: [8] Use of undefined constant hits - assumed 'hits' /home/flyindat/domains/flyindata.com.cn/public_html/Application/Runtime/Cache/Admin/b595b808c2ebeeeb0478ffc30bb4e87a.php 第 259 行.
NOTIC: [8] Use of undefined constant goods_name - assumed 'goods_name' /home/flyindat/domains/flyindata.com.cn/public_html/Application/Runtime/Cache/Admin/b595b808c2ebeeeb0478ffc30bb4e87a.php 第 263 行.
NOTIC: [8] Use of undefined constant hits - assumed 'hits' /home/flyindat/domains/flyindata.com.cn/public_html/Application/Runtime/Cache/Admin/b595b808c2ebeeeb0478ffc30bb4e87a.php 第 264 行.
NOTIC: [8] Use of undefined constant goods_name - assumed 'goods_name' /home/flyindat/domains/flyindata.com.cn/public_html/Application/Runtime/Cache/Admin/b595b808c2ebeeeb0478ffc30bb4e87a.php 第 268 行.
NOTIC: [8] Use of undefined constant hits - assumed 'hits' /home/flyindat/domains/flyindata.com.cn/public_html/Application/Runtime/Cache/Admin/b595b808c2ebeeeb0478ffc30bb4e87a.php 第 269 行.
NOTIC: [8] Use of undefined constant goods_name - assumed 'goods_name' /home/flyindat/domains/flyindata.com.cn/public_html/Application/Runtime/Cache/Admin/b595b808c2ebeeeb0478ffc30bb4e87a.php 第 273 行.
INFO: Run Behavior\ParseTemplateBehavior [ RunTime:0.029103s ]
INFO: [ view_parse ] --END-- [ RunTime:0.029175s ]
INFO: [ view_filter ] --START--
INFO: Run Behavior\WriteHtmlCacheBehavior [ RunTime:0.000385s ]
INFO: Run Behavior\TokenBuildBehavior [ RunTime:0.000444s ]
INFO: [ view_filter ] --END-- [ RunTime:0.000926s ]
INFO: [ app_end ] --START--
INFO: Run Behavior\ShowPageTraceBehavior [ RunTime:0.000565s ]
INFO: [ app_end ] --END-- [ RunTime:0.000629s ]
NOTIC: [8] Constant URL_COMPAT already defined /home/flyindat/domains/flyindata.com.cn/public_html/index.php 第 33 行.

[ 2018-01-08T09:00:11+08:00 ] 59.40.64.184 /Admin/Goods/view.html
INFO: [ app_init ] --START--
INFO: Run Behavior\BuildLiteBehavior [ RunTime:0.000024s ]
INFO: [ app_init ] --END-- [ RunTime:0.000494s ]
INFO: [ app_begin ] --START--
INFO: Run Behavior\ReadHtmlCacheBehavior [ RunTime:0.000584s ]
INFO: Run Behavior\GetcodingBehavior [ RunTime:0.000326s ]
INFO: [ app_begin ] --END-- [ RunTime:0.001026s ]
SQL: SHOW COLUMNS FROM `flyin_goods` [ RunTime:0.0030s ]
SQL: SELECT COUNT(*) AS tp_count FROM `flyin_goods` LIMIT 1   [ RunTime:0.0002s ]
NOTIC: [8] Use of undefined constant yes - assumed 'yes' /home/flyindat/domains/flyindata.com.cn/public_html/Application/Admin/Controller/CommonController.class.php 第 24 行.
SQL: SELECT COUNT(*) AS tp_count FROM `flyin_goods` WHERE `hot` = 'yes' LIMIT 1   [ RunTime:0.0001s ]
SQL: SHOW COLUMNS FROM `flyin_goods` [ RunTime:0.0020s ]
SQL: SHOW COLUMNS FROM `flyin_goods` [ RunTime:0.0014s ]
SQL: SELECT COUNT(*) AS tp_count FROM flyin_goods as g LIMIT 1   [ RunTime:0.0003s ]
SQL: SHOW COLUMNS FROM `flyin_goods` [ RunTime:0.0017s ]
SQL: SELECT g.*,c.cat_name FROM flyin_goods as g LEFT JOIN flyin_category as c ON g.cat_id = c.cat_id  ORDER BY g.hot asc LIMIT 0,10   [ RunTime:0.0020s ]
INFO: [ view_parse ] --START--
INFO: [ template_filter ] --START--
INFO: Run Behavior\ContentReplaceBehavior [ RunTime:0.000135s ]
INFO: [ template_filter ] --END-- [ RunTime:0.000243s ]
NOTIC: [8] Undefined variable: admin_name /home/flyindat/domains/flyindata.com.cn/public_html/Application/Runtime/Cache/Admin/84f1686bb48cfda6a91f8554266eb444.php 第 32 行.
INFO: Run Behavior\ParseTemplateBehavior [ RunTime:0.035380s ]
INFO: [ view_parse ] --END-- [ RunTime:0.035472s ]
INFO: [ view_filter ] --START--
INFO: Run Behavior\WriteHtmlCacheBehavior [ RunTime:0.000372s ]
INFO: Run Behavior\TokenBuildBehavior [ RunTime:0.000433s ]
INFO: [ view_filter ] --END-- [ RunTime:0.000904s ]
INFO: [ app_end ] --START--
INFO: Run Behavior\ShowPageTraceBehavior [ RunTime:0.000622s ]
INFO: [ app_end ] --END-- [ RunTime:0.000686s ]
NOTIC: [8] Constant URL_COMPAT already defined /home/flyindat/domains/flyindata.com.cn/public_html/index.php 第 33 行.

[ 2018-01-08T09:00:12+08:00 ] 59.40.64.184 /Admin/Goods/qrcode2/goods_id/13.html
INFO: [ app_init ] --START--
INFO: Run Behavior\BuildLiteBehavior [ RunTime:0.000024s ]
INFO: [ app_init ] --END-- [ RunTime:0.000509s ]
INFO: [ app_begin ] --START--
INFO: Run Behavior\ReadHtmlCacheBehavior [ RunTime:0.000618s ]
INFO: Run Behavior\GetcodingBehavior [ RunTime:0.000405s ]
INFO: [ app_begin ] --END-- [ RunTime:0.001150s ]
SQL: SHOW COLUMNS FROM `flyin_goods` [ RunTime:0.0022s ]
SQL: SELECT COUNT(*) AS tp_count FROM `flyin_goods` LIMIT 1   [ RunTime:0.0002s ]
NOTIC: [8] Use of undefined constant yes - assumed 'yes' /home/flyindat/domains/flyindata.com.cn/public_html/Application/Admin/Controller/CommonController.class.php 第 24 行.
SQL: SELECT COUNT(*) AS tp_count FROM `flyin_goods` WHERE `hot` = 'yes' LIMIT 1   [ RunTime:0.0001s ]
INFO: [ app_end ] --START--
INFO: Run Behavior\ShowPageTraceBehavior [ RunTime:0.000985s ]
INFO: [ app_end ] --END-- [ RunTime:0.001135s ]
NOTIC: [8] Constant URL_COMPAT already defined /home/flyindat/domains/flyindata.com.cn/public_html/index.php 第 33 行.

[ 2018-01-08T09:00:12+08:00 ] 59.40.64.184 /Admin/Goods/qrcode2/goods_id/9.html
INFO: [ app_init ] --START--
INFO: Run Behavior\BuildLiteBehavior [ RunTime:0.000033s ]
INFO: [ app_init ] --END-- [ RunTime:0.000538s ]
INFO: [ app_begin ] --START--
INFO: Run Behavior\ReadHtmlCacheBehavior [ RunTime:0.000604s ]
INFO: Run Behavior\GetcodingBehavior [ RunTime:0.000345s ]
INFO: [ app_begin ] --END-- [ RunTime:0.001074s ]
SQL: SHOW COLUMNS FROM `flyin_goods` [ RunTime:0.0038s ]
SQL: SELECT COUNT(*) AS tp_count FROM `flyin_goods` LIMIT 1   [ RunTime:0.0002s ]
NOTIC: [8] Use of undefined constant yes - assumed 'yes' /home/flyindat/domains/flyindata.com.cn/public_html/Application/Admin/Controller/CommonController.class.php 第 24 行.
SQL: SELECT COUNT(*) AS tp_count FROM `flyin_goods` WHERE `hot` = 'yes' LIMIT 1   [ RunTime:0.0001s ]
INFO: [ app_end ] --START--
INFO: Run Behavior\ShowPageTraceBehavior [ RunTime:0.000778s ]
INFO: [ app_end ] --END-- [ RunTime:0.000899s ]
NOTIC: [8] Constant URL_COMPAT already defined /home/flyindat/domains/flyindata.com.cn/public_html/index.php 第 33 行.

[ 2018-01-08T09:00:12+08:00 ] 27.38.28.228 /Admin/Goods/qrcode2/goods_id/17.html
INFO: [ app_init ] --START--
INFO: Run Behavior\BuildLiteBehavior [ RunTime:0.000022s ]
INFO: [ app_init ] --END-- [ RunTime:0.000496s ]
INFO: [ app_begin ] --START--
INFO: Run Behavior\ReadHtmlCacheBehavior [ RunTime:0.000614s ]
INFO: Run Behavior\GetcodingBehavior [ RunTime:0.000347s ]
INFO: [ app_begin ] --END-- [ RunTime:0.001078s ]
SQL: SHOW COLUMNS FROM `flyin_goods` [ RunTime:0.0023s ]
SQL: SELECT COUNT(*) AS tp_count FROM `flyin_goods` LIMIT 1   [ RunTime:0.0002s ]
NOTIC: [8] Use of undefined constant yes - assumed 'yes' /home/flyindat/domains/flyindata.com.cn/public_html/Application/Admin/Controller/CommonController.class.php 第 24 行.
SQL: SELECT COUNT(*) AS tp_count FROM `flyin_goods` WHERE `hot` = 'yes' LIMIT 1   [ RunTime:0.0002s ]
INFO: [ app_end ] --START--
INFO: Run Behavior\ShowPageTraceBehavior [ RunTime:0.000778s ]
INFO: [ app_end ] --END-- [ RunTime:0.000896s ]
NOTIC: [8] Constant URL_COMPAT already defined /home/flyindat/domains/flyindata.com.cn/public_html/index.php 第 33 行.

[ 2018-01-08T09:00:12+08:00 ] 59.40.64.184 /Admin/Goods/qrcode2/goods_id/18.html
INFO: [ app_init ] --START--
INFO: Run Behavior\BuildLiteBehavior [ RunTime:0.000022s ]
INFO: [ app_init ] --END-- [ RunTime:0.000489s ]
INFO: [ app_begin ] --START--
INFO: Run Behavior\ReadHtmlCacheBehavior [ RunTime:0.000597s ]
INFO: Run Behavior\GetcodingBehavior [ RunTime:0.000343s ]
INFO: [ app_begin ] --END-- [ RunTime:0.001054s ]
SQL: SHOW COLUMNS FROM `flyin_goods` [ RunTime:0.0028s ]
SQL: SELECT COUNT(*) AS tp_count FROM `flyin_goods` LIMIT 1   [ RunTime:0.0002s ]
NOTIC: [8] Use of undefined constant yes - assumed 'yes' /home/flyindat/domains/flyindata.com.cn/public_html/Application/Admin/Controller/CommonController.class.php 第 24 行.
SQL: SELECT COUNT(*) AS tp_count FROM `flyin_goods` WHERE `hot` = 'yes' LIMIT 1   [ RunTime:0.0001s ]
INFO: [ app_end ] --START--
INFO: Run Behavior\ShowPageTraceBehavior [ RunTime:0.000743s ]
INFO: [ app_end ] --END-- [ RunTime:0.000872s ]
NOTIC: [8] Constant URL_COMPAT already defined /home/flyindat/domains/flyindata.com.cn/public_html/index.php 第 33 行.

[ 2018-01-08T09:00:12+08:00 ] 27.38.28.228 /Admin/Goods/qrcode2/goods_id/19.html
INFO: [ app_init ] --START--
INFO: Run Behavior\BuildLiteBehavior [ RunTime:0.000023s ]
INFO: [ app_init ] --END-- [ RunTime:0.000504s ]
INFO: [ app_begin ] --START--
INFO: Run Behavior\ReadHtmlCacheBehavior [ RunTime:0.000597s ]
INFO: Run Behavior\GetcodingBehavior [ RunTime:0.000336s ]
INFO: [ app_begin ] --END-- [ RunTime:0.001049s ]
SQL: SHOW COLUMNS FROM `flyin_goods` [ RunTime:0.0024s ]
SQL: SELECT COUNT(*) AS tp_count FROM `flyin_goods` LIMIT 1   [ RunTime:0.0002s ]
NOTIC: [8] Use of undefined constant yes - assumed 'yes' /home/flyindat/domains/flyindata.com.cn/public_html/Application/Admin/Controller/CommonController.class.php 第 24 行.
SQL: SELECT COUNT(*) AS tp_count FROM `flyin_goods` WHERE `hot` = 'yes' LIMIT 1   [ RunTime:0.0001s ]
INFO: [ app_end ] --START--
INFO: Run Behavior\ShowPageTraceBehavior [ RunTime:0.000985s ]
INFO: [ app_end ] --END-- [ RunTime:0.001145s ]
NOTIC: [8] Constant URL_COMPAT already defined /home/flyindat/domains/flyindata.com.cn/public_html/index.php 第 33 行.

[ 2018-01-08T09:00:12+08:00 ] 59.40.64.184 /Admin/Goods/qrcode2/goods_id/20.html
INFO: [ app_init ] --START--
INFO: Run Behavior\BuildLiteBehavior [ RunTime:0.000031s ]
INFO: [ app_init ] --END-- [ RunTime:0.000537s ]
INFO: [ app_begin ] --START--
INFO: Run Behavior\ReadHtmlCacheBehavior [ RunTime:0.000642s ]
INFO: Run Behavior\GetcodingBehavior [ RunTime:0.000350s ]
INFO: [ app_begin ] --END-- [ RunTime:0.001130s ]
SQL: SHOW COLUMNS FROM `flyin_goods` [ RunTime:0.0031s ]
SQL: SELECT COUNT(*) AS tp_count FROM `flyin_goods` LIMIT 1   [ RunTime:0.0002s ]
NOTIC: [8] Use of undefined constant yes - assumed 'yes' /home/flyindat/domains/flyindata.com.cn/public_html/Application/Admin/Controller/CommonController.class.php 第 24 行.
SQL: SELECT COUNT(*) AS tp_count FROM `flyin_goods` WHERE `hot` = 'yes' LIMIT 1   [ RunTime:0.0001s ]
INFO: [ app_end ] --START--
INFO: Run Behavior\ShowPageTraceBehavior [ RunTime:0.000676s ]
INFO: [ app_end ] --END-- [ RunTime:0.000787s ]
NOTIC: [8] Constant URL_COMPAT already defined /home/flyindat/domains/flyindata.com.cn/public_html/index.php 第 33 行.

[ 2018-01-08T09:00:12+08:00 ] 59.40.64.184 /Admin/Goods/qrcode2/goods_id/15.html
INFO: [ app_init ] --START--
INFO: Run Behavior\BuildLiteBehavior [ RunTime:0.000025s ]
INFO: [ app_init ] --END-- [ RunTime:0.000512s ]
INFO: [ app_begin ] --START--
INFO: Run Behavior\ReadHtmlCacheBehavior [ RunTime:0.000692s ]
INFO: Run Behavior\GetcodingBehavior [ RunTime:0.000398s ]
INFO: [ app_begin ] --END-- [ RunTime:0.001213s ]
SQL: SHOW COLUMNS FROM `flyin_goods` [ RunTime:0.0031s ]
SQL: SELECT COUNT(*) AS tp_count FROM `flyin_goods` LIMIT 1   [ RunTime:0.0002s ]
NOTIC: [8] Use of undefined constant yes - assumed 'yes' /home/flyindat/domains/flyindata.com.cn/public_html/Application/Admin/Controller/CommonController.class.php 第 24 行.
SQL: SELECT COUNT(*) AS tp_count FROM `flyin_goods` WHERE `hot` = 'yes' LIMIT 1   [ RunTime:0.0001s ]
INFO: [ app_end ] --START--
INFO: Run Behavior\ShowPageTraceBehavior [ RunTime:0.000732s ]
INFO: [ app_end ] --END-- [ RunTime:0.000850s ]
NOTIC: [8] Constant URL_COMPAT already defined /home/flyindat/domains/flyindata.com.cn/public_html/index.php 第 33 行.

[ 2018-01-08T09:00:12+08:00 ] 59.40.64.184 /Admin/Goods/qrcode2/goods_id/21.html
INFO: [ app_init ] --START--
INFO: Run Behavior\BuildLiteBehavior [ RunTime:0.000034s ]
INFO: [ app_init ] --END-- [ RunTime:0.000536s ]
INFO: [ app_begin ] --START--
INFO: Run Behavior\ReadHtmlCacheBehavior [ RunTime:0.000680s ]
INFO: Run Behavior\GetcodingBehavior [ RunTime:0.000377s ]
INFO: [ app_begin ] --END-- [ RunTime:0.001180s ]
SQL: SHOW COLUMNS FROM `flyin_goods` [ RunTime:0.0030s ]
SQL: SELECT COUNT(*) AS tp_count FROM `flyin_goods` LIMIT 1   [ RunTime:0.0002s ]
NOTIC: [8] Use of undefined constant yes - assumed 'yes' /home/flyindat/domains/flyindata.com.cn/public_html/Application/Admin/Controller/CommonController.class.php 第 24 行.
SQL: SELECT COUNT(*) AS tp_count FROM `flyin_goods` WHERE `hot` = 'yes' LIMIT 1   [ RunTime:0.0001s ]
INFO: [ app_end ] --START--
INFO: Run Behavior\ShowPageTraceBehavior [ RunTime:0.000733s ]
INFO: [ app_end ] --END-- [ RunTime:0.000844s ]
NOTIC: [8] Constant URL_COMPAT already defined /home/flyindat/domains/flyindata.com.cn/public_html/index.php 第 33 行.

[ 2018-01-08T09:00:12+08:00 ] 59.40.64.184 /Admin/Goods/qrcode2/goods_id/39.html
INFO: [ app_init ] --START--
INFO: Run Behavior\BuildLiteBehavior [ RunTime:0.000024s ]
INFO: [ app_init ] --END-- [ RunTime:0.000530s ]
INFO: [ app_begin ] --START--
INFO: Run Behavior\ReadHtmlCacheBehavior [ RunTime:0.000600s ]
INFO: Run Behavior\GetcodingBehavior [ RunTime:0.000360s ]
INFO: [ app_begin ] --END-- [ RunTime:0.001076s ]
SQL: SHOW COLUMNS FROM `flyin_goods` [ RunTime:0.0028s ]
SQL: SELECT COUNT(*) AS tp_count FROM `flyin_goods` LIMIT 1   [ RunTime:0.0001s ]
NOTIC: [8] Use of undefined constant yes - assumed 'yes' /home/flyindat/domains/flyindata.com.cn/public_html/Application/Admin/Controller/CommonController.class.php 第 24 行.
SQL: SELECT COUNT(*) AS tp_count FROM `flyin_goods` WHERE `hot` = 'yes' LIMIT 1   [ RunTime:0.0001s ]
INFO: [ app_end ] --START--
INFO: Run Behavior\ShowPageTraceBehavior [ RunTime:0.000786s ]
INFO: [ app_end ] --END-- [ RunTime:0.000913s ]
NOTIC: [8] Constant URL_COMPAT already defined /home/flyindat/domains/flyindata.com.cn/public_html/index.php 第 33 行.

[ 2018-01-08T09:00:13+08:00 ] 27.38.28.228 /Admin/Goods/qrcode2/goods_id/23.html
INFO: [ app_init ] --START--
INFO: Run Behavior\BuildLiteBehavior [ RunTime:0.000022s ]
INFO: [ app_init ] --END-- [ RunTime:0.000536s ]
INFO: [ app_begin ] --START--
INFO: Run Behavior\ReadHtmlCacheBehavior [ RunTime:0.000915s ]
INFO: Run Behavior\GetcodingBehavior [ RunTime:0.000453s ]
INFO: [ app_begin ] --END-- [ RunTime:0.001509s ]
SQL: SHOW COLUMNS FROM `flyin_goods` [ RunTime:0.0023s ]
SQL: SELECT COUNT(*) AS tp_count FROM `flyin_goods` LIMIT 1   [ RunTime:0.0001s ]
NOTIC: [8] Use of undefined constant yes - assumed 'yes' /home/flyindat/domains/flyindata.com.cn/public_html/Application/Admin/Controller/CommonController.class.php 第 24 行.
SQL: SELECT COUNT(*) AS tp_count FROM `flyin_goods` WHERE `hot` = 'yes' LIMIT 1   [ RunTime:0.0001s ]
INFO: [ app_end ] --START--
INFO: Run Behavior\ShowPageTraceBehavior [ RunTime:0.000719s ]
INFO: [ app_end ] --END-- [ RunTime:0.000843s ]
NOTIC: [8] Constant URL_COMPAT already defined /home/flyindat/domains/flyindata.com.cn/public_html/index.php 第 33 行.

[ 2018-01-08T09:00:15+08:00 ] 27.38.28.228 /Admin/Goods/add.html
INFO: [ app_init ] --START--
INFO: Run Behavior\BuildLiteBehavior [ RunTime:0.000022s ]
INFO: [ app_init ] --END-- [ RunTime:0.000486s ]
INFO: [ app_begin ] --START--
INFO: Run Behavior\ReadHtmlCacheBehavior [ RunTime:0.000584s ]
INFO: Run Behavior\GetcodingBehavior [ RunTime:0.000330s ]
INFO: [ app_begin ] --END-- [ RunTime:0.001031s ]
SQL: SHOW COLUMNS FROM `flyin_goods` [ RunTime:0.0029s ]
SQL: SELECT COUNT(*) AS tp_count FROM `flyin_goods` LIMIT 1   [ RunTime:0.0002s ]
NOTIC: [8] Use of undefined constant yes - assumed 'yes' /home/flyindat/domains/flyindata.com.cn/public_html/Application/Admin/Controller/CommonController.class.php 第 24 行.
SQL: SELECT COUNT(*) AS tp_count FROM `flyin_goods` WHERE `hot` = 'yes' LIMIT 1   [ RunTime:0.0001s ]
SQL: SHOW COLUMNS FROM `flyin_category` [ RunTime:0.0014s ]
SQL: SELECT * FROM `flyin_category`  [ RunTime:0.0001s ]
INFO: [ view_parse ] --START--
INFO: [ template_filter ] --START--
INFO: Run Behavior\ContentReplaceBehavior [ RunTime:0.000166s ]
INFO: [ template_filter ] --END-- [ RunTime:0.000235s ]
NOTIC: [8] Undefined variable: admin_name /home/flyindat/domains/flyindata.com.cn/public_html/Application/Runtime/Cache/Admin/7c6220ae8240e866385ea468ca84c314.php 第 32 行.
NOTIC: [8] Undefined variable: goodsInfo /home/flyindat/domains/flyindata.com.cn/public_html/Application/Runtime/Cache/Admin/7c6220ae8240e866385ea468ca84c314.php 第 238 行.
NOTIC: [8] Undefined variable: goodsInfo /home/flyindat/domains/flyindata.com.cn/public_html/Application/Runtime/Cache/Admin/7c6220ae8240e866385ea468ca84c314.php 第 261 行.
NOTIC: [8] Undefined variable: goodsInfo /home/flyindat/domains/flyindata.com.cn/public_html/Application/Runtime/Cache/Admin/7c6220ae8240e866385ea468ca84c314.php 第 261 行.
NOTIC: [8] Undefined variable: goodsInfo /home/flyindat/domains/flyindata.com.cn/public_html/Application/Runtime/Cache/Admin/7c6220ae8240e866385ea468ca84c314.php 第 261 行.
NOTIC: [8] Undefined variable: goodsInfo /home/flyindat/domains/flyindata.com.cn/public_html/Application/Runtime/Cache/Admin/7c6220ae8240e866385ea468ca84c314.php 第 261 行.
NOTIC: [8] Undefined variable: goodsInfo /home/flyindat/domains/flyindata.com.cn/public_html/Application/Runtime/Cache/Admin/7c6220ae8240e866385ea468ca84c314.php 第 261 行.
NOTIC: [8] Undefined variable: goodsInfo /home/flyindat/domains/flyindata.com.cn/public_html/Application/Runtime/Cache/Admin/7c6220ae8240e866385ea468ca84c314.php 第 261 行.
NOTIC: [8] Undefined variable: goodsInfo /home/flyindat/domains/flyindata.com.cn/public_html/Application/Runtime/Cache/Admin/7c6220ae8240e866385ea468ca84c314.php 第 261 行.
NOTIC: [8] Undefined variable: goodsInfo /home/flyindat/domains/flyindata.com.cn/public_html/Application/Runtime/Cache/Admin/7c6220ae8240e866385ea468ca84c314.php 第 261 行.
NOTIC: [8] Undefined variable: goodsInfo /home/flyindat/domains/flyindata.com.cn/public_html/Application/Runtime/Cache/Admin/7c6220ae8240e866385ea468ca84c314.php 第 324 行.
NOTIC: [8] Undefined variable: goodsInfo /home/flyindat/domains/flyindata.com.cn/public_html/Application/Runtime/Cache/Admin/7c6220ae8240e866385ea468ca84c314.php 第 326 行.
NOTIC: [8] Undefined variable: goodsInfo /home/flyindat/domains/flyindata.com.cn/public_html/Application/Runtime/Cache/Admin/7c6220ae8240e866385ea468ca84c314.php 第 331 行.
NOTIC: [8] Undefined variable: goodsInfo /home/flyindat/domains/flyindata.com.cn/public_html/Application/Runtime/Cache/Admin/7c6220ae8240e866385ea468ca84c314.php 第 332 行.
NOTIC: [8] Undefined variable: goodsInfo /home/flyindat/domains/flyindata.com.cn/public_html/Application/Runtime/Cache/Admin/7c6220ae8240e866385ea468ca84c314.php 第 339 行.
NOTIC: [8] Undefined variable: goodsInfo /home/flyindat/domains/flyindata.com.cn/public_html/Application/Runtime/Cache/Admin/7c6220ae8240e866385ea468ca84c314.php 第 340 行.
NOTIC: [8] Undefined variable: goodsInfo /home/flyindat/domains/flyindata.com.cn/public_html/Application/Runtime/Cache/Admin/7c6220ae8240e866385ea468ca84c314.php 第 343 行.
NOTIC: [8] Undefined variable: goodsInfo /home/flyindat/domains/flyindata.com.cn/public_html/Application/Runtime/Cache/Admin/7c6220ae8240e866385ea468ca84c314.php 第 347 行.
NOTIC: [8] Undefined variable: goodsInfo /home/flyindat/domains/flyindata.com.cn/public_html/Application/Runtime/Cache/Admin/7c6220ae8240e866385ea468ca84c314.php 第 348 行.
NOTIC: [8] Undefined variable: goodsInfo /home/flyindat/domains/flyindata.com.cn/public_html/Application/Runtime/Cache/Admin/7c6220ae8240e866385ea468ca84c314.php 第 359 行.
INFO: Run Behavior\ParseTemplateBehavior [ RunTime:0.033487s ]
INFO: [ view_parse ] --END-- [ RunTime:0.033554s ]
INFO: [ view_filter ] --START--
INFO: Run Behavior\WriteHtmlCacheBehavior [ RunTime:0.000326s ]
INFO: Run Behavior\TokenBuildBehavior [ RunTime:0.000443s ]
INFO: [ view_filter ] --END-- [ RunTime:0.000890s ]
INFO: [ app_end ] --START--
INFO: Run Behavior\ShowPageTraceBehavior [ RunTime:0.000546s ]
INFO: [ app_end ] --END-- [ RunTime:0.000607s ]
NOTIC: [8] Constant URL_COMPAT already defined /home/flyindat/domains/flyindata.com.cn/public_html/index.php 第 33 行.

[ 2018-01-08T09:00:19+08:00 ] 59.40.64.184 /Admin/Banners/index.html
INFO: [ app_init ] --START--
INFO: Run Behavior\BuildLiteBehavior [ RunTime:0.000021s ]
INFO: [ app_init ] --END-- [ RunTime:0.000465s ]
INFO: [ app_begin ] --START--
INFO: Run Behavior\ReadHtmlCacheBehavior [ RunTime:0.000587s ]
INFO: Run Behavior\GetcodingBehavior [ RunTime:0.000321s ]
INFO: [ app_begin ] --END-- [ RunTime:0.001024s ]
SQL: SHOW COLUMNS FROM `flyin_goods` [ RunTime:0.0024s ]
SQL: SELECT COUNT(*) AS tp_count FROM `flyin_goods` LIMIT 1   [ RunTime:0.0005s ]
NOTIC: [8] Use of undefined constant yes - assumed 'yes' /home/flyindat/domains/flyindata.com.cn/public_html/Application/Admin/Controller/CommonController.class.php 第 24 行.
SQL: SELECT COUNT(*) AS tp_count FROM `flyin_goods` WHERE `hot` = 'yes' LIMIT 1   [ RunTime:0.0002s ]
SQL: SHOW COLUMNS FROM `flyin_banners` [ RunTime:0.0017s ]
SQL: SHOW COLUMNS FROM `flyin_bannercategory` [ RunTime:0.0010s ]
SQL: SELECT COUNT(*) AS tp_count FROM flyin_banners n WHERE n.recycle = 'no' LIMIT 1   [ RunTime:0.0004s ]
SQL: SELECT c.name as bannercategory_name,n.bannercategory_id,n.id,n.rank,n.thumb,n.banner_name,n.on_sale,n.recommend FROM flyin_banners n LEFT JOIN flyin_bannercategory AS c ON c.id=n.bannercategory_id  WHERE n.recycle = 'no' ORDER BY n.id desc LIMIT 0,10   [ RunTime:0.0005s ]
SQL: SELECT `id`,`name`,`pid` FROM `flyin_bannercategory`  [ RunTime:0.0003s ]
INFO: [ view_parse ] --START--
INFO: [ template_filter ] --START--
INFO: Run Behavior\ContentReplaceBehavior [ RunTime:0.000111s ]
INFO: [ template_filter ] --END-- [ RunTime:0.000183s ]
NOTIC: [8] Undefined variable: admin_name /home/flyindat/domains/flyindata.com.cn/public_html/Application/Runtime/Cache/Admin/a2952f76d7da2e43614500de56615be4.php 第 32 行.
INFO: Run Behavior\ParseTemplateBehavior [ RunTime:0.028133s ]
INFO: [ view_parse ] --END-- [ RunTime:0.028203s ]
INFO: [ view_filter ] --START--
INFO: Run Behavior\WriteHtmlCacheBehavior [ RunTime:0.000359s ]
INFO: Run Behavior\TokenBuildBehavior [ RunTime:0.000444s ]
INFO: [ view_filter ] --END-- [ RunTime:0.000899s ]
INFO: [ app_end ] --START--
INFO: Run Behavior\ShowPageTraceBehavior [ RunTime:0.000552s ]
INFO: [ app_end ] --END-- [ RunTime:0.000614s ]
NOTIC: [8] Constant URL_COMPAT already defined /home/flyindat/domains/flyindata.com.cn/public_html/index.php 第 33 行.

[ 2018-01-08T09:02:10+08:00 ] 59.40.64.184 /Admin/Banners/add.html
INFO: [ app_init ] --START--
INFO: Run Behavior\BuildLiteBehavior [ RunTime:0.000021s ]
INFO: [ app_init ] --END-- [ RunTime:0.000487s ]
INFO: [ app_begin ] --START--
INFO: Run Behavior\ReadHtmlCacheBehavior [ RunTime:0.000600s ]
INFO: Run Behavior\GetcodingBehavior [ RunTime:0.000321s ]
INFO: [ app_begin ] --END-- [ RunTime:0.001035s ]
SQL: SHOW COLUMNS FROM `flyin_goods` [ RunTime:0.0028s ]
SQL: SELECT COUNT(*) AS tp_count FROM `flyin_goods` LIMIT 1   [ RunTime:0.0002s ]
NOTIC: [8] Use of undefined constant yes - assumed 'yes' /home/flyindat/domains/flyindata.com.cn/public_html/Application/Admin/Controller/CommonController.class.php 第 24 行.
SQL: SELECT COUNT(*) AS tp_count FROM `flyin_goods` WHERE `hot` = 'yes' LIMIT 1   [ RunTime:0.0001s ]
SQL: SHOW COLUMNS FROM `flyin_banners` [ RunTime:0.0020s ]
SQL: SHOW COLUMNS FROM `flyin_bannercategory` [ RunTime:0.0021s ]
SQL: SELECT `id`,`name`,`pid` FROM `flyin_bannercategory`  [ RunTime:0.0002s ]
INFO: [ view_parse ] --START--
INFO: [ template_filter ] --START--
INFO: Run Behavior\ContentReplaceBehavior [ RunTime:0.000110s ]
INFO: [ template_filter ] --END-- [ RunTime:0.000225s ]
NOTIC: [8] Undefined variable: admin_name /home/flyindat/domains/flyindata.com.cn/public_html/Application/Runtime/Cache/Admin/3cf9ac30dbd3b8b9906956e8ea63a47d.php 第 32 行.
INFO: Run Behavior\ParseTemplateBehavior [ RunTime:0.024992s ]
INFO: [ view_parse ] --END-- [ RunTime:0.025097s ]
INFO: [ view_filter ] --START--
INFO: Run Behavior\WriteHtmlCacheBehavior [ RunTime:0.000372s ]
INFO: Run Behavior\TokenBuildBehavior [ RunTime:0.000431s ]
INFO: [ view_filter ] --END-- [ RunTime:0.000908s ]
INFO: [ app_end ] --START--
INFO: Run Behavior\ShowPageTraceBehavior [ RunTime:0.000615s ]
INFO: [ app_end ] --END-- [ RunTime:0.000677s ]
NOTIC: [8] Constant URL_COMPAT already defined /home/flyindat/domains/flyindata.com.cn/public_html/index.php 第 33 行.

[ 2018-01-08T09:02:14+08:00 ] 59.40.65.107 /Admin/Goods/add.html
INFO: [ app_init ] --START--
INFO: Run Behavior\BuildLiteBehavior [ RunTime:0.000020s ]
INFO: [ app_init ] --END-- [ RunTime:0.000484s ]
INFO: [ app_begin ] --START--
INFO: Run Behavior\ReadHtmlCacheBehavior [ RunTime:0.000590s ]
INFO: Run Behavior\GetcodingBehavior [ RunTime:0.000320s ]
INFO: [ app_begin ] --END-- [ RunTime:0.001025s ]
SQL: SHOW COLUMNS FROM `flyin_goods` [ RunTime:0.0029s ]
SQL: SELECT COUNT(*) AS tp_count FROM `flyin_goods` LIMIT 1   [ RunTime:0.0001s ]
NOTIC: [8] Use of undefined constant yes - assumed 'yes' /home/flyindat/domains/flyindata.com.cn/public_html/Application/Admin/Controller/CommonController.class.php 第 24 行.
SQL: SELECT COUNT(*) AS tp_count FROM `flyin_goods` WHERE `hot` = 'yes' LIMIT 1   [ RunTime:0.0001s ]
SQL: SHOW COLUMNS FROM `flyin_category` [ RunTime:0.0014s ]
SQL: SELECT * FROM `flyin_category`  [ RunTime:0.0002s ]
INFO: [ view_parse ] --START--
INFO: [ template_filter ] --START--
INFO: Run Behavior\ContentReplaceBehavior [ RunTime:0.000164s ]
INFO: [ template_filter ] --END-- [ RunTime:0.000259s ]
NOTIC: [8] Undefined variable: admin_name /home/flyindat/domains/flyindata.com.cn/public_html/Application/Runtime/Cache/Admin/7c6220ae8240e866385ea468ca84c314.php 第 32 行.
NOTIC: [8] Undefined variable: goodsInfo /home/flyindat/domains/flyindata.com.cn/public_html/Application/Runtime/Cache/Admin/7c6220ae8240e866385ea468ca84c314.php 第 238 行.
NOTIC: [8] Undefined variable: goodsInfo /home/flyindat/domains/flyindata.com.cn/public_html/Application/Runtime/Cache/Admin/7c6220ae8240e866385ea468ca84c314.php 第 261 行.
NOTIC: [8] Undefined variable: goodsInfo /home/flyindat/domains/flyindata.com.cn/public_html/Application/Runtime/Cache/Admin/7c6220ae8240e866385ea468ca84c314.php 第 261 行.
NOTIC: [8] Undefined variable: goodsInfo /home/flyindat/domains/flyindata.com.cn/public_html/Application/Runtime/Cache/Admin/7c6220ae8240e866385ea468ca84c314.php 第 261 行.
NOTIC: [8] Undefined variable: goodsInfo /home/flyindat/domains/flyindata.com.cn/public_html/Application/Runtime/Cache/Admin/7c6220ae8240e866385ea468ca84c314.php 第 261 行.
NOTIC: [8] Undefined variable: goodsInfo /home/flyindat/domains/flyindata.com.cn/public_html/Application/Runtime/Cache/Admin/7c6220ae8240e866385ea468ca84c314.php 第 261 行.
NOTIC: [8] Undefined variable: goodsInfo /home/flyindat/domains/flyindata.com.cn/public_html/Application/Runtime/Cache/Admin/7c6220ae8240e866385ea468ca84c314.php 第 261 行.
NOTIC: [8] Undefined variable: goodsInfo /home/flyindat/domains/flyindata.com.cn/public_html/Application/Runtime/Cache/Admin/7c6220ae8240e866385ea468ca84c314.php 第 261 行.
NOTIC: [8] Undefined variable: goodsInfo /home/flyindat/domains/flyindata.com.cn/public_html/Application/Runtime/Cache/Admin/7c6220ae8240e866385ea468ca84c314.php 第 261 行.
NOTIC: [8] Undefined variable: goodsInfo /home/flyindat/domains/flyindata.com.cn/public_html/Application/Runtime/Cache/Admin/7c6220ae8240e866385ea468ca84c314.php 第 324 行.
NOTIC: [8] Undefined variable: goodsInfo /home/flyindat/domains/flyindata.com.cn/public_html/Application/Runtime/Cache/Admin/7c6220ae8240e866385ea468ca84c314.php 第 326 行.
NOTIC: [8] Undefined variable: goodsInfo /home/flyindat/domains/flyindata.com.cn/public_html/Application/Runtime/Cache/Admin/7c6220ae8240e866385ea468ca84c314.php 第 331 行.
NOTIC: [8] Undefined variable: goodsInfo /home/flyindat/domains/flyindata.com.cn/public_html/Application/Runtime/Cache/Admin/7c6220ae8240e866385ea468ca84c314.php 第 332 行.
NOTIC: [8] Undefined variable: goodsInfo /home/flyindat/domains/flyindata.com.cn/public_html/Application/Runtime/Cache/Admin/7c6220ae8240e866385ea468ca84c314.php 第 339 行.
NOTIC: [8] Undefined variable: goodsInfo /home/flyindat/domains/flyindata.com.cn/public_html/Application/Runtime/Cache/Admin/7c6220ae8240e866385ea468ca84c314.php 第 340 行.
NOTIC: [8] Undefined variable: goodsInfo /home/flyindat/domains/flyindata.com.cn/public_html/Application/Runtime/Cache/Admin/7c6220ae8240e866385ea468ca84c314.php 第 343 行.
NOTIC: [8] Undefined variable: goodsInfo /home/flyindat/domains/flyindata.com.cn/public_html/Application/Runtime/Cache/Admin/7c6220ae8240e866385ea468ca84c314.php 第 347 行.
NOTIC: [8] Undefined variable: goodsInfo /home/flyindat/domains/flyindata.com.cn/public_html/Application/Runtime/Cache/Admin/7c6220ae8240e866385ea468ca84c314.php 第 348 行.
NOTIC: [8] Undefined variable: goodsInfo /home/flyindat/domains/flyindata.com.cn/public_html/Application/Runtime/Cache/Admin/7c6220ae8240e866385ea468ca84c314.php 第 359 行.
INFO: Run Behavior\ParseTemplateBehavior [ RunTime:0.031380s ]
INFO: [ view_parse ] --END-- [ RunTime:0.031459s ]
INFO: [ view_filter ] --START--
INFO: Run Behavior\WriteHtmlCacheBehavior [ RunTime:0.000380s ]
INFO: Run Behavior\TokenBuildBehavior [ RunTime:0.000442s ]
INFO: [ view_filter ] --END-- [ RunTime:0.000918s ]
INFO: [ app_end ] --START--
INFO: Run Behavior\ShowPageTraceBehavior [ RunTime:0.000575s ]
INFO: [ app_end ] --END-- [ RunTime:0.000637s ]
NOTIC: [8] Constant URL_COMPAT already defined /home/flyindat/domains/flyindata.com.cn/public_html/index.php 第 33 行.

[ 2018-01-08T09:02:16+08:00 ] 59.40.64.184 /Admin/Banners/index.html
INFO: [ app_init ] --START--
INFO: Run Behavior\BuildLiteBehavior [ RunTime:0.000040s ]
INFO: [ app_init ] --END-- [ RunTime:0.000753s ]
INFO: [ app_begin ] --START--
INFO: Run Behavior\ReadHtmlCacheBehavior [ RunTime:0.000604s ]
INFO: Run Behavior\GetcodingBehavior [ RunTime:0.000327s ]
INFO: [ app_begin ] --END-- [ RunTime:0.001052s ]
SQL: SHOW COLUMNS FROM `flyin_goods` [ RunTime:0.0027s ]
SQL: SELECT COUNT(*) AS tp_count FROM `flyin_goods` LIMIT 1   [ RunTime:0.0002s ]
NOTIC: [8] Use of undefined constant yes - assumed 'yes' /home/flyindat/domains/flyindata.com.cn/public_html/Application/Admin/Controller/CommonController.class.php 第 24 行.
SQL: SELECT COUNT(*) AS tp_count FROM `flyin_goods` WHERE `hot` = 'yes' LIMIT 1   [ RunTime:0.0001s ]
SQL: SHOW COLUMNS FROM `flyin_banners` [ RunTime:0.0015s ]
SQL: SHOW COLUMNS FROM `flyin_bannercategory` [ RunTime:0.0012s ]
SQL: SELECT COUNT(*) AS tp_count FROM flyin_banners n WHERE n.recycle = 'no' LIMIT 1   [ RunTime:0.0001s ]
SQL: SELECT c.name as bannercategory_name,n.bannercategory_id,n.id,n.rank,n.thumb,n.banner_name,n.on_sale,n.recommend FROM flyin_banners n LEFT JOIN flyin_bannercategory AS c ON c.id=n.bannercategory_id  WHERE n.recycle = 'no' ORDER BY n.id desc LIMIT 0,10   [ RunTime:0.0001s ]
SQL: SELECT `id`,`name`,`pid` FROM `flyin_bannercategory`  [ RunTime:0.0001s ]
INFO: [ view_parse ] --START--
INFO: [ template_filter ] --START--
INFO: Run Behavior\ContentReplaceBehavior [ RunTime:0.000120s ]
INFO: [ template_filter ] --END-- [ RunTime:0.000224s ]
NOTIC: [8] Undefined variable: admin_name /home/flyindat/domains/flyindata.com.cn/public_html/Application/Runtime/Cache/Admin/a2952f76d7da2e43614500de56615be4.php 第 32 行.
INFO: Run Behavior\ParseTemplateBehavior [ RunTime:0.027719s ]
INFO: [ view_parse ] --END-- [ RunTime:0.027811s ]
INFO: [ view_filter ] --START--
INFO: Run Behavior\WriteHtmlCacheBehavior [ RunTime:0.000407s ]
INFO: Run Behavior\TokenBuildBehavior [ RunTime:0.000460s ]
INFO: [ view_filter ] --END-- [ RunTime:0.000965s ]
INFO: [ app_end ] --START--
INFO: Run Behavior\ShowPageTraceBehavior [ RunTime:0.000571s ]
INFO: [ app_end ] --END-- [ RunTime:0.000636s ]
NOTIC: [8] Constant URL_COMPAT already defined /home/flyindat/domains/flyindata.com.cn/public_html/index.php 第 33 行.

[ 2018-01-08T09:02:20+08:00 ] 59.40.64.184 /Admin/Banners/index/p/2.html
INFO: [ app_init ] --START--
INFO: Run Behavior\BuildLiteBehavior [ RunTime:0.000021s ]
INFO: [ app_init ] --END-- [ RunTime:0.000484s ]
INFO: [ app_begin ] --START--
INFO: Run Behavior\ReadHtmlCacheBehavior [ RunTime:0.000594s ]
INFO: Run Behavior\GetcodingBehavior [ RunTime:0.000387s ]
INFO: [ app_begin ] --END-- [ RunTime:0.001100s ]
SQL: SHOW COLUMNS FROM `flyin_goods` [ RunTime:0.0032s ]
SQL: SELECT COUNT(*) AS tp_count FROM `flyin_goods` LIMIT 1   [ RunTime:0.0002s ]
NOTIC: [8] Use of undefined constant yes - assumed 'yes' /home/flyindat/domains/flyindata.com.cn/public_html/Application/Admin/Controller/CommonController.class.php 第 24 行.
SQL: SELECT COUNT(*) AS tp_count FROM `flyin_goods` WHERE `hot` = 'yes' LIMIT 1   [ RunTime:0.0001s ]
SQL: SHOW COLUMNS FROM `flyin_banners` [ RunTime:0.0029s ]
SQL: SHOW COLUMNS FROM `flyin_bannercategory` [ RunTime:0.0022s ]
SQL: SELECT COUNT(*) AS tp_count FROM flyin_banners n WHERE n.recycle = 'no' LIMIT 1   [ RunTime:0.0001s ]
SQL: SELECT c.name as bannercategory_name,n.bannercategory_id,n.id,n.rank,n.thumb,n.banner_name,n.on_sale,n.recommend FROM flyin_banners n LEFT JOIN flyin_bannercategory AS c ON c.id=n.bannercategory_id  WHERE n.recycle = 'no' ORDER BY n.id desc LIMIT 10,10   [ RunTime:0.0006s ]
SQL: SELECT `id`,`name`,`pid` FROM `flyin_bannercategory`  [ RunTime:0.0002s ]
INFO: [ view_parse ] --START--
INFO: [ template_filter ] --START--
INFO: Run Behavior\ContentReplaceBehavior [ RunTime:0.000107s ]
INFO: [ template_filter ] --END-- [ RunTime:0.000207s ]
NOTIC: [8] Undefined variable: admin_name /home/flyindat/domains/flyindata.com.cn/public_html/Application/Runtime/Cache/Admin/a2952f76d7da2e43614500de56615be4.php 第 32 行.
INFO: Run Behavior\ParseTemplateBehavior [ RunTime:0.032659s ]
INFO: [ view_parse ] --END-- [ RunTime:0.032748s ]
INFO: [ view_filter ] --START--
INFO: Run Behavior\WriteHtmlCacheBehavior [ RunTime:0.000379s ]
INFO: Run Behavior\TokenBuildBehavior [ RunTime:0.000444s ]
INFO: [ view_filter ] --END-- [ RunTime:0.000919s ]
INFO: [ app_end ] --START--
INFO: Run Behavior\ShowPageTraceBehavior [ RunTime:0.000580s ]
INFO: [ app_end ] --END-- [ RunTime:0.000643s ]
NOTIC: [8] Constant URL_COMPAT already defined /home/flyindat/domains/flyindata.com.cn/public_html/index.php 第 33 行.

[ 2018-01-08T09:02:23+08:00 ] 59.40.64.184 /Admin/Message/index.html
INFO: [ app_init ] --START--
INFO: Run Behavior\BuildLiteBehavior [ RunTime:0.000021s ]
INFO: [ app_init ] --END-- [ RunTime:0.000474s ]
INFO: [ app_begin ] --START--
INFO: Run Behavior\ReadHtmlCacheBehavior [ RunTime:0.000610s ]
INFO: Run Behavior\GetcodingBehavior [ RunTime:0.000379s ]
INFO: [ app_begin ] --END-- [ RunTime:0.001116s ]
SQL: SHOW COLUMNS FROM `flyin_goods` [ RunTime:0.0022s ]
SQL: SELECT COUNT(*) AS tp_count FROM `flyin_goods` LIMIT 1   [ RunTime:0.0001s ]
NOTIC: [8] Use of undefined constant yes - assumed 'yes' /home/flyindat/domains/flyindata.com.cn/public_html/Application/Admin/Controller/CommonController.class.php 第 24 行.
SQL: SELECT COUNT(*) AS tp_count FROM `flyin_goods` WHERE `hot` = 'yes' LIMIT 1   [ RunTime:0.0002s ]
SQL: SHOW COLUMNS FROM `flyin_message` [ RunTime:0.0026s ]
NOTIC: [8] Undefined index: p /home/flyindat/domains/flyindata.com.cn/public_html/Application/Admin/Controller/MessageController.class.php 第 7 行.
NOTIC: [8] Undefined index: limit /home/flyindat/domains/flyindata.com.cn/public_html/ThinkPHP/Library/Think/Db/Driver.class.php 第 952 行.
SQL: SELECT * FROM `flyin_message` ORDER BY time desc LIMIT 0,20   [ RunTime:0.0009s ]
SQL: SELECT COUNT(*) AS tp_count FROM `flyin_message` LIMIT 1   [ RunTime:0.0002s ]
INFO: [ view_parse ] --START--
INFO: [ template_filter ] --START--
INFO: Run Behavior\ContentReplaceBehavior [ RunTime:0.000098s ]
INFO: [ template_filter ] --END-- [ RunTime:0.000194s ]
NOTIC: [8] Undefined variable: admin_name /home/flyindat/domains/flyindata.com.cn/public_html/Application/Runtime/Cache/Admin/e1ad611a04673ac9fc78d17e28cd370b.php 第 32 行.
INFO: Run Behavior\ParseTemplateBehavior [ RunTime:0.026188s ]
INFO: [ view_parse ] --END-- [ RunTime:0.026294s ]
INFO: [ view_filter ] --START--
INFO: Run Behavior\WriteHtmlCacheBehavior [ RunTime:0.000347s ]
INFO: Run Behavior\TokenBuildBehavior [ RunTime:0.000444s ]
INFO: [ view_filter ] --END-- [ RunTime:0.000888s ]
INFO: [ app_end ] --START--
INFO: Run Behavior\ShowPageTraceBehavior [ RunTime:0.000595s ]
INFO: [ app_end ] --END-- [ RunTime:0.000657s ]
NOTIC: [8] Constant URL_COMPAT already defined /home/flyindat/domains/flyindata.com.cn/public_html/index.php 第 33 行.

[ 2018-01-08T09:02:27+08:00 ] 59.40.64.184 /Admin/Pdf/index.html
INFO: [ app_init ] --START--
INFO: Run Behavior\BuildLiteBehavior [ RunTime:0.000026s ]
INFO: [ app_init ] --END-- [ RunTime:0.000496s ]
INFO: [ app_begin ] --START--
INFO: Run Behavior\ReadHtmlCacheBehavior [ RunTime:0.000876s ]
INFO: Run Behavior\GetcodingBehavior [ RunTime:0.000495s ]
INFO: [ app_begin ] --END-- [ RunTime:0.001547s ]
SQL: SHOW COLUMNS FROM `flyin_goods` [ RunTime:0.0029s ]
SQL: SELECT COUNT(*) AS tp_count FROM `flyin_goods` LIMIT 1   [ RunTime:0.0002s ]
NOTIC: [8] Use of undefined constant yes - assumed 'yes' /home/flyindat/domains/flyindata.com.cn/public_html/Application/Admin/Controller/CommonController.class.php 第 24 行.
SQL: SELECT COUNT(*) AS tp_count FROM `flyin_goods` WHERE `hot` = 'yes' LIMIT 1   [ RunTime:0.0001s ]
NOTIC: [8] Undefined index: keywords /home/flyindat/domains/flyindata.com.cn/public_html/Application/Admin/Controller/PdfController.class.php 第 8 行.
SQL: SHOW COLUMNS FROM `flyin_goods` [ RunTime:0.0021s ]
SQL: SELECT * FROM `flyin_goods` WHERE ( goods_pdf like '%%' &&  goods_pdf!= ''   ) ORDER BY goods_id  [ RunTime:0.0009s ]
INFO: [ view_parse ] --START--
INFO: [ template_filter ] --START--
INFO: Run Behavior\ContentReplaceBehavior [ RunTime:0.000093s ]
INFO: [ template_filter ] --END-- [ RunTime:0.000181s ]
NOTIC: [8] Undefined variable: admin_name /home/flyindat/domains/flyindata.com.cn/public_html/Application/Runtime/Cache/Admin/321e58a49ba886f62cd30ed606b505fe.php 第 32 行.
INFO: Run Behavior\ParseTemplateBehavior [ RunTime:0.024830s ]
INFO: [ view_parse ] --END-- [ RunTime:0.024937s ]
INFO: [ view_filter ] --START--
INFO: Run Behavior\WriteHtmlCacheBehavior [ RunTime:0.000351s ]
INFO: Run Behavior\TokenBuildBehavior [ RunTime:0.000445s ]
INFO: [ view_filter ] --END-- [ RunTime:0.000892s ]
INFO: [ app_end ] --START--
INFO: Run Behavior\ShowPageTraceBehavior [ RunTime:0.000648s ]
INFO: [ app_end ] --END-- [ RunTime:0.000710s ]
NOTIC: [8] Constant URL_COMPAT already defined /home/flyindat/domains/flyindata.com.cn/public_html/index.php 第 33 行.

[ 2018-01-08T09:02:29+08:00 ] 59.40.64.184 /Admin/WebSet/index.html
INFO: [ app_init ] --START--
INFO: Run Behavior\BuildLiteBehavior [ RunTime:0.000022s ]
INFO: [ app_init ] --END-- [ RunTime:0.000481s ]
INFO: [ app_begin ] --START--
INFO: Run Behavior\ReadHtmlCacheBehavior [ RunTime:0.000586s ]
INFO: Run Behavior\GetcodingBehavior [ RunTime:0.000329s ]
INFO: [ app_begin ] --END-- [ RunTime:0.001031s ]
SQL: SHOW COLUMNS FROM `flyin_website` [ RunTime:0.0022s ]
SQL: SELECT * FROM `flyin_website` ORDER BY id  [ RunTime:0.0004s ]
INFO: [ view_parse ] --START--
INFO: [ template_filter ] --START--
INFO: Run Behavior\ContentReplaceBehavior [ RunTime:0.000093s ]
INFO: [ template_filter ] --END-- [ RunTime:0.000166s ]
NOTIC: [8] Undefined variable: admin_name /home/flyindat/domains/flyindata.com.cn/public_html/Application/Runtime/Cache/Admin/7614ccfe3330790cbc9f2ec2eba07e49.php 第 32 行.
INFO: Run Behavior\ParseTemplateBehavior [ RunTime:0.025478s ]
INFO: [ view_parse ] --END-- [ RunTime:0.025563s ]
INFO: [ view_filter ] --START--
INFO: Run Behavior\WriteHtmlCacheBehavior [ RunTime:0.000510s ]
INFO: Run Behavior\TokenBuildBehavior [ RunTime:0.000575s ]
INFO: [ view_filter ] --END-- [ RunTime:0.001220s ]
INFO: [ app_end ] --START--
INFO: Run Behavior\ShowPageTraceBehavior [ RunTime:0.000912s ]
INFO: [ app_end ] --END-- [ RunTime:0.001000s ]
NOTIC: [8] Constant URL_COMPAT already defined /home/flyindat/domains/flyindata.com.cn/public_html/index.php 第 33 行.

[ 2018-01-08T09:02:37+08:00 ] 59.40.64.184 /Admin/News/index.html
INFO: [ app_init ] --START--
INFO: Run Behavior\BuildLiteBehavior [ RunTime:0.000025s ]
INFO: [ app_init ] --END-- [ RunTime:0.000505s ]
INFO: [ app_begin ] --START--
INFO: Run Behavior\ReadHtmlCacheBehavior [ RunTime:0.000606s ]
INFO: Run Behavior\GetcodingBehavior [ RunTime:0.000332s ]
INFO: [ app_begin ] --END-- [ RunTime:0.001057s ]
SQL: SHOW COLUMNS FROM `flyin_goods` [ RunTime:0.0022s ]
SQL: SELECT COUNT(*) AS tp_count FROM `flyin_goods` LIMIT 1   [ RunTime:0.0001s ]
NOTIC: [8] Use of undefined constant yes - assumed 'yes' /home/flyindat/domains/flyindata.com.cn/public_html/Application/Admin/Controller/CommonController.class.php 第 24 行.
SQL: SELECT COUNT(*) AS tp_count FROM `flyin_goods` WHERE `hot` = 'yes' LIMIT 1   [ RunTime:0.0001s ]
SQL: SHOW COLUMNS FROM `flyin_news` [ RunTime:0.0017s ]
SQL: SHOW COLUMNS FROM `flyin_newcategory` [ RunTime:0.0014s ]
SQL: SELECT COUNT(*) AS tp_count FROM flyin_news n WHERE n.recycle = 'no' LIMIT 1   [ RunTime:0.0005s ]
SQL: SELECT c.name as newcategory_name,n.newcategory_id,n.custom_time,n.id,n.thumb,n.name,n.on_sale,n.recommend FROM flyin_news n LEFT JOIN flyin_newcategory AS c ON c.id=n.newcategory_id  WHERE n.recycle = 'no' ORDER BY n.id desc LIMIT 0,10   [ RunTime:0.0005s ]
DEBUG: Array
(
    [news] => Array
        (
            [data] => Array
                (
                    [0] => Array
                        (
                            [newcategory_name] => 公司新闻
                            [newcategory_id] => 15
                            [custom_time] => 2016-09-01
                            [id] => 4
                            [thumb] => 2017-09/19/59c0fd540f5bb.png
                            [name] => 飞宇集团张家界一周游
                            [on_sale] => yes
                            [recommend] => yes
                        )

                )

            [pagelist] => <div>     <span class="rows">共<b>1</b>条记录 第<b>1</b>页/共<b>1</b>页</span></div>
        )

)

SQL: SELECT `id`,`name`,`pid` FROM `flyin_newcategory`  [ RunTime:0.0001s ]
INFO: [ view_parse ] --START--
INFO: [ template_filter ] --START--
INFO: Run Behavior\ContentReplaceBehavior [ RunTime:0.000099s ]
INFO: [ template_filter ] --END-- [ RunTime:0.000180s ]
NOTIC: [8] Undefined variable: admin_name /home/flyindat/domains/flyindata.com.cn/public_html/Application/Runtime/Cache/Admin/36087655c6ab8580337cdc45b35a926d.php 第 32 行.
INFO: Run Behavior\ParseTemplateBehavior [ RunTime:0.026060s ]
INFO: [ view_parse ] --END-- [ RunTime:0.026151s ]
INFO: [ view_filter ] --START--
INFO: Run Behavior\WriteHtmlCacheBehavior [ RunTime:0.000503s ]
INFO: Run Behavior\TokenBuildBehavior [ RunTime:0.000601s ]
INFO: [ view_filter ] --END-- [ RunTime:0.001204s ]
INFO: [ app_end ] --START--
INFO: Run Behavior\ShowPageTraceBehavior [ RunTime:0.000634s ]
INFO: [ app_end ] --END-- [ RunTime:0.000701s ]
NOTIC: [8] Constant URL_COMPAT already defined /home/flyindat/domains/flyindata.com.cn/public_html/index.php 第 33 行.

[ 2018-01-08T09:02:40+08:00 ] 59.40.64.184 /Admin/Pdf/index.html
INFO: [ app_init ] --START--
INFO: Run Behavior\BuildLiteBehavior [ RunTime:0.000031s ]
INFO: [ app_init ] --END-- [ RunTime:0.000679s ]
INFO: [ app_begin ] --START--
INFO: Run Behavior\ReadHtmlCacheBehavior [ RunTime:0.000623s ]
INFO: Run Behavior\GetcodingBehavior [ RunTime:0.000336s ]
INFO: [ app_begin ] --END-- [ RunTime:0.001089s ]
SQL: SHOW COLUMNS FROM `flyin_goods` [ RunTime:0.0023s ]
SQL: SELECT COUNT(*) AS tp_count FROM `flyin_goods` LIMIT 1   [ RunTime:0.0002s ]
NOTIC: [8] Use of undefined constant yes - assumed 'yes' /home/flyindat/domains/flyindata.com.cn/public_html/Application/Admin/Controller/CommonController.class.php 第 24 行.
SQL: SELECT COUNT(*) AS tp_count FROM `flyin_goods` WHERE `hot` = 'yes' LIMIT 1   [ RunTime:0.0002s ]
NOTIC: [8] Undefined index: keywords /home/flyindat/domains/flyindata.com.cn/public_html/Application/Admin/Controller/PdfController.class.php 第 8 行.
SQL: SHOW COLUMNS FROM `flyin_goods` [ RunTime:0.0014s ]
SQL: SELECT * FROM `flyin_goods` WHERE ( goods_pdf like '%%' &&  goods_pdf!= ''   ) ORDER BY goods_id  [ RunTime:0.0002s ]
INFO: [ view_parse ] --START--
INFO: [ template_filter ] --START--
INFO: Run Behavior\ContentReplaceBehavior [ RunTime:0.000096s ]
INFO: [ template_filter ] --END-- [ RunTime:0.000202s ]
NOTIC: [8] Undefined variable: admin_name /home/flyindat/domains/flyindata.com.cn/public_html/Application/Runtime/Cache/Admin/321e58a49ba886f62cd30ed606b505fe.php 第 32 行.
INFO: Run Behavior\ParseTemplateBehavior [ RunTime:0.022451s ]
INFO: [ view_parse ] --END-- [ RunTime:0.022530s ]
INFO: [ view_filter ] --START--
INFO: Run Behavior\WriteHtmlCacheBehavior [ RunTime:0.000348s ]
INFO: Run Behavior\TokenBuildBehavior [ RunTime:0.000428s ]
INFO: [ view_filter ] --END-- [ RunTime:0.000873s ]
INFO: [ app_end ] --START--
INFO: Run Behavior\ShowPageTraceBehavior [ RunTime:0.000594s ]
INFO: [ app_end ] --END-- [ RunTime:0.000657s ]
NOTIC: [8] Constant URL_COMPAT already defined /home/flyindat/domains/flyindata.com.cn/public_html/index.php 第 33 行.

[ 2018-01-08T09:02:45+08:00 ] 59.40.64.184 /Admin/Bannerrecycle/index.html
INFO: [ app_init ] --START--
INFO: Run Behavior\BuildLiteBehavior [ RunTime:0.000028s ]
INFO: [ app_init ] --END-- [ RunTime:0.000496s ]
INFO: [ app_begin ] --START--
INFO: Run Behavior\ReadHtmlCacheBehavior [ RunTime:0.000606s ]
INFO: Run Behavior\GetcodingBehavior [ RunTime:0.000364s ]
INFO: [ app_begin ] --END-- [ RunTime:0.001084s ]
SQL: SHOW COLUMNS FROM `flyin_goods` [ RunTime:0.0021s ]
SQL: SELECT COUNT(*) AS tp_count FROM `flyin_goods` LIMIT 1   [ RunTime:0.0001s ]
NOTIC: [8] Use of undefined constant yes - assumed 'yes' /home/flyindat/domains/flyindata.com.cn/public_html/Application/Admin/Controller/CommonController.class.php 第 24 行.
SQL: SELECT COUNT(*) AS tp_count FROM `flyin_goods` WHERE `hot` = 'yes' LIMIT 1   [ RunTime:0.0001s ]
SQL: SHOW COLUMNS FROM `flyin_banners` [ RunTime:0.0012s ]
SQL: SELECT COUNT(*) AS tp_count FROM flyin_banners n WHERE n.recycle = 'yes' LIMIT 1   [ RunTime:0.0003s ]
SQL: SELECT c.name as bannercategory_name,n.bannercategory_id,n.id,n.rank,n.thumb,n.banner_name,n.on_sale,n.recommend FROM flyin_banners n LEFT JOIN flyin_bannercategory AS c ON c.id=n.bannercategory_id  WHERE n.recycle = 'yes' ORDER BY n.id desc LIMIT 0,10   [ RunTime:0.0003s ]
INFO: [ view_parse ] --START--
INFO: [ template_filter ] --START--
INFO: Run Behavior\ContentReplaceBehavior [ RunTime:0.000096s ]
INFO: [ template_filter ] --END-- [ RunTime:0.000198s ]
NOTIC: [8] Undefined variable: admin_name /home/flyindat/domains/flyindata.com.cn/public_html/Application/Runtime/Cache/Admin/e0573324d661f9f27de896ca6c367df6.php 第 32 行.
NOTIC: [8] Undefined index: name /home/flyindat/domains/flyindata.com.cn/public_html/Application/Runtime/Cache/Admin/e0573324d661f9f27de896ca6c367df6.php 第 205 行.
INFO: Run Behavior\ParseTemplateBehavior [ RunTime:0.029791s ]
INFO: [ view_parse ] --END-- [ RunTime:0.029895s ]
INFO: [ view_filter ] --START--
INFO: Run Behavior\WriteHtmlCacheBehavior [ RunTime:0.000339s ]
INFO: Run Behavior\TokenBuildBehavior [ RunTime:0.000413s ]
INFO: [ view_filter ] --END-- [ RunTime:0.000847s ]
INFO: [ app_end ] --START--
INFO: Run Behavior\ShowPageTraceBehavior [ RunTime:0.000595s ]
INFO: [ app_end ] --END-- [ RunTime:0.000657s ]
NOTIC: [8] Constant URL_COMPAT already defined /home/flyindat/domains/flyindata.com.cn/public_html/index.php 第 33 行.

[ 2018-01-08T09:02:52+08:00 ] 59.40.64.184 /Admin/News/add.html
INFO: [ app_init ] --START--
INFO: Run Behavior\BuildLiteBehavior [ RunTime:0.000035s ]
INFO: [ app_init ] --END-- [ RunTime:0.000762s ]
INFO: [ app_begin ] --START--
INFO: Run Behavior\ReadHtmlCacheBehavior [ RunTime:0.000964s ]
INFO: Run Behavior\GetcodingBehavior [ RunTime:0.000470s ]
INFO: [ app_begin ] --END-- [ RunTime:0.001630s ]
SQL: SHOW COLUMNS FROM `flyin_goods` [ RunTime:0.0031s ]
SQL: SELECT COUNT(*) AS tp_count FROM `flyin_goods` LIMIT 1   [ RunTime:0.0002s ]
NOTIC: [8] Use of undefined constant yes - assumed 'yes' /home/flyindat/domains/flyindata.com.cn/public_html/Application/Admin/Controller/CommonController.class.php 第 24 行.
SQL: SELECT COUNT(*) AS tp_count FROM `flyin_goods` WHERE `hot` = 'yes' LIMIT 1   [ RunTime:0.0001s ]
SQL: SHOW COLUMNS FROM `flyin_news` [ RunTime:0.0020s ]
SQL: SHOW COLUMNS FROM `flyin_newcategory` [ RunTime:0.0013s ]
SQL: SELECT `id`,`name`,`pid` FROM `flyin_newcategory`  [ RunTime:0.0001s ]
INFO: [ view_parse ] --START--
INFO: [ template_filter ] --START--
INFO: Run Behavior\ContentReplaceBehavior [ RunTime:0.000109s ]
INFO: [ template_filter ] --END-- [ RunTime:0.000406s ]
NOTIC: [8] Undefined variable: admin_name /home/flyindat/domains/flyindata.com.cn/public_html/Application/Runtime/Cache/Admin/2dfc02e2d7eeff6052237f403f7435fe.php 第 32 行.
INFO: Run Behavior\ParseTemplateBehavior [ RunTime:0.024004s ]
INFO: [ view_parse ] --END-- [ RunTime:0.024119s ]
INFO: [ view_filter ] --START--
INFO: Run Behavior\WriteHtmlCacheBehavior [ RunTime:0.000362s ]
INFO: Run Behavior\TokenBuildBehavior [ RunTime:0.000430s ]
INFO: [ view_filter ] --END-- [ RunTime:0.000888s ]
INFO: [ app_end ] --START--
INFO: Run Behavior\ShowPageTraceBehavior [ RunTime:0.000620s ]
INFO: [ app_end ] --END-- [ RunTime:0.000684s ]
NOTIC: [8] Constant URL_COMPAT already defined /home/flyindat/domains/flyindata.com.cn/public_html/index.php 第 33 行.

[ 2018-01-08T09:12:31+08:00 ] 59.40.65.107 /Admin/Goods/view.html
INFO: [ app_init ] --START--
INFO: Run Behavior\BuildLiteBehavior [ RunTime:0.000024s ]
INFO: [ app_init ] --END-- [ RunTime:0.000548s ]
INFO: [ app_begin ] --START--
INFO: Run Behavior\ReadHtmlCacheBehavior [ RunTime:0.000632s ]
INFO: Run Behavior\GetcodingBehavior [ RunTime:0.000317s ]
INFO: [ app_begin ] --END-- [ RunTime:0.001067s ]
SQL: SHOW COLUMNS FROM `flyin_goods` [ RunTime:0.0022s ]
SQL: SELECT COUNT(*) AS tp_count FROM `flyin_goods` LIMIT 1   [ RunTime:0.0002s ]
NOTIC: [8] Use of undefined constant yes - assumed 'yes' /home/flyindat/domains/flyindata.com.cn/public_html/Application/Admin/Controller/CommonController.class.php 第 24 行.
SQL: SELECT COUNT(*) AS tp_count FROM `flyin_goods` WHERE `hot` = 'yes' LIMIT 1   [ RunTime:0.0002s ]
SQL: SHOW COLUMNS FROM `flyin_goods` [ RunTime:0.0014s ]
SQL: SHOW COLUMNS FROM `flyin_goods` [ RunTime:0.0016s ]
SQL: SELECT COUNT(*) AS tp_count FROM flyin_goods as g LIMIT 1   [ RunTime:0.0002s ]
SQL: SHOW COLUMNS FROM `flyin_goods` [ RunTime:0.0013s ]
SQL: SELECT g.*,c.cat_name FROM flyin_goods as g LEFT JOIN flyin_category as c ON g.cat_id = c.cat_id  ORDER BY g.hot asc LIMIT 0,10   [ RunTime:0.0008s ]
INFO: [ view_parse ] --START--
INFO: [ template_filter ] --START--
INFO: Run Behavior\ContentReplaceBehavior [ RunTime:0.000119s ]
INFO: [ template_filter ] --END-- [ RunTime:0.000205s ]
NOTIC: [8] Undefined variable: admin_name /home/flyindat/domains/flyindata.com.cn/public_html/Application/Runtime/Cache/Admin/84f1686bb48cfda6a91f8554266eb444.php 第 32 行.
INFO: Run Behavior\ParseTemplateBehavior [ RunTime:0.028969s ]
INFO: [ view_parse ] --END-- [ RunTime:0.029070s ]
INFO: [ view_filter ] --START--
INFO: Run Behavior\WriteHtmlCacheBehavior [ RunTime:0.000356s ]
INFO: Run Behavior\TokenBuildBehavior [ RunTime:0.000425s ]
INFO: [ view_filter ] --END-- [ RunTime:0.000880s ]
INFO: [ app_end ] --START--
INFO: Run Behavior\ShowPageTraceBehavior [ RunTime:0.000614s ]
INFO: [ app_end ] --END-- [ RunTime:0.000686s ]
NOTIC: [8] Constant URL_COMPAT already defined /home/flyindat/domains/flyindata.com.cn/public_html/index.php 第 33 行.

[ 2018-01-08T09:12:31+08:00 ] 59.40.65.107 /Admin/Goods/qrcode2/goods_id/9.html
INFO: [ app_init ] --START--
INFO: Run Behavior\BuildLiteBehavior [ RunTime:0.000025s ]
INFO: [ app_init ] --END-- [ RunTime:0.000507s ]
INFO: [ app_begin ] --START--
INFO: Run Behavior\ReadHtmlCacheBehavior [ RunTime:0.000590s ]
INFO: Run Behavior\GetcodingBehavior [ RunTime:0.000353s ]
INFO: [ app_begin ] --END-- [ RunTime:0.001058s ]
SQL: SHOW COLUMNS FROM `flyin_goods` [ RunTime:0.0035s ]
SQL: SELECT COUNT(*) AS tp_count FROM `flyin_goods` LIMIT 1   [ RunTime:0.0002s ]
NOTIC: [8] Use of undefined constant yes - assumed 'yes' /home/flyindat/domains/flyindata.com.cn/public_html/Application/Admin/Controller/CommonController.class.php 第 24 行.
SQL: SELECT COUNT(*) AS tp_count FROM `flyin_goods` WHERE `hot` = 'yes' LIMIT 1   [ RunTime:0.0001s ]
INFO: [ app_end ] --START--
INFO: Run Behavior\ShowPageTraceBehavior [ RunTime:0.000654s ]
INFO: [ app_end ] --END-- [ RunTime:0.000757s ]
NOTIC: [8] Constant URL_COMPAT already defined /home/flyindat/domains/flyindata.com.cn/public_html/index.php 第 33 行.

[ 2018-01-08T09:12:31+08:00 ] 59.40.64.184 /Admin/Goods/qrcode2/goods_id/18.html
INFO: [ app_init ] --START--
INFO: Run Behavior\BuildLiteBehavior [ RunTime:0.000032s ]
INFO: [ app_init ] --END-- [ RunTime:0.000767s ]
INFO: [ app_begin ] --START--
INFO: Run Behavior\ReadHtmlCacheBehavior [ RunTime:0.001028s ]
INFO: Run Behavior\GetcodingBehavior [ RunTime:0.000599s ]
INFO: [ app_begin ] --END-- [ RunTime:0.001803s ]
SQL: SHOW COLUMNS FROM `flyin_goods` [ RunTime:0.0024s ]
SQL: SELECT COUNT(*) AS tp_count FROM `flyin_goods` LIMIT 1   [ RunTime:0.0002s ]
NOTIC: [8] Use of undefined constant yes - assumed 'yes' /home/flyindat/domains/flyindata.com.cn/public_html/Application/Admin/Controller/CommonController.class.php 第 24 行.
SQL: SELECT COUNT(*) AS tp_count FROM `flyin_goods` WHERE `hot` = 'yes' LIMIT 1   [ RunTime:0.0002s ]
INFO: [ app_end ] --START--
INFO: Run Behavior\ShowPageTraceBehavior [ RunTime:0.000683s ]
INFO: [ app_end ] --END-- [ RunTime:0.000788s ]
NOTIC: [8] Constant URL_COMPAT already defined /home/flyindat/domains/flyindata.com.cn/public_html/index.php 第 33 行.

[ 2018-01-08T09:12:31+08:00 ] 59.40.64.184 /Admin/Goods/qrcode2/goods_id/15.html
INFO: [ app_init ] --START--
INFO: Run Behavior\BuildLiteBehavior [ RunTime:0.000024s ]
INFO: [ app_init ] --END-- [ RunTime:0.000514s ]
INFO: [ app_begin ] --START--
INFO: Run Behavior\ReadHtmlCacheBehavior [ RunTime:0.000647s ]
INFO: Run Behavior\GetcodingBehavior [ RunTime:0.000437s ]
INFO: [ app_begin ] --END-- [ RunTime:0.001200s ]
SQL: SHOW COLUMNS FROM `flyin_goods` [ RunTime:0.0030s ]
SQL: SELECT COUNT(*) AS tp_count FROM `flyin_goods` LIMIT 1   [ RunTime:0.0002s ]
NOTIC: [8] Use of undefined constant yes - assumed 'yes' /home/flyindat/domains/flyindata.com.cn/public_html/Application/Admin/Controller/CommonController.class.php 第 24 行.
SQL: SELECT COUNT(*) AS tp_count FROM `flyin_goods` WHERE `hot` = 'yes' LIMIT 1   [ RunTime:0.0001s ]
INFO: [ app_end ] --START--
INFO: Run Behavior\ShowPageTraceBehavior [ RunTime:0.000729s ]
INFO: [ app_end ] --END-- [ RunTime:0.000851s ]
NOTIC: [8] Constant URL_COMPAT already defined /home/flyindat/domains/flyindata.com.cn/public_html/index.php 第 33 行.

[ 2018-01-08T09:12:31+08:00 ] 27.38.28.228 /Admin/Goods/qrcode2/goods_id/19.html
INFO: [ app_init ] --START--
INFO: Run Behavior\BuildLiteBehavior [ RunTime:0.000025s ]
INFO: [ app_init ] --END-- [ RunTime:0.000539s ]
INFO: [ app_begin ] --START--
INFO: Run Behavior\ReadHtmlCacheBehavior [ RunTime:0.000638s ]
INFO: Run Behavior\GetcodingBehavior [ RunTime:0.000426s ]
INFO: [ app_begin ] --END-- [ RunTime:0.001192s ]
SQL: SHOW COLUMNS FROM `flyin_goods` [ RunTime:0.0030s ]
SQL: SELECT COUNT(*) AS tp_count FROM `flyin_goods` LIMIT 1   [ RunTime:0.0002s ]
NOTIC: [8] Use of undefined constant yes - assumed 'yes' /home/flyindat/domains/flyindata.com.cn/public_html/Application/Admin/Controller/CommonController.class.php 第 24 行.
SQL: SELECT COUNT(*) AS tp_count FROM `flyin_goods` WHERE `hot` = 'yes' LIMIT 1   [ RunTime:0.0001s ]
INFO: [ app_end ] --START--
INFO: Run Behavior\ShowPageTraceBehavior [ RunTime:0.000735s ]
INFO: [ app_end ] --END-- [ RunTime:0.000851s ]
NOTIC: [8] Constant URL_COMPAT already defined /home/flyindat/domains/flyindata.com.cn/public_html/index.php 第 33 行.

[ 2018-01-08T09:12:31+08:00 ] 59.40.65.107 /Admin/Goods/qrcode2/goods_id/20.html
INFO: [ app_init ] --START--
INFO: Run Behavior\BuildLiteBehavior [ RunTime:0.000021s ]
INFO: [ app_init ] --END-- [ RunTime:0.000484s ]
INFO: [ app_begin ] --START--
INFO: Run Behavior\ReadHtmlCacheBehavior [ RunTime:0.000585s ]
INFO: Run Behavior\GetcodingBehavior [ RunTime:0.000336s ]
INFO: [ app_begin ] --END-- [ RunTime:0.001045s ]
SQL: SHOW COLUMNS FROM `flyin_goods` [ RunTime:0.0051s ]
SQL: SELECT COUNT(*) AS tp_count FROM `flyin_goods` LIMIT 1   [ RunTime:0.0002s ]
NOTIC: [8] Use of undefined constant yes - assumed 'yes' /home/flyindat/domains/flyindata.com.cn/public_html/Application/Admin/Controller/CommonController.class.php 第 24 行.
SQL: SELECT COUNT(*) AS tp_count FROM `flyin_goods` WHERE `hot` = 'yes' LIMIT 1   [ RunTime:0.0002s ]
INFO: [ app_end ] --START--
INFO: Run Behavior\ShowPageTraceBehavior [ RunTime:0.000674s ]
INFO: [ app_end ] --END-- [ RunTime:0.000778s ]
NOTIC: [8] Constant URL_COMPAT already defined /home/flyindat/domains/flyindata.com.cn/public_html/index.php 第 33 行.

[ 2018-01-08T09:12:31+08:00 ] 27.38.28.228 /Admin/Goods/qrcode2/goods_id/13.html
INFO: [ app_init ] --START--
INFO: Run Behavior\BuildLiteBehavior [ RunTime:0.000023s ]
INFO: [ app_init ] --END-- [ RunTime:0.000668s ]
INFO: [ app_begin ] --START--
INFO: Run Behavior\ReadHtmlCacheBehavior [ RunTime:0.000664s ]
INFO: Run Behavior\GetcodingBehavior [ RunTime:0.000342s ]
INFO: [ app_begin ] --END-- [ RunTime:0.001121s ]
SQL: SHOW COLUMNS FROM `flyin_goods` [ RunTime:0.0032s ]
SQL: SELECT COUNT(*) AS tp_count FROM `flyin_goods` LIMIT 1   [ RunTime:0.0002s ]
NOTIC: [8] Use of undefined constant yes - assumed 'yes' /home/flyindat/domains/flyindata.com.cn/public_html/Application/Admin/Controller/CommonController.class.php 第 24 行.
SQL: SELECT COUNT(*) AS tp_count FROM `flyin_goods` WHERE `hot` = 'yes' LIMIT 1   [ RunTime:0.0001s ]
INFO: [ app_end ] --START--
INFO: Run Behavior\ShowPageTraceBehavior [ RunTime:0.000684s ]
INFO: [ app_end ] --END-- [ RunTime:0.000795s ]
NOTIC: [8] Constant URL_COMPAT already defined /home/flyindat/domains/flyindata.com.cn/public_html/index.php 第 33 行.

[ 2018-01-08T09:12:31+08:00 ] 59.40.64.184 /Admin/Goods/qrcode2/goods_id/23.html
INFO: [ app_init ] --START--
INFO: Run Behavior\BuildLiteBehavior [ RunTime:0.000025s ]
INFO: [ app_init ] --END-- [ RunTime:0.000512s ]
INFO: [ app_begin ] --START--
INFO: Run Behavior\ReadHtmlCacheBehavior [ RunTime:0.000606s ]
INFO: Run Behavior\GetcodingBehavior [ RunTime:0.000416s ]
INFO: [ app_begin ] --END-- [ RunTime:0.001158s ]
SQL: SHOW COLUMNS FROM `flyin_goods` [ RunTime:0.0029s ]
SQL: SELECT COUNT(*) AS tp_count FROM `flyin_goods` LIMIT 1   [ RunTime:0.0001s ]
NOTIC: [8] Use of undefined constant yes - assumed 'yes' /home/flyindat/domains/flyindata.com.cn/public_html/Application/Admin/Controller/CommonController.class.php 第 24 行.
SQL: SELECT COUNT(*) AS tp_count FROM `flyin_goods` WHERE `hot` = 'yes' LIMIT 1   [ RunTime:0.0001s ]
INFO: [ app_end ] --START--
INFO: Run Behavior\ShowPageTraceBehavior [ RunTime:0.000749s ]
INFO: [ app_end ] --END-- [ RunTime:0.000858s ]
NOTIC: [8] Constant URL_COMPAT already defined /home/flyindat/domains/flyindata.com.cn/public_html/index.php 第 33 行.

[ 2018-01-08T09:12:32+08:00 ] 27.38.28.228 /Admin/Goods/qrcode2/goods_id/39.html
INFO: [ app_init ] --START--
INFO: Run Behavior\BuildLiteBehavior [ RunTime:0.000031s ]
INFO: [ app_init ] --END-- [ RunTime:0.000542s ]
INFO: [ app_begin ] --START--
INFO: Run Behavior\ReadHtmlCacheBehavior [ RunTime:0.000683s ]
INFO: Run Behavior\GetcodingBehavior [ RunTime:0.000394s ]
INFO: [ app_begin ] --END-- [ RunTime:0.001212s ]
SQL: SHOW COLUMNS FROM `flyin_goods` [ RunTime:0.0029s ]
SQL: SELECT COUNT(*) AS tp_count FROM `flyin_goods` LIMIT 1   [ RunTime:0.0001s ]
NOTIC: [8] Use of undefined constant yes - assumed 'yes' /home/flyindat/domains/flyindata.com.cn/public_html/Application/Admin/Controller/CommonController.class.php 第 24 行.
SQL: SELECT COUNT(*) AS tp_count FROM `flyin_goods` WHERE `hot` = 'yes' LIMIT 1   [ RunTime:0.0001s ]
INFO: [ app_end ] --START--
INFO: Run Behavior\ShowPageTraceBehavior [ RunTime:0.000770s ]
INFO: [ app_end ] --END-- [ RunTime:0.000907s ]
NOTIC: [8] Constant URL_COMPAT already defined /home/flyindat/domains/flyindata.com.cn/public_html/index.php 第 33 行.

[ 2018-01-08T09:12:32+08:00 ] 59.40.64.184 /Admin/Goods/qrcode2/goods_id/21.html
INFO: [ app_init ] --START--
INFO: Run Behavior\BuildLiteBehavior [ RunTime:0.000021s ]
INFO: [ app_init ] --END-- [ RunTime:0.000557s ]
INFO: [ app_begin ] --START--
INFO: Run Behavior\ReadHtmlCacheBehavior [ RunTime:0.000706s ]
INFO: Run Behavior\GetcodingBehavior [ RunTime:0.000381s ]
INFO: [ app_begin ] --END-- [ RunTime:0.001203s ]
SQL: SHOW COLUMNS FROM `flyin_goods` [ RunTime:0.0021s ]
SQL: SELECT COUNT(*) AS tp_count FROM `flyin_goods` LIMIT 1   [ RunTime:0.0001s ]
NOTIC: [8] Use of undefined constant yes - assumed 'yes' /home/flyindat/domains/flyindata.com.cn/public_html/Application/Admin/Controller/CommonController.class.php 第 24 行.
SQL: SELECT COUNT(*) AS tp_count FROM `flyin_goods` WHERE `hot` = 'yes' LIMIT 1   [ RunTime:0.0001s ]
INFO: [ app_end ] --START--
INFO: Run Behavior\ShowPageTraceBehavior [ RunTime:0.000819s ]
INFO: [ app_end ] --END-- [ RunTime:0.000934s ]
NOTIC: [8] Constant URL_COMPAT already defined /home/flyindat/domains/flyindata.com.cn/public_html/index.php 第 33 行.

[ 2018-01-08T09:12:32+08:00 ] 59.40.65.107 /Admin/Goods/qrcode2/goods_id/17.html
INFO: [ app_init ] --START--
INFO: Run Behavior\BuildLiteBehavior [ RunTime:0.000024s ]
INFO: [ app_init ] --END-- [ RunTime:0.000505s ]
INFO: [ app_begin ] --START--
INFO: Run Behavior\ReadHtmlCacheBehavior [ RunTime:0.000644s ]
INFO: Run Behavior\GetcodingBehavior [ RunTime:0.000345s ]
INFO: [ app_begin ] --END-- [ RunTime:0.001110s ]
SQL: SHOW COLUMNS FROM `flyin_goods` [ RunTime:0.0022s ]
SQL: SELECT COUNT(*) AS tp_count FROM `flyin_goods` LIMIT 1   [ RunTime:0.0001s ]
NOTIC: [8] Use of undefined constant yes - assumed 'yes' /home/flyindat/domains/flyindata.com.cn/public_html/Application/Admin/Controller/CommonController.class.php 第 24 行.
SQL: SELECT COUNT(*) AS tp_count FROM `flyin_goods` WHERE `hot` = 'yes' LIMIT 1   [ RunTime:0.0001s ]
INFO: [ app_end ] --START--
INFO: Run Behavior\ShowPageTraceBehavior [ RunTime:0.000750s ]
INFO: [ app_end ] --END-- [ RunTime:0.000852s ]
NOTIC: [8] Constant URL_COMPAT already defined /home/flyindat/domains/flyindata.com.cn/public_html/index.php 第 33 行.

[ 2018-01-08T09:12:33+08:00 ] 59.40.65.107 /Admin/News/index.html
INFO: [ app_init ] --START--
INFO: Run Behavior\BuildLiteBehavior [ RunTime:0.000029s ]
INFO: [ app_init ] --END-- [ RunTime:0.000704s ]
INFO: [ app_begin ] --START--
INFO: Run Behavior\ReadHtmlCacheBehavior [ RunTime:0.000896s ]
INFO: Run Behavior\GetcodingBehavior [ RunTime:0.000463s ]
INFO: [ app_begin ] --END-- [ RunTime:0.001522s ]
SQL: SHOW COLUMNS FROM `flyin_goods` [ RunTime:0.0019s ]
SQL: SELECT COUNT(*) AS tp_count FROM `flyin_goods` LIMIT 1   [ RunTime:0.0001s ]
NOTIC: [8] Use of undefined constant yes - assumed 'yes' /home/flyindat/domains/flyindata.com.cn/public_html/Application/Admin/Controller/CommonController.class.php 第 24 行.
SQL: SELECT COUNT(*) AS tp_count FROM `flyin_goods` WHERE `hot` = 'yes' LIMIT 1   [ RunTime:0.0001s ]
SQL: SHOW COLUMNS FROM `flyin_news` [ RunTime:0.0012s ]
SQL: SHOW COLUMNS FROM `flyin_newcategory` [ RunTime:0.0010s ]
SQL: SELECT COUNT(*) AS tp_count FROM flyin_news n WHERE n.recycle = 'no' LIMIT 1   [ RunTime:0.0001s ]
SQL: SELECT c.name as newcategory_name,n.newcategory_id,n.custom_time,n.id,n.thumb,n.name,n.on_sale,n.recommend FROM flyin_news n LEFT JOIN flyin_newcategory AS c ON c.id=n.newcategory_id  WHERE n.recycle = 'no' ORDER BY n.id desc LIMIT 0,10   [ RunTime:0.0001s ]
DEBUG: Array
(
    [news] => Array
        (
            [data] => Array
                (
                    [0] => Array
                        (
                            [newcategory_name] => 公司新闻
                            [newcategory_id] => 15
                            [custom_time] => 2016-09-01
                            [id] => 4
                            [thumb] => 2017-09/19/59c0fd540f5bb.png
                            [name] => 飞宇集团张家界一周游
                            [on_sale] => yes
                            [recommend] => yes
                        )

                )

            [pagelist] => <div>     <span class="rows">共<b>1</b>条记录 第<b>1</b>页/共<b>1</b>页</span></div>
        )

)

SQL: SELECT `id`,`name`,`pid` FROM `flyin_newcategory`  [ RunTime:0.0006s ]
INFO: [ view_parse ] --START--
INFO: [ template_filter ] --START--
INFO: Run Behavior\ContentReplaceBehavior [ RunTime:0.000116s ]
INFO: [ template_filter ] --END-- [ RunTime:0.000216s ]
NOTIC: [8] Undefined variable: admin_name /home/flyindat/domains/flyindata.com.cn/public_html/Application/Runtime/Cache/Admin/36087655c6ab8580337cdc45b35a926d.php 第 32 行.
INFO: Run Behavior\ParseTemplateBehavior [ RunTime:0.025541s ]
INFO: [ view_parse ] --END-- [ RunTime:0.025615s ]
INFO: [ view_filter ] --START--
INFO: Run Behavior\WriteHtmlCacheBehavior [ RunTime:0.000392s ]
INFO: Run Behavior\TokenBuildBehavior [ RunTime:0.000465s ]
INFO: [ view_filter ] --END-- [ RunTime:0.000953s ]
INFO: [ app_end ] --START--
INFO: Run Behavior\ShowPageTraceBehavior [ RunTime:0.000587s ]
INFO: [ app_end ] --END-- [ RunTime:0.000650s ]
NOTIC: [8] Constant URL_COMPAT already defined /home/flyindat/domains/flyindata.com.cn/public_html/index.php 第 33 行.

